[2024-07-13T02:42:43.992+0000] {local_task_job_runner.py:120} INFO - ::group::Pre task execution logs
[2024-07-13T02:42:44.002+0000] {taskinstance.py:2076} INFO - Dependencies all met for dep_context=non-requeueable deps ti=<TaskInstance: model_training_v89.preprocess_data scheduled__2024-07-12T00:00:00+00:00 [queued]>
[2024-07-13T02:42:44.007+0000] {taskinstance.py:2076} INFO - Dependencies all met for dep_context=requeueable deps ti=<TaskInstance: model_training_v89.preprocess_data scheduled__2024-07-12T00:00:00+00:00 [queued]>
[2024-07-13T02:42:44.007+0000] {taskinstance.py:2306} INFO - Starting attempt 1 of 2
[2024-07-13T02:42:44.016+0000] {taskinstance.py:2330} INFO - Executing <Task(PythonOperator): preprocess_data> on 2024-07-12 00:00:00+00:00
[2024-07-13T02:42:44.022+0000] {warnings.py:110} WARNING - /home/airflow/.local/lib/python3.12/site-packages/airflow/task/task_runner/standard_task_runner.py:61: DeprecationWarning: This process (pid=2783) is multi-threaded, use of fork() may lead to deadlocks in the child.
  pid = os.fork()

[2024-07-13T02:42:44.023+0000] {standard_task_runner.py:63} INFO - Started process 2823 to run task
[2024-07-13T02:42:44.023+0000] {standard_task_runner.py:90} INFO - Running: ['airflow', 'tasks', 'run', 'model_training_v89', 'preprocess_data', 'scheduled__2024-07-12T00:00:00+00:00', '--job-id', '433', '--raw', '--subdir', 'DAGS_FOLDER/model_training.py', '--cfg-path', '/tmp/tmp_qhp9f1_']
[2024-07-13T02:42:44.024+0000] {standard_task_runner.py:91} INFO - Job 433: Subtask preprocess_data
[2024-07-13T02:42:44.055+0000] {task_command.py:426} INFO - Running <TaskInstance: model_training_v89.preprocess_data scheduled__2024-07-12T00:00:00+00:00 [running]> on host 0e0c69066946
[2024-07-13T02:42:44.111+0000] {taskinstance.py:2648} INFO - Exporting env vars: AIRFLOW_CTX_DAG_OWNER='airflow' AIRFLOW_CTX_DAG_ID='model_training_v89' AIRFLOW_CTX_TASK_ID='preprocess_data' AIRFLOW_CTX_EXECUTION_DATE='2024-07-12T00:00:00+00:00' AIRFLOW_CTX_TRY_NUMBER='1' AIRFLOW_CTX_DAG_RUN_ID='scheduled__2024-07-12T00:00:00+00:00'
[2024-07-13T02:42:44.112+0000] {taskinstance.py:430} INFO - ::endgroup::
[2024-07-13T02:42:44.137+0000] {logging_mixin.py:188} INFO - Добавлен жанр:  документальный
[2024-07-13T02:42:44.137+0000] {logging_mixin.py:188} INFO - Добавлен жанр:  военный
[2024-07-13T02:42:44.138+0000] {logging_mixin.py:188} INFO - Добавлен жанр:  триллер
[2024-07-13T02:42:44.138+0000] {logging_mixin.py:188} INFO - Добавлен жанр:  драма
[2024-07-13T02:42:44.139+0000] {logging_mixin.py:188} INFO - Добавлен жанр:  криминал
[2024-07-13T02:42:44.139+0000] {logging_mixin.py:188} INFO - Добавлен жанр:  детектив
[2024-07-13T02:42:44.140+0000] {logging_mixin.py:188} INFO - Добавлен жанр:  короткометражка
[2024-07-13T02:42:44.141+0000] {logging_mixin.py:188} INFO - Добавлен жанр:  реальное ТВ
[2024-07-13T02:42:44.141+0000] {logging_mixin.py:188} INFO - Добавлен жанр:  комедия
[2024-07-13T02:42:44.142+0000] {logging_mixin.py:188} INFO - Добавлен жанр:  ужасы
[2024-07-13T02:42:44.142+0000] {logging_mixin.py:188} INFO - Добавлен жанр:  мелодрама
[2024-07-13T02:42:44.143+0000] {logging_mixin.py:188} INFO - Добавлен жанр:  биография
[2024-07-13T02:42:44.143+0000] {logging_mixin.py:188} INFO - Добавлен жанр:  музыка
[2024-07-13T02:42:44.144+0000] {logging_mixin.py:188} INFO - Добавлен жанр:  спорт
[2024-07-13T02:42:44.144+0000] {logging_mixin.py:188} INFO - Добавлен жанр:  боевик
[2024-07-13T02:42:44.145+0000] {logging_mixin.py:188} INFO - Добавлен жанр:  фантастика
[2024-07-13T02:42:44.145+0000] {logging_mixin.py:188} INFO - Добавлен жанр:  приключения
[2024-07-13T02:42:44.146+0000] {logging_mixin.py:188} INFO - Добавлен жанр:  история
[2024-07-13T02:42:44.146+0000] {logging_mixin.py:188} INFO - Добавлен жанр:  фэнтези
[2024-07-13T02:42:44.147+0000] {logging_mixin.py:188} INFO - Добавлен жанр:  семейный
[2024-07-13T02:42:44.147+0000] {logging_mixin.py:188} INFO - Добавлен жанр:  мюзикл
[2024-07-13T02:42:44.151+0000] {logging_mixin.py:188} INFO - Empty DataFrame
Columns: [id, name, description, year, rating, votes, movie_length, age_rating, genres, countries, decade, документальный, военный, триллер, драма, криминал, детектив, короткометражка, реальное ТВ, комедия, ужасы, мелодрама, биография, музыка, спорт, боевик, фантастика, приключения, история, фэнтези, семейный, мюзикл]
Index: []
[2024-07-13T02:42:44.152+0000] {logging_mixin.py:188} INFO - Добавлена страна:  Россия
[2024-07-13T02:42:44.153+0000] {logging_mixin.py:188} INFO - Empty DataFrame
Columns: [id, name, description, year, rating, votes, movie_length, age_rating, genres, countries, decade, документальный, военный, триллер, драма, криминал, детектив, короткометражка, реальное ТВ, комедия, ужасы, мелодрама, биография, музыка, спорт, боевик, фантастика, приключения, история, фэнтези, семейный, мюзикл, Россия]
Index: []
[2024-07-13T02:42:44.154+0000] {logging_mixin.py:188} INFO - Добавлена страна:  Польша
[2024-07-13T02:42:44.154+0000] {logging_mixin.py:188} INFO - Empty DataFrame
Columns: [id, name, description, year, rating, votes, movie_length, age_rating, genres, countries, decade, документальный, военный, триллер, драма, криминал, детектив, короткометражка, реальное ТВ, комедия, ужасы, мелодрама, биография, музыка, спорт, боевик, фантастика, приключения, история, фэнтези, семейный, мюзикл, Россия, Польша]
Index: []
[2024-07-13T02:42:44.155+0000] {logging_mixin.py:188} INFO - Добавлена страна:  Испания
[2024-07-13T02:42:44.156+0000] {logging_mixin.py:188} INFO - Empty DataFrame
Columns: [id, name, description, year, rating, votes, movie_length, age_rating, genres, countries, decade, документальный, военный, триллер, драма, криминал, детектив, короткометражка, реальное ТВ, комедия, ужасы, мелодрама, биография, музыка, спорт, боевик, фантастика, приключения, история, фэнтези, семейный, мюзикл, Россия, Польша, Испания]
Index: []
[2024-07-13T02:42:44.156+0000] {logging_mixin.py:188} INFO - Добавлена страна:  Бельгия
[2024-07-13T02:42:44.158+0000] {logging_mixin.py:188} INFO - Empty DataFrame
Columns: [id, name, description, year, rating, votes, movie_length, age_rating, genres, countries, decade, документальный, военный, триллер, драма, криминал, детектив, короткометражка, реальное ТВ, комедия, ужасы, мелодрама, биография, музыка, спорт, боевик, фантастика, приключения, история, фэнтези, семейный, мюзикл, Россия, Польша, Испания, Бельгия]
Index: []
[2024-07-13T02:42:44.158+0000] {logging_mixin.py:188} INFO - Добавлена страна:  Франция
[2024-07-13T02:42:44.159+0000] {logging_mixin.py:188} INFO - Empty DataFrame
Columns: [id, name, description, year, rating, votes, movie_length, age_rating, genres, countries, decade, документальный, военный, триллер, драма, криминал, детектив, короткометражка, реальное ТВ, комедия, ужасы, мелодрама, биография, музыка, спорт, боевик, фантастика, приключения, история, фэнтези, семейный, мюзикл, Россия, Польша, Испания, Бельгия, Франция]
Index: []
[2024-07-13T02:42:44.160+0000] {logging_mixin.py:188} INFO - Добавлена страна:  США
[2024-07-13T02:42:44.161+0000] {logging_mixin.py:188} INFO - Empty DataFrame
Columns: [id, name, description, year, rating, votes, movie_length, age_rating, genres, countries, decade, документальный, военный, триллер, драма, криминал, детектив, короткометражка, реальное ТВ, комедия, ужасы, мелодрама, биография, музыка, спорт, боевик, фантастика, приключения, история, фэнтези, семейный, мюзикл, Россия, Польша, Испания, Бельгия, Франция, США]
Index: []
[2024-07-13T02:42:44.161+0000] {logging_mixin.py:188} INFO - Добавлена страна:  Казахстан
[2024-07-13T02:42:44.162+0000] {logging_mixin.py:188} INFO - Empty DataFrame
Columns: [id, name, description, year, rating, votes, movie_length, age_rating, genres, countries, decade, документальный, военный, триллер, драма, криминал, детектив, короткометражка, реальное ТВ, комедия, ужасы, мелодрама, биография, музыка, спорт, боевик, фантастика, приключения, история, фэнтези, семейный, мюзикл, Россия, Польша, Испания, Бельгия, Франция, США, Казахстан]
Index: []
[2024-07-13T02:42:44.163+0000] {logging_mixin.py:188} INFO - Добавлена страна:  Германия
[2024-07-13T02:42:44.164+0000] {logging_mixin.py:188} INFO - Empty DataFrame
Columns: [id, name, description, year, rating, votes, movie_length, age_rating, genres, countries, decade, документальный, военный, триллер, драма, криминал, детектив, короткометражка, реальное ТВ, комедия, ужасы, мелодрама, биография, музыка, спорт, боевик, фантастика, приключения, история, фэнтези, семейный, мюзикл, Россия, Польша, Испания, Бельгия, Франция, США, Казахстан, Германия]
Index: []
[2024-07-13T02:42:44.164+0000] {logging_mixin.py:188} INFO - Добавлена страна:  Дания
[2024-07-13T02:42:44.165+0000] {logging_mixin.py:188} INFO - Empty DataFrame
Columns: [id, name, description, year, rating, votes, movie_length, age_rating, genres, countries, decade, документальный, военный, триллер, драма, криминал, детектив, короткометражка, реальное ТВ, комедия, ужасы, мелодрама, биография, музыка, спорт, боевик, фантастика, приключения, история, фэнтези, семейный, мюзикл, Россия, Польша, Испания, Бельгия, Франция, США, Казахстан, Германия, Дания]
Index: []
[2024-07-13T02:42:44.166+0000] {logging_mixin.py:188} INFO - Добавлена страна:  Швеция
[2024-07-13T02:42:44.166+0000] {logging_mixin.py:188} INFO - Empty DataFrame
Columns: [id, name, description, year, rating, votes, movie_length, age_rating, genres, countries, decade, документальный, военный, триллер, драма, криминал, детектив, короткометражка, реальное ТВ, комедия, ужасы, мелодрама, биография, музыка, спорт, боевик, фантастика, приключения, история, фэнтези, семейный, мюзикл, Россия, Польша, Испания, Бельгия, Франция, США, Казахстан, Германия, Дания, Швеция]
Index: []
[2024-07-13T02:42:44.167+0000] {logging_mixin.py:188} INFO - Добавлена страна:  Эстония
[2024-07-13T02:42:44.168+0000] {logging_mixin.py:188} INFO - Empty DataFrame
Columns: [id, name, description, year, rating, votes, movie_length, age_rating, genres, countries, decade, документальный, военный, триллер, драма, криминал, детектив, короткометражка, реальное ТВ, комедия, ужасы, мелодрама, биография, музыка, спорт, боевик, фантастика, приключения, история, фэнтези, семейный, мюзикл, Россия, Польша, Испания, Бельгия, Франция, США, Казахстан, Германия, Дания, Швеция, Эстония]
Index: []
[2024-07-13T02:42:44.169+0000] {logging_mixin.py:188} INFO - Добавлена страна:  Канада
[2024-07-13T02:42:44.170+0000] {logging_mixin.py:188} INFO - Empty DataFrame
Columns: [id, name, description, year, rating, votes, movie_length, age_rating, genres, countries, decade, документальный, военный, триллер, драма, криминал, детектив, короткометражка, реальное ТВ, комедия, ужасы, мелодрама, биография, музыка, спорт, боевик, фантастика, приключения, история, фэнтези, семейный, мюзикл, Россия, Польша, Испания, Бельгия, Франция, США, Казахстан, Германия, Дания, Швеция, Эстония, Канада]
Index: []
[2024-07-13T02:42:44.170+0000] {logging_mixin.py:188} INFO - Добавлена страна:  Италия
[2024-07-13T02:42:44.171+0000] {logging_mixin.py:188} INFO - Empty DataFrame
Columns: [id, name, description, year, rating, votes, movie_length, age_rating, genres, countries, decade, документальный, военный, триллер, драма, криминал, детектив, короткометражка, реальное ТВ, комедия, ужасы, мелодрама, биография, музыка, спорт, боевик, фантастика, приключения, история, фэнтези, семейный, мюзикл, Россия, Польша, Испания, Бельгия, Франция, США, Казахстан, Германия, Дания, Швеция, Эстония, Канада, Италия]
Index: []
[2024-07-13T02:42:44.171+0000] {logging_mixin.py:188} INFO - Добавлена страна:  Великобритания
[2024-07-13T02:42:44.172+0000] {logging_mixin.py:188} INFO - Empty DataFrame
Columns: [id, name, description, year, rating, votes, movie_length, age_rating, genres, countries, decade, документальный, военный, триллер, драма, криминал, детектив, короткометражка, реальное ТВ, комедия, ужасы, мелодрама, биография, музыка, спорт, боевик, фантастика, приключения, история, фэнтези, семейный, мюзикл, Россия, Польша, Испания, Бельгия, Франция, США, Казахстан, Германия, Дания, Швеция, Эстония, Канада, Италия, Великобритания]
Index: []
[2024-07-13T02:42:44.173+0000] {logging_mixin.py:188} INFO - Добавлена страна:  Турция
[2024-07-13T02:42:44.174+0000] {logging_mixin.py:188} INFO - Empty DataFrame
Columns: [id, name, description, year, rating, votes, movie_length, age_rating, genres, countries, decade, документальный, военный, триллер, драма, криминал, детектив, короткометражка, реальное ТВ, комедия, ужасы, мелодрама, биография, музыка, спорт, боевик, фантастика, приключения, история, фэнтези, семейный, мюзикл, Россия, Польша, Испания, Бельгия, Франция, США, Казахстан, Германия, Дания, Швеция, Эстония, Канада, Италия, Великобритания, Турция]
Index: []
[2024-07-13T02:42:44.175+0000] {logging_mixin.py:188} INFO - Добавлена страна:  Кыргызстан
[2024-07-13T02:42:44.176+0000] {logging_mixin.py:188} INFO - Empty DataFrame
Columns: [id, name, description, year, rating, votes, movie_length, age_rating, genres, countries, decade, документальный, военный, триллер, драма, криминал, детектив, короткометражка, реальное ТВ, комедия, ужасы, мелодрама, биография, музыка, спорт, боевик, фантастика, приключения, история, фэнтези, семейный, мюзикл, Россия, Польша, Испания, Бельгия, Франция, США, Казахстан, Германия, Дания, Швеция, Эстония, Канада, Италия, Великобритания, Турция, Кыргызстан]
Index: []
[2024-07-13T02:42:44.176+0000] {logging_mixin.py:188} INFO - Добавлена страна:  Новая Зеландия
[2024-07-13T02:42:44.177+0000] {logging_mixin.py:188} INFO - Empty DataFrame
Columns: [id, name, description, year, rating, votes, movie_length, age_rating, genres, countries, decade, документальный, военный, триллер, драма, криминал, детектив, короткометражка, реальное ТВ, комедия, ужасы, мелодрама, биография, музыка, спорт, боевик, фантастика, приключения, история, фэнтези, семейный, мюзикл, Россия, Польша, Испания, Бельгия, Франция, США, Казахстан, Германия, Дания, Швеция, Эстония, Канада, Италия, Великобритания, Турция, Кыргызстан, Новая Зеландия]
Index: []
[2024-07-13T02:42:44.178+0000] {logging_mixin.py:188} INFO - Добавлена страна:  Венгрия
[2024-07-13T02:42:44.179+0000] {logging_mixin.py:188} INFO - Empty DataFrame
Columns: [id, name, description, year, rating, votes, movie_length, age_rating, genres, countries, decade, документальный, военный, триллер, драма, криминал, детектив, короткометражка, реальное ТВ, комедия, ужасы, мелодрама, биография, музыка, спорт, боевик, фантастика, приключения, история, фэнтези, семейный, мюзикл, Россия, Польша, Испания, Бельгия, Франция, США, Казахстан, Германия, Дания, Швеция, Эстония, Канада, Италия, Великобритания, Турция, Кыргызстан, Новая Зеландия, Венгрия]
Index: []
[2024-07-13T02:42:44.179+0000] {logging_mixin.py:188} INFO - Добавлена страна:  Австралия
[2024-07-13T02:42:44.180+0000] {logging_mixin.py:188} INFO - Empty DataFrame
Columns: [id, name, description, year, rating, votes, movie_length, age_rating, genres, countries, decade, документальный, военный, триллер, драма, криминал, детектив, короткометражка, реальное ТВ, комедия, ужасы, мелодрама, биография, музыка, спорт, боевик, фантастика, приключения, история, фэнтези, семейный, мюзикл, Россия, Польша, Испания, Бельгия, Франция, США, Казахстан, Германия, Дания, Швеция, Эстония, Канада, Италия, Великобритания, Турция, Кыргызстан, Новая Зеландия, Венгрия, Австралия]
Index: []
[2024-07-13T02:42:44.181+0000] {logging_mixin.py:188} INFO - Добавлена страна:  ОАЭ
[2024-07-13T02:42:44.182+0000] {logging_mixin.py:188} INFO - Empty DataFrame
Columns: [id, name, description, year, rating, votes, movie_length, age_rating, genres, countries, decade, документальный, военный, триллер, драма, криминал, детектив, короткометражка, реальное ТВ, комедия, ужасы, мелодрама, биография, музыка, спорт, боевик, фантастика, приключения, история, фэнтези, семейный, мюзикл, Россия, Польша, Испания, Бельгия, Франция, США, Казахстан, Германия, Дания, Швеция, Эстония, Канада, Италия, Великобритания, Турция, Кыргызстан, Новая Зеландия, Венгрия, Австралия, ОАЭ]
Index: []
[2024-07-13T02:42:44.183+0000] {logging_mixin.py:188} INFO - Добавлена страна:  Чехия
[2024-07-13T02:42:44.184+0000] {logging_mixin.py:188} INFO - Empty DataFrame
Columns: [id, name, description, year, rating, votes, movie_length, age_rating, genres, countries, decade, документальный, военный, триллер, драма, криминал, детектив, короткометражка, реальное ТВ, комедия, ужасы, мелодрама, биография, музыка, спорт, боевик, фантастика, приключения, история, фэнтези, семейный, мюзикл, Россия, Польша, Испания, Бельгия, Франция, США, Казахстан, Германия, Дания, Швеция, Эстония, Канада, Италия, Великобритания, Турция, Кыргызстан, Новая Зеландия, Венгрия, Австралия, ОАЭ, Чехия]
Index: []
[2024-07-13T02:42:44.184+0000] {logging_mixin.py:188} INFO - Добавлена страна:  Корея Южная
[2024-07-13T02:42:44.185+0000] {logging_mixin.py:188} INFO - Empty DataFrame
Columns: [id, name, description, year, rating, votes, movie_length, age_rating, genres, countries, decade, документальный, военный, триллер, драма, криминал, детектив, короткометражка, реальное ТВ, комедия, ужасы, мелодрама, биография, музыка, спорт, боевик, фантастика, приключения, история, фэнтези, семейный, мюзикл, Россия, Польша, Испания, Бельгия, Франция, США, Казахстан, Германия, Дания, Швеция, Эстония, Канада, Италия, Великобритания, Турция, Кыргызстан, Новая Зеландия, Венгрия, Австралия, ОАЭ, Чехия, Корея Южная]
Index: []
[2024-07-13T02:42:44.186+0000] {logging_mixin.py:188} INFO - Добавлена страна:  Нидерланды
[2024-07-13T02:42:44.187+0000] {logging_mixin.py:188} INFO - Empty DataFrame
Columns: [id, name, description, year, rating, votes, movie_length, age_rating, genres, countries, decade, документальный, военный, триллер, драма, криминал, детектив, короткометражка, реальное ТВ, комедия, ужасы, мелодрама, биография, музыка, спорт, боевик, фантастика, приключения, история, фэнтези, семейный, мюзикл, Россия, Польша, Испания, Бельгия, Франция, США, Казахстан, Германия, Дания, Швеция, Эстония, Канада, Италия, Великобритания, Турция, Кыргызстан, Новая Зеландия, Венгрия, Австралия, ОАЭ, Чехия, Корея Южная, Нидерланды]
Index: []
[2024-07-13T02:42:44.187+0000] {logging_mixin.py:188} INFO - Добавлена страна:  СССР
[2024-07-13T02:42:44.188+0000] {logging_mixin.py:188} INFO - Empty DataFrame
Columns: [id, name, description, year, rating, votes, movie_length, age_rating, genres, countries, decade, документальный, военный, триллер, драма, криминал, детектив, короткометражка, реальное ТВ, комедия, ужасы, мелодрама, биография, музыка, спорт, боевик, фантастика, приключения, история, фэнтези, семейный, мюзикл, Россия, Польша, Испания, Бельгия, Франция, США, Казахстан, Германия, Дания, Швеция, Эстония, Канада, Италия, Великобритания, Турция, Кыргызстан, Новая Зеландия, Венгрия, Австралия, ОАЭ, Чехия, Корея Южная, Нидерланды, СССР]
Index: []
[2024-07-13T02:42:44.189+0000] {logging_mixin.py:188} INFO - Добавлена страна:  ЮАР
[2024-07-13T02:42:44.190+0000] {logging_mixin.py:188} INFO - Empty DataFrame
Columns: [id, name, description, year, rating, votes, movie_length, age_rating, genres, countries, decade, документальный, военный, триллер, драма, криминал, детектив, короткометражка, реальное ТВ, комедия, ужасы, мелодрама, биография, музыка, спорт, боевик, фантастика, приключения, история, фэнтези, семейный, мюзикл, Россия, Польша, Испания, Бельгия, Франция, США, Казахстан, Германия, Дания, Швеция, Эстония, Канада, Италия, Великобритания, Турция, Кыргызстан, Новая Зеландия, Венгрия, Австралия, ОАЭ, Чехия, Корея Южная, Нидерланды, СССР, ЮАР]
Index: []
[2024-07-13T02:42:44.191+0000] {logging_mixin.py:188} INFO - Добавлена страна:  Бразилия
[2024-07-13T02:42:44.192+0000] {logging_mixin.py:188} INFO - Empty DataFrame
Columns: [id, name, description, year, rating, votes, movie_length, age_rating, genres, countries, decade, документальный, военный, триллер, драма, криминал, детектив, короткометражка, реальное ТВ, комедия, ужасы, мелодрама, биография, музыка, спорт, боевик, фантастика, приключения, история, фэнтези, семейный, мюзикл, Россия, Польша, Испания, Бельгия, Франция, США, Казахстан, Германия, Дания, Швеция, Эстония, Канада, Италия, Великобритания, Турция, Кыргызстан, Новая Зеландия, Венгрия, Австралия, ОАЭ, Чехия, Корея Южная, Нидерланды, СССР, ЮАР, Бразилия]
Index: []
[2024-07-13T02:42:44.193+0000] {logging_mixin.py:188} INFO - Добавлена страна:  Словакия
[2024-07-13T02:42:44.194+0000] {logging_mixin.py:188} INFO - Empty DataFrame
Columns: [id, name, description, year, rating, votes, movie_length, age_rating, genres, countries, decade, документальный, военный, триллер, драма, криминал, детектив, короткометражка, реальное ТВ, комедия, ужасы, мелодрама, биография, музыка, спорт, боевик, фантастика, приключения, история, фэнтези, семейный, мюзикл, Россия, Польша, Испания, Бельгия, Франция, США, Казахстан, Германия, Дания, Швеция, Эстония, Канада, Италия, Великобритания, Турция, Кыргызстан, Новая Зеландия, Венгрия, Австралия, ОАЭ, Чехия, Корея Южная, Нидерланды, СССР, ЮАР, Бразилия, Словакия]
Index: []
[2024-07-13T02:42:44.194+0000] {logging_mixin.py:188} INFO - Добавлена страна:  Филиппины
[2024-07-13T02:42:44.195+0000] {logging_mixin.py:188} INFO - Empty DataFrame
Columns: [id, name, description, year, rating, votes, movie_length, age_rating, genres, countries, decade, документальный, военный, триллер, драма, криминал, детектив, короткометражка, реальное ТВ, комедия, ужасы, мелодрама, биография, музыка, спорт, боевик, фантастика, приключения, история, фэнтези, семейный, мюзикл, Россия, Польша, Испания, Бельгия, Франция, США, Казахстан, Германия, Дания, Швеция, Эстония, Канада, Италия, Великобритания, Турция, Кыргызстан, Новая Зеландия, Венгрия, Австралия, ОАЭ, Чехия, Корея Южная, Нидерланды, СССР, ЮАР, Бразилия, Словакия, Филиппины]
Index: []
[2024-07-13T02:42:44.196+0000] {logging_mixin.py:188} INFO - Добавлена страна:  Аргентина
[2024-07-13T02:42:44.197+0000] {logging_mixin.py:188} INFO - Empty DataFrame
Columns: [id, name, description, year, rating, votes, movie_length, age_rating, genres, countries, decade, документальный, военный, триллер, драма, криминал, детектив, короткометражка, реальное ТВ, комедия, ужасы, мелодрама, биография, музыка, спорт, боевик, фантастика, приключения, история, фэнтези, семейный, мюзикл, Россия, Польша, Испания, Бельгия, Франция, США, Казахстан, Германия, Дания, Швеция, Эстония, Канада, Италия, Великобритания, Турция, Кыргызстан, Новая Зеландия, Венгрия, Австралия, ОАЭ, Чехия, Корея Южная, Нидерланды, СССР, ЮАР, Бразилия, Словакия, Филиппины, Аргентина]
Index: []
[2024-07-13T02:42:44.197+0000] {logging_mixin.py:188} INFO - Добавлена страна:  Мальта
[2024-07-13T02:42:44.199+0000] {logging_mixin.py:188} INFO - Empty DataFrame
Columns: [id, name, description, year, rating, votes, movie_length, age_rating, genres, countries, decade, документальный, военный, триллер, драма, криминал, детектив, короткометражка, реальное ТВ, комедия, ужасы, мелодрама, биография, музыка, спорт, боевик, фантастика, приключения, история, фэнтези, семейный, мюзикл, Россия, Польша, Испания, Бельгия, Франция, США, Казахстан, Германия, Дания, Швеция, Эстония, Канада, Италия, Великобритания, Турция, Кыргызстан, Новая Зеландия, Венгрия, Австралия, ОАЭ, Чехия, Корея Южная, Нидерланды, СССР, ЮАР, Бразилия, Словакия, Филиппины, Аргентина, Мальта]
Index: []
[2024-07-13T02:42:44.199+0000] {logging_mixin.py:188} INFO - Добавлена страна:  Португалия
[2024-07-13T02:42:44.201+0000] {logging_mixin.py:188} INFO - Empty DataFrame
Columns: [id, name, description, year, rating, votes, movie_length, age_rating, genres, countries, decade, документальный, военный, триллер, драма, криминал, детектив, короткометражка, реальное ТВ, комедия, ужасы, мелодрама, биография, музыка, спорт, боевик, фантастика, приключения, история, фэнтези, семейный, мюзикл, Россия, Польша, Испания, Бельгия, Франция, США, Казахстан, Германия, Дания, Швеция, Эстония, Канада, Италия, Великобритания, Турция, Кыргызстан, Новая Зеландия, Венгрия, Австралия, ОАЭ, Чехия, Корея Южная, Нидерланды, СССР, ЮАР, Бразилия, Словакия, Филиппины, Аргентина, Мальта, Португалия]
Index: []
[2024-07-13T02:42:44.202+0000] {logging_mixin.py:188} INFO - Добавлена страна:  Израиль
[2024-07-13T02:42:44.203+0000] {logging_mixin.py:188} INFO - Empty DataFrame
Columns: [id, name, description, year, rating, votes, movie_length, age_rating, genres, countries, decade, документальный, военный, триллер, драма, криминал, детектив, короткометражка, реальное ТВ, комедия, ужасы, мелодрама, биография, музыка, спорт, боевик, фантастика, приключения, история, фэнтези, семейный, мюзикл, Россия, Польша, Испания, Бельгия, Франция, США, Казахстан, Германия, Дания, Швеция, Эстония, Канада, Италия, Великобритания, Турция, Кыргызстан, Новая Зеландия, Венгрия, Австралия, ОАЭ, Чехия, Корея Южная, Нидерланды, СССР, ЮАР, Бразилия, Словакия, Филиппины, Аргентина, Мальта, Португалия, Израиль]
Index: []
[2024-07-13T02:42:44.203+0000] {logging_mixin.py:188} INFO - Добавлена страна:  Уругвай
[2024-07-13T02:42:44.204+0000] {logging_mixin.py:188} INFO - Empty DataFrame
Columns: [id, name, description, year, rating, votes, movie_length, age_rating, genres, countries, decade, документальный, военный, триллер, драма, криминал, детектив, короткометражка, реальное ТВ, комедия, ужасы, мелодрама, биография, музыка, спорт, боевик, фантастика, приключения, история, фэнтези, семейный, мюзикл, Россия, Польша, Испания, Бельгия, Франция, США, Казахстан, Германия, Дания, Швеция, Эстония, Канада, Италия, Великобритания, Турция, Кыргызстан, Новая Зеландия, Венгрия, Австралия, ОАЭ, Чехия, Корея Южная, Нидерланды, СССР, ЮАР, Бразилия, Словакия, Филиппины, Аргентина, Мальта, Португалия, Израиль, Уругвай]
Index: []
[2024-07-13T02:42:44.205+0000] {logging_mixin.py:188} INFO - Добавлена страна:  Ирландия
[2024-07-13T02:42:44.215+0000] {base.py:84} INFO - Using connection ID 'minio' for task execution.
[2024-07-13T02:42:44.216+0000] {connection_wrapper.py:384} INFO - AWS Connection (conn_id='minio', conn_type='aws') credentials retrieved from login and password.
[2024-07-13T02:42:44.434+0000] {base.py:84} INFO - Using connection ID 'minio' for task execution.
[2024-07-13T02:42:44.434+0000] {connection_wrapper.py:384} INFO - AWS Connection (conn_id='minio', conn_type='aws') credentials retrieved from login and password.
[2024-07-13T02:42:44.651+0000] {base.py:84} INFO - Using connection ID 'minio' for task execution.
[2024-07-13T02:42:44.652+0000] {connection_wrapper.py:384} INFO - AWS Connection (conn_id='minio', conn_type='aws') credentials retrieved from login and password.
[2024-07-13T02:42:44.838+0000] {base.py:84} INFO - Using connection ID 'minio' for task execution.
[2024-07-13T02:42:44.838+0000] {connection_wrapper.py:384} INFO - AWS Connection (conn_id='minio', conn_type='aws') credentials retrieved from login and password.
[2024-07-13T02:42:44.955+0000] {python.py:237} INFO - Done. Returned value was: None
[2024-07-13T02:42:44.955+0000] {taskinstance.py:441} INFO - ::group::Post task execution logs
[2024-07-13T02:42:44.962+0000] {taskinstance.py:1206} INFO - Marking task as SUCCESS. dag_id=model_training_v89, task_id=preprocess_data, run_id=scheduled__2024-07-12T00:00:00+00:00, execution_date=20240712T000000, start_date=20240713T024244, end_date=20240713T024244
[2024-07-13T02:42:45.000+0000] {local_task_job_runner.py:240} INFO - Task exited with return code 0
[2024-07-13T02:42:45.012+0000] {taskinstance.py:3498} INFO - 1 downstream tasks scheduled from follow-on schedule check
[2024-07-13T02:42:45.015+0000] {local_task_job_runner.py:222} INFO - ::endgroup::
