[2024-07-06T22:28:21.935+0000] {local_task_job_runner.py:120} INFO - ::group::Pre task execution logs
[2024-07-06T22:28:21.945+0000] {taskinstance.py:2076} INFO - Dependencies all met for dep_context=non-requeueable deps ti=<TaskInstance: model_training_v52.create_experiment scheduled__2024-07-05T00:00:00+00:00 [queued]>
[2024-07-06T22:28:21.950+0000] {taskinstance.py:2076} INFO - Dependencies all met for dep_context=requeueable deps ti=<TaskInstance: model_training_v52.create_experiment scheduled__2024-07-05T00:00:00+00:00 [queued]>
[2024-07-06T22:28:21.950+0000] {taskinstance.py:2306} INFO - Starting attempt 1 of 2
[2024-07-06T22:28:21.961+0000] {taskinstance.py:2330} INFO - Executing <Task(PythonOperator): create_experiment> on 2024-07-05 00:00:00+00:00
[2024-07-06T22:28:21.966+0000] {warnings.py:110} WARNING - /home/airflow/.local/lib/python3.12/site-packages/airflow/task/task_runner/standard_task_runner.py:61: DeprecationWarning: This process (pid=249) is multi-threaded, use of fork() may lead to deadlocks in the child.
  pid = os.fork()

[2024-07-06T22:28:21.967+0000] {standard_task_runner.py:63} INFO - Started process 289 to run task
[2024-07-06T22:28:21.967+0000] {standard_task_runner.py:90} INFO - Running: ['airflow', 'tasks', 'run', 'model_training_v52', 'create_experiment', 'scheduled__2024-07-05T00:00:00+00:00', '--job-id', '76', '--raw', '--subdir', 'DAGS_FOLDER/model_training.py', '--cfg-path', '/tmp/tmpl0kklf9m']
[2024-07-06T22:28:21.969+0000] {standard_task_runner.py:91} INFO - Job 76: Subtask create_experiment
[2024-07-06T22:28:22.000+0000] {task_command.py:426} INFO - Running <TaskInstance: model_training_v52.create_experiment scheduled__2024-07-05T00:00:00+00:00 [running]> on host ba3a95b74819
[2024-07-06T22:28:22.056+0000] {taskinstance.py:2648} INFO - Exporting env vars: AIRFLOW_CTX_DAG_OWNER='airflow' AIRFLOW_CTX_DAG_ID='model_training_v52' AIRFLOW_CTX_TASK_ID='create_experiment' AIRFLOW_CTX_EXECUTION_DATE='2024-07-05T00:00:00+00:00' AIRFLOW_CTX_TRY_NUMBER='1' AIRFLOW_CTX_DAG_RUN_ID='scheduled__2024-07-05T00:00:00+00:00'
[2024-07-06T22:28:22.057+0000] {taskinstance.py:430} INFO - ::endgroup::
[2024-07-06T22:28:22.076+0000] {logging_mixin.py:188} INFO - None
[2024-07-06T22:28:22.079+0000] {python.py:237} INFO - Done. Returned value was: None
[2024-07-06T22:28:22.080+0000] {taskinstance.py:441} INFO - ::group::Post task execution logs
[2024-07-06T22:28:22.086+0000] {taskinstance.py:1206} INFO - Marking task as SUCCESS. dag_id=model_training_v52, task_id=create_experiment, run_id=scheduled__2024-07-05T00:00:00+00:00, execution_date=20240705T000000, start_date=20240706T222821, end_date=20240706T222822
[2024-07-06T22:28:22.100+0000] {local_task_job_runner.py:240} INFO - Task exited with return code 0
[2024-07-06T22:28:22.110+0000] {taskinstance.py:3498} INFO - 0 downstream tasks scheduled from follow-on schedule check
[2024-07-06T22:28:22.113+0000] {local_task_job_runner.py:222} INFO - ::endgroup::
