[2024-06-26T05:04:27.445+0000] {local_task_job_runner.py:120} INFO - ::group::Pre task execution logs
[2024-06-26T05:04:27.459+0000] {taskinstance.py:2076} INFO - Dependencies all met for dep_context=non-requeueable deps ti=<TaskInstance: create_movie_dataset_v32.create_movies_table scheduled__2024-06-25T12:00:00+00:00 [queued]>
[2024-06-26T05:04:27.464+0000] {taskinstance.py:2076} INFO - Dependencies all met for dep_context=requeueable deps ti=<TaskInstance: create_movie_dataset_v32.create_movies_table scheduled__2024-06-25T12:00:00+00:00 [queued]>
[2024-06-26T05:04:27.464+0000] {taskinstance.py:2306} INFO - Starting attempt 1 of 2
[2024-06-26T05:04:27.473+0000] {taskinstance.py:2330} INFO - Executing <Task(PostgresOperator): create_movies_table> on 2024-06-25 12:00:00+00:00
[2024-06-26T05:04:27.477+0000] {warnings.py:110} WARNING - /home/airflow/.local/lib/python3.12/site-packages/airflow/task/task_runner/standard_task_runner.py:61: DeprecationWarning: This process (pid=5883) is multi-threaded, use of fork() may lead to deadlocks in the child.
  pid = os.fork()

[2024-06-26T05:04:27.478+0000] {standard_task_runner.py:63} INFO - Started process 5885 to run task
[2024-06-26T05:04:27.479+0000] {standard_task_runner.py:90} INFO - Running: ['airflow', 'tasks', 'run', 'create_movie_dataset_v32', 'create_movies_table', 'scheduled__2024-06-25T12:00:00+00:00', '--job-id', '169', '--raw', '--subdir', 'DAGS_FOLDER/etl.py', '--cfg-path', '/tmp/tmprj38z5k3']
[2024-06-26T05:04:27.480+0000] {standard_task_runner.py:91} INFO - Job 169: Subtask create_movies_table
[2024-06-26T05:04:27.511+0000] {task_command.py:426} INFO - Running <TaskInstance: create_movie_dataset_v32.create_movies_table scheduled__2024-06-25T12:00:00+00:00 [running]> on host ad6ccfebc5a6
[2024-06-26T05:04:27.566+0000] {taskinstance.py:2648} INFO - Exporting env vars: AIRFLOW_CTX_DAG_OWNER='airflow' AIRFLOW_CTX_DAG_ID='create_movie_dataset_v32' AIRFLOW_CTX_TASK_ID='create_movies_table' AIRFLOW_CTX_EXECUTION_DATE='2024-06-25T12:00:00+00:00' AIRFLOW_CTX_TRY_NUMBER='1' AIRFLOW_CTX_DAG_RUN_ID='scheduled__2024-06-25T12:00:00+00:00'
[2024-06-26T05:04:27.566+0000] {taskinstance.py:430} INFO - ::endgroup::
[2024-06-26T05:04:27.573+0000] {sql.py:276} INFO - Executing: CREATE TABLE IF NOT EXISTS movies (
            id SERIAL PRIMARY KEY,
            name VARCHAR,
            description VARCHAR,
            year INTEGER,
            rating FLOAT,
            votes INTEGER,
            movie_length INTEGER,
            age_rating VARCHAR,
            genres VARCHAR,
            countries VARCHAR
        )
[2024-06-26T05:04:27.579+0000] {base.py:84} INFO - Using connection ID 'postgres' for task execution.
[2024-06-26T05:04:27.584+0000] {base.py:84} INFO - Using connection ID 'postgres' for task execution.
[2024-06-26T05:04:27.622+0000] {sql.py:470} INFO - Running statement: CREATE TABLE IF NOT EXISTS movies (
            id SERIAL PRIMARY KEY,
            name VARCHAR,
            description VARCHAR,
            year INTEGER,
            rating FLOAT,
            votes INTEGER,
            movie_length INTEGER,
            age_rating VARCHAR,
            genres VARCHAR,
            countries VARCHAR
        ), parameters: None
[2024-06-26T05:04:27.625+0000] {taskinstance.py:441} INFO - ::group::Post task execution logs
[2024-06-26T05:04:27.632+0000] {taskinstance.py:1206} INFO - Marking task as SUCCESS. dag_id=create_movie_dataset_v32, task_id=create_movies_table, run_id=scheduled__2024-06-25T12:00:00+00:00, execution_date=20240625T120000, start_date=20240626T050427, end_date=20240626T050427
[2024-06-26T05:04:27.651+0000] {local_task_job_runner.py:240} INFO - Task exited with return code 0
[2024-06-26T05:04:27.658+0000] {warnings.py:110} WARNING - /home/airflow/.local/lib/python3.12/site-packages/airflow/models/baseoperator.py:1296: AirflowProviderDeprecationWarning: Call to deprecated class PostgresOperator. (Please use `airflow.providers.common.sql.operators.sql.SQLExecuteQueryOperator`.Also, you can provide `hook_params={'schema': <database>}`.)
  result = cls.__new__(cls)

[2024-06-26T05:04:27.664+0000] {taskinstance.py:3498} INFO - 1 downstream tasks scheduled from follow-on schedule check
[2024-06-26T05:04:27.668+0000] {local_task_job_runner.py:222} INFO - ::endgroup::
