[2024-06-25T00:51:19.161+0000] {local_task_job_runner.py:120} INFO - ::group::Pre task execution logs
[2024-06-25T00:51:19.177+0000] {taskinstance.py:2076} INFO - Dependencies all met for dep_context=non-requeueable deps ti=<TaskInstance: create_table_7.upload_file_to_yandex_s3 scheduled__2024-06-24T12:00:00+00:00 [queued]>
[2024-06-25T00:51:19.182+0000] {taskinstance.py:2076} INFO - Dependencies all met for dep_context=requeueable deps ti=<TaskInstance: create_table_7.upload_file_to_yandex_s3 scheduled__2024-06-24T12:00:00+00:00 [queued]>
[2024-06-25T00:51:19.183+0000] {taskinstance.py:2306} INFO - Starting attempt 1 of 2
[2024-06-25T00:51:19.218+0000] {taskinstance.py:2330} INFO - Executing <Task(PythonOperator): upload_file_to_yandex_s3> on 2024-06-24 12:00:00+00:00
[2024-06-25T00:51:19.223+0000] {warnings.py:110} WARNING - /home/airflow/.local/lib/python3.12/site-packages/airflow/task/task_runner/standard_task_runner.py:61: DeprecationWarning: This process (pid=232) is multi-threaded, use of fork() may lead to deadlocks in the child.
  pid = os.fork()

[2024-06-25T00:51:19.224+0000] {standard_task_runner.py:63} INFO - Started process 233 to run task
[2024-06-25T00:51:19.224+0000] {standard_task_runner.py:90} INFO - Running: ['airflow', 'tasks', 'run', 'create_table_7', 'upload_file_to_yandex_s3', 'scheduled__2024-06-24T12:00:00+00:00', '--job-id', '60', '--raw', '--subdir', 'DAGS_FOLDER/etl.py', '--cfg-path', '/tmp/tmpt5qm4jht']
[2024-06-25T00:51:19.225+0000] {standard_task_runner.py:91} INFO - Job 60: Subtask upload_file_to_yandex_s3
[2024-06-25T00:51:19.260+0000] {task_command.py:426} INFO - Running <TaskInstance: create_table_7.upload_file_to_yandex_s3 scheduled__2024-06-24T12:00:00+00:00 [running]> on host 5ba0933a4dfa
[2024-06-25T00:51:19.317+0000] {taskinstance.py:2648} INFO - Exporting env vars: AIRFLOW_CTX_DAG_OWNER='airflow' AIRFLOW_CTX_DAG_ID='create_table_7' AIRFLOW_CTX_TASK_ID='upload_file_to_yandex_s3' AIRFLOW_CTX_EXECUTION_DATE='2024-06-24T12:00:00+00:00' AIRFLOW_CTX_TRY_NUMBER='1' AIRFLOW_CTX_DAG_RUN_ID='scheduled__2024-06-24T12:00:00+00:00'
[2024-06-25T00:51:19.318+0000] {taskinstance.py:430} INFO - ::endgroup::
[2024-06-25T00:51:19.331+0000] {base.py:84} INFO - Using connection ID 'yandex_cloud_default' for task execution.
[2024-06-25T00:51:19.333+0000] {taskinstance.py:441} INFO - ::group::Post task execution logs
[2024-06-25T00:51:19.333+0000] {taskinstance.py:2905} ERROR - Task failed with exception
Traceback (most recent call last):
  File "/home/airflow/.local/lib/python3.12/site-packages/airflow/models/taskinstance.py", line 465, in _execute_task
    result = _execute_callable(context=context, **execute_callable_kwargs)
             ^^^^^^^^^^^^^^^^^^^^^^^^^^^^^^^^^^^^^^^^^^^^^^^^^^^^^^^^^^^^^
  File "/home/airflow/.local/lib/python3.12/site-packages/airflow/models/taskinstance.py", line 432, in _execute_callable
    return execute_callable(context=context, **execute_callable_kwargs)
           ^^^^^^^^^^^^^^^^^^^^^^^^^^^^^^^^^^^^^^^^^^^^^^^^^^^^^^^^^^^^
  File "/home/airflow/.local/lib/python3.12/site-packages/airflow/models/baseoperator.py", line 400, in wrapper
    return func(self, *args, **kwargs)
           ^^^^^^^^^^^^^^^^^^^^^^^^^^^
  File "/home/airflow/.local/lib/python3.12/site-packages/airflow/operators/python.py", line 235, in execute
    return_value = self.execute_callable()
                   ^^^^^^^^^^^^^^^^^^^^^^^
  File "/home/airflow/.local/lib/python3.12/site-packages/airflow/operators/python.py", line 252, in execute_callable
    return self.python_callable(*self.op_args, **self.op_kwargs)
           ^^^^^^^^^^^^^^^^^^^^^^^^^^^^^^^^^^^^^^^^^^^^^^^^^^^^^
  File "/opt/airflow/dags/etl.py", line 47, in upload_file_to_yandex_s3
    hook.upload_file(file_content.encode(), bucket_name, file_name)
    ^^^^^^^^^^^^^^^^
AttributeError: 'YandexCloudBaseHook' object has no attribute 'upload_file'
[2024-06-25T00:51:19.341+0000] {taskinstance.py:1206} INFO - Marking task as UP_FOR_RETRY. dag_id=create_table_7, task_id=upload_file_to_yandex_s3, run_id=scheduled__2024-06-24T12:00:00+00:00, execution_date=20240624T120000, start_date=20240625T005119, end_date=20240625T005119
[2024-06-25T00:51:19.350+0000] {standard_task_runner.py:110} ERROR - Failed to execute job 60 for task upload_file_to_yandex_s3 ('YandexCloudBaseHook' object has no attribute 'upload_file'; 233)
[2024-06-25T00:51:19.357+0000] {local_task_job_runner.py:240} INFO - Task exited with return code 1
[2024-06-25T00:51:19.368+0000] {taskinstance.py:3498} INFO - 0 downstream tasks scheduled from follow-on schedule check
[2024-06-25T00:51:19.371+0000] {local_task_job_runner.py:222} INFO - ::endgroup::
