[2024-06-26T03:10:50.539+0000] {local_task_job_runner.py:120} INFO - ::group::Pre task execution logs
[2024-06-26T03:10:50.553+0000] {taskinstance.py:2076} INFO - Dependencies all met for dep_context=non-requeueable deps ti=<TaskInstance: create_movie_dataset_v24.create_movies_table scheduled__2024-06-25T12:00:00+00:00 [queued]>
[2024-06-26T03:10:50.558+0000] {taskinstance.py:2076} INFO - Dependencies all met for dep_context=requeueable deps ti=<TaskInstance: create_movie_dataset_v24.create_movies_table scheduled__2024-06-25T12:00:00+00:00 [queued]>
[2024-06-26T03:10:50.559+0000] {taskinstance.py:2306} INFO - Starting attempt 1 of 2
[2024-06-26T03:10:50.567+0000] {taskinstance.py:2330} INFO - Executing <Task(PostgresOperator): create_movies_table> on 2024-06-25 12:00:00+00:00
[2024-06-26T03:10:50.571+0000] {warnings.py:110} WARNING - /home/airflow/.local/lib/python3.12/site-packages/airflow/task/task_runner/standard_task_runner.py:61: DeprecationWarning: This process (pid=1718) is multi-threaded, use of fork() may lead to deadlocks in the child.
  pid = os.fork()

[2024-06-26T03:10:50.572+0000] {standard_task_runner.py:63} INFO - Started process 1720 to run task
[2024-06-26T03:10:50.573+0000] {standard_task_runner.py:90} INFO - Running: ['airflow', 'tasks', 'run', 'create_movie_dataset_v24', 'create_movies_table', 'scheduled__2024-06-25T12:00:00+00:00', '--job-id', '138', '--raw', '--subdir', 'DAGS_FOLDER/etl.py', '--cfg-path', '/tmp/tmp53bxj67_']
[2024-06-26T03:10:50.574+0000] {standard_task_runner.py:91} INFO - Job 138: Subtask create_movies_table
[2024-06-26T03:10:50.604+0000] {task_command.py:426} INFO - Running <TaskInstance: create_movie_dataset_v24.create_movies_table scheduled__2024-06-25T12:00:00+00:00 [running]> on host ad6ccfebc5a6
[2024-06-26T03:10:50.659+0000] {taskinstance.py:2648} INFO - Exporting env vars: AIRFLOW_CTX_DAG_OWNER='airflow' AIRFLOW_CTX_DAG_ID='create_movie_dataset_v24' AIRFLOW_CTX_TASK_ID='create_movies_table' AIRFLOW_CTX_EXECUTION_DATE='2024-06-25T12:00:00+00:00' AIRFLOW_CTX_TRY_NUMBER='1' AIRFLOW_CTX_DAG_RUN_ID='scheduled__2024-06-25T12:00:00+00:00'
[2024-06-26T03:10:50.659+0000] {taskinstance.py:430} INFO - ::endgroup::
[2024-06-26T03:10:50.667+0000] {sql.py:276} INFO - Executing: CREATE TABLE IF NOT EXISTS movies (
            id SERIAL PRIMARY KEY,
            name VARCHAR,
            description VARCHAR,
            year INTEGER,
            rating FLOAT,
            votes INTEGER,
            movie_length INTEGER,
            age_rating VARCHAR,
            genres VARCHAR,
            countries VARCHAR
        )
[2024-06-26T03:10:50.673+0000] {base.py:84} INFO - Using connection ID 'postgres' for task execution.
[2024-06-26T03:10:50.679+0000] {base.py:84} INFO - Using connection ID 'postgres' for task execution.
[2024-06-26T03:10:50.724+0000] {sql.py:470} INFO - Running statement: CREATE TABLE IF NOT EXISTS movies (
            id SERIAL PRIMARY KEY,
            name VARCHAR,
            description VARCHAR,
            year INTEGER,
            rating FLOAT,
            votes INTEGER,
            movie_length INTEGER,
            age_rating VARCHAR,
            genres VARCHAR,
            countries VARCHAR
        ), parameters: None
[2024-06-26T03:10:50.727+0000] {taskinstance.py:441} INFO - ::group::Post task execution logs
[2024-06-26T03:10:50.734+0000] {taskinstance.py:1206} INFO - Marking task as SUCCESS. dag_id=create_movie_dataset_v24, task_id=create_movies_table, run_id=scheduled__2024-06-25T12:00:00+00:00, execution_date=20240625T120000, start_date=20240626T031050, end_date=20240626T031050
[2024-06-26T03:10:50.745+0000] {local_task_job_runner.py:240} INFO - Task exited with return code 0
[2024-06-26T03:10:50.752+0000] {local_task_job_runner.py:222} INFO - ::endgroup::
