[2024-07-01T01:15:20.552+0000] {local_task_job_runner.py:120} INFO - ::group::Pre task execution logs
[2024-07-01T01:15:20.565+0000] {taskinstance.py:2076} INFO - Dependencies all met for dep_context=non-requeueable deps ti=<TaskInstance: create_movie_dataset_v41.get_data_from_json scheduled__2024-07-01T01:00:00+00:00 [queued]>
[2024-07-01T01:15:20.570+0000] {taskinstance.py:2076} INFO - Dependencies all met for dep_context=requeueable deps ti=<TaskInstance: create_movie_dataset_v41.get_data_from_json scheduled__2024-07-01T01:00:00+00:00 [queued]>
[2024-07-01T01:15:20.570+0000] {taskinstance.py:2306} INFO - Starting attempt 1 of 2
[2024-07-01T01:15:20.579+0000] {taskinstance.py:2330} INFO - Executing <Task(PythonOperator): get_data_from_json> on 2024-07-01 01:00:00+00:00
[2024-07-01T01:15:20.583+0000] {warnings.py:110} WARNING - /home/airflow/.local/lib/python3.12/site-packages/airflow/task/task_runner/standard_task_runner.py:61: DeprecationWarning: This process (pid=143) is multi-threaded, use of fork() may lead to deadlocks in the child.
  pid = os.fork()

[2024-07-01T01:15:20.585+0000] {standard_task_runner.py:63} INFO - Started process 147 to run task
[2024-07-01T01:15:20.584+0000] {standard_task_runner.py:90} INFO - Running: ['airflow', 'tasks', 'run', 'create_movie_dataset_v41', 'get_data_from_json', 'scheduled__2024-07-01T01:00:00+00:00', '--job-id', '717', '--raw', '--subdir', 'DAGS_FOLDER/etl.py', '--cfg-path', '/tmp/tmpvl1o5gix']
[2024-07-01T01:15:20.586+0000] {standard_task_runner.py:91} INFO - Job 717: Subtask get_data_from_json
[2024-07-01T01:15:20.620+0000] {task_command.py:426} INFO - Running <TaskInstance: create_movie_dataset_v41.get_data_from_json scheduled__2024-07-01T01:00:00+00:00 [running]> on host c5db54028fc7
[2024-07-01T01:15:20.679+0000] {taskinstance.py:2648} INFO - Exporting env vars: AIRFLOW_CTX_DAG_OWNER='airflow' AIRFLOW_CTX_DAG_ID='create_movie_dataset_v41' AIRFLOW_CTX_TASK_ID='get_data_from_json' AIRFLOW_CTX_EXECUTION_DATE='2024-07-01T01:00:00+00:00' AIRFLOW_CTX_TRY_NUMBER='1' AIRFLOW_CTX_DAG_RUN_ID='scheduled__2024-07-01T01:00:00+00:00'
[2024-07-01T01:15:20.680+0000] {taskinstance.py:430} INFO - ::endgroup::
[2024-07-01T01:15:20.822+0000] {python.py:237} INFO - Done. Returned value was: None
[2024-07-01T01:15:20.823+0000] {taskinstance.py:441} INFO - ::group::Post task execution logs
[2024-07-01T01:15:20.830+0000] {taskinstance.py:1206} INFO - Marking task as SUCCESS. dag_id=create_movie_dataset_v41, task_id=get_data_from_json, run_id=scheduled__2024-07-01T01:00:00+00:00, execution_date=20240701T010000, start_date=20240701T011520, end_date=20240701T011520
[2024-07-01T01:15:20.880+0000] {local_task_job_runner.py:240} INFO - Task exited with return code 0
[2024-07-01T01:15:20.886+0000] {warnings.py:110} WARNING - /home/airflow/.local/lib/python3.12/site-packages/airflow/models/baseoperator.py:1296: AirflowProviderDeprecationWarning: Call to deprecated class PostgresOperator. (Please use `airflow.providers.common.sql.operators.sql.SQLExecuteQueryOperator`.Also, you can provide `hook_params={'schema': <database>}`.)
  result = cls.__new__(cls)

[2024-07-01T01:15:20.893+0000] {taskinstance.py:3498} INFO - 1 downstream tasks scheduled from follow-on schedule check
[2024-07-01T01:15:20.896+0000] {local_task_job_runner.py:222} INFO - ::endgroup::
