[2024-07-01T02:00:09.798+0000] {local_task_job_runner.py:120} INFO - ::group::Pre task execution logs
[2024-07-01T02:00:09.812+0000] {taskinstance.py:2076} INFO - Dependencies all met for dep_context=non-requeueable deps ti=<TaskInstance: create_movie_dataset_v41.get_data_from_json scheduled__2024-07-01T01:50:00+00:00 [queued]>
[2024-07-01T02:00:09.817+0000] {taskinstance.py:2076} INFO - Dependencies all met for dep_context=requeueable deps ti=<TaskInstance: create_movie_dataset_v41.get_data_from_json scheduled__2024-07-01T01:50:00+00:00 [queued]>
[2024-07-01T02:00:09.818+0000] {taskinstance.py:2306} INFO - Starting attempt 1 of 2
[2024-07-01T02:00:09.828+0000] {taskinstance.py:2330} INFO - Executing <Task(PythonOperator): get_data_from_json> on 2024-07-01 01:50:00+00:00
[2024-07-01T02:00:09.833+0000] {warnings.py:110} WARNING - /home/airflow/.local/lib/python3.12/site-packages/airflow/task/task_runner/standard_task_runner.py:61: DeprecationWarning: This process (pid=902) is multi-threaded, use of fork() may lead to deadlocks in the child.
  pid = os.fork()

[2024-07-01T02:00:09.833+0000] {standard_task_runner.py:63} INFO - Started process 906 to run task
[2024-07-01T02:00:09.834+0000] {standard_task_runner.py:90} INFO - Running: ['airflow', 'tasks', 'run', 'create_movie_dataset_v41', 'get_data_from_json', 'scheduled__2024-07-01T01:50:00+00:00', '--job-id', '749', '--raw', '--subdir', 'DAGS_FOLDER/etl.py', '--cfg-path', '/tmp/tmpn1q7oomr']
[2024-07-01T02:00:09.835+0000] {standard_task_runner.py:91} INFO - Job 749: Subtask get_data_from_json
[2024-07-01T02:00:09.881+0000] {task_command.py:426} INFO - Running <TaskInstance: create_movie_dataset_v41.get_data_from_json scheduled__2024-07-01T01:50:00+00:00 [running]> on host 1eca8603f04b
[2024-07-01T02:00:09.954+0000] {taskinstance.py:2648} INFO - Exporting env vars: AIRFLOW_CTX_DAG_OWNER='airflow' AIRFLOW_CTX_DAG_ID='create_movie_dataset_v41' AIRFLOW_CTX_TASK_ID='get_data_from_json' AIRFLOW_CTX_EXECUTION_DATE='2024-07-01T01:50:00+00:00' AIRFLOW_CTX_TRY_NUMBER='1' AIRFLOW_CTX_DAG_RUN_ID='scheduled__2024-07-01T01:50:00+00:00'
[2024-07-01T02:00:09.955+0000] {taskinstance.py:430} INFO - ::endgroup::
[2024-07-01T02:00:10.108+0000] {python.py:237} INFO - Done. Returned value was: None
[2024-07-01T02:00:10.109+0000] {taskinstance.py:441} INFO - ::group::Post task execution logs
[2024-07-01T02:00:10.116+0000] {taskinstance.py:1206} INFO - Marking task as SUCCESS. dag_id=create_movie_dataset_v41, task_id=get_data_from_json, run_id=scheduled__2024-07-01T01:50:00+00:00, execution_date=20240701T015000, start_date=20240701T020009, end_date=20240701T020010
[2024-07-01T02:00:10.167+0000] {local_task_job_runner.py:240} INFO - Task exited with return code 0
[2024-07-01T02:00:10.174+0000] {warnings.py:110} WARNING - /home/airflow/.local/lib/python3.12/site-packages/airflow/models/baseoperator.py:1296: AirflowProviderDeprecationWarning: Call to deprecated class PostgresOperator. (Please use `airflow.providers.common.sql.operators.sql.SQLExecuteQueryOperator`.Also, you can provide `hook_params={'schema': <database>}`.)
  result = cls.__new__(cls)

[2024-07-01T02:00:10.181+0000] {taskinstance.py:3498} INFO - 1 downstream tasks scheduled from follow-on schedule check
[2024-07-01T02:00:10.184+0000] {local_task_job_runner.py:222} INFO - ::endgroup::
