[2024-07-13T03:00:08.396+0000] {local_task_job_runner.py:120} INFO - ::group::Pre task execution logs
[2024-07-13T03:00:08.409+0000] {taskinstance.py:2076} INFO - Dependencies all met for dep_context=non-requeueable deps ti=<TaskInstance: create_movie_dataset_v48.create_movies_table scheduled__2024-07-13T02:58:00+00:00 [queued]>
[2024-07-13T03:00:08.414+0000] {taskinstance.py:2076} INFO - Dependencies all met for dep_context=requeueable deps ti=<TaskInstance: create_movie_dataset_v48.create_movies_table scheduled__2024-07-13T02:58:00+00:00 [queued]>
[2024-07-13T03:00:08.416+0000] {taskinstance.py:2306} INFO - Starting attempt 1 of 2
[2024-07-13T03:00:08.426+0000] {taskinstance.py:2330} INFO - Executing <Task(PostgresOperator): create_movies_table> on 2024-07-13 02:58:00+00:00
[2024-07-13T03:00:08.433+0000] {warnings.py:110} WARNING - /home/airflow/.local/lib/python3.12/site-packages/airflow/task/task_runner/standard_task_runner.py:61: DeprecationWarning: This process (pid=5776) is multi-threaded, use of fork() may lead to deadlocks in the child.
  pid = os.fork()

[2024-07-13T03:00:08.435+0000] {standard_task_runner.py:63} INFO - Started process 5781 to run task
[2024-07-13T03:00:08.434+0000] {standard_task_runner.py:90} INFO - Running: ['airflow', 'tasks', 'run', 'create_movie_dataset_v48', 'create_movies_table', 'scheduled__2024-07-13T02:58:00+00:00', '--job-id', '494', '--raw', '--subdir', 'DAGS_FOLDER/etl.py', '--cfg-path', '/tmp/tmpzf936dj7']
[2024-07-13T03:00:08.437+0000] {standard_task_runner.py:91} INFO - Job 494: Subtask create_movies_table
[2024-07-13T03:00:08.475+0000] {task_command.py:426} INFO - Running <TaskInstance: create_movie_dataset_v48.create_movies_table scheduled__2024-07-13T02:58:00+00:00 [running]> on host 0e0c69066946
[2024-07-13T03:00:08.538+0000] {taskinstance.py:2648} INFO - Exporting env vars: AIRFLOW_CTX_DAG_OWNER='airflow' AIRFLOW_CTX_DAG_ID='create_movie_dataset_v48' AIRFLOW_CTX_TASK_ID='create_movies_table' AIRFLOW_CTX_EXECUTION_DATE='2024-07-13T02:58:00+00:00' AIRFLOW_CTX_TRY_NUMBER='1' AIRFLOW_CTX_DAG_RUN_ID='scheduled__2024-07-13T02:58:00+00:00'
[2024-07-13T03:00:08.539+0000] {taskinstance.py:430} INFO - ::endgroup::
[2024-07-13T03:00:08.547+0000] {sql.py:276} INFO - Executing: CREATE TABLE IF NOT EXISTS movies (
            id SERIAL PRIMARY KEY,
            name VARCHAR,
            description VARCHAR,
            year INTEGER,
            rating FLOAT,
            votes INTEGER,
            movie_length INTEGER,
            age_rating VARCHAR,
            genres VARCHAR,
            countries VARCHAR
        )
[2024-07-13T03:00:08.553+0000] {base.py:84} INFO - Using connection ID 'postgres' for task execution.
[2024-07-13T03:00:08.559+0000] {base.py:84} INFO - Using connection ID 'postgres' for task execution.
[2024-07-13T03:00:08.596+0000] {sql.py:470} INFO - Running statement: CREATE TABLE IF NOT EXISTS movies (
            id SERIAL PRIMARY KEY,
            name VARCHAR,
            description VARCHAR,
            year INTEGER,
            rating FLOAT,
            votes INTEGER,
            movie_length INTEGER,
            age_rating VARCHAR,
            genres VARCHAR,
            countries VARCHAR
        ), parameters: None
[2024-07-13T03:00:08.599+0000] {taskinstance.py:441} INFO - ::group::Post task execution logs
[2024-07-13T03:00:08.605+0000] {taskinstance.py:1206} INFO - Marking task as SUCCESS. dag_id=create_movie_dataset_v48, task_id=create_movies_table, run_id=scheduled__2024-07-13T02:58:00+00:00, execution_date=20240713T025800, start_date=20240713T030008, end_date=20240713T030008
[2024-07-13T03:00:08.650+0000] {local_task_job_runner.py:240} INFO - Task exited with return code 0
[2024-07-13T03:00:08.657+0000] {warnings.py:110} WARNING - /home/airflow/.local/lib/python3.12/site-packages/airflow/models/baseoperator.py:1296: AirflowProviderDeprecationWarning: Call to deprecated class PostgresOperator. (Please use `airflow.providers.common.sql.operators.sql.SQLExecuteQueryOperator`.Also, you can provide `hook_params={'schema': <database>}`.)
  result = cls.__new__(cls)

[2024-07-13T03:00:08.665+0000] {taskinstance.py:3498} INFO - 0 downstream tasks scheduled from follow-on schedule check
[2024-07-13T03:00:08.667+0000] {local_task_job_runner.py:222} INFO - ::endgroup::
