[2024-07-13T02:10:42.657+0000] {processor.py:161} INFO - Started process (PID=173) to work on /opt/airflow/dags/tasks/get_movies.py
[2024-07-13T02:10:42.658+0000] {processor.py:830} INFO - Processing file /opt/airflow/dags/tasks/get_movies.py for tasks to queue
[2024-07-13T02:10:42.660+0000] {logging_mixin.py:188} INFO - [2024-07-13T02:10:42.660+0000] {dagbag.py:545} INFO - Filling up the DagBag from /opt/airflow/dags/tasks/get_movies.py
[2024-07-13T02:10:42.679+0000] {processor.py:842} WARNING - No viable dags retrieved from /opt/airflow/dags/tasks/get_movies.py
[2024-07-13T02:10:42.695+0000] {processor.py:183} INFO - Processing /opt/airflow/dags/tasks/get_movies.py took 0.043 seconds
[2024-07-13T02:11:14.393+0000] {processor.py:161} INFO - Started process (PID=306) to work on /opt/airflow/dags/tasks/get_movies.py
[2024-07-13T02:11:14.393+0000] {processor.py:830} INFO - Processing file /opt/airflow/dags/tasks/get_movies.py for tasks to queue
[2024-07-13T02:11:14.394+0000] {logging_mixin.py:188} INFO - [2024-07-13T02:11:14.394+0000] {dagbag.py:545} INFO - Filling up the DagBag from /opt/airflow/dags/tasks/get_movies.py
[2024-07-13T02:11:14.401+0000] {processor.py:842} WARNING - No viable dags retrieved from /opt/airflow/dags/tasks/get_movies.py
[2024-07-13T02:11:14.409+0000] {processor.py:183} INFO - Processing /opt/airflow/dags/tasks/get_movies.py took 0.020 seconds
[2024-07-13T02:11:46.006+0000] {processor.py:161} INFO - Started process (PID=452) to work on /opt/airflow/dags/tasks/get_movies.py
[2024-07-13T02:11:46.006+0000] {processor.py:830} INFO - Processing file /opt/airflow/dags/tasks/get_movies.py for tasks to queue
[2024-07-13T02:11:46.008+0000] {logging_mixin.py:188} INFO - [2024-07-13T02:11:46.007+0000] {dagbag.py:545} INFO - Filling up the DagBag from /opt/airflow/dags/tasks/get_movies.py
[2024-07-13T02:11:46.014+0000] {processor.py:842} WARNING - No viable dags retrieved from /opt/airflow/dags/tasks/get_movies.py
[2024-07-13T02:11:46.022+0000] {processor.py:183} INFO - Processing /opt/airflow/dags/tasks/get_movies.py took 0.019 seconds
[2024-07-13T02:12:17.607+0000] {processor.py:161} INFO - Started process (PID=597) to work on /opt/airflow/dags/tasks/get_movies.py
[2024-07-13T02:12:17.608+0000] {processor.py:830} INFO - Processing file /opt/airflow/dags/tasks/get_movies.py for tasks to queue
[2024-07-13T02:12:17.609+0000] {logging_mixin.py:188} INFO - [2024-07-13T02:12:17.609+0000] {dagbag.py:545} INFO - Filling up the DagBag from /opt/airflow/dags/tasks/get_movies.py
[2024-07-13T02:12:17.617+0000] {processor.py:842} WARNING - No viable dags retrieved from /opt/airflow/dags/tasks/get_movies.py
[2024-07-13T02:12:17.626+0000] {processor.py:183} INFO - Processing /opt/airflow/dags/tasks/get_movies.py took 0.023 seconds
[2024-07-13T02:12:48.561+0000] {processor.py:161} INFO - Started process (PID=716) to work on /opt/airflow/dags/tasks/get_movies.py
[2024-07-13T02:12:48.562+0000] {processor.py:830} INFO - Processing file /opt/airflow/dags/tasks/get_movies.py for tasks to queue
[2024-07-13T02:12:48.563+0000] {logging_mixin.py:188} INFO - [2024-07-13T02:12:48.563+0000] {dagbag.py:545} INFO - Filling up the DagBag from /opt/airflow/dags/tasks/get_movies.py
[2024-07-13T02:12:48.570+0000] {processor.py:842} WARNING - No viable dags retrieved from /opt/airflow/dags/tasks/get_movies.py
[2024-07-13T02:12:48.578+0000] {processor.py:183} INFO - Processing /opt/airflow/dags/tasks/get_movies.py took 0.020 seconds
[2024-07-13T02:13:19.579+0000] {processor.py:161} INFO - Started process (PID=859) to work on /opt/airflow/dags/tasks/get_movies.py
[2024-07-13T02:13:19.580+0000] {processor.py:830} INFO - Processing file /opt/airflow/dags/tasks/get_movies.py for tasks to queue
[2024-07-13T02:13:19.581+0000] {logging_mixin.py:188} INFO - [2024-07-13T02:13:19.581+0000] {dagbag.py:545} INFO - Filling up the DagBag from /opt/airflow/dags/tasks/get_movies.py
[2024-07-13T02:13:19.586+0000] {processor.py:842} WARNING - No viable dags retrieved from /opt/airflow/dags/tasks/get_movies.py
[2024-07-13T02:13:19.594+0000] {processor.py:183} INFO - Processing /opt/airflow/dags/tasks/get_movies.py took 0.018 seconds
[2024-07-13T02:13:51.483+0000] {processor.py:161} INFO - Started process (PID=1006) to work on /opt/airflow/dags/tasks/get_movies.py
[2024-07-13T02:13:51.483+0000] {processor.py:830} INFO - Processing file /opt/airflow/dags/tasks/get_movies.py for tasks to queue
[2024-07-13T02:13:51.484+0000] {logging_mixin.py:188} INFO - [2024-07-13T02:13:51.484+0000] {dagbag.py:545} INFO - Filling up the DagBag from /opt/airflow/dags/tasks/get_movies.py
[2024-07-13T02:13:51.492+0000] {processor.py:842} WARNING - No viable dags retrieved from /opt/airflow/dags/tasks/get_movies.py
[2024-07-13T02:13:51.500+0000] {processor.py:183} INFO - Processing /opt/airflow/dags/tasks/get_movies.py took 0.021 seconds
[2024-07-13T02:14:23.138+0000] {processor.py:161} INFO - Started process (PID=1132) to work on /opt/airflow/dags/tasks/get_movies.py
[2024-07-13T02:14:23.139+0000] {processor.py:830} INFO - Processing file /opt/airflow/dags/tasks/get_movies.py for tasks to queue
[2024-07-13T02:14:23.140+0000] {logging_mixin.py:188} INFO - [2024-07-13T02:14:23.140+0000] {dagbag.py:545} INFO - Filling up the DagBag from /opt/airflow/dags/tasks/get_movies.py
[2024-07-13T02:14:23.147+0000] {processor.py:842} WARNING - No viable dags retrieved from /opt/airflow/dags/tasks/get_movies.py
[2024-07-13T02:14:23.156+0000] {processor.py:183} INFO - Processing /opt/airflow/dags/tasks/get_movies.py took 0.021 seconds
[2024-07-13T02:14:54.900+0000] {processor.py:161} INFO - Started process (PID=1270) to work on /opt/airflow/dags/tasks/get_movies.py
[2024-07-13T02:14:54.901+0000] {processor.py:830} INFO - Processing file /opt/airflow/dags/tasks/get_movies.py for tasks to queue
[2024-07-13T02:14:54.902+0000] {logging_mixin.py:188} INFO - [2024-07-13T02:14:54.902+0000] {dagbag.py:545} INFO - Filling up the DagBag from /opt/airflow/dags/tasks/get_movies.py
[2024-07-13T02:14:54.909+0000] {processor.py:842} WARNING - No viable dags retrieved from /opt/airflow/dags/tasks/get_movies.py
[2024-07-13T02:14:54.917+0000] {processor.py:183} INFO - Processing /opt/airflow/dags/tasks/get_movies.py took 0.020 seconds
[2024-07-13T02:15:26.540+0000] {processor.py:161} INFO - Started process (PID=1415) to work on /opt/airflow/dags/tasks/get_movies.py
[2024-07-13T02:15:26.541+0000] {processor.py:830} INFO - Processing file /opt/airflow/dags/tasks/get_movies.py for tasks to queue
[2024-07-13T02:15:26.542+0000] {logging_mixin.py:188} INFO - [2024-07-13T02:15:26.542+0000] {dagbag.py:545} INFO - Filling up the DagBag from /opt/airflow/dags/tasks/get_movies.py
[2024-07-13T02:15:26.548+0000] {processor.py:842} WARNING - No viable dags retrieved from /opt/airflow/dags/tasks/get_movies.py
[2024-07-13T02:15:26.556+0000] {processor.py:183} INFO - Processing /opt/airflow/dags/tasks/get_movies.py took 0.019 seconds
[2024-07-13T02:15:58.352+0000] {processor.py:161} INFO - Started process (PID=1560) to work on /opt/airflow/dags/tasks/get_movies.py
[2024-07-13T02:15:58.353+0000] {processor.py:830} INFO - Processing file /opt/airflow/dags/tasks/get_movies.py for tasks to queue
[2024-07-13T02:15:58.354+0000] {logging_mixin.py:188} INFO - [2024-07-13T02:15:58.354+0000] {dagbag.py:545} INFO - Filling up the DagBag from /opt/airflow/dags/tasks/get_movies.py
[2024-07-13T02:15:58.361+0000] {processor.py:842} WARNING - No viable dags retrieved from /opt/airflow/dags/tasks/get_movies.py
[2024-07-13T02:15:58.370+0000] {processor.py:183} INFO - Processing /opt/airflow/dags/tasks/get_movies.py took 0.021 seconds
[2024-07-13T02:16:29.172+0000] {processor.py:161} INFO - Started process (PID=1678) to work on /opt/airflow/dags/tasks/get_movies.py
[2024-07-13T02:16:29.173+0000] {processor.py:830} INFO - Processing file /opt/airflow/dags/tasks/get_movies.py for tasks to queue
[2024-07-13T02:16:29.174+0000] {logging_mixin.py:188} INFO - [2024-07-13T02:16:29.174+0000] {dagbag.py:545} INFO - Filling up the DagBag from /opt/airflow/dags/tasks/get_movies.py
[2024-07-13T02:16:29.187+0000] {processor.py:842} WARNING - No viable dags retrieved from /opt/airflow/dags/tasks/get_movies.py
[2024-07-13T02:16:29.196+0000] {processor.py:183} INFO - Processing /opt/airflow/dags/tasks/get_movies.py took 0.028 seconds
[2024-07-13T02:16:59.378+0000] {processor.py:161} INFO - Started process (PID=1803) to work on /opt/airflow/dags/tasks/get_movies.py
[2024-07-13T02:16:59.379+0000] {processor.py:830} INFO - Processing file /opt/airflow/dags/tasks/get_movies.py for tasks to queue
[2024-07-13T02:16:59.380+0000] {logging_mixin.py:188} INFO - [2024-07-13T02:16:59.380+0000] {dagbag.py:545} INFO - Filling up the DagBag from /opt/airflow/dags/tasks/get_movies.py
[2024-07-13T02:16:59.388+0000] {processor.py:842} WARNING - No viable dags retrieved from /opt/airflow/dags/tasks/get_movies.py
[2024-07-13T02:16:59.397+0000] {processor.py:183} INFO - Processing /opt/airflow/dags/tasks/get_movies.py took 0.022 seconds
[2024-07-13T02:17:29.449+0000] {processor.py:161} INFO - Started process (PID=1927) to work on /opt/airflow/dags/tasks/get_movies.py
[2024-07-13T02:17:29.449+0000] {processor.py:830} INFO - Processing file /opt/airflow/dags/tasks/get_movies.py for tasks to queue
[2024-07-13T02:17:29.451+0000] {logging_mixin.py:188} INFO - [2024-07-13T02:17:29.450+0000] {dagbag.py:545} INFO - Filling up the DagBag from /opt/airflow/dags/tasks/get_movies.py
[2024-07-13T02:17:29.457+0000] {processor.py:842} WARNING - No viable dags retrieved from /opt/airflow/dags/tasks/get_movies.py
[2024-07-13T02:17:29.465+0000] {processor.py:183} INFO - Processing /opt/airflow/dags/tasks/get_movies.py took 0.020 seconds
[2024-07-13T02:17:59.869+0000] {processor.py:161} INFO - Started process (PID=2046) to work on /opt/airflow/dags/tasks/get_movies.py
[2024-07-13T02:17:59.870+0000] {processor.py:830} INFO - Processing file /opt/airflow/dags/tasks/get_movies.py for tasks to queue
[2024-07-13T02:17:59.871+0000] {logging_mixin.py:188} INFO - [2024-07-13T02:17:59.871+0000] {dagbag.py:545} INFO - Filling up the DagBag from /opt/airflow/dags/tasks/get_movies.py
[2024-07-13T02:17:59.878+0000] {processor.py:842} WARNING - No viable dags retrieved from /opt/airflow/dags/tasks/get_movies.py
[2024-07-13T02:17:59.886+0000] {processor.py:183} INFO - Processing /opt/airflow/dags/tasks/get_movies.py took 0.019 seconds
[2024-07-13T02:18:29.985+0000] {processor.py:161} INFO - Started process (PID=2210) to work on /opt/airflow/dags/tasks/get_movies.py
[2024-07-13T02:18:29.986+0000] {processor.py:830} INFO - Processing file /opt/airflow/dags/tasks/get_movies.py for tasks to queue
[2024-07-13T02:18:29.987+0000] {logging_mixin.py:188} INFO - [2024-07-13T02:18:29.987+0000] {dagbag.py:545} INFO - Filling up the DagBag from /opt/airflow/dags/tasks/get_movies.py
[2024-07-13T02:18:29.994+0000] {processor.py:842} WARNING - No viable dags retrieved from /opt/airflow/dags/tasks/get_movies.py
[2024-07-13T02:18:30.004+0000] {processor.py:183} INFO - Processing /opt/airflow/dags/tasks/get_movies.py took 0.022 seconds
[2024-07-13T02:19:00.239+0000] {processor.py:161} INFO - Started process (PID=2329) to work on /opt/airflow/dags/tasks/get_movies.py
[2024-07-13T02:19:00.239+0000] {processor.py:830} INFO - Processing file /opt/airflow/dags/tasks/get_movies.py for tasks to queue
[2024-07-13T02:19:00.240+0000] {logging_mixin.py:188} INFO - [2024-07-13T02:19:00.240+0000] {dagbag.py:545} INFO - Filling up the DagBag from /opt/airflow/dags/tasks/get_movies.py
[2024-07-13T02:19:00.247+0000] {processor.py:842} WARNING - No viable dags retrieved from /opt/airflow/dags/tasks/get_movies.py
[2024-07-13T02:19:00.258+0000] {processor.py:183} INFO - Processing /opt/airflow/dags/tasks/get_movies.py took 0.022 seconds
[2024-07-13T02:19:30.420+0000] {processor.py:161} INFO - Started process (PID=2495) to work on /opt/airflow/dags/tasks/get_movies.py
[2024-07-13T02:19:30.421+0000] {processor.py:830} INFO - Processing file /opt/airflow/dags/tasks/get_movies.py for tasks to queue
[2024-07-13T02:19:30.423+0000] {logging_mixin.py:188} INFO - [2024-07-13T02:19:30.422+0000] {dagbag.py:545} INFO - Filling up the DagBag from /opt/airflow/dags/tasks/get_movies.py
[2024-07-13T02:19:30.428+0000] {processor.py:842} WARNING - No viable dags retrieved from /opt/airflow/dags/tasks/get_movies.py
[2024-07-13T02:19:30.436+0000] {processor.py:183} INFO - Processing /opt/airflow/dags/tasks/get_movies.py took 0.019 seconds
[2024-07-13T02:20:00.632+0000] {processor.py:161} INFO - Started process (PID=2613) to work on /opt/airflow/dags/tasks/get_movies.py
[2024-07-13T02:20:00.632+0000] {processor.py:830} INFO - Processing file /opt/airflow/dags/tasks/get_movies.py for tasks to queue
[2024-07-13T02:20:00.634+0000] {logging_mixin.py:188} INFO - [2024-07-13T02:20:00.633+0000] {dagbag.py:545} INFO - Filling up the DagBag from /opt/airflow/dags/tasks/get_movies.py
[2024-07-13T02:20:00.643+0000] {processor.py:842} WARNING - No viable dags retrieved from /opt/airflow/dags/tasks/get_movies.py
[2024-07-13T02:20:00.651+0000] {processor.py:183} INFO - Processing /opt/airflow/dags/tasks/get_movies.py took 0.023 seconds
[2024-07-13T02:20:31.140+0000] {processor.py:161} INFO - Started process (PID=2762) to work on /opt/airflow/dags/tasks/get_movies.py
[2024-07-13T02:20:31.141+0000] {processor.py:830} INFO - Processing file /opt/airflow/dags/tasks/get_movies.py for tasks to queue
[2024-07-13T02:20:31.142+0000] {logging_mixin.py:188} INFO - [2024-07-13T02:20:31.142+0000] {dagbag.py:545} INFO - Filling up the DagBag from /opt/airflow/dags/tasks/get_movies.py
[2024-07-13T02:20:31.149+0000] {processor.py:842} WARNING - No viable dags retrieved from /opt/airflow/dags/tasks/get_movies.py
[2024-07-13T02:20:31.158+0000] {processor.py:183} INFO - Processing /opt/airflow/dags/tasks/get_movies.py took 0.021 seconds
[2024-07-13T02:21:01.245+0000] {processor.py:161} INFO - Started process (PID=2908) to work on /opt/airflow/dags/tasks/get_movies.py
[2024-07-13T02:21:01.245+0000] {processor.py:830} INFO - Processing file /opt/airflow/dags/tasks/get_movies.py for tasks to queue
[2024-07-13T02:21:01.246+0000] {logging_mixin.py:188} INFO - [2024-07-13T02:21:01.246+0000] {dagbag.py:545} INFO - Filling up the DagBag from /opt/airflow/dags/tasks/get_movies.py
[2024-07-13T02:21:01.252+0000] {processor.py:842} WARNING - No viable dags retrieved from /opt/airflow/dags/tasks/get_movies.py
[2024-07-13T02:21:01.260+0000] {processor.py:183} INFO - Processing /opt/airflow/dags/tasks/get_movies.py took 0.019 seconds
[2024-07-13T02:21:31.409+0000] {processor.py:161} INFO - Started process (PID=3008) to work on /opt/airflow/dags/tasks/get_movies.py
[2024-07-13T02:21:31.410+0000] {processor.py:830} INFO - Processing file /opt/airflow/dags/tasks/get_movies.py for tasks to queue
[2024-07-13T02:21:31.411+0000] {logging_mixin.py:188} INFO - [2024-07-13T02:21:31.411+0000] {dagbag.py:545} INFO - Filling up the DagBag from /opt/airflow/dags/tasks/get_movies.py
[2024-07-13T02:21:31.418+0000] {processor.py:842} WARNING - No viable dags retrieved from /opt/airflow/dags/tasks/get_movies.py
[2024-07-13T02:21:31.426+0000] {processor.py:183} INFO - Processing /opt/airflow/dags/tasks/get_movies.py took 0.020 seconds
[2024-07-13T02:22:01.628+0000] {processor.py:161} INFO - Started process (PID=3151) to work on /opt/airflow/dags/tasks/get_movies.py
[2024-07-13T02:22:01.628+0000] {processor.py:830} INFO - Processing file /opt/airflow/dags/tasks/get_movies.py for tasks to queue
[2024-07-13T02:22:01.629+0000] {logging_mixin.py:188} INFO - [2024-07-13T02:22:01.629+0000] {dagbag.py:545} INFO - Filling up the DagBag from /opt/airflow/dags/tasks/get_movies.py
[2024-07-13T02:22:01.639+0000] {processor.py:842} WARNING - No viable dags retrieved from /opt/airflow/dags/tasks/get_movies.py
[2024-07-13T02:22:01.647+0000] {processor.py:183} INFO - Processing /opt/airflow/dags/tasks/get_movies.py took 0.023 seconds
[2024-07-13T02:22:31.777+0000] {processor.py:161} INFO - Started process (PID=3270) to work on /opt/airflow/dags/tasks/get_movies.py
[2024-07-13T02:22:31.778+0000] {processor.py:830} INFO - Processing file /opt/airflow/dags/tasks/get_movies.py for tasks to queue
[2024-07-13T02:22:31.779+0000] {logging_mixin.py:188} INFO - [2024-07-13T02:22:31.779+0000] {dagbag.py:545} INFO - Filling up the DagBag from /opt/airflow/dags/tasks/get_movies.py
[2024-07-13T02:22:31.785+0000] {processor.py:842} WARNING - No viable dags retrieved from /opt/airflow/dags/tasks/get_movies.py
[2024-07-13T02:22:31.793+0000] {processor.py:183} INFO - Processing /opt/airflow/dags/tasks/get_movies.py took 0.019 seconds
[2024-07-13T02:23:01.957+0000] {processor.py:161} INFO - Started process (PID=3415) to work on /opt/airflow/dags/tasks/get_movies.py
[2024-07-13T02:23:01.958+0000] {processor.py:830} INFO - Processing file /opt/airflow/dags/tasks/get_movies.py for tasks to queue
[2024-07-13T02:23:01.959+0000] {logging_mixin.py:188} INFO - [2024-07-13T02:23:01.959+0000] {dagbag.py:545} INFO - Filling up the DagBag from /opt/airflow/dags/tasks/get_movies.py
[2024-07-13T02:23:01.965+0000] {processor.py:842} WARNING - No viable dags retrieved from /opt/airflow/dags/tasks/get_movies.py
[2024-07-13T02:23:01.973+0000] {processor.py:183} INFO - Processing /opt/airflow/dags/tasks/get_movies.py took 0.019 seconds
[2024-07-13T02:23:32.127+0000] {processor.py:161} INFO - Started process (PID=3560) to work on /opt/airflow/dags/tasks/get_movies.py
[2024-07-13T02:23:32.128+0000] {processor.py:830} INFO - Processing file /opt/airflow/dags/tasks/get_movies.py for tasks to queue
[2024-07-13T02:23:32.129+0000] {logging_mixin.py:188} INFO - [2024-07-13T02:23:32.129+0000] {dagbag.py:545} INFO - Filling up the DagBag from /opt/airflow/dags/tasks/get_movies.py
[2024-07-13T02:23:32.138+0000] {processor.py:842} WARNING - No viable dags retrieved from /opt/airflow/dags/tasks/get_movies.py
[2024-07-13T02:23:32.146+0000] {processor.py:183} INFO - Processing /opt/airflow/dags/tasks/get_movies.py took 0.023 seconds
[2024-07-13T02:24:02.465+0000] {processor.py:161} INFO - Started process (PID=3679) to work on /opt/airflow/dags/tasks/get_movies.py
[2024-07-13T02:24:02.465+0000] {processor.py:830} INFO - Processing file /opt/airflow/dags/tasks/get_movies.py for tasks to queue
[2024-07-13T02:24:02.466+0000] {logging_mixin.py:188} INFO - [2024-07-13T02:24:02.466+0000] {dagbag.py:545} INFO - Filling up the DagBag from /opt/airflow/dags/tasks/get_movies.py
[2024-07-13T02:24:02.474+0000] {processor.py:842} WARNING - No viable dags retrieved from /opt/airflow/dags/tasks/get_movies.py
[2024-07-13T02:24:02.484+0000] {processor.py:183} INFO - Processing /opt/airflow/dags/tasks/get_movies.py took 0.022 seconds
[2024-07-13T02:24:32.540+0000] {processor.py:161} INFO - Started process (PID=3824) to work on /opt/airflow/dags/tasks/get_movies.py
[2024-07-13T02:24:32.541+0000] {processor.py:830} INFO - Processing file /opt/airflow/dags/tasks/get_movies.py for tasks to queue
[2024-07-13T02:24:32.542+0000] {logging_mixin.py:188} INFO - [2024-07-13T02:24:32.542+0000] {dagbag.py:545} INFO - Filling up the DagBag from /opt/airflow/dags/tasks/get_movies.py
[2024-07-13T02:24:32.550+0000] {processor.py:842} WARNING - No viable dags retrieved from /opt/airflow/dags/tasks/get_movies.py
[2024-07-13T02:24:32.558+0000] {processor.py:183} INFO - Processing /opt/airflow/dags/tasks/get_movies.py took 0.021 seconds
[2024-07-13T02:25:03.316+0000] {processor.py:161} INFO - Started process (PID=3943) to work on /opt/airflow/dags/tasks/get_movies.py
[2024-07-13T02:25:03.317+0000] {processor.py:830} INFO - Processing file /opt/airflow/dags/tasks/get_movies.py for tasks to queue
[2024-07-13T02:25:03.318+0000] {logging_mixin.py:188} INFO - [2024-07-13T02:25:03.318+0000] {dagbag.py:545} INFO - Filling up the DagBag from /opt/airflow/dags/tasks/get_movies.py
[2024-07-13T02:25:03.324+0000] {processor.py:842} WARNING - No viable dags retrieved from /opt/airflow/dags/tasks/get_movies.py
[2024-07-13T02:25:03.332+0000] {processor.py:183} INFO - Processing /opt/airflow/dags/tasks/get_movies.py took 0.019 seconds
[2024-07-13T02:25:34.219+0000] {processor.py:161} INFO - Started process (PID=4088) to work on /opt/airflow/dags/tasks/get_movies.py
[2024-07-13T02:25:34.220+0000] {processor.py:830} INFO - Processing file /opt/airflow/dags/tasks/get_movies.py for tasks to queue
[2024-07-13T02:25:34.221+0000] {logging_mixin.py:188} INFO - [2024-07-13T02:25:34.221+0000] {dagbag.py:545} INFO - Filling up the DagBag from /opt/airflow/dags/tasks/get_movies.py
[2024-07-13T02:25:34.228+0000] {processor.py:842} WARNING - No viable dags retrieved from /opt/airflow/dags/tasks/get_movies.py
[2024-07-13T02:25:34.238+0000] {processor.py:183} INFO - Processing /opt/airflow/dags/tasks/get_movies.py took 0.022 seconds
[2024-07-13T02:26:28.622+0000] {processor.py:161} INFO - Started process (PID=173) to work on /opt/airflow/dags/tasks/get_movies.py
[2024-07-13T02:26:28.623+0000] {processor.py:830} INFO - Processing file /opt/airflow/dags/tasks/get_movies.py for tasks to queue
[2024-07-13T02:26:28.625+0000] {logging_mixin.py:188} INFO - [2024-07-13T02:26:28.625+0000] {dagbag.py:545} INFO - Filling up the DagBag from /opt/airflow/dags/tasks/get_movies.py
[2024-07-13T02:26:28.647+0000] {processor.py:842} WARNING - No viable dags retrieved from /opt/airflow/dags/tasks/get_movies.py
[2024-07-13T02:26:28.659+0000] {processor.py:183} INFO - Processing /opt/airflow/dags/tasks/get_movies.py took 0.041 seconds
[2024-07-13T02:27:00.678+0000] {processor.py:161} INFO - Started process (PID=318) to work on /opt/airflow/dags/tasks/get_movies.py
[2024-07-13T02:27:00.678+0000] {processor.py:830} INFO - Processing file /opt/airflow/dags/tasks/get_movies.py for tasks to queue
[2024-07-13T02:27:00.680+0000] {logging_mixin.py:188} INFO - [2024-07-13T02:27:00.679+0000] {dagbag.py:545} INFO - Filling up the DagBag from /opt/airflow/dags/tasks/get_movies.py
[2024-07-13T02:27:00.688+0000] {processor.py:842} WARNING - No viable dags retrieved from /opt/airflow/dags/tasks/get_movies.py
[2024-07-13T02:27:00.701+0000] {processor.py:183} INFO - Processing /opt/airflow/dags/tasks/get_movies.py took 0.026 seconds
[2024-07-13T02:27:31.809+0000] {processor.py:161} INFO - Started process (PID=456) to work on /opt/airflow/dags/tasks/get_movies.py
[2024-07-13T02:27:31.809+0000] {processor.py:830} INFO - Processing file /opt/airflow/dags/tasks/get_movies.py for tasks to queue
[2024-07-13T02:27:31.810+0000] {logging_mixin.py:188} INFO - [2024-07-13T02:27:31.810+0000] {dagbag.py:545} INFO - Filling up the DagBag from /opt/airflow/dags/tasks/get_movies.py
[2024-07-13T02:27:31.817+0000] {processor.py:842} WARNING - No viable dags retrieved from /opt/airflow/dags/tasks/get_movies.py
[2024-07-13T02:27:31.826+0000] {processor.py:183} INFO - Processing /opt/airflow/dags/tasks/get_movies.py took 0.021 seconds
[2024-07-13T02:28:01.925+0000] {processor.py:161} INFO - Started process (PID=561) to work on /opt/airflow/dags/tasks/get_movies.py
[2024-07-13T02:28:01.926+0000] {processor.py:830} INFO - Processing file /opt/airflow/dags/tasks/get_movies.py for tasks to queue
[2024-07-13T02:28:01.927+0000] {logging_mixin.py:188} INFO - [2024-07-13T02:28:01.927+0000] {dagbag.py:545} INFO - Filling up the DagBag from /opt/airflow/dags/tasks/get_movies.py
[2024-07-13T02:28:01.935+0000] {processor.py:842} WARNING - No viable dags retrieved from /opt/airflow/dags/tasks/get_movies.py
[2024-07-13T02:28:01.945+0000] {processor.py:183} INFO - Processing /opt/airflow/dags/tasks/get_movies.py took 0.024 seconds
[2024-07-13T02:28:32.175+0000] {processor.py:161} INFO - Started process (PID=684) to work on /opt/airflow/dags/tasks/get_movies.py
[2024-07-13T02:28:32.175+0000] {processor.py:830} INFO - Processing file /opt/airflow/dags/tasks/get_movies.py for tasks to queue
[2024-07-13T02:28:32.177+0000] {logging_mixin.py:188} INFO - [2024-07-13T02:28:32.176+0000] {dagbag.py:545} INFO - Filling up the DagBag from /opt/airflow/dags/tasks/get_movies.py
[2024-07-13T02:28:32.184+0000] {processor.py:842} WARNING - No viable dags retrieved from /opt/airflow/dags/tasks/get_movies.py
[2024-07-13T02:28:32.192+0000] {processor.py:183} INFO - Processing /opt/airflow/dags/tasks/get_movies.py took 0.021 seconds
[2024-07-13T02:29:02.544+0000] {processor.py:161} INFO - Started process (PID=827) to work on /opt/airflow/dags/tasks/get_movies.py
[2024-07-13T02:29:02.546+0000] {processor.py:830} INFO - Processing file /opt/airflow/dags/tasks/get_movies.py for tasks to queue
[2024-07-13T02:29:02.547+0000] {logging_mixin.py:188} INFO - [2024-07-13T02:29:02.547+0000] {dagbag.py:545} INFO - Filling up the DagBag from /opt/airflow/dags/tasks/get_movies.py
[2024-07-13T02:29:02.553+0000] {processor.py:842} WARNING - No viable dags retrieved from /opt/airflow/dags/tasks/get_movies.py
[2024-07-13T02:29:02.563+0000] {processor.py:183} INFO - Processing /opt/airflow/dags/tasks/get_movies.py took 0.022 seconds
[2024-07-13T02:29:33.051+0000] {processor.py:161} INFO - Started process (PID=953) to work on /opt/airflow/dags/tasks/get_movies.py
[2024-07-13T02:29:33.051+0000] {processor.py:830} INFO - Processing file /opt/airflow/dags/tasks/get_movies.py for tasks to queue
[2024-07-13T02:29:33.052+0000] {logging_mixin.py:188} INFO - [2024-07-13T02:29:33.052+0000] {dagbag.py:545} INFO - Filling up the DagBag from /opt/airflow/dags/tasks/get_movies.py
[2024-07-13T02:29:33.061+0000] {processor.py:842} WARNING - No viable dags retrieved from /opt/airflow/dags/tasks/get_movies.py
[2024-07-13T02:29:33.070+0000] {processor.py:183} INFO - Processing /opt/airflow/dags/tasks/get_movies.py took 0.022 seconds
[2024-07-13T02:30:03.398+0000] {processor.py:161} INFO - Started process (PID=1091) to work on /opt/airflow/dags/tasks/get_movies.py
[2024-07-13T02:30:03.399+0000] {processor.py:830} INFO - Processing file /opt/airflow/dags/tasks/get_movies.py for tasks to queue
[2024-07-13T02:30:03.399+0000] {logging_mixin.py:188} INFO - [2024-07-13T02:30:03.399+0000] {dagbag.py:545} INFO - Filling up the DagBag from /opt/airflow/dags/tasks/get_movies.py
[2024-07-13T02:30:03.407+0000] {processor.py:842} WARNING - No viable dags retrieved from /opt/airflow/dags/tasks/get_movies.py
[2024-07-13T02:30:03.415+0000] {processor.py:183} INFO - Processing /opt/airflow/dags/tasks/get_movies.py took 0.020 seconds
[2024-07-13T02:30:33.499+0000] {processor.py:161} INFO - Started process (PID=1239) to work on /opt/airflow/dags/tasks/get_movies.py
[2024-07-13T02:30:33.500+0000] {processor.py:830} INFO - Processing file /opt/airflow/dags/tasks/get_movies.py for tasks to queue
[2024-07-13T02:30:33.500+0000] {logging_mixin.py:188} INFO - [2024-07-13T02:30:33.500+0000] {dagbag.py:545} INFO - Filling up the DagBag from /opt/airflow/dags/tasks/get_movies.py
[2024-07-13T02:30:33.506+0000] {processor.py:842} WARNING - No viable dags retrieved from /opt/airflow/dags/tasks/get_movies.py
[2024-07-13T02:30:33.515+0000] {processor.py:183} INFO - Processing /opt/airflow/dags/tasks/get_movies.py took 0.019 seconds
[2024-07-13T02:31:03.568+0000] {processor.py:161} INFO - Started process (PID=1358) to work on /opt/airflow/dags/tasks/get_movies.py
[2024-07-13T02:31:03.569+0000] {processor.py:830} INFO - Processing file /opt/airflow/dags/tasks/get_movies.py for tasks to queue
[2024-07-13T02:31:03.569+0000] {logging_mixin.py:188} INFO - [2024-07-13T02:31:03.569+0000] {dagbag.py:545} INFO - Filling up the DagBag from /opt/airflow/dags/tasks/get_movies.py
[2024-07-13T02:31:03.576+0000] {processor.py:842} WARNING - No viable dags retrieved from /opt/airflow/dags/tasks/get_movies.py
[2024-07-13T02:31:03.585+0000] {processor.py:183} INFO - Processing /opt/airflow/dags/tasks/get_movies.py took 0.020 seconds
[2024-07-13T02:31:33.953+0000] {processor.py:161} INFO - Started process (PID=1502) to work on /opt/airflow/dags/tasks/get_movies.py
[2024-07-13T02:31:33.953+0000] {processor.py:830} INFO - Processing file /opt/airflow/dags/tasks/get_movies.py for tasks to queue
[2024-07-13T02:31:33.954+0000] {logging_mixin.py:188} INFO - [2024-07-13T02:31:33.954+0000] {dagbag.py:545} INFO - Filling up the DagBag from /opt/airflow/dags/tasks/get_movies.py
[2024-07-13T02:31:33.964+0000] {processor.py:842} WARNING - No viable dags retrieved from /opt/airflow/dags/tasks/get_movies.py
[2024-07-13T02:31:33.974+0000] {processor.py:183} INFO - Processing /opt/airflow/dags/tasks/get_movies.py took 0.024 seconds
[2024-07-13T02:32:04.361+0000] {processor.py:161} INFO - Started process (PID=1628) to work on /opt/airflow/dags/tasks/get_movies.py
[2024-07-13T02:32:04.362+0000] {processor.py:830} INFO - Processing file /opt/airflow/dags/tasks/get_movies.py for tasks to queue
[2024-07-13T02:32:04.362+0000] {logging_mixin.py:188} INFO - [2024-07-13T02:32:04.362+0000] {dagbag.py:545} INFO - Filling up the DagBag from /opt/airflow/dags/tasks/get_movies.py
[2024-07-13T02:32:04.370+0000] {processor.py:842} WARNING - No viable dags retrieved from /opt/airflow/dags/tasks/get_movies.py
[2024-07-13T02:32:04.379+0000] {processor.py:183} INFO - Processing /opt/airflow/dags/tasks/get_movies.py took 0.021 seconds
[2024-07-13T02:32:35.001+0000] {processor.py:161} INFO - Started process (PID=1766) to work on /opt/airflow/dags/tasks/get_movies.py
[2024-07-13T02:32:35.002+0000] {processor.py:830} INFO - Processing file /opt/airflow/dags/tasks/get_movies.py for tasks to queue
[2024-07-13T02:32:35.002+0000] {logging_mixin.py:188} INFO - [2024-07-13T02:32:35.002+0000] {dagbag.py:545} INFO - Filling up the DagBag from /opt/airflow/dags/tasks/get_movies.py
[2024-07-13T02:32:35.008+0000] {processor.py:842} WARNING - No viable dags retrieved from /opt/airflow/dags/tasks/get_movies.py
[2024-07-13T02:32:35.017+0000] {processor.py:183} INFO - Processing /opt/airflow/dags/tasks/get_movies.py took 0.019 seconds
[2024-07-13T02:33:05.308+0000] {processor.py:161} INFO - Started process (PID=1954) to work on /opt/airflow/dags/tasks/get_movies.py
[2024-07-13T02:33:05.309+0000] {processor.py:830} INFO - Processing file /opt/airflow/dags/tasks/get_movies.py for tasks to queue
[2024-07-13T02:33:05.309+0000] {logging_mixin.py:188} INFO - [2024-07-13T02:33:05.309+0000] {dagbag.py:545} INFO - Filling up the DagBag from /opt/airflow/dags/tasks/get_movies.py
[2024-07-13T02:33:05.316+0000] {processor.py:842} WARNING - No viable dags retrieved from /opt/airflow/dags/tasks/get_movies.py
[2024-07-13T02:33:05.326+0000] {processor.py:183} INFO - Processing /opt/airflow/dags/tasks/get_movies.py took 0.022 seconds
[2024-07-13T02:33:35.713+0000] {processor.py:161} INFO - Started process (PID=2073) to work on /opt/airflow/dags/tasks/get_movies.py
[2024-07-13T02:33:35.714+0000] {processor.py:830} INFO - Processing file /opt/airflow/dags/tasks/get_movies.py for tasks to queue
[2024-07-13T02:33:35.715+0000] {logging_mixin.py:188} INFO - [2024-07-13T02:33:35.714+0000] {dagbag.py:545} INFO - Filling up the DagBag from /opt/airflow/dags/tasks/get_movies.py
[2024-07-13T02:33:35.722+0000] {processor.py:842} WARNING - No viable dags retrieved from /opt/airflow/dags/tasks/get_movies.py
[2024-07-13T02:33:35.730+0000] {processor.py:183} INFO - Processing /opt/airflow/dags/tasks/get_movies.py took 0.021 seconds
[2024-07-13T02:34:05.943+0000] {processor.py:161} INFO - Started process (PID=2218) to work on /opt/airflow/dags/tasks/get_movies.py
[2024-07-13T02:34:05.944+0000] {processor.py:830} INFO - Processing file /opt/airflow/dags/tasks/get_movies.py for tasks to queue
[2024-07-13T02:34:05.944+0000] {logging_mixin.py:188} INFO - [2024-07-13T02:34:05.944+0000] {dagbag.py:545} INFO - Filling up the DagBag from /opt/airflow/dags/tasks/get_movies.py
[2024-07-13T02:34:05.950+0000] {processor.py:842} WARNING - No viable dags retrieved from /opt/airflow/dags/tasks/get_movies.py
[2024-07-13T02:34:05.959+0000] {processor.py:183} INFO - Processing /opt/airflow/dags/tasks/get_movies.py took 0.019 seconds
[2024-07-13T02:34:36.015+0000] {processor.py:161} INFO - Started process (PID=2337) to work on /opt/airflow/dags/tasks/get_movies.py
[2024-07-13T02:34:36.015+0000] {processor.py:830} INFO - Processing file /opt/airflow/dags/tasks/get_movies.py for tasks to queue
[2024-07-13T02:34:36.016+0000] {logging_mixin.py:188} INFO - [2024-07-13T02:34:36.016+0000] {dagbag.py:545} INFO - Filling up the DagBag from /opt/airflow/dags/tasks/get_movies.py
[2024-07-13T02:34:36.022+0000] {processor.py:842} WARNING - No viable dags retrieved from /opt/airflow/dags/tasks/get_movies.py
[2024-07-13T02:34:36.030+0000] {processor.py:183} INFO - Processing /opt/airflow/dags/tasks/get_movies.py took 0.019 seconds
[2024-07-13T02:35:06.074+0000] {processor.py:161} INFO - Started process (PID=2482) to work on /opt/airflow/dags/tasks/get_movies.py
[2024-07-13T02:35:06.075+0000] {processor.py:830} INFO - Processing file /opt/airflow/dags/tasks/get_movies.py for tasks to queue
[2024-07-13T02:35:06.075+0000] {logging_mixin.py:188} INFO - [2024-07-13T02:35:06.075+0000] {dagbag.py:545} INFO - Filling up the DagBag from /opt/airflow/dags/tasks/get_movies.py
[2024-07-13T02:35:06.082+0000] {processor.py:842} WARNING - No viable dags retrieved from /opt/airflow/dags/tasks/get_movies.py
[2024-07-13T02:35:06.091+0000] {processor.py:183} INFO - Processing /opt/airflow/dags/tasks/get_movies.py took 0.020 seconds
[2024-07-13T02:35:36.366+0000] {processor.py:161} INFO - Started process (PID=2628) to work on /opt/airflow/dags/tasks/get_movies.py
[2024-07-13T02:35:36.367+0000] {processor.py:830} INFO - Processing file /opt/airflow/dags/tasks/get_movies.py for tasks to queue
[2024-07-13T02:35:36.368+0000] {logging_mixin.py:188} INFO - [2024-07-13T02:35:36.368+0000] {dagbag.py:545} INFO - Filling up the DagBag from /opt/airflow/dags/tasks/get_movies.py
[2024-07-13T02:35:36.377+0000] {processor.py:842} WARNING - No viable dags retrieved from /opt/airflow/dags/tasks/get_movies.py
[2024-07-13T02:35:36.385+0000] {processor.py:183} INFO - Processing /opt/airflow/dags/tasks/get_movies.py took 0.023 seconds
[2024-07-13T02:36:07.339+0000] {processor.py:161} INFO - Started process (PID=2747) to work on /opt/airflow/dags/tasks/get_movies.py
[2024-07-13T02:36:07.339+0000] {processor.py:830} INFO - Processing file /opt/airflow/dags/tasks/get_movies.py for tasks to queue
[2024-07-13T02:36:07.340+0000] {logging_mixin.py:188} INFO - [2024-07-13T02:36:07.340+0000] {dagbag.py:545} INFO - Filling up the DagBag from /opt/airflow/dags/tasks/get_movies.py
[2024-07-13T02:36:07.348+0000] {processor.py:842} WARNING - No viable dags retrieved from /opt/airflow/dags/tasks/get_movies.py
[2024-07-13T02:36:07.357+0000] {processor.py:183} INFO - Processing /opt/airflow/dags/tasks/get_movies.py took 0.022 seconds
[2024-07-13T02:36:37.640+0000] {processor.py:161} INFO - Started process (PID=2892) to work on /opt/airflow/dags/tasks/get_movies.py
[2024-07-13T02:36:37.640+0000] {processor.py:830} INFO - Processing file /opt/airflow/dags/tasks/get_movies.py for tasks to queue
[2024-07-13T02:36:37.641+0000] {logging_mixin.py:188} INFO - [2024-07-13T02:36:37.641+0000] {dagbag.py:545} INFO - Filling up the DagBag from /opt/airflow/dags/tasks/get_movies.py
[2024-07-13T02:36:37.647+0000] {processor.py:842} WARNING - No viable dags retrieved from /opt/airflow/dags/tasks/get_movies.py
[2024-07-13T02:36:37.655+0000] {processor.py:183} INFO - Processing /opt/airflow/dags/tasks/get_movies.py took 0.019 seconds
[2024-07-13T02:37:08.162+0000] {processor.py:161} INFO - Started process (PID=2999) to work on /opt/airflow/dags/tasks/get_movies.py
[2024-07-13T02:37:08.162+0000] {processor.py:830} INFO - Processing file /opt/airflow/dags/tasks/get_movies.py for tasks to queue
[2024-07-13T02:37:08.163+0000] {logging_mixin.py:188} INFO - [2024-07-13T02:37:08.163+0000] {dagbag.py:545} INFO - Filling up the DagBag from /opt/airflow/dags/tasks/get_movies.py
[2024-07-13T02:37:08.173+0000] {processor.py:842} WARNING - No viable dags retrieved from /opt/airflow/dags/tasks/get_movies.py
[2024-07-13T02:37:08.182+0000] {processor.py:183} INFO - Processing /opt/airflow/dags/tasks/get_movies.py took 0.024 seconds
[2024-07-13T02:37:38.228+0000] {processor.py:161} INFO - Started process (PID=3135) to work on /opt/airflow/dags/tasks/get_movies.py
[2024-07-13T02:37:38.229+0000] {processor.py:830} INFO - Processing file /opt/airflow/dags/tasks/get_movies.py for tasks to queue
[2024-07-13T02:37:38.229+0000] {logging_mixin.py:188} INFO - [2024-07-13T02:37:38.229+0000] {dagbag.py:545} INFO - Filling up the DagBag from /opt/airflow/dags/tasks/get_movies.py
[2024-07-13T02:37:38.236+0000] {processor.py:842} WARNING - No viable dags retrieved from /opt/airflow/dags/tasks/get_movies.py
[2024-07-13T02:37:38.245+0000] {processor.py:183} INFO - Processing /opt/airflow/dags/tasks/get_movies.py took 0.020 seconds
[2024-07-13T02:38:08.758+0000] {processor.py:161} INFO - Started process (PID=3301) to work on /opt/airflow/dags/tasks/get_movies.py
[2024-07-13T02:38:08.758+0000] {processor.py:830} INFO - Processing file /opt/airflow/dags/tasks/get_movies.py for tasks to queue
[2024-07-13T02:38:08.759+0000] {logging_mixin.py:188} INFO - [2024-07-13T02:38:08.759+0000] {dagbag.py:545} INFO - Filling up the DagBag from /opt/airflow/dags/tasks/get_movies.py
[2024-07-13T02:38:08.766+0000] {processor.py:842} WARNING - No viable dags retrieved from /opt/airflow/dags/tasks/get_movies.py
[2024-07-13T02:38:08.775+0000] {processor.py:183} INFO - Processing /opt/airflow/dags/tasks/get_movies.py took 0.021 seconds
[2024-07-13T02:38:39.136+0000] {processor.py:161} INFO - Started process (PID=3420) to work on /opt/airflow/dags/tasks/get_movies.py
[2024-07-13T02:38:39.138+0000] {processor.py:830} INFO - Processing file /opt/airflow/dags/tasks/get_movies.py for tasks to queue
[2024-07-13T02:38:39.138+0000] {logging_mixin.py:188} INFO - [2024-07-13T02:38:39.138+0000] {dagbag.py:545} INFO - Filling up the DagBag from /opt/airflow/dags/tasks/get_movies.py
[2024-07-13T02:38:39.145+0000] {processor.py:842} WARNING - No viable dags retrieved from /opt/airflow/dags/tasks/get_movies.py
[2024-07-13T02:38:39.153+0000] {processor.py:183} INFO - Processing /opt/airflow/dags/tasks/get_movies.py took 0.021 seconds
[2024-07-13T02:39:09.649+0000] {processor.py:161} INFO - Started process (PID=3565) to work on /opt/airflow/dags/tasks/get_movies.py
[2024-07-13T02:39:09.650+0000] {processor.py:830} INFO - Processing file /opt/airflow/dags/tasks/get_movies.py for tasks to queue
[2024-07-13T02:39:09.650+0000] {logging_mixin.py:188} INFO - [2024-07-13T02:39:09.650+0000] {dagbag.py:545} INFO - Filling up the DagBag from /opt/airflow/dags/tasks/get_movies.py
[2024-07-13T02:39:09.658+0000] {processor.py:842} WARNING - No viable dags retrieved from /opt/airflow/dags/tasks/get_movies.py
[2024-07-13T02:39:09.668+0000] {processor.py:183} INFO - Processing /opt/airflow/dags/tasks/get_movies.py took 0.022 seconds
[2024-07-13T02:39:40.606+0000] {processor.py:161} INFO - Started process (PID=3711) to work on /opt/airflow/dags/tasks/get_movies.py
[2024-07-13T02:39:40.606+0000] {processor.py:830} INFO - Processing file /opt/airflow/dags/tasks/get_movies.py for tasks to queue
[2024-07-13T02:39:40.607+0000] {logging_mixin.py:188} INFO - [2024-07-13T02:39:40.607+0000] {dagbag.py:545} INFO - Filling up the DagBag from /opt/airflow/dags/tasks/get_movies.py
[2024-07-13T02:39:40.614+0000] {processor.py:842} WARNING - No viable dags retrieved from /opt/airflow/dags/tasks/get_movies.py
[2024-07-13T02:39:40.623+0000] {processor.py:183} INFO - Processing /opt/airflow/dags/tasks/get_movies.py took 0.021 seconds
[2024-07-13T02:40:11.564+0000] {processor.py:161} INFO - Started process (PID=3834) to work on /opt/airflow/dags/tasks/get_movies.py
[2024-07-13T02:40:11.565+0000] {processor.py:830} INFO - Processing file /opt/airflow/dags/tasks/get_movies.py for tasks to queue
[2024-07-13T02:40:11.567+0000] {logging_mixin.py:188} INFO - [2024-07-13T02:40:11.566+0000] {dagbag.py:545} INFO - Filling up the DagBag from /opt/airflow/dags/tasks/get_movies.py
[2024-07-13T02:40:11.573+0000] {processor.py:842} WARNING - No viable dags retrieved from /opt/airflow/dags/tasks/get_movies.py
[2024-07-13T02:40:11.581+0000] {processor.py:183} INFO - Processing /opt/airflow/dags/tasks/get_movies.py took 0.020 seconds
[2024-07-13T02:40:41.639+0000] {processor.py:161} INFO - Started process (PID=3979) to work on /opt/airflow/dags/tasks/get_movies.py
[2024-07-13T02:40:41.640+0000] {processor.py:830} INFO - Processing file /opt/airflow/dags/tasks/get_movies.py for tasks to queue
[2024-07-13T02:40:41.640+0000] {logging_mixin.py:188} INFO - [2024-07-13T02:40:41.640+0000] {dagbag.py:545} INFO - Filling up the DagBag from /opt/airflow/dags/tasks/get_movies.py
[2024-07-13T02:40:41.647+0000] {processor.py:842} WARNING - No viable dags retrieved from /opt/airflow/dags/tasks/get_movies.py
[2024-07-13T02:40:41.655+0000] {processor.py:183} INFO - Processing /opt/airflow/dags/tasks/get_movies.py took 0.019 seconds
[2024-07-13T02:41:11.799+0000] {processor.py:161} INFO - Started process (PID=4098) to work on /opt/airflow/dags/tasks/get_movies.py
[2024-07-13T02:41:11.799+0000] {processor.py:830} INFO - Processing file /opt/airflow/dags/tasks/get_movies.py for tasks to queue
[2024-07-13T02:41:11.800+0000] {logging_mixin.py:188} INFO - [2024-07-13T02:41:11.800+0000] {dagbag.py:545} INFO - Filling up the DagBag from /opt/airflow/dags/tasks/get_movies.py
[2024-07-13T02:41:11.806+0000] {processor.py:842} WARNING - No viable dags retrieved from /opt/airflow/dags/tasks/get_movies.py
[2024-07-13T02:41:11.815+0000] {processor.py:183} INFO - Processing /opt/airflow/dags/tasks/get_movies.py took 0.020 seconds
[2024-07-13T02:41:42.393+0000] {processor.py:161} INFO - Started process (PID=4264) to work on /opt/airflow/dags/tasks/get_movies.py
[2024-07-13T02:41:42.394+0000] {processor.py:830} INFO - Processing file /opt/airflow/dags/tasks/get_movies.py for tasks to queue
[2024-07-13T02:41:42.394+0000] {logging_mixin.py:188} INFO - [2024-07-13T02:41:42.394+0000] {dagbag.py:545} INFO - Filling up the DagBag from /opt/airflow/dags/tasks/get_movies.py
[2024-07-13T02:41:42.401+0000] {processor.py:842} WARNING - No viable dags retrieved from /opt/airflow/dags/tasks/get_movies.py
[2024-07-13T02:41:42.410+0000] {processor.py:183} INFO - Processing /opt/airflow/dags/tasks/get_movies.py took 0.021 seconds
[2024-07-13T02:42:12.542+0000] {processor.py:161} INFO - Started process (PID=4414) to work on /opt/airflow/dags/tasks/get_movies.py
[2024-07-13T02:42:12.543+0000] {processor.py:830} INFO - Processing file /opt/airflow/dags/tasks/get_movies.py for tasks to queue
[2024-07-13T02:42:12.544+0000] {logging_mixin.py:188} INFO - [2024-07-13T02:42:12.543+0000] {dagbag.py:545} INFO - Filling up the DagBag from /opt/airflow/dags/tasks/get_movies.py
[2024-07-13T02:42:12.552+0000] {processor.py:842} WARNING - No viable dags retrieved from /opt/airflow/dags/tasks/get_movies.py
[2024-07-13T02:42:12.563+0000] {processor.py:183} INFO - Processing /opt/airflow/dags/tasks/get_movies.py took 0.025 seconds
[2024-07-13T02:42:42.991+0000] {processor.py:161} INFO - Started process (PID=4543) to work on /opt/airflow/dags/tasks/get_movies.py
[2024-07-13T02:42:42.992+0000] {processor.py:830} INFO - Processing file /opt/airflow/dags/tasks/get_movies.py for tasks to queue
[2024-07-13T02:42:42.993+0000] {logging_mixin.py:188} INFO - [2024-07-13T02:42:42.992+0000] {dagbag.py:545} INFO - Filling up the DagBag from /opt/airflow/dags/tasks/get_movies.py
[2024-07-13T02:42:42.999+0000] {processor.py:842} WARNING - No viable dags retrieved from /opt/airflow/dags/tasks/get_movies.py
[2024-07-13T02:42:43.008+0000] {processor.py:183} INFO - Processing /opt/airflow/dags/tasks/get_movies.py took 0.020 seconds
[2024-07-13T02:43:13.163+0000] {processor.py:161} INFO - Started process (PID=4688) to work on /opt/airflow/dags/tasks/get_movies.py
[2024-07-13T02:43:13.164+0000] {processor.py:830} INFO - Processing file /opt/airflow/dags/tasks/get_movies.py for tasks to queue
[2024-07-13T02:43:13.164+0000] {logging_mixin.py:188} INFO - [2024-07-13T02:43:13.164+0000] {dagbag.py:545} INFO - Filling up the DagBag from /opt/airflow/dags/tasks/get_movies.py
[2024-07-13T02:43:13.175+0000] {processor.py:842} WARNING - No viable dags retrieved from /opt/airflow/dags/tasks/get_movies.py
[2024-07-13T02:43:13.184+0000] {processor.py:183} INFO - Processing /opt/airflow/dags/tasks/get_movies.py took 0.024 seconds
[2024-07-13T02:43:43.592+0000] {processor.py:161} INFO - Started process (PID=4807) to work on /opt/airflow/dags/tasks/get_movies.py
[2024-07-13T02:43:43.592+0000] {processor.py:830} INFO - Processing file /opt/airflow/dags/tasks/get_movies.py for tasks to queue
[2024-07-13T02:43:43.593+0000] {logging_mixin.py:188} INFO - [2024-07-13T02:43:43.593+0000] {dagbag.py:545} INFO - Filling up the DagBag from /opt/airflow/dags/tasks/get_movies.py
[2024-07-13T02:43:43.599+0000] {processor.py:842} WARNING - No viable dags retrieved from /opt/airflow/dags/tasks/get_movies.py
[2024-07-13T02:43:43.608+0000] {processor.py:183} INFO - Processing /opt/airflow/dags/tasks/get_movies.py took 0.020 seconds
[2024-07-13T02:44:13.649+0000] {processor.py:161} INFO - Started process (PID=4956) to work on /opt/airflow/dags/tasks/get_movies.py
[2024-07-13T02:44:13.650+0000] {processor.py:830} INFO - Processing file /opt/airflow/dags/tasks/get_movies.py for tasks to queue
[2024-07-13T02:44:13.650+0000] {logging_mixin.py:188} INFO - [2024-07-13T02:44:13.650+0000] {dagbag.py:545} INFO - Filling up the DagBag from /opt/airflow/dags/tasks/get_movies.py
[2024-07-13T02:44:13.658+0000] {processor.py:842} WARNING - No viable dags retrieved from /opt/airflow/dags/tasks/get_movies.py
[2024-07-13T02:44:13.666+0000] {processor.py:183} INFO - Processing /opt/airflow/dags/tasks/get_movies.py took 0.021 seconds
[2024-07-13T02:44:44.654+0000] {processor.py:161} INFO - Started process (PID=5101) to work on /opt/airflow/dags/tasks/get_movies.py
[2024-07-13T02:44:44.655+0000] {processor.py:830} INFO - Processing file /opt/airflow/dags/tasks/get_movies.py for tasks to queue
[2024-07-13T02:44:44.655+0000] {logging_mixin.py:188} INFO - [2024-07-13T02:44:44.655+0000] {dagbag.py:545} INFO - Filling up the DagBag from /opt/airflow/dags/tasks/get_movies.py
[2024-07-13T02:44:44.663+0000] {processor.py:842} WARNING - No viable dags retrieved from /opt/airflow/dags/tasks/get_movies.py
[2024-07-13T02:44:44.671+0000] {processor.py:183} INFO - Processing /opt/airflow/dags/tasks/get_movies.py took 0.020 seconds
[2024-07-13T02:45:15.594+0000] {processor.py:161} INFO - Started process (PID=5220) to work on /opt/airflow/dags/tasks/get_movies.py
[2024-07-13T02:45:15.595+0000] {processor.py:830} INFO - Processing file /opt/airflow/dags/tasks/get_movies.py for tasks to queue
[2024-07-13T02:45:15.595+0000] {logging_mixin.py:188} INFO - [2024-07-13T02:45:15.595+0000] {dagbag.py:545} INFO - Filling up the DagBag from /opt/airflow/dags/tasks/get_movies.py
[2024-07-13T02:45:15.602+0000] {processor.py:842} WARNING - No viable dags retrieved from /opt/airflow/dags/tasks/get_movies.py
[2024-07-13T02:45:15.611+0000] {processor.py:183} INFO - Processing /opt/airflow/dags/tasks/get_movies.py took 0.020 seconds
[2024-07-13T02:45:45.679+0000] {processor.py:161} INFO - Started process (PID=5365) to work on /opt/airflow/dags/tasks/get_movies.py
[2024-07-13T02:45:45.680+0000] {processor.py:830} INFO - Processing file /opt/airflow/dags/tasks/get_movies.py for tasks to queue
[2024-07-13T02:45:45.680+0000] {logging_mixin.py:188} INFO - [2024-07-13T02:45:45.680+0000] {dagbag.py:545} INFO - Filling up the DagBag from /opt/airflow/dags/tasks/get_movies.py
[2024-07-13T02:45:45.687+0000] {processor.py:842} WARNING - No viable dags retrieved from /opt/airflow/dags/tasks/get_movies.py
[2024-07-13T02:45:45.695+0000] {processor.py:183} INFO - Processing /opt/airflow/dags/tasks/get_movies.py took 0.020 seconds
[2024-07-13T02:46:15.785+0000] {processor.py:161} INFO - Started process (PID=5493) to work on /opt/airflow/dags/tasks/get_movies.py
[2024-07-13T02:46:15.786+0000] {processor.py:830} INFO - Processing file /opt/airflow/dags/tasks/get_movies.py for tasks to queue
[2024-07-13T02:46:15.786+0000] {logging_mixin.py:188} INFO - [2024-07-13T02:46:15.786+0000] {dagbag.py:545} INFO - Filling up the DagBag from /opt/airflow/dags/tasks/get_movies.py
[2024-07-13T02:46:15.793+0000] {processor.py:842} WARNING - No viable dags retrieved from /opt/airflow/dags/tasks/get_movies.py
[2024-07-13T02:46:15.802+0000] {processor.py:183} INFO - Processing /opt/airflow/dags/tasks/get_movies.py took 0.020 seconds
[2024-07-13T02:46:46.441+0000] {processor.py:161} INFO - Started process (PID=5638) to work on /opt/airflow/dags/tasks/get_movies.py
[2024-07-13T02:46:46.441+0000] {processor.py:830} INFO - Processing file /opt/airflow/dags/tasks/get_movies.py for tasks to queue
[2024-07-13T02:46:46.442+0000] {logging_mixin.py:188} INFO - [2024-07-13T02:46:46.442+0000] {dagbag.py:545} INFO - Filling up the DagBag from /opt/airflow/dags/tasks/get_movies.py
[2024-07-13T02:46:46.450+0000] {processor.py:842} WARNING - No viable dags retrieved from /opt/airflow/dags/tasks/get_movies.py
[2024-07-13T02:46:46.459+0000] {processor.py:183} INFO - Processing /opt/airflow/dags/tasks/get_movies.py took 0.025 seconds
[2024-07-13T02:47:16.544+0000] {processor.py:161} INFO - Started process (PID=5783) to work on /opt/airflow/dags/tasks/get_movies.py
[2024-07-13T02:47:16.545+0000] {processor.py:830} INFO - Processing file /opt/airflow/dags/tasks/get_movies.py for tasks to queue
[2024-07-13T02:47:16.546+0000] {logging_mixin.py:188} INFO - [2024-07-13T02:47:16.545+0000] {dagbag.py:545} INFO - Filling up the DagBag from /opt/airflow/dags/tasks/get_movies.py
[2024-07-13T02:47:16.554+0000] {processor.py:842} WARNING - No viable dags retrieved from /opt/airflow/dags/tasks/get_movies.py
[2024-07-13T02:47:16.562+0000] {processor.py:183} INFO - Processing /opt/airflow/dags/tasks/get_movies.py took 0.022 seconds
[2024-07-13T02:47:46.931+0000] {processor.py:161} INFO - Started process (PID=5902) to work on /opt/airflow/dags/tasks/get_movies.py
[2024-07-13T02:47:46.932+0000] {processor.py:830} INFO - Processing file /opt/airflow/dags/tasks/get_movies.py for tasks to queue
[2024-07-13T02:47:46.932+0000] {logging_mixin.py:188} INFO - [2024-07-13T02:47:46.932+0000] {dagbag.py:545} INFO - Filling up the DagBag from /opt/airflow/dags/tasks/get_movies.py
[2024-07-13T02:47:46.953+0000] {processor.py:842} WARNING - No viable dags retrieved from /opt/airflow/dags/tasks/get_movies.py
[2024-07-13T02:47:46.962+0000] {processor.py:183} INFO - Processing /opt/airflow/dags/tasks/get_movies.py took 0.034 seconds
[2024-07-13T02:48:17.944+0000] {processor.py:161} INFO - Started process (PID=6051) to work on /opt/airflow/dags/tasks/get_movies.py
[2024-07-13T02:48:17.945+0000] {processor.py:830} INFO - Processing file /opt/airflow/dags/tasks/get_movies.py for tasks to queue
[2024-07-13T02:48:17.945+0000] {logging_mixin.py:188} INFO - [2024-07-13T02:48:17.945+0000] {dagbag.py:545} INFO - Filling up the DagBag from /opt/airflow/dags/tasks/get_movies.py
[2024-07-13T02:48:17.956+0000] {processor.py:842} WARNING - No viable dags retrieved from /opt/airflow/dags/tasks/get_movies.py
[2024-07-13T02:48:17.964+0000] {processor.py:183} INFO - Processing /opt/airflow/dags/tasks/get_movies.py took 0.024 seconds
[2024-07-13T02:48:48.872+0000] {processor.py:161} INFO - Started process (PID=6178) to work on /opt/airflow/dags/tasks/get_movies.py
[2024-07-13T02:48:48.872+0000] {processor.py:830} INFO - Processing file /opt/airflow/dags/tasks/get_movies.py for tasks to queue
[2024-07-13T02:48:48.873+0000] {logging_mixin.py:188} INFO - [2024-07-13T02:48:48.873+0000] {dagbag.py:545} INFO - Filling up the DagBag from /opt/airflow/dags/tasks/get_movies.py
[2024-07-13T02:48:48.881+0000] {processor.py:842} WARNING - No viable dags retrieved from /opt/airflow/dags/tasks/get_movies.py
[2024-07-13T02:48:48.889+0000] {processor.py:183} INFO - Processing /opt/airflow/dags/tasks/get_movies.py took 0.021 seconds
[2024-07-13T02:49:18.978+0000] {processor.py:161} INFO - Started process (PID=6337) to work on /opt/airflow/dags/tasks/get_movies.py
[2024-07-13T02:49:18.979+0000] {processor.py:830} INFO - Processing file /opt/airflow/dags/tasks/get_movies.py for tasks to queue
[2024-07-13T02:49:18.980+0000] {logging_mixin.py:188} INFO - [2024-07-13T02:49:18.979+0000] {dagbag.py:545} INFO - Filling up the DagBag from /opt/airflow/dags/tasks/get_movies.py
[2024-07-13T02:49:18.990+0000] {processor.py:842} WARNING - No viable dags retrieved from /opt/airflow/dags/tasks/get_movies.py
[2024-07-13T02:49:19.003+0000] {processor.py:183} INFO - Processing /opt/airflow/dags/tasks/get_movies.py took 0.028 seconds
[2024-07-13T02:49:49.286+0000] {processor.py:161} INFO - Started process (PID=6484) to work on /opt/airflow/dags/tasks/get_movies.py
[2024-07-13T02:49:49.286+0000] {processor.py:830} INFO - Processing file /opt/airflow/dags/tasks/get_movies.py for tasks to queue
[2024-07-13T02:49:49.287+0000] {logging_mixin.py:188} INFO - [2024-07-13T02:49:49.287+0000] {dagbag.py:545} INFO - Filling up the DagBag from /opt/airflow/dags/tasks/get_movies.py
[2024-07-13T02:49:49.293+0000] {processor.py:842} WARNING - No viable dags retrieved from /opt/airflow/dags/tasks/get_movies.py
[2024-07-13T02:49:49.302+0000] {processor.py:183} INFO - Processing /opt/airflow/dags/tasks/get_movies.py took 0.019 seconds
[2024-07-13T02:50:19.559+0000] {processor.py:161} INFO - Started process (PID=6617) to work on /opt/airflow/dags/tasks/get_movies.py
[2024-07-13T02:50:19.560+0000] {processor.py:830} INFO - Processing file /opt/airflow/dags/tasks/get_movies.py for tasks to queue
[2024-07-13T02:50:19.561+0000] {logging_mixin.py:188} INFO - [2024-07-13T02:50:19.560+0000] {dagbag.py:545} INFO - Filling up the DagBag from /opt/airflow/dags/tasks/get_movies.py
[2024-07-13T02:50:19.568+0000] {processor.py:842} WARNING - No viable dags retrieved from /opt/airflow/dags/tasks/get_movies.py
[2024-07-13T02:50:19.576+0000] {processor.py:183} INFO - Processing /opt/airflow/dags/tasks/get_movies.py took 0.020 seconds
[2024-07-13T02:50:50.347+0000] {processor.py:161} INFO - Started process (PID=6783) to work on /opt/airflow/dags/tasks/get_movies.py
[2024-07-13T02:50:50.349+0000] {processor.py:830} INFO - Processing file /opt/airflow/dags/tasks/get_movies.py for tasks to queue
[2024-07-13T02:50:50.357+0000] {logging_mixin.py:188} INFO - [2024-07-13T02:50:50.357+0000] {dagbag.py:545} INFO - Filling up the DagBag from /opt/airflow/dags/tasks/get_movies.py
[2024-07-13T02:50:50.367+0000] {processor.py:842} WARNING - No viable dags retrieved from /opt/airflow/dags/tasks/get_movies.py
[2024-07-13T02:50:50.375+0000] {processor.py:183} INFO - Processing /opt/airflow/dags/tasks/get_movies.py took 0.032 seconds
[2024-07-13T02:51:21.154+0000] {processor.py:161} INFO - Started process (PID=6904) to work on /opt/airflow/dags/tasks/get_movies.py
[2024-07-13T02:51:21.154+0000] {processor.py:830} INFO - Processing file /opt/airflow/dags/tasks/get_movies.py for tasks to queue
[2024-07-13T02:51:21.155+0000] {logging_mixin.py:188} INFO - [2024-07-13T02:51:21.155+0000] {dagbag.py:545} INFO - Filling up the DagBag from /opt/airflow/dags/tasks/get_movies.py
[2024-07-13T02:51:21.163+0000] {processor.py:842} WARNING - No viable dags retrieved from /opt/airflow/dags/tasks/get_movies.py
[2024-07-13T02:51:21.172+0000] {processor.py:183} INFO - Processing /opt/airflow/dags/tasks/get_movies.py took 0.022 seconds
[2024-07-13T02:51:51.446+0000] {processor.py:161} INFO - Started process (PID=7047) to work on /opt/airflow/dags/tasks/get_movies.py
[2024-07-13T02:51:51.446+0000] {processor.py:830} INFO - Processing file /opt/airflow/dags/tasks/get_movies.py for tasks to queue
[2024-07-13T02:51:51.447+0000] {logging_mixin.py:188} INFO - [2024-07-13T02:51:51.447+0000] {dagbag.py:545} INFO - Filling up the DagBag from /opt/airflow/dags/tasks/get_movies.py
[2024-07-13T02:51:51.455+0000] {processor.py:842} WARNING - No viable dags retrieved from /opt/airflow/dags/tasks/get_movies.py
[2024-07-13T02:51:51.464+0000] {processor.py:183} INFO - Processing /opt/airflow/dags/tasks/get_movies.py took 0.022 seconds
[2024-07-13T02:52:21.761+0000] {processor.py:161} INFO - Started process (PID=7177) to work on /opt/airflow/dags/tasks/get_movies.py
[2024-07-13T02:52:21.761+0000] {processor.py:830} INFO - Processing file /opt/airflow/dags/tasks/get_movies.py for tasks to queue
[2024-07-13T02:52:21.762+0000] {logging_mixin.py:188} INFO - [2024-07-13T02:52:21.762+0000] {dagbag.py:545} INFO - Filling up the DagBag from /opt/airflow/dags/tasks/get_movies.py
[2024-07-13T02:52:21.770+0000] {processor.py:842} WARNING - No viable dags retrieved from /opt/airflow/dags/tasks/get_movies.py
[2024-07-13T02:52:21.779+0000] {processor.py:183} INFO - Processing /opt/airflow/dags/tasks/get_movies.py took 0.022 seconds
[2024-07-13T02:52:52.213+0000] {processor.py:161} INFO - Started process (PID=7293) to work on /opt/airflow/dags/tasks/get_movies.py
[2024-07-13T02:52:52.214+0000] {processor.py:830} INFO - Processing file /opt/airflow/dags/tasks/get_movies.py for tasks to queue
[2024-07-13T02:52:52.214+0000] {logging_mixin.py:188} INFO - [2024-07-13T02:52:52.214+0000] {dagbag.py:545} INFO - Filling up the DagBag from /opt/airflow/dags/tasks/get_movies.py
[2024-07-13T02:52:52.223+0000] {processor.py:842} WARNING - No viable dags retrieved from /opt/airflow/dags/tasks/get_movies.py
[2024-07-13T02:52:52.231+0000] {processor.py:183} INFO - Processing /opt/airflow/dags/tasks/get_movies.py took 0.023 seconds
[2024-07-13T02:53:22.268+0000] {processor.py:161} INFO - Started process (PID=7438) to work on /opt/airflow/dags/tasks/get_movies.py
[2024-07-13T02:53:22.269+0000] {processor.py:830} INFO - Processing file /opt/airflow/dags/tasks/get_movies.py for tasks to queue
[2024-07-13T02:53:22.269+0000] {logging_mixin.py:188} INFO - [2024-07-13T02:53:22.269+0000] {dagbag.py:545} INFO - Filling up the DagBag from /opt/airflow/dags/tasks/get_movies.py
[2024-07-13T02:53:22.279+0000] {processor.py:842} WARNING - No viable dags retrieved from /opt/airflow/dags/tasks/get_movies.py
[2024-07-13T02:53:22.288+0000] {processor.py:183} INFO - Processing /opt/airflow/dags/tasks/get_movies.py took 0.023 seconds
[2024-07-13T02:53:52.375+0000] {processor.py:161} INFO - Started process (PID=7557) to work on /opt/airflow/dags/tasks/get_movies.py
[2024-07-13T02:53:52.377+0000] {processor.py:830} INFO - Processing file /opt/airflow/dags/tasks/get_movies.py for tasks to queue
[2024-07-13T02:53:52.378+0000] {logging_mixin.py:188} INFO - [2024-07-13T02:53:52.378+0000] {dagbag.py:545} INFO - Filling up the DagBag from /opt/airflow/dags/tasks/get_movies.py
[2024-07-13T02:53:52.390+0000] {processor.py:842} WARNING - No viable dags retrieved from /opt/airflow/dags/tasks/get_movies.py
[2024-07-13T02:53:52.398+0000] {processor.py:183} INFO - Processing /opt/airflow/dags/tasks/get_movies.py took 0.027 seconds
[2024-07-13T02:54:22.441+0000] {processor.py:161} INFO - Started process (PID=7705) to work on /opt/airflow/dags/tasks/get_movies.py
[2024-07-13T02:54:22.442+0000] {processor.py:830} INFO - Processing file /opt/airflow/dags/tasks/get_movies.py for tasks to queue
[2024-07-13T02:54:22.442+0000] {logging_mixin.py:188} INFO - [2024-07-13T02:54:22.442+0000] {dagbag.py:545} INFO - Filling up the DagBag from /opt/airflow/dags/tasks/get_movies.py
[2024-07-13T02:54:22.451+0000] {processor.py:842} WARNING - No viable dags retrieved from /opt/airflow/dags/tasks/get_movies.py
[2024-07-13T02:54:22.460+0000] {processor.py:183} INFO - Processing /opt/airflow/dags/tasks/get_movies.py took 0.023 seconds
[2024-07-13T02:54:52.973+0000] {processor.py:161} INFO - Started process (PID=7824) to work on /opt/airflow/dags/tasks/get_movies.py
[2024-07-13T02:54:52.973+0000] {processor.py:830} INFO - Processing file /opt/airflow/dags/tasks/get_movies.py for tasks to queue
[2024-07-13T02:54:52.974+0000] {logging_mixin.py:188} INFO - [2024-07-13T02:54:52.974+0000] {dagbag.py:545} INFO - Filling up the DagBag from /opt/airflow/dags/tasks/get_movies.py
[2024-07-13T02:54:52.980+0000] {processor.py:842} WARNING - No viable dags retrieved from /opt/airflow/dags/tasks/get_movies.py
[2024-07-13T02:54:52.990+0000] {processor.py:183} INFO - Processing /opt/airflow/dags/tasks/get_movies.py took 0.021 seconds
[2024-07-13T02:55:23.078+0000] {processor.py:161} INFO - Started process (PID=7969) to work on /opt/airflow/dags/tasks/get_movies.py
[2024-07-13T02:55:23.078+0000] {processor.py:830} INFO - Processing file /opt/airflow/dags/tasks/get_movies.py for tasks to queue
[2024-07-13T02:55:23.079+0000] {logging_mixin.py:188} INFO - [2024-07-13T02:55:23.079+0000] {dagbag.py:545} INFO - Filling up the DagBag from /opt/airflow/dags/tasks/get_movies.py
[2024-07-13T02:55:23.086+0000] {processor.py:842} WARNING - No viable dags retrieved from /opt/airflow/dags/tasks/get_movies.py
[2024-07-13T02:55:23.094+0000] {processor.py:183} INFO - Processing /opt/airflow/dags/tasks/get_movies.py took 0.020 seconds
[2024-07-13T02:55:53.436+0000] {processor.py:161} INFO - Started process (PID=8114) to work on /opt/airflow/dags/tasks/get_movies.py
[2024-07-13T02:55:53.439+0000] {processor.py:830} INFO - Processing file /opt/airflow/dags/tasks/get_movies.py for tasks to queue
[2024-07-13T02:55:53.443+0000] {logging_mixin.py:188} INFO - [2024-07-13T02:55:53.442+0000] {dagbag.py:545} INFO - Filling up the DagBag from /opt/airflow/dags/tasks/get_movies.py
[2024-07-13T02:55:53.452+0000] {processor.py:842} WARNING - No viable dags retrieved from /opt/airflow/dags/tasks/get_movies.py
[2024-07-13T02:55:53.460+0000] {processor.py:183} INFO - Processing /opt/airflow/dags/tasks/get_movies.py took 0.028 seconds
[2024-07-13T02:56:23.778+0000] {processor.py:161} INFO - Started process (PID=8236) to work on /opt/airflow/dags/tasks/get_movies.py
[2024-07-13T02:56:23.778+0000] {processor.py:830} INFO - Processing file /opt/airflow/dags/tasks/get_movies.py for tasks to queue
[2024-07-13T02:56:23.779+0000] {logging_mixin.py:188} INFO - [2024-07-13T02:56:23.779+0000] {dagbag.py:545} INFO - Filling up the DagBag from /opt/airflow/dags/tasks/get_movies.py
[2024-07-13T02:56:23.795+0000] {processor.py:842} WARNING - No viable dags retrieved from /opt/airflow/dags/tasks/get_movies.py
[2024-07-13T02:56:23.803+0000] {processor.py:183} INFO - Processing /opt/airflow/dags/tasks/get_movies.py took 0.029 seconds
[2024-07-13T02:56:54.073+0000] {processor.py:161} INFO - Started process (PID=8381) to work on /opt/airflow/dags/tasks/get_movies.py
[2024-07-13T02:56:54.073+0000] {processor.py:830} INFO - Processing file /opt/airflow/dags/tasks/get_movies.py for tasks to queue
[2024-07-13T02:56:54.077+0000] {logging_mixin.py:188} INFO - [2024-07-13T02:56:54.077+0000] {dagbag.py:545} INFO - Filling up the DagBag from /opt/airflow/dags/tasks/get_movies.py
[2024-07-13T02:56:54.083+0000] {processor.py:842} WARNING - No viable dags retrieved from /opt/airflow/dags/tasks/get_movies.py
[2024-07-13T02:56:54.092+0000] {processor.py:183} INFO - Processing /opt/airflow/dags/tasks/get_movies.py took 0.023 seconds
[2024-07-13T02:57:24.432+0000] {processor.py:161} INFO - Started process (PID=8500) to work on /opt/airflow/dags/tasks/get_movies.py
[2024-07-13T02:57:24.433+0000] {processor.py:830} INFO - Processing file /opt/airflow/dags/tasks/get_movies.py for tasks to queue
[2024-07-13T02:57:24.433+0000] {logging_mixin.py:188} INFO - [2024-07-13T02:57:24.433+0000] {dagbag.py:545} INFO - Filling up the DagBag from /opt/airflow/dags/tasks/get_movies.py
[2024-07-13T02:57:24.440+0000] {processor.py:842} WARNING - No viable dags retrieved from /opt/airflow/dags/tasks/get_movies.py
[2024-07-13T02:57:24.448+0000] {processor.py:183} INFO - Processing /opt/airflow/dags/tasks/get_movies.py took 0.020 seconds
[2024-07-13T02:57:54.585+0000] {processor.py:161} INFO - Started process (PID=8645) to work on /opt/airflow/dags/tasks/get_movies.py
[2024-07-13T02:57:54.586+0000] {processor.py:830} INFO - Processing file /opt/airflow/dags/tasks/get_movies.py for tasks to queue
[2024-07-13T02:57:54.587+0000] {logging_mixin.py:188} INFO - [2024-07-13T02:57:54.586+0000] {dagbag.py:545} INFO - Filling up the DagBag from /opt/airflow/dags/tasks/get_movies.py
[2024-07-13T02:57:54.594+0000] {processor.py:842} WARNING - No viable dags retrieved from /opt/airflow/dags/tasks/get_movies.py
[2024-07-13T02:57:54.602+0000] {processor.py:183} INFO - Processing /opt/airflow/dags/tasks/get_movies.py took 0.020 seconds
[2024-07-13T02:58:24.740+0000] {processor.py:161} INFO - Started process (PID=8775) to work on /opt/airflow/dags/tasks/get_movies.py
[2024-07-13T02:58:24.741+0000] {processor.py:830} INFO - Processing file /opt/airflow/dags/tasks/get_movies.py for tasks to queue
[2024-07-13T02:58:24.741+0000] {logging_mixin.py:188} INFO - [2024-07-13T02:58:24.741+0000] {dagbag.py:545} INFO - Filling up the DagBag from /opt/airflow/dags/tasks/get_movies.py
[2024-07-13T02:58:24.748+0000] {processor.py:842} WARNING - No viable dags retrieved from /opt/airflow/dags/tasks/get_movies.py
[2024-07-13T02:58:24.757+0000] {processor.py:183} INFO - Processing /opt/airflow/dags/tasks/get_movies.py took 0.021 seconds
[2024-07-13T02:58:55.180+0000] {processor.py:161} INFO - Started process (PID=8913) to work on /opt/airflow/dags/tasks/get_movies.py
[2024-07-13T02:58:55.180+0000] {processor.py:830} INFO - Processing file /opt/airflow/dags/tasks/get_movies.py for tasks to queue
[2024-07-13T02:58:55.181+0000] {logging_mixin.py:188} INFO - [2024-07-13T02:58:55.181+0000] {dagbag.py:545} INFO - Filling up the DagBag from /opt/airflow/dags/tasks/get_movies.py
[2024-07-13T02:58:55.188+0000] {processor.py:842} WARNING - No viable dags retrieved from /opt/airflow/dags/tasks/get_movies.py
[2024-07-13T02:58:55.196+0000] {processor.py:183} INFO - Processing /opt/airflow/dags/tasks/get_movies.py took 0.020 seconds
[2024-07-13T02:59:25.496+0000] {processor.py:161} INFO - Started process (PID=9058) to work on /opt/airflow/dags/tasks/get_movies.py
[2024-07-13T02:59:25.504+0000] {processor.py:830} INFO - Processing file /opt/airflow/dags/tasks/get_movies.py for tasks to queue
[2024-07-13T02:59:25.504+0000] {logging_mixin.py:188} INFO - [2024-07-13T02:59:25.504+0000] {dagbag.py:545} INFO - Filling up the DagBag from /opt/airflow/dags/tasks/get_movies.py
[2024-07-13T02:59:25.514+0000] {processor.py:842} WARNING - No viable dags retrieved from /opt/airflow/dags/tasks/get_movies.py
[2024-07-13T02:59:25.523+0000] {processor.py:183} INFO - Processing /opt/airflow/dags/tasks/get_movies.py took 0.030 seconds
[2024-07-13T02:59:51.749+0000] {processor.py:161} INFO - Started process (PID=9156) to work on /opt/airflow/dags/tasks/get_movies.py
[2024-07-13T02:59:51.750+0000] {processor.py:830} INFO - Processing file /opt/airflow/dags/tasks/get_movies.py for tasks to queue
[2024-07-13T02:59:51.751+0000] {logging_mixin.py:188} INFO - [2024-07-13T02:59:51.751+0000] {dagbag.py:545} INFO - Filling up the DagBag from /opt/airflow/dags/tasks/get_movies.py
[2024-07-13T02:59:51.770+0000] {processor.py:842} WARNING - No viable dags retrieved from /opt/airflow/dags/tasks/get_movies.py
[2024-07-13T02:59:51.779+0000] {processor.py:183} INFO - Processing /opt/airflow/dags/tasks/get_movies.py took 0.034 seconds
[2024-07-13T03:00:21.911+0000] {processor.py:161} INFO - Started process (PID=9295) to work on /opt/airflow/dags/tasks/get_movies.py
[2024-07-13T03:00:21.912+0000] {processor.py:830} INFO - Processing file /opt/airflow/dags/tasks/get_movies.py for tasks to queue
[2024-07-13T03:00:21.912+0000] {logging_mixin.py:188} INFO - [2024-07-13T03:00:21.912+0000] {dagbag.py:545} INFO - Filling up the DagBag from /opt/airflow/dags/tasks/get_movies.py
[2024-07-13T03:00:21.919+0000] {processor.py:842} WARNING - No viable dags retrieved from /opt/airflow/dags/tasks/get_movies.py
[2024-07-13T03:00:21.928+0000] {processor.py:183} INFO - Processing /opt/airflow/dags/tasks/get_movies.py took 0.020 seconds
[2024-07-13T03:00:52.726+0000] {processor.py:161} INFO - Started process (PID=9431) to work on /opt/airflow/dags/tasks/get_movies.py
[2024-07-13T03:00:52.728+0000] {processor.py:830} INFO - Processing file /opt/airflow/dags/tasks/get_movies.py for tasks to queue
[2024-07-13T03:00:52.729+0000] {logging_mixin.py:188} INFO - [2024-07-13T03:00:52.729+0000] {dagbag.py:545} INFO - Filling up the DagBag from /opt/airflow/dags/tasks/get_movies.py
[2024-07-13T03:00:52.744+0000] {processor.py:842} WARNING - No viable dags retrieved from /opt/airflow/dags/tasks/get_movies.py
[2024-07-13T03:00:52.753+0000] {processor.py:183} INFO - Processing /opt/airflow/dags/tasks/get_movies.py took 0.030 seconds
[2024-07-13T03:01:22.825+0000] {processor.py:161} INFO - Started process (PID=9575) to work on /opt/airflow/dags/tasks/get_movies.py
[2024-07-13T03:01:22.826+0000] {processor.py:830} INFO - Processing file /opt/airflow/dags/tasks/get_movies.py for tasks to queue
[2024-07-13T03:01:22.826+0000] {logging_mixin.py:188} INFO - [2024-07-13T03:01:22.826+0000] {dagbag.py:545} INFO - Filling up the DagBag from /opt/airflow/dags/tasks/get_movies.py
[2024-07-13T03:01:22.833+0000] {processor.py:842} WARNING - No viable dags retrieved from /opt/airflow/dags/tasks/get_movies.py
[2024-07-13T03:01:22.842+0000] {processor.py:183} INFO - Processing /opt/airflow/dags/tasks/get_movies.py took 0.020 seconds
[2024-07-13T03:01:53.218+0000] {processor.py:161} INFO - Started process (PID=9694) to work on /opt/airflow/dags/tasks/get_movies.py
[2024-07-13T03:01:53.218+0000] {processor.py:830} INFO - Processing file /opt/airflow/dags/tasks/get_movies.py for tasks to queue
[2024-07-13T03:01:53.219+0000] {logging_mixin.py:188} INFO - [2024-07-13T03:01:53.219+0000] {dagbag.py:545} INFO - Filling up the DagBag from /opt/airflow/dags/tasks/get_movies.py
[2024-07-13T03:01:53.226+0000] {processor.py:842} WARNING - No viable dags retrieved from /opt/airflow/dags/tasks/get_movies.py
[2024-07-13T03:01:53.235+0000] {processor.py:183} INFO - Processing /opt/airflow/dags/tasks/get_movies.py took 0.020 seconds
[2024-07-13T03:02:23.396+0000] {processor.py:161} INFO - Started process (PID=9843) to work on /opt/airflow/dags/tasks/get_movies.py
[2024-07-13T03:02:23.397+0000] {processor.py:830} INFO - Processing file /opt/airflow/dags/tasks/get_movies.py for tasks to queue
[2024-07-13T03:02:23.397+0000] {logging_mixin.py:188} INFO - [2024-07-13T03:02:23.397+0000] {dagbag.py:545} INFO - Filling up the DagBag from /opt/airflow/dags/tasks/get_movies.py
[2024-07-13T03:02:23.406+0000] {processor.py:842} WARNING - No viable dags retrieved from /opt/airflow/dags/tasks/get_movies.py
[2024-07-13T03:02:23.417+0000] {processor.py:183} INFO - Processing /opt/airflow/dags/tasks/get_movies.py took 0.025 seconds
[2024-07-13T03:02:53.887+0000] {processor.py:161} INFO - Started process (PID=9962) to work on /opt/airflow/dags/tasks/get_movies.py
[2024-07-13T03:02:53.888+0000] {processor.py:830} INFO - Processing file /opt/airflow/dags/tasks/get_movies.py for tasks to queue
[2024-07-13T03:02:53.889+0000] {logging_mixin.py:188} INFO - [2024-07-13T03:02:53.889+0000] {dagbag.py:545} INFO - Filling up the DagBag from /opt/airflow/dags/tasks/get_movies.py
[2024-07-13T03:02:53.896+0000] {processor.py:842} WARNING - No viable dags retrieved from /opt/airflow/dags/tasks/get_movies.py
[2024-07-13T03:02:53.904+0000] {processor.py:183} INFO - Processing /opt/airflow/dags/tasks/get_movies.py took 0.020 seconds
[2024-07-13T03:03:23.955+0000] {processor.py:161} INFO - Started process (PID=10107) to work on /opt/airflow/dags/tasks/get_movies.py
[2024-07-13T03:03:23.956+0000] {processor.py:830} INFO - Processing file /opt/airflow/dags/tasks/get_movies.py for tasks to queue
[2024-07-13T03:03:23.956+0000] {logging_mixin.py:188} INFO - [2024-07-13T03:03:23.956+0000] {dagbag.py:545} INFO - Filling up the DagBag from /opt/airflow/dags/tasks/get_movies.py
[2024-07-13T03:03:23.962+0000] {processor.py:842} WARNING - No viable dags retrieved from /opt/airflow/dags/tasks/get_movies.py
[2024-07-13T03:03:23.971+0000] {processor.py:183} INFO - Processing /opt/airflow/dags/tasks/get_movies.py took 0.019 seconds
[2024-07-13T03:03:54.064+0000] {processor.py:161} INFO - Started process (PID=10252) to work on /opt/airflow/dags/tasks/get_movies.py
[2024-07-13T03:03:54.065+0000] {processor.py:830} INFO - Processing file /opt/airflow/dags/tasks/get_movies.py for tasks to queue
[2024-07-13T03:03:54.065+0000] {logging_mixin.py:188} INFO - [2024-07-13T03:03:54.065+0000] {dagbag.py:545} INFO - Filling up the DagBag from /opt/airflow/dags/tasks/get_movies.py
[2024-07-13T03:03:54.072+0000] {processor.py:842} WARNING - No viable dags retrieved from /opt/airflow/dags/tasks/get_movies.py
[2024-07-13T03:03:54.080+0000] {processor.py:183} INFO - Processing /opt/airflow/dags/tasks/get_movies.py took 0.020 seconds
[2024-07-13T03:04:24.219+0000] {processor.py:161} INFO - Started process (PID=10375) to work on /opt/airflow/dags/tasks/get_movies.py
[2024-07-13T03:04:24.219+0000] {processor.py:830} INFO - Processing file /opt/airflow/dags/tasks/get_movies.py for tasks to queue
[2024-07-13T03:04:24.220+0000] {logging_mixin.py:188} INFO - [2024-07-13T03:04:24.220+0000] {dagbag.py:545} INFO - Filling up the DagBag from /opt/airflow/dags/tasks/get_movies.py
[2024-07-13T03:04:24.227+0000] {processor.py:842} WARNING - No viable dags retrieved from /opt/airflow/dags/tasks/get_movies.py
[2024-07-13T03:04:24.236+0000] {processor.py:183} INFO - Processing /opt/airflow/dags/tasks/get_movies.py took 0.020 seconds
[2024-07-13T03:04:54.606+0000] {processor.py:161} INFO - Started process (PID=10520) to work on /opt/airflow/dags/tasks/get_movies.py
[2024-07-13T03:04:54.607+0000] {processor.py:830} INFO - Processing file /opt/airflow/dags/tasks/get_movies.py for tasks to queue
[2024-07-13T03:04:54.607+0000] {logging_mixin.py:188} INFO - [2024-07-13T03:04:54.607+0000] {dagbag.py:545} INFO - Filling up the DagBag from /opt/airflow/dags/tasks/get_movies.py
[2024-07-13T03:04:54.613+0000] {processor.py:842} WARNING - No viable dags retrieved from /opt/airflow/dags/tasks/get_movies.py
[2024-07-13T03:04:54.622+0000] {processor.py:183} INFO - Processing /opt/airflow/dags/tasks/get_movies.py took 0.019 seconds
[2024-07-13T03:05:25.002+0000] {processor.py:161} INFO - Started process (PID=10639) to work on /opt/airflow/dags/tasks/get_movies.py
[2024-07-13T03:05:25.003+0000] {processor.py:830} INFO - Processing file /opt/airflow/dags/tasks/get_movies.py for tasks to queue
[2024-07-13T03:05:25.003+0000] {logging_mixin.py:188} INFO - [2024-07-13T03:05:25.003+0000] {dagbag.py:545} INFO - Filling up the DagBag from /opt/airflow/dags/tasks/get_movies.py
[2024-07-13T03:05:25.010+0000] {processor.py:842} WARNING - No viable dags retrieved from /opt/airflow/dags/tasks/get_movies.py
[2024-07-13T03:05:25.020+0000] {processor.py:183} INFO - Processing /opt/airflow/dags/tasks/get_movies.py took 0.021 seconds
[2024-07-13T03:05:55.184+0000] {processor.py:161} INFO - Started process (PID=10784) to work on /opt/airflow/dags/tasks/get_movies.py
[2024-07-13T03:05:55.185+0000] {processor.py:830} INFO - Processing file /opt/airflow/dags/tasks/get_movies.py for tasks to queue
[2024-07-13T03:05:55.185+0000] {logging_mixin.py:188} INFO - [2024-07-13T03:05:55.185+0000] {dagbag.py:545} INFO - Filling up the DagBag from /opt/airflow/dags/tasks/get_movies.py
[2024-07-13T03:05:55.192+0000] {processor.py:842} WARNING - No viable dags retrieved from /opt/airflow/dags/tasks/get_movies.py
[2024-07-13T03:05:55.201+0000] {processor.py:183} INFO - Processing /opt/airflow/dags/tasks/get_movies.py took 0.021 seconds
[2024-07-13T03:06:25.247+0000] {processor.py:161} INFO - Started process (PID=10914) to work on /opt/airflow/dags/tasks/get_movies.py
[2024-07-13T03:06:25.248+0000] {processor.py:830} INFO - Processing file /opt/airflow/dags/tasks/get_movies.py for tasks to queue
[2024-07-13T03:06:25.248+0000] {logging_mixin.py:188} INFO - [2024-07-13T03:06:25.248+0000] {dagbag.py:545} INFO - Filling up the DagBag from /opt/airflow/dags/tasks/get_movies.py
[2024-07-13T03:06:25.255+0000] {processor.py:842} WARNING - No viable dags retrieved from /opt/airflow/dags/tasks/get_movies.py
[2024-07-13T03:06:25.264+0000] {processor.py:183} INFO - Processing /opt/airflow/dags/tasks/get_movies.py took 0.020 seconds
[2024-07-13T03:06:55.363+0000] {processor.py:161} INFO - Started process (PID=11031) to work on /opt/airflow/dags/tasks/get_movies.py
[2024-07-13T03:06:55.363+0000] {processor.py:830} INFO - Processing file /opt/airflow/dags/tasks/get_movies.py for tasks to queue
[2024-07-13T03:06:55.364+0000] {logging_mixin.py:188} INFO - [2024-07-13T03:06:55.364+0000] {dagbag.py:545} INFO - Filling up the DagBag from /opt/airflow/dags/tasks/get_movies.py
[2024-07-13T03:06:55.370+0000] {processor.py:842} WARNING - No viable dags retrieved from /opt/airflow/dags/tasks/get_movies.py
[2024-07-13T03:06:55.379+0000] {processor.py:183} INFO - Processing /opt/airflow/dags/tasks/get_movies.py took 0.020 seconds
[2024-07-13T03:07:25.625+0000] {processor.py:161} INFO - Started process (PID=11176) to work on /opt/airflow/dags/tasks/get_movies.py
[2024-07-13T03:07:25.626+0000] {processor.py:830} INFO - Processing file /opt/airflow/dags/tasks/get_movies.py for tasks to queue
[2024-07-13T03:07:25.627+0000] {logging_mixin.py:188} INFO - [2024-07-13T03:07:25.626+0000] {dagbag.py:545} INFO - Filling up the DagBag from /opt/airflow/dags/tasks/get_movies.py
[2024-07-13T03:07:25.635+0000] {processor.py:842} WARNING - No viable dags retrieved from /opt/airflow/dags/tasks/get_movies.py
[2024-07-13T03:07:25.644+0000] {processor.py:183} INFO - Processing /opt/airflow/dags/tasks/get_movies.py took 0.022 seconds
[2024-07-13T03:07:55.977+0000] {processor.py:161} INFO - Started process (PID=11295) to work on /opt/airflow/dags/tasks/get_movies.py
[2024-07-13T03:07:55.978+0000] {processor.py:830} INFO - Processing file /opt/airflow/dags/tasks/get_movies.py for tasks to queue
[2024-07-13T03:07:55.979+0000] {logging_mixin.py:188} INFO - [2024-07-13T03:07:55.979+0000] {dagbag.py:545} INFO - Filling up the DagBag from /opt/airflow/dags/tasks/get_movies.py
[2024-07-13T03:07:56.001+0000] {processor.py:842} WARNING - No viable dags retrieved from /opt/airflow/dags/tasks/get_movies.py
[2024-07-13T03:07:56.012+0000] {processor.py:183} INFO - Processing /opt/airflow/dags/tasks/get_movies.py took 0.040 seconds
[2024-07-13T03:08:26.114+0000] {processor.py:161} INFO - Started process (PID=11444) to work on /opt/airflow/dags/tasks/get_movies.py
[2024-07-13T03:08:26.115+0000] {processor.py:830} INFO - Processing file /opt/airflow/dags/tasks/get_movies.py for tasks to queue
[2024-07-13T03:08:26.115+0000] {logging_mixin.py:188} INFO - [2024-07-13T03:08:26.115+0000] {dagbag.py:545} INFO - Filling up the DagBag from /opt/airflow/dags/tasks/get_movies.py
[2024-07-13T03:08:26.124+0000] {processor.py:842} WARNING - No viable dags retrieved from /opt/airflow/dags/tasks/get_movies.py
[2024-07-13T03:08:26.133+0000] {processor.py:183} INFO - Processing /opt/airflow/dags/tasks/get_movies.py took 0.022 seconds
[2024-07-13T03:08:56.273+0000] {processor.py:161} INFO - Started process (PID=11564) to work on /opt/airflow/dags/tasks/get_movies.py
[2024-07-13T03:08:56.274+0000] {processor.py:830} INFO - Processing file /opt/airflow/dags/tasks/get_movies.py for tasks to queue
[2024-07-13T03:08:56.275+0000] {logging_mixin.py:188} INFO - [2024-07-13T03:08:56.275+0000] {dagbag.py:545} INFO - Filling up the DagBag from /opt/airflow/dags/tasks/get_movies.py
[2024-07-13T03:08:56.282+0000] {processor.py:842} WARNING - No viable dags retrieved from /opt/airflow/dags/tasks/get_movies.py
[2024-07-13T03:08:56.291+0000] {processor.py:183} INFO - Processing /opt/airflow/dags/tasks/get_movies.py took 0.022 seconds
[2024-07-13T03:09:26.357+0000] {processor.py:161} INFO - Started process (PID=11709) to work on /opt/airflow/dags/tasks/get_movies.py
[2024-07-13T03:09:26.358+0000] {processor.py:830} INFO - Processing file /opt/airflow/dags/tasks/get_movies.py for tasks to queue
[2024-07-13T03:09:26.359+0000] {logging_mixin.py:188} INFO - [2024-07-13T03:09:26.359+0000] {dagbag.py:545} INFO - Filling up the DagBag from /opt/airflow/dags/tasks/get_movies.py
[2024-07-13T03:09:26.372+0000] {processor.py:842} WARNING - No viable dags retrieved from /opt/airflow/dags/tasks/get_movies.py
[2024-07-13T03:09:26.381+0000] {processor.py:183} INFO - Processing /opt/airflow/dags/tasks/get_movies.py took 0.028 seconds
[2024-07-13T03:09:56.436+0000] {processor.py:161} INFO - Started process (PID=11875) to work on /opt/airflow/dags/tasks/get_movies.py
[2024-07-13T03:09:56.436+0000] {processor.py:830} INFO - Processing file /opt/airflow/dags/tasks/get_movies.py for tasks to queue
[2024-07-13T03:09:56.437+0000] {logging_mixin.py:188} INFO - [2024-07-13T03:09:56.437+0000] {dagbag.py:545} INFO - Filling up the DagBag from /opt/airflow/dags/tasks/get_movies.py
[2024-07-13T03:09:56.443+0000] {processor.py:842} WARNING - No viable dags retrieved from /opt/airflow/dags/tasks/get_movies.py
[2024-07-13T03:09:56.453+0000] {processor.py:183} INFO - Processing /opt/airflow/dags/tasks/get_movies.py took 0.021 seconds
[2024-07-13T03:10:26.589+0000] {processor.py:161} INFO - Started process (PID=12003) to work on /opt/airflow/dags/tasks/get_movies.py
[2024-07-13T03:10:26.590+0000] {processor.py:830} INFO - Processing file /opt/airflow/dags/tasks/get_movies.py for tasks to queue
[2024-07-13T03:10:26.591+0000] {logging_mixin.py:188} INFO - [2024-07-13T03:10:26.590+0000] {dagbag.py:545} INFO - Filling up the DagBag from /opt/airflow/dags/tasks/get_movies.py
[2024-07-13T03:10:26.609+0000] {processor.py:842} WARNING - No viable dags retrieved from /opt/airflow/dags/tasks/get_movies.py
[2024-07-13T03:10:26.619+0000] {processor.py:183} INFO - Processing /opt/airflow/dags/tasks/get_movies.py took 0.034 seconds
[2024-07-13T03:10:56.950+0000] {processor.py:161} INFO - Started process (PID=12148) to work on /opt/airflow/dags/tasks/get_movies.py
[2024-07-13T03:10:56.950+0000] {processor.py:830} INFO - Processing file /opt/airflow/dags/tasks/get_movies.py for tasks to queue
[2024-07-13T03:10:56.951+0000] {logging_mixin.py:188} INFO - [2024-07-13T03:10:56.951+0000] {dagbag.py:545} INFO - Filling up the DagBag from /opt/airflow/dags/tasks/get_movies.py
[2024-07-13T03:10:56.957+0000] {processor.py:842} WARNING - No viable dags retrieved from /opt/airflow/dags/tasks/get_movies.py
[2024-07-13T03:10:56.965+0000] {processor.py:183} INFO - Processing /opt/airflow/dags/tasks/get_movies.py took 0.019 seconds
[2024-07-13T03:11:27.262+0000] {processor.py:161} INFO - Started process (PID=12267) to work on /opt/airflow/dags/tasks/get_movies.py
[2024-07-13T03:11:27.263+0000] {processor.py:830} INFO - Processing file /opt/airflow/dags/tasks/get_movies.py for tasks to queue
[2024-07-13T03:11:27.263+0000] {logging_mixin.py:188} INFO - [2024-07-13T03:11:27.263+0000] {dagbag.py:545} INFO - Filling up the DagBag from /opt/airflow/dags/tasks/get_movies.py
[2024-07-13T03:11:27.270+0000] {processor.py:842} WARNING - No viable dags retrieved from /opt/airflow/dags/tasks/get_movies.py
[2024-07-13T03:11:27.278+0000] {processor.py:183} INFO - Processing /opt/airflow/dags/tasks/get_movies.py took 0.019 seconds
[2024-07-13T03:11:57.391+0000] {processor.py:161} INFO - Started process (PID=12412) to work on /opt/airflow/dags/tasks/get_movies.py
[2024-07-13T03:11:57.392+0000] {processor.py:830} INFO - Processing file /opt/airflow/dags/tasks/get_movies.py for tasks to queue
[2024-07-13T03:11:57.399+0000] {logging_mixin.py:188} INFO - [2024-07-13T03:11:57.398+0000] {dagbag.py:545} INFO - Filling up the DagBag from /opt/airflow/dags/tasks/get_movies.py
[2024-07-13T03:11:57.405+0000] {processor.py:842} WARNING - No viable dags retrieved from /opt/airflow/dags/tasks/get_movies.py
[2024-07-13T03:11:57.414+0000] {processor.py:183} INFO - Processing /opt/airflow/dags/tasks/get_movies.py took 0.027 seconds
[2024-07-13T03:12:27.699+0000] {processor.py:161} INFO - Started process (PID=12535) to work on /opt/airflow/dags/tasks/get_movies.py
[2024-07-13T03:12:27.700+0000] {processor.py:830} INFO - Processing file /opt/airflow/dags/tasks/get_movies.py for tasks to queue
[2024-07-13T03:12:27.700+0000] {logging_mixin.py:188} INFO - [2024-07-13T03:12:27.700+0000] {dagbag.py:545} INFO - Filling up the DagBag from /opt/airflow/dags/tasks/get_movies.py
[2024-07-13T03:12:27.708+0000] {processor.py:842} WARNING - No viable dags retrieved from /opt/airflow/dags/tasks/get_movies.py
[2024-07-13T03:12:27.718+0000] {processor.py:183} INFO - Processing /opt/airflow/dags/tasks/get_movies.py took 0.023 seconds
[2024-07-13T03:12:57.887+0000] {processor.py:161} INFO - Started process (PID=12679) to work on /opt/airflow/dags/tasks/get_movies.py
[2024-07-13T03:12:57.888+0000] {processor.py:830} INFO - Processing file /opt/airflow/dags/tasks/get_movies.py for tasks to queue
[2024-07-13T03:12:57.888+0000] {logging_mixin.py:188} INFO - [2024-07-13T03:12:57.888+0000] {dagbag.py:545} INFO - Filling up the DagBag from /opt/airflow/dags/tasks/get_movies.py
[2024-07-13T03:12:57.895+0000] {processor.py:842} WARNING - No viable dags retrieved from /opt/airflow/dags/tasks/get_movies.py
[2024-07-13T03:12:57.903+0000] {processor.py:183} INFO - Processing /opt/airflow/dags/tasks/get_movies.py took 0.020 seconds
[2024-07-13T03:13:28.053+0000] {processor.py:161} INFO - Started process (PID=12825) to work on /opt/airflow/dags/tasks/get_movies.py
[2024-07-13T03:13:28.054+0000] {processor.py:830} INFO - Processing file /opt/airflow/dags/tasks/get_movies.py for tasks to queue
[2024-07-13T03:13:28.055+0000] {logging_mixin.py:188} INFO - [2024-07-13T03:13:28.055+0000] {dagbag.py:545} INFO - Filling up the DagBag from /opt/airflow/dags/tasks/get_movies.py
[2024-07-13T03:13:28.062+0000] {processor.py:842} WARNING - No viable dags retrieved from /opt/airflow/dags/tasks/get_movies.py
[2024-07-13T03:13:28.071+0000] {processor.py:183} INFO - Processing /opt/airflow/dags/tasks/get_movies.py took 0.021 seconds
[2024-07-13T03:13:58.187+0000] {processor.py:161} INFO - Started process (PID=12944) to work on /opt/airflow/dags/tasks/get_movies.py
[2024-07-13T03:13:58.188+0000] {processor.py:830} INFO - Processing file /opt/airflow/dags/tasks/get_movies.py for tasks to queue
[2024-07-13T03:13:58.188+0000] {logging_mixin.py:188} INFO - [2024-07-13T03:13:58.188+0000] {dagbag.py:545} INFO - Filling up the DagBag from /opt/airflow/dags/tasks/get_movies.py
[2024-07-13T03:13:58.196+0000] {processor.py:842} WARNING - No viable dags retrieved from /opt/airflow/dags/tasks/get_movies.py
[2024-07-13T03:13:58.205+0000] {processor.py:183} INFO - Processing /opt/airflow/dags/tasks/get_movies.py took 0.022 seconds
[2024-07-13T03:14:28.518+0000] {processor.py:161} INFO - Started process (PID=13052) to work on /opt/airflow/dags/tasks/get_movies.py
[2024-07-13T03:14:28.518+0000] {processor.py:830} INFO - Processing file /opt/airflow/dags/tasks/get_movies.py for tasks to queue
[2024-07-13T03:14:28.519+0000] {logging_mixin.py:188} INFO - [2024-07-13T03:14:28.519+0000] {dagbag.py:545} INFO - Filling up the DagBag from /opt/airflow/dags/tasks/get_movies.py
[2024-07-13T03:14:28.525+0000] {processor.py:842} WARNING - No viable dags retrieved from /opt/airflow/dags/tasks/get_movies.py
[2024-07-13T03:14:28.534+0000] {processor.py:183} INFO - Processing /opt/airflow/dags/tasks/get_movies.py took 0.019 seconds
[2024-07-13T03:14:58.675+0000] {processor.py:161} INFO - Started process (PID=13170) to work on /opt/airflow/dags/tasks/get_movies.py
[2024-07-13T03:14:58.675+0000] {processor.py:830} INFO - Processing file /opt/airflow/dags/tasks/get_movies.py for tasks to queue
[2024-07-13T03:14:58.676+0000] {logging_mixin.py:188} INFO - [2024-07-13T03:14:58.676+0000] {dagbag.py:545} INFO - Filling up the DagBag from /opt/airflow/dags/tasks/get_movies.py
[2024-07-13T03:14:58.684+0000] {processor.py:842} WARNING - No viable dags retrieved from /opt/airflow/dags/tasks/get_movies.py
[2024-07-13T03:14:58.693+0000] {processor.py:183} INFO - Processing /opt/airflow/dags/tasks/get_movies.py took 0.022 seconds
[2024-07-13T03:15:28.794+0000] {processor.py:161} INFO - Started process (PID=13315) to work on /opt/airflow/dags/tasks/get_movies.py
[2024-07-13T03:15:28.795+0000] {processor.py:830} INFO - Processing file /opt/airflow/dags/tasks/get_movies.py for tasks to queue
[2024-07-13T03:15:28.796+0000] {logging_mixin.py:188} INFO - [2024-07-13T03:15:28.795+0000] {dagbag.py:545} INFO - Filling up the DagBag from /opt/airflow/dags/tasks/get_movies.py
[2024-07-13T03:15:28.803+0000] {processor.py:842} WARNING - No viable dags retrieved from /opt/airflow/dags/tasks/get_movies.py
[2024-07-13T03:15:28.811+0000] {processor.py:183} INFO - Processing /opt/airflow/dags/tasks/get_movies.py took 0.021 seconds
[2024-07-13T03:15:58.949+0000] {processor.py:161} INFO - Started process (PID=13441) to work on /opt/airflow/dags/tasks/get_movies.py
[2024-07-13T03:15:58.950+0000] {processor.py:830} INFO - Processing file /opt/airflow/dags/tasks/get_movies.py for tasks to queue
[2024-07-13T03:15:58.950+0000] {logging_mixin.py:188} INFO - [2024-07-13T03:15:58.950+0000] {dagbag.py:545} INFO - Filling up the DagBag from /opt/airflow/dags/tasks/get_movies.py
[2024-07-13T03:15:58.961+0000] {processor.py:842} WARNING - No viable dags retrieved from /opt/airflow/dags/tasks/get_movies.py
[2024-07-13T03:15:58.971+0000] {processor.py:183} INFO - Processing /opt/airflow/dags/tasks/get_movies.py took 0.026 seconds
[2024-07-13T03:16:29.327+0000] {processor.py:161} INFO - Started process (PID=13583) to work on /opt/airflow/dags/tasks/get_movies.py
[2024-07-13T03:16:29.329+0000] {processor.py:830} INFO - Processing file /opt/airflow/dags/tasks/get_movies.py for tasks to queue
[2024-07-13T03:16:29.329+0000] {logging_mixin.py:188} INFO - [2024-07-13T03:16:29.329+0000] {dagbag.py:545} INFO - Filling up the DagBag from /opt/airflow/dags/tasks/get_movies.py
[2024-07-13T03:16:29.342+0000] {processor.py:842} WARNING - No viable dags retrieved from /opt/airflow/dags/tasks/get_movies.py
[2024-07-13T03:16:29.352+0000] {processor.py:183} INFO - Processing /opt/airflow/dags/tasks/get_movies.py took 0.029 seconds
[2024-07-13T03:16:59.422+0000] {processor.py:161} INFO - Started process (PID=13728) to work on /opt/airflow/dags/tasks/get_movies.py
[2024-07-13T03:16:59.423+0000] {processor.py:830} INFO - Processing file /opt/airflow/dags/tasks/get_movies.py for tasks to queue
[2024-07-13T03:16:59.423+0000] {logging_mixin.py:188} INFO - [2024-07-13T03:16:59.423+0000] {dagbag.py:545} INFO - Filling up the DagBag from /opt/airflow/dags/tasks/get_movies.py
[2024-07-13T03:16:59.430+0000] {processor.py:842} WARNING - No viable dags retrieved from /opt/airflow/dags/tasks/get_movies.py
[2024-07-13T03:16:59.438+0000] {processor.py:183} INFO - Processing /opt/airflow/dags/tasks/get_movies.py took 0.019 seconds
[2024-07-13T03:17:30.095+0000] {processor.py:161} INFO - Started process (PID=13847) to work on /opt/airflow/dags/tasks/get_movies.py
[2024-07-13T03:17:30.095+0000] {processor.py:830} INFO - Processing file /opt/airflow/dags/tasks/get_movies.py for tasks to queue
[2024-07-13T03:17:30.096+0000] {logging_mixin.py:188} INFO - [2024-07-13T03:17:30.096+0000] {dagbag.py:545} INFO - Filling up the DagBag from /opt/airflow/dags/tasks/get_movies.py
[2024-07-13T03:17:30.103+0000] {processor.py:842} WARNING - No viable dags retrieved from /opt/airflow/dags/tasks/get_movies.py
[2024-07-13T03:17:30.111+0000] {processor.py:183} INFO - Processing /opt/airflow/dags/tasks/get_movies.py took 0.020 seconds
[2024-07-13T03:18:00.137+0000] {processor.py:161} INFO - Started process (PID=13992) to work on /opt/airflow/dags/tasks/get_movies.py
[2024-07-13T03:18:00.137+0000] {processor.py:830} INFO - Processing file /opt/airflow/dags/tasks/get_movies.py for tasks to queue
[2024-07-13T03:18:00.138+0000] {logging_mixin.py:188} INFO - [2024-07-13T03:18:00.138+0000] {dagbag.py:545} INFO - Filling up the DagBag from /opt/airflow/dags/tasks/get_movies.py
[2024-07-13T03:18:00.144+0000] {processor.py:842} WARNING - No viable dags retrieved from /opt/airflow/dags/tasks/get_movies.py
[2024-07-13T03:18:00.153+0000] {processor.py:183} INFO - Processing /opt/airflow/dags/tasks/get_movies.py took 0.021 seconds
[2024-07-13T03:18:30.469+0000] {processor.py:161} INFO - Started process (PID=14116) to work on /opt/airflow/dags/tasks/get_movies.py
[2024-07-13T03:18:30.470+0000] {processor.py:830} INFO - Processing file /opt/airflow/dags/tasks/get_movies.py for tasks to queue
[2024-07-13T03:18:30.470+0000] {logging_mixin.py:188} INFO - [2024-07-13T03:18:30.470+0000] {dagbag.py:545} INFO - Filling up the DagBag from /opt/airflow/dags/tasks/get_movies.py
[2024-07-13T03:18:30.478+0000] {processor.py:842} WARNING - No viable dags retrieved from /opt/airflow/dags/tasks/get_movies.py
[2024-07-13T03:18:30.487+0000] {processor.py:183} INFO - Processing /opt/airflow/dags/tasks/get_movies.py took 0.022 seconds
[2024-07-13T03:19:01.152+0000] {processor.py:161} INFO - Started process (PID=14261) to work on /opt/airflow/dags/tasks/get_movies.py
[2024-07-13T03:19:01.152+0000] {processor.py:830} INFO - Processing file /opt/airflow/dags/tasks/get_movies.py for tasks to queue
[2024-07-13T03:19:01.153+0000] {logging_mixin.py:188} INFO - [2024-07-13T03:19:01.153+0000] {dagbag.py:545} INFO - Filling up the DagBag from /opt/airflow/dags/tasks/get_movies.py
[2024-07-13T03:19:01.160+0000] {processor.py:842} WARNING - No viable dags retrieved from /opt/airflow/dags/tasks/get_movies.py
[2024-07-13T03:19:01.170+0000] {processor.py:183} INFO - Processing /opt/airflow/dags/tasks/get_movies.py took 0.022 seconds
[2024-07-13T03:19:31.305+0000] {processor.py:161} INFO - Started process (PID=14429) to work on /opt/airflow/dags/tasks/get_movies.py
[2024-07-13T03:19:31.305+0000] {processor.py:830} INFO - Processing file /opt/airflow/dags/tasks/get_movies.py for tasks to queue
[2024-07-13T03:19:31.306+0000] {logging_mixin.py:188} INFO - [2024-07-13T03:19:31.306+0000] {dagbag.py:545} INFO - Filling up the DagBag from /opt/airflow/dags/tasks/get_movies.py
[2024-07-13T03:19:31.312+0000] {processor.py:842} WARNING - No viable dags retrieved from /opt/airflow/dags/tasks/get_movies.py
[2024-07-13T03:19:31.320+0000] {processor.py:183} INFO - Processing /opt/airflow/dags/tasks/get_movies.py took 0.019 seconds
