[2024-06-25T22:19:00.956+0000] {processor.py:161} INFO - Started process (PID=1015) to work on /opt/airflow/dags/tasks/get_movies.py
[2024-06-25T22:19:00.957+0000] {processor.py:830} INFO - Processing file /opt/airflow/dags/tasks/get_movies.py for tasks to queue
[2024-06-25T22:19:00.959+0000] {logging_mixin.py:188} INFO - [2024-06-25T22:19:00.959+0000] {dagbag.py:545} INFO - Filling up the DagBag from /opt/airflow/dags/tasks/get_movies.py
[2024-06-25T22:19:00.968+0000] {processor.py:842} WARNING - No viable dags retrieved from /opt/airflow/dags/tasks/get_movies.py
[2024-06-25T22:19:00.978+0000] {processor.py:183} INFO - Processing /opt/airflow/dags/tasks/get_movies.py took 0.026 seconds
[2024-06-25T22:19:31.160+0000] {processor.py:161} INFO - Started process (PID=1038) to work on /opt/airflow/dags/tasks/get_movies.py
[2024-06-25T22:19:31.161+0000] {processor.py:830} INFO - Processing file /opt/airflow/dags/tasks/get_movies.py for tasks to queue
[2024-06-25T22:19:31.162+0000] {logging_mixin.py:188} INFO - [2024-06-25T22:19:31.161+0000] {dagbag.py:545} INFO - Filling up the DagBag from /opt/airflow/dags/tasks/get_movies.py
[2024-06-25T22:19:31.172+0000] {processor.py:842} WARNING - No viable dags retrieved from /opt/airflow/dags/tasks/get_movies.py
[2024-06-25T22:19:31.181+0000] {processor.py:183} INFO - Processing /opt/airflow/dags/tasks/get_movies.py took 0.024 seconds
[2024-06-25T22:20:01.362+0000] {processor.py:161} INFO - Started process (PID=1054) to work on /opt/airflow/dags/tasks/get_movies.py
[2024-06-25T22:20:01.363+0000] {processor.py:830} INFO - Processing file /opt/airflow/dags/tasks/get_movies.py for tasks to queue
[2024-06-25T22:20:01.363+0000] {logging_mixin.py:188} INFO - [2024-06-25T22:20:01.363+0000] {dagbag.py:545} INFO - Filling up the DagBag from /opt/airflow/dags/tasks/get_movies.py
[2024-06-25T22:20:01.371+0000] {processor.py:842} WARNING - No viable dags retrieved from /opt/airflow/dags/tasks/get_movies.py
[2024-06-25T22:20:01.380+0000] {processor.py:183} INFO - Processing /opt/airflow/dags/tasks/get_movies.py took 0.021 seconds
[2024-06-25T22:20:31.545+0000] {processor.py:161} INFO - Started process (PID=1076) to work on /opt/airflow/dags/tasks/get_movies.py
[2024-06-25T22:20:31.545+0000] {processor.py:830} INFO - Processing file /opt/airflow/dags/tasks/get_movies.py for tasks to queue
[2024-06-25T22:20:31.546+0000] {logging_mixin.py:188} INFO - [2024-06-25T22:20:31.546+0000] {dagbag.py:545} INFO - Filling up the DagBag from /opt/airflow/dags/tasks/get_movies.py
[2024-06-25T22:20:31.553+0000] {processor.py:842} WARNING - No viable dags retrieved from /opt/airflow/dags/tasks/get_movies.py
[2024-06-25T22:20:31.562+0000] {processor.py:183} INFO - Processing /opt/airflow/dags/tasks/get_movies.py took 0.021 seconds
[2024-06-25T22:21:01.693+0000] {processor.py:161} INFO - Started process (PID=1092) to work on /opt/airflow/dags/tasks/get_movies.py
[2024-06-25T22:21:01.694+0000] {processor.py:830} INFO - Processing file /opt/airflow/dags/tasks/get_movies.py for tasks to queue
[2024-06-25T22:21:01.696+0000] {logging_mixin.py:188} INFO - [2024-06-25T22:21:01.695+0000] {dagbag.py:545} INFO - Filling up the DagBag from /opt/airflow/dags/tasks/get_movies.py
[2024-06-25T22:21:01.708+0000] {processor.py:842} WARNING - No viable dags retrieved from /opt/airflow/dags/tasks/get_movies.py
[2024-06-25T22:21:01.717+0000] {processor.py:183} INFO - Processing /opt/airflow/dags/tasks/get_movies.py took 0.027 seconds
[2024-06-25T22:21:31.890+0000] {processor.py:161} INFO - Started process (PID=1115) to work on /opt/airflow/dags/tasks/get_movies.py
[2024-06-25T22:21:31.891+0000] {processor.py:830} INFO - Processing file /opt/airflow/dags/tasks/get_movies.py for tasks to queue
[2024-06-25T22:21:31.892+0000] {logging_mixin.py:188} INFO - [2024-06-25T22:21:31.891+0000] {dagbag.py:545} INFO - Filling up the DagBag from /opt/airflow/dags/tasks/get_movies.py
[2024-06-25T22:21:31.898+0000] {processor.py:842} WARNING - No viable dags retrieved from /opt/airflow/dags/tasks/get_movies.py
[2024-06-25T22:21:31.908+0000] {processor.py:183} INFO - Processing /opt/airflow/dags/tasks/get_movies.py took 0.021 seconds
[2024-06-25T22:22:02.055+0000] {processor.py:161} INFO - Started process (PID=1138) to work on /opt/airflow/dags/tasks/get_movies.py
[2024-06-25T22:22:02.056+0000] {processor.py:830} INFO - Processing file /opt/airflow/dags/tasks/get_movies.py for tasks to queue
[2024-06-25T22:22:02.057+0000] {logging_mixin.py:188} INFO - [2024-06-25T22:22:02.057+0000] {dagbag.py:545} INFO - Filling up the DagBag from /opt/airflow/dags/tasks/get_movies.py
[2024-06-25T22:22:02.066+0000] {processor.py:842} WARNING - No viable dags retrieved from /opt/airflow/dags/tasks/get_movies.py
[2024-06-25T22:22:02.076+0000] {processor.py:183} INFO - Processing /opt/airflow/dags/tasks/get_movies.py took 0.025 seconds
[2024-06-25T22:22:32.227+0000] {processor.py:161} INFO - Started process (PID=1154) to work on /opt/airflow/dags/tasks/get_movies.py
[2024-06-25T22:22:32.228+0000] {processor.py:830} INFO - Processing file /opt/airflow/dags/tasks/get_movies.py for tasks to queue
[2024-06-25T22:22:32.229+0000] {logging_mixin.py:188} INFO - [2024-06-25T22:22:32.228+0000] {dagbag.py:545} INFO - Filling up the DagBag from /opt/airflow/dags/tasks/get_movies.py
[2024-06-25T22:22:32.235+0000] {processor.py:842} WARNING - No viable dags retrieved from /opt/airflow/dags/tasks/get_movies.py
[2024-06-25T22:22:32.244+0000] {processor.py:183} INFO - Processing /opt/airflow/dags/tasks/get_movies.py took 0.020 seconds
[2024-06-25T22:23:02.400+0000] {processor.py:161} INFO - Started process (PID=1177) to work on /opt/airflow/dags/tasks/get_movies.py
[2024-06-25T22:23:02.401+0000] {processor.py:830} INFO - Processing file /opt/airflow/dags/tasks/get_movies.py for tasks to queue
[2024-06-25T22:23:02.401+0000] {logging_mixin.py:188} INFO - [2024-06-25T22:23:02.401+0000] {dagbag.py:545} INFO - Filling up the DagBag from /opt/airflow/dags/tasks/get_movies.py
[2024-06-25T22:23:02.411+0000] {processor.py:842} WARNING - No viable dags retrieved from /opt/airflow/dags/tasks/get_movies.py
[2024-06-25T22:23:02.420+0000] {processor.py:183} INFO - Processing /opt/airflow/dags/tasks/get_movies.py took 0.024 seconds
[2024-06-25T22:23:32.615+0000] {processor.py:161} INFO - Started process (PID=1193) to work on /opt/airflow/dags/tasks/get_movies.py
[2024-06-25T22:23:32.616+0000] {processor.py:830} INFO - Processing file /opt/airflow/dags/tasks/get_movies.py for tasks to queue
[2024-06-25T22:23:32.617+0000] {logging_mixin.py:188} INFO - [2024-06-25T22:23:32.617+0000] {dagbag.py:545} INFO - Filling up the DagBag from /opt/airflow/dags/tasks/get_movies.py
[2024-06-25T22:23:32.629+0000] {processor.py:842} WARNING - No viable dags retrieved from /opt/airflow/dags/tasks/get_movies.py
[2024-06-25T22:23:32.639+0000] {processor.py:183} INFO - Processing /opt/airflow/dags/tasks/get_movies.py took 0.028 seconds
[2024-06-25T22:24:02.847+0000] {processor.py:161} INFO - Started process (PID=1216) to work on /opt/airflow/dags/tasks/get_movies.py
[2024-06-25T22:24:02.848+0000] {processor.py:830} INFO - Processing file /opt/airflow/dags/tasks/get_movies.py for tasks to queue
[2024-06-25T22:24:02.849+0000] {logging_mixin.py:188} INFO - [2024-06-25T22:24:02.849+0000] {dagbag.py:545} INFO - Filling up the DagBag from /opt/airflow/dags/tasks/get_movies.py
[2024-06-25T22:24:02.856+0000] {processor.py:842} WARNING - No viable dags retrieved from /opt/airflow/dags/tasks/get_movies.py
[2024-06-25T22:24:02.864+0000] {processor.py:183} INFO - Processing /opt/airflow/dags/tasks/get_movies.py took 0.020 seconds
[2024-06-25T22:24:33.014+0000] {processor.py:161} INFO - Started process (PID=1239) to work on /opt/airflow/dags/tasks/get_movies.py
[2024-06-25T22:24:33.014+0000] {processor.py:830} INFO - Processing file /opt/airflow/dags/tasks/get_movies.py for tasks to queue
[2024-06-25T22:24:33.015+0000] {logging_mixin.py:188} INFO - [2024-06-25T22:24:33.015+0000] {dagbag.py:545} INFO - Filling up the DagBag from /opt/airflow/dags/tasks/get_movies.py
[2024-06-25T22:24:33.022+0000] {processor.py:842} WARNING - No viable dags retrieved from /opt/airflow/dags/tasks/get_movies.py
[2024-06-25T22:24:33.030+0000] {processor.py:183} INFO - Processing /opt/airflow/dags/tasks/get_movies.py took 0.020 seconds
[2024-06-25T22:25:03.193+0000] {processor.py:161} INFO - Started process (PID=1256) to work on /opt/airflow/dags/tasks/get_movies.py
[2024-06-25T22:25:03.193+0000] {processor.py:830} INFO - Processing file /opt/airflow/dags/tasks/get_movies.py for tasks to queue
[2024-06-25T22:25:03.194+0000] {logging_mixin.py:188} INFO - [2024-06-25T22:25:03.194+0000] {dagbag.py:545} INFO - Filling up the DagBag from /opt/airflow/dags/tasks/get_movies.py
[2024-06-25T22:25:03.203+0000] {processor.py:842} WARNING - No viable dags retrieved from /opt/airflow/dags/tasks/get_movies.py
[2024-06-25T22:25:03.212+0000] {processor.py:183} INFO - Processing /opt/airflow/dags/tasks/get_movies.py took 0.023 seconds
[2024-06-25T22:25:33.353+0000] {processor.py:161} INFO - Started process (PID=1279) to work on /opt/airflow/dags/tasks/get_movies.py
[2024-06-25T22:25:33.354+0000] {processor.py:830} INFO - Processing file /opt/airflow/dags/tasks/get_movies.py for tasks to queue
[2024-06-25T22:25:33.355+0000] {logging_mixin.py:188} INFO - [2024-06-25T22:25:33.354+0000] {dagbag.py:545} INFO - Filling up the DagBag from /opt/airflow/dags/tasks/get_movies.py
[2024-06-25T22:25:33.361+0000] {processor.py:842} WARNING - No viable dags retrieved from /opt/airflow/dags/tasks/get_movies.py
[2024-06-25T22:25:33.370+0000] {processor.py:183} INFO - Processing /opt/airflow/dags/tasks/get_movies.py took 0.020 seconds
[2024-06-25T22:26:03.602+0000] {processor.py:161} INFO - Started process (PID=1295) to work on /opt/airflow/dags/tasks/get_movies.py
[2024-06-25T22:26:03.603+0000] {processor.py:830} INFO - Processing file /opt/airflow/dags/tasks/get_movies.py for tasks to queue
[2024-06-25T22:26:03.604+0000] {logging_mixin.py:188} INFO - [2024-06-25T22:26:03.603+0000] {dagbag.py:545} INFO - Filling up the DagBag from /opt/airflow/dags/tasks/get_movies.py
[2024-06-25T22:26:03.615+0000] {processor.py:842} WARNING - No viable dags retrieved from /opt/airflow/dags/tasks/get_movies.py
[2024-06-25T22:26:03.624+0000] {processor.py:183} INFO - Processing /opt/airflow/dags/tasks/get_movies.py took 0.025 seconds
[2024-06-25T22:26:33.768+0000] {processor.py:161} INFO - Started process (PID=1318) to work on /opt/airflow/dags/tasks/get_movies.py
[2024-06-25T22:26:33.769+0000] {processor.py:830} INFO - Processing file /opt/airflow/dags/tasks/get_movies.py for tasks to queue
[2024-06-25T22:26:33.769+0000] {logging_mixin.py:188} INFO - [2024-06-25T22:26:33.769+0000] {dagbag.py:545} INFO - Filling up the DagBag from /opt/airflow/dags/tasks/get_movies.py
[2024-06-25T22:26:33.776+0000] {processor.py:842} WARNING - No viable dags retrieved from /opt/airflow/dags/tasks/get_movies.py
[2024-06-25T22:26:33.785+0000] {processor.py:183} INFO - Processing /opt/airflow/dags/tasks/get_movies.py took 0.020 seconds
[2024-06-25T22:27:03.975+0000] {processor.py:161} INFO - Started process (PID=1341) to work on /opt/airflow/dags/tasks/get_movies.py
[2024-06-25T22:27:03.976+0000] {processor.py:830} INFO - Processing file /opt/airflow/dags/tasks/get_movies.py for tasks to queue
[2024-06-25T22:27:03.977+0000] {logging_mixin.py:188} INFO - [2024-06-25T22:27:03.977+0000] {dagbag.py:545} INFO - Filling up the DagBag from /opt/airflow/dags/tasks/get_movies.py
[2024-06-25T22:27:03.983+0000] {processor.py:842} WARNING - No viable dags retrieved from /opt/airflow/dags/tasks/get_movies.py
[2024-06-25T22:27:03.993+0000] {processor.py:183} INFO - Processing /opt/airflow/dags/tasks/get_movies.py took 0.021 seconds
[2024-06-25T22:27:34.133+0000] {processor.py:161} INFO - Started process (PID=1357) to work on /opt/airflow/dags/tasks/get_movies.py
[2024-06-25T22:27:34.133+0000] {processor.py:830} INFO - Processing file /opt/airflow/dags/tasks/get_movies.py for tasks to queue
[2024-06-25T22:27:34.134+0000] {logging_mixin.py:188} INFO - [2024-06-25T22:27:34.134+0000] {dagbag.py:545} INFO - Filling up the DagBag from /opt/airflow/dags/tasks/get_movies.py
[2024-06-25T22:27:34.141+0000] {processor.py:842} WARNING - No viable dags retrieved from /opt/airflow/dags/tasks/get_movies.py
[2024-06-25T22:27:34.150+0000] {processor.py:183} INFO - Processing /opt/airflow/dags/tasks/get_movies.py took 0.020 seconds
[2024-06-25T22:28:04.300+0000] {processor.py:161} INFO - Started process (PID=1380) to work on /opt/airflow/dags/tasks/get_movies.py
[2024-06-25T22:28:04.300+0000] {processor.py:830} INFO - Processing file /opt/airflow/dags/tasks/get_movies.py for tasks to queue
[2024-06-25T22:28:04.301+0000] {logging_mixin.py:188} INFO - [2024-06-25T22:28:04.301+0000] {dagbag.py:545} INFO - Filling up the DagBag from /opt/airflow/dags/tasks/get_movies.py
[2024-06-25T22:28:04.308+0000] {processor.py:842} WARNING - No viable dags retrieved from /opt/airflow/dags/tasks/get_movies.py
[2024-06-25T22:28:04.316+0000] {processor.py:183} INFO - Processing /opt/airflow/dags/tasks/get_movies.py took 0.020 seconds
[2024-06-25T22:28:34.502+0000] {processor.py:161} INFO - Started process (PID=1397) to work on /opt/airflow/dags/tasks/get_movies.py
[2024-06-25T22:28:34.503+0000] {processor.py:830} INFO - Processing file /opt/airflow/dags/tasks/get_movies.py for tasks to queue
[2024-06-25T22:28:34.503+0000] {logging_mixin.py:188} INFO - [2024-06-25T22:28:34.503+0000] {dagbag.py:545} INFO - Filling up the DagBag from /opt/airflow/dags/tasks/get_movies.py
[2024-06-25T22:28:34.510+0000] {processor.py:842} WARNING - No viable dags retrieved from /opt/airflow/dags/tasks/get_movies.py
[2024-06-25T22:28:34.519+0000] {processor.py:183} INFO - Processing /opt/airflow/dags/tasks/get_movies.py took 0.021 seconds
[2024-06-25T22:29:04.703+0000] {processor.py:161} INFO - Started process (PID=1419) to work on /opt/airflow/dags/tasks/get_movies.py
[2024-06-25T22:29:04.703+0000] {processor.py:830} INFO - Processing file /opt/airflow/dags/tasks/get_movies.py for tasks to queue
[2024-06-25T22:29:04.704+0000] {logging_mixin.py:188} INFO - [2024-06-25T22:29:04.704+0000] {dagbag.py:545} INFO - Filling up the DagBag from /opt/airflow/dags/tasks/get_movies.py
[2024-06-25T22:29:04.711+0000] {processor.py:842} WARNING - No viable dags retrieved from /opt/airflow/dags/tasks/get_movies.py
[2024-06-25T22:29:04.720+0000] {processor.py:183} INFO - Processing /opt/airflow/dags/tasks/get_movies.py took 0.021 seconds
[2024-06-25T22:29:34.916+0000] {processor.py:161} INFO - Started process (PID=1442) to work on /opt/airflow/dags/tasks/get_movies.py
[2024-06-25T22:29:34.917+0000] {processor.py:830} INFO - Processing file /opt/airflow/dags/tasks/get_movies.py for tasks to queue
[2024-06-25T22:29:34.917+0000] {logging_mixin.py:188} INFO - [2024-06-25T22:29:34.917+0000] {dagbag.py:545} INFO - Filling up the DagBag from /opt/airflow/dags/tasks/get_movies.py
[2024-06-25T22:29:34.927+0000] {processor.py:842} WARNING - No viable dags retrieved from /opt/airflow/dags/tasks/get_movies.py
[2024-06-25T22:29:34.937+0000] {processor.py:183} INFO - Processing /opt/airflow/dags/tasks/get_movies.py took 0.024 seconds
[2024-06-25T22:30:05.097+0000] {processor.py:161} INFO - Started process (PID=1458) to work on /opt/airflow/dags/tasks/get_movies.py
[2024-06-25T22:30:05.098+0000] {processor.py:830} INFO - Processing file /opt/airflow/dags/tasks/get_movies.py for tasks to queue
[2024-06-25T22:30:05.099+0000] {logging_mixin.py:188} INFO - [2024-06-25T22:30:05.098+0000] {dagbag.py:545} INFO - Filling up the DagBag from /opt/airflow/dags/tasks/get_movies.py
[2024-06-25T22:30:05.112+0000] {processor.py:842} WARNING - No viable dags retrieved from /opt/airflow/dags/tasks/get_movies.py
[2024-06-25T22:30:05.121+0000] {processor.py:183} INFO - Processing /opt/airflow/dags/tasks/get_movies.py took 0.027 seconds
[2024-06-25T22:30:35.306+0000] {processor.py:161} INFO - Started process (PID=1481) to work on /opt/airflow/dags/tasks/get_movies.py
[2024-06-25T22:30:35.307+0000] {processor.py:830} INFO - Processing file /opt/airflow/dags/tasks/get_movies.py for tasks to queue
[2024-06-25T22:30:35.308+0000] {logging_mixin.py:188} INFO - [2024-06-25T22:30:35.307+0000] {dagbag.py:545} INFO - Filling up the DagBag from /opt/airflow/dags/tasks/get_movies.py
[2024-06-25T22:30:35.315+0000] {processor.py:842} WARNING - No viable dags retrieved from /opt/airflow/dags/tasks/get_movies.py
[2024-06-25T22:30:35.324+0000] {processor.py:183} INFO - Processing /opt/airflow/dags/tasks/get_movies.py took 0.021 seconds
[2024-06-25T22:31:05.482+0000] {processor.py:161} INFO - Started process (PID=1497) to work on /opt/airflow/dags/tasks/get_movies.py
[2024-06-25T22:31:05.483+0000] {processor.py:830} INFO - Processing file /opt/airflow/dags/tasks/get_movies.py for tasks to queue
[2024-06-25T22:31:05.483+0000] {logging_mixin.py:188} INFO - [2024-06-25T22:31:05.483+0000] {dagbag.py:545} INFO - Filling up the DagBag from /opt/airflow/dags/tasks/get_movies.py
[2024-06-25T22:31:05.490+0000] {processor.py:842} WARNING - No viable dags retrieved from /opt/airflow/dags/tasks/get_movies.py
[2024-06-25T22:31:05.499+0000] {processor.py:183} INFO - Processing /opt/airflow/dags/tasks/get_movies.py took 0.021 seconds
[2024-06-25T22:31:35.724+0000] {processor.py:161} INFO - Started process (PID=1520) to work on /opt/airflow/dags/tasks/get_movies.py
[2024-06-25T22:31:35.725+0000] {processor.py:830} INFO - Processing file /opt/airflow/dags/tasks/get_movies.py for tasks to queue
[2024-06-25T22:31:35.725+0000] {logging_mixin.py:188} INFO - [2024-06-25T22:31:35.725+0000] {dagbag.py:545} INFO - Filling up the DagBag from /opt/airflow/dags/tasks/get_movies.py
[2024-06-25T22:31:35.734+0000] {processor.py:842} WARNING - No viable dags retrieved from /opt/airflow/dags/tasks/get_movies.py
[2024-06-25T22:31:35.744+0000] {processor.py:183} INFO - Processing /opt/airflow/dags/tasks/get_movies.py took 0.023 seconds
[2024-06-25T22:32:05.916+0000] {processor.py:161} INFO - Started process (PID=1543) to work on /opt/airflow/dags/tasks/get_movies.py
[2024-06-25T22:32:05.917+0000] {processor.py:830} INFO - Processing file /opt/airflow/dags/tasks/get_movies.py for tasks to queue
[2024-06-25T22:32:05.918+0000] {logging_mixin.py:188} INFO - [2024-06-25T22:32:05.918+0000] {dagbag.py:545} INFO - Filling up the DagBag from /opt/airflow/dags/tasks/get_movies.py
[2024-06-25T22:32:05.932+0000] {processor.py:842} WARNING - No viable dags retrieved from /opt/airflow/dags/tasks/get_movies.py
[2024-06-25T22:32:05.941+0000] {processor.py:183} INFO - Processing /opt/airflow/dags/tasks/get_movies.py took 0.028 seconds
[2024-06-25T22:32:36.087+0000] {processor.py:161} INFO - Started process (PID=1559) to work on /opt/airflow/dags/tasks/get_movies.py
[2024-06-25T22:32:36.088+0000] {processor.py:830} INFO - Processing file /opt/airflow/dags/tasks/get_movies.py for tasks to queue
[2024-06-25T22:32:36.088+0000] {logging_mixin.py:188} INFO - [2024-06-25T22:32:36.088+0000] {dagbag.py:545} INFO - Filling up the DagBag from /opt/airflow/dags/tasks/get_movies.py
[2024-06-25T22:32:36.095+0000] {processor.py:842} WARNING - No viable dags retrieved from /opt/airflow/dags/tasks/get_movies.py
[2024-06-25T22:32:36.103+0000] {processor.py:183} INFO - Processing /opt/airflow/dags/tasks/get_movies.py took 0.020 seconds
[2024-06-25T22:33:06.287+0000] {processor.py:161} INFO - Started process (PID=1582) to work on /opt/airflow/dags/tasks/get_movies.py
[2024-06-25T22:33:06.288+0000] {processor.py:830} INFO - Processing file /opt/airflow/dags/tasks/get_movies.py for tasks to queue
[2024-06-25T22:33:06.289+0000] {logging_mixin.py:188} INFO - [2024-06-25T22:33:06.288+0000] {dagbag.py:545} INFO - Filling up the DagBag from /opt/airflow/dags/tasks/get_movies.py
[2024-06-25T22:33:06.297+0000] {processor.py:842} WARNING - No viable dags retrieved from /opt/airflow/dags/tasks/get_movies.py
[2024-06-25T22:33:06.306+0000] {processor.py:183} INFO - Processing /opt/airflow/dags/tasks/get_movies.py took 0.023 seconds
[2024-06-25T22:33:36.449+0000] {processor.py:161} INFO - Started process (PID=1605) to work on /opt/airflow/dags/tasks/get_movies.py
[2024-06-25T22:33:36.450+0000] {processor.py:830} INFO - Processing file /opt/airflow/dags/tasks/get_movies.py for tasks to queue
[2024-06-25T22:33:36.451+0000] {logging_mixin.py:188} INFO - [2024-06-25T22:33:36.450+0000] {dagbag.py:545} INFO - Filling up the DagBag from /opt/airflow/dags/tasks/get_movies.py
[2024-06-25T22:33:36.457+0000] {processor.py:842} WARNING - No viable dags retrieved from /opt/airflow/dags/tasks/get_movies.py
[2024-06-25T22:33:36.466+0000] {processor.py:183} INFO - Processing /opt/airflow/dags/tasks/get_movies.py took 0.021 seconds
[2024-06-25T22:34:06.637+0000] {processor.py:161} INFO - Started process (PID=1621) to work on /opt/airflow/dags/tasks/get_movies.py
[2024-06-25T22:34:06.643+0000] {processor.py:830} INFO - Processing file /opt/airflow/dags/tasks/get_movies.py for tasks to queue
[2024-06-25T22:34:06.643+0000] {logging_mixin.py:188} INFO - [2024-06-25T22:34:06.643+0000] {dagbag.py:545} INFO - Filling up the DagBag from /opt/airflow/dags/tasks/get_movies.py
[2024-06-25T22:34:06.651+0000] {processor.py:842} WARNING - No viable dags retrieved from /opt/airflow/dags/tasks/get_movies.py
[2024-06-25T22:34:06.660+0000] {processor.py:183} INFO - Processing /opt/airflow/dags/tasks/get_movies.py took 0.026 seconds
[2024-06-25T22:34:36.813+0000] {processor.py:161} INFO - Started process (PID=1644) to work on /opt/airflow/dags/tasks/get_movies.py
[2024-06-25T22:34:36.814+0000] {processor.py:830} INFO - Processing file /opt/airflow/dags/tasks/get_movies.py for tasks to queue
[2024-06-25T22:34:36.815+0000] {logging_mixin.py:188} INFO - [2024-06-25T22:34:36.815+0000] {dagbag.py:545} INFO - Filling up the DagBag from /opt/airflow/dags/tasks/get_movies.py
[2024-06-25T22:34:36.845+0000] {processor.py:842} WARNING - No viable dags retrieved from /opt/airflow/dags/tasks/get_movies.py
[2024-06-25T22:34:36.858+0000] {processor.py:183} INFO - Processing /opt/airflow/dags/tasks/get_movies.py took 0.049 seconds
[2024-06-25T22:35:07.008+0000] {processor.py:161} INFO - Started process (PID=1660) to work on /opt/airflow/dags/tasks/get_movies.py
[2024-06-25T22:35:07.008+0000] {processor.py:830} INFO - Processing file /opt/airflow/dags/tasks/get_movies.py for tasks to queue
[2024-06-25T22:35:07.009+0000] {logging_mixin.py:188} INFO - [2024-06-25T22:35:07.009+0000] {dagbag.py:545} INFO - Filling up the DagBag from /opt/airflow/dags/tasks/get_movies.py
[2024-06-25T22:35:07.016+0000] {processor.py:842} WARNING - No viable dags retrieved from /opt/airflow/dags/tasks/get_movies.py
[2024-06-25T22:35:07.026+0000] {processor.py:183} INFO - Processing /opt/airflow/dags/tasks/get_movies.py took 0.022 seconds
[2024-06-25T22:35:37.228+0000] {processor.py:161} INFO - Started process (PID=1683) to work on /opt/airflow/dags/tasks/get_movies.py
[2024-06-25T22:35:37.228+0000] {processor.py:830} INFO - Processing file /opt/airflow/dags/tasks/get_movies.py for tasks to queue
[2024-06-25T22:35:37.229+0000] {logging_mixin.py:188} INFO - [2024-06-25T22:35:37.229+0000] {dagbag.py:545} INFO - Filling up the DagBag from /opt/airflow/dags/tasks/get_movies.py
[2024-06-25T22:35:37.237+0000] {processor.py:842} WARNING - No viable dags retrieved from /opt/airflow/dags/tasks/get_movies.py
[2024-06-25T22:35:37.247+0000] {processor.py:183} INFO - Processing /opt/airflow/dags/tasks/get_movies.py took 0.022 seconds
[2024-06-25T22:36:07.393+0000] {processor.py:161} INFO - Started process (PID=1706) to work on /opt/airflow/dags/tasks/get_movies.py
[2024-06-25T22:36:07.394+0000] {processor.py:830} INFO - Processing file /opt/airflow/dags/tasks/get_movies.py for tasks to queue
[2024-06-25T22:36:07.395+0000] {logging_mixin.py:188} INFO - [2024-06-25T22:36:07.395+0000] {dagbag.py:545} INFO - Filling up the DagBag from /opt/airflow/dags/tasks/get_movies.py
[2024-06-25T22:36:07.401+0000] {processor.py:842} WARNING - No viable dags retrieved from /opt/airflow/dags/tasks/get_movies.py
[2024-06-25T22:36:07.411+0000] {processor.py:183} INFO - Processing /opt/airflow/dags/tasks/get_movies.py took 0.022 seconds
[2024-06-25T22:36:37.553+0000] {processor.py:161} INFO - Started process (PID=1721) to work on /opt/airflow/dags/tasks/get_movies.py
[2024-06-25T22:36:37.554+0000] {processor.py:830} INFO - Processing file /opt/airflow/dags/tasks/get_movies.py for tasks to queue
[2024-06-25T22:36:37.564+0000] {logging_mixin.py:188} INFO - [2024-06-25T22:36:37.564+0000] {dagbag.py:545} INFO - Filling up the DagBag from /opt/airflow/dags/tasks/get_movies.py
[2024-06-25T22:36:37.571+0000] {processor.py:842} WARNING - No viable dags retrieved from /opt/airflow/dags/tasks/get_movies.py
[2024-06-25T22:36:37.579+0000] {processor.py:183} INFO - Processing /opt/airflow/dags/tasks/get_movies.py took 0.030 seconds
[2024-06-25T22:37:07.727+0000] {processor.py:161} INFO - Started process (PID=1744) to work on /opt/airflow/dags/tasks/get_movies.py
[2024-06-25T22:37:07.727+0000] {processor.py:830} INFO - Processing file /opt/airflow/dags/tasks/get_movies.py for tasks to queue
[2024-06-25T22:37:07.728+0000] {logging_mixin.py:188} INFO - [2024-06-25T22:37:07.728+0000] {dagbag.py:545} INFO - Filling up the DagBag from /opt/airflow/dags/tasks/get_movies.py
[2024-06-25T22:37:07.735+0000] {processor.py:842} WARNING - No viable dags retrieved from /opt/airflow/dags/tasks/get_movies.py
[2024-06-25T22:37:07.743+0000] {processor.py:183} INFO - Processing /opt/airflow/dags/tasks/get_movies.py took 0.020 seconds
[2024-06-25T22:37:37.910+0000] {processor.py:161} INFO - Started process (PID=1760) to work on /opt/airflow/dags/tasks/get_movies.py
[2024-06-25T22:37:37.910+0000] {processor.py:830} INFO - Processing file /opt/airflow/dags/tasks/get_movies.py for tasks to queue
[2024-06-25T22:37:37.911+0000] {logging_mixin.py:188} INFO - [2024-06-25T22:37:37.911+0000] {dagbag.py:545} INFO - Filling up the DagBag from /opt/airflow/dags/tasks/get_movies.py
[2024-06-25T22:37:37.917+0000] {processor.py:842} WARNING - No viable dags retrieved from /opt/airflow/dags/tasks/get_movies.py
[2024-06-25T22:37:37.926+0000] {processor.py:183} INFO - Processing /opt/airflow/dags/tasks/get_movies.py took 0.020 seconds
[2024-06-25T22:38:08.087+0000] {processor.py:161} INFO - Started process (PID=1783) to work on /opt/airflow/dags/tasks/get_movies.py
[2024-06-25T22:38:08.088+0000] {processor.py:830} INFO - Processing file /opt/airflow/dags/tasks/get_movies.py for tasks to queue
[2024-06-25T22:38:08.089+0000] {logging_mixin.py:188} INFO - [2024-06-25T22:38:08.089+0000] {dagbag.py:545} INFO - Filling up the DagBag from /opt/airflow/dags/tasks/get_movies.py
[2024-06-25T22:38:08.096+0000] {processor.py:842} WARNING - No viable dags retrieved from /opt/airflow/dags/tasks/get_movies.py
[2024-06-25T22:38:08.105+0000] {processor.py:183} INFO - Processing /opt/airflow/dags/tasks/get_movies.py took 0.022 seconds
[2024-06-25T22:38:38.273+0000] {processor.py:161} INFO - Started process (PID=1806) to work on /opt/airflow/dags/tasks/get_movies.py
[2024-06-25T22:38:38.274+0000] {processor.py:830} INFO - Processing file /opt/airflow/dags/tasks/get_movies.py for tasks to queue
[2024-06-25T22:38:38.275+0000] {logging_mixin.py:188} INFO - [2024-06-25T22:38:38.274+0000] {dagbag.py:545} INFO - Filling up the DagBag from /opt/airflow/dags/tasks/get_movies.py
[2024-06-25T22:38:38.289+0000] {processor.py:842} WARNING - No viable dags retrieved from /opt/airflow/dags/tasks/get_movies.py
[2024-06-25T22:38:38.297+0000] {processor.py:183} INFO - Processing /opt/airflow/dags/tasks/get_movies.py took 0.027 seconds
[2024-06-25T22:39:08.501+0000] {processor.py:161} INFO - Started process (PID=1822) to work on /opt/airflow/dags/tasks/get_movies.py
[2024-06-25T22:39:08.504+0000] {processor.py:830} INFO - Processing file /opt/airflow/dags/tasks/get_movies.py for tasks to queue
[2024-06-25T22:39:08.505+0000] {logging_mixin.py:188} INFO - [2024-06-25T22:39:08.505+0000] {dagbag.py:545} INFO - Filling up the DagBag from /opt/airflow/dags/tasks/get_movies.py
[2024-06-25T22:39:08.512+0000] {processor.py:842} WARNING - No viable dags retrieved from /opt/airflow/dags/tasks/get_movies.py
[2024-06-25T22:39:08.521+0000] {processor.py:183} INFO - Processing /opt/airflow/dags/tasks/get_movies.py took 0.023 seconds
[2024-06-25T22:39:38.667+0000] {processor.py:161} INFO - Started process (PID=1845) to work on /opt/airflow/dags/tasks/get_movies.py
[2024-06-25T22:39:38.668+0000] {processor.py:830} INFO - Processing file /opt/airflow/dags/tasks/get_movies.py for tasks to queue
[2024-06-25T22:39:38.668+0000] {logging_mixin.py:188} INFO - [2024-06-25T22:39:38.668+0000] {dagbag.py:545} INFO - Filling up the DagBag from /opt/airflow/dags/tasks/get_movies.py
[2024-06-25T22:39:38.675+0000] {processor.py:842} WARNING - No viable dags retrieved from /opt/airflow/dags/tasks/get_movies.py
[2024-06-25T22:39:38.683+0000] {processor.py:183} INFO - Processing /opt/airflow/dags/tasks/get_movies.py took 0.020 seconds
[2024-06-25T22:40:08.844+0000] {processor.py:161} INFO - Started process (PID=1861) to work on /opt/airflow/dags/tasks/get_movies.py
[2024-06-25T22:40:08.844+0000] {processor.py:830} INFO - Processing file /opt/airflow/dags/tasks/get_movies.py for tasks to queue
[2024-06-25T22:40:08.845+0000] {logging_mixin.py:188} INFO - [2024-06-25T22:40:08.845+0000] {dagbag.py:545} INFO - Filling up the DagBag from /opt/airflow/dags/tasks/get_movies.py
[2024-06-25T22:40:08.858+0000] {processor.py:842} WARNING - No viable dags retrieved from /opt/airflow/dags/tasks/get_movies.py
[2024-06-25T22:40:08.870+0000] {processor.py:183} INFO - Processing /opt/airflow/dags/tasks/get_movies.py took 0.031 seconds
[2024-06-25T22:40:39.026+0000] {processor.py:161} INFO - Started process (PID=1885) to work on /opt/airflow/dags/tasks/get_movies.py
[2024-06-25T22:40:39.026+0000] {processor.py:830} INFO - Processing file /opt/airflow/dags/tasks/get_movies.py for tasks to queue
[2024-06-25T22:40:39.027+0000] {logging_mixin.py:188} INFO - [2024-06-25T22:40:39.027+0000] {dagbag.py:545} INFO - Filling up the DagBag from /opt/airflow/dags/tasks/get_movies.py
[2024-06-25T22:40:39.034+0000] {processor.py:842} WARNING - No viable dags retrieved from /opt/airflow/dags/tasks/get_movies.py
[2024-06-25T22:40:39.042+0000] {processor.py:183} INFO - Processing /opt/airflow/dags/tasks/get_movies.py took 0.020 seconds
[2024-06-25T22:41:09.204+0000] {processor.py:161} INFO - Started process (PID=1908) to work on /opt/airflow/dags/tasks/get_movies.py
[2024-06-25T22:41:09.205+0000] {processor.py:830} INFO - Processing file /opt/airflow/dags/tasks/get_movies.py for tasks to queue
[2024-06-25T22:41:09.205+0000] {logging_mixin.py:188} INFO - [2024-06-25T22:41:09.205+0000] {dagbag.py:545} INFO - Filling up the DagBag from /opt/airflow/dags/tasks/get_movies.py
[2024-06-25T22:41:09.213+0000] {processor.py:842} WARNING - No viable dags retrieved from /opt/airflow/dags/tasks/get_movies.py
[2024-06-25T22:41:09.222+0000] {processor.py:183} INFO - Processing /opt/airflow/dags/tasks/get_movies.py took 0.022 seconds
[2024-06-25T22:41:39.368+0000] {processor.py:161} INFO - Started process (PID=1924) to work on /opt/airflow/dags/tasks/get_movies.py
[2024-06-25T22:41:39.369+0000] {processor.py:830} INFO - Processing file /opt/airflow/dags/tasks/get_movies.py for tasks to queue
[2024-06-25T22:41:39.369+0000] {logging_mixin.py:188} INFO - [2024-06-25T22:41:39.369+0000] {dagbag.py:545} INFO - Filling up the DagBag from /opt/airflow/dags/tasks/get_movies.py
[2024-06-25T22:41:39.377+0000] {processor.py:842} WARNING - No viable dags retrieved from /opt/airflow/dags/tasks/get_movies.py
[2024-06-25T22:41:39.387+0000] {processor.py:183} INFO - Processing /opt/airflow/dags/tasks/get_movies.py took 0.023 seconds
[2024-06-25T22:42:09.528+0000] {processor.py:161} INFO - Started process (PID=1947) to work on /opt/airflow/dags/tasks/get_movies.py
[2024-06-25T22:42:09.529+0000] {processor.py:830} INFO - Processing file /opt/airflow/dags/tasks/get_movies.py for tasks to queue
[2024-06-25T22:42:09.529+0000] {logging_mixin.py:188} INFO - [2024-06-25T22:42:09.529+0000] {dagbag.py:545} INFO - Filling up the DagBag from /opt/airflow/dags/tasks/get_movies.py
[2024-06-25T22:42:09.540+0000] {processor.py:842} WARNING - No viable dags retrieved from /opt/airflow/dags/tasks/get_movies.py
[2024-06-25T22:42:09.549+0000] {processor.py:183} INFO - Processing /opt/airflow/dags/tasks/get_movies.py took 0.024 seconds
[2024-06-25T22:42:39.726+0000] {processor.py:161} INFO - Started process (PID=1963) to work on /opt/airflow/dags/tasks/get_movies.py
[2024-06-25T22:42:39.727+0000] {processor.py:830} INFO - Processing file /opt/airflow/dags/tasks/get_movies.py for tasks to queue
[2024-06-25T22:42:39.728+0000] {logging_mixin.py:188} INFO - [2024-06-25T22:42:39.727+0000] {dagbag.py:545} INFO - Filling up the DagBag from /opt/airflow/dags/tasks/get_movies.py
[2024-06-25T22:42:39.745+0000] {processor.py:842} WARNING - No viable dags retrieved from /opt/airflow/dags/tasks/get_movies.py
[2024-06-25T22:42:39.758+0000] {processor.py:183} INFO - Processing /opt/airflow/dags/tasks/get_movies.py took 0.035 seconds
[2024-06-25T22:43:09.962+0000] {processor.py:161} INFO - Started process (PID=1988) to work on /opt/airflow/dags/tasks/get_movies.py
[2024-06-25T22:43:09.963+0000] {processor.py:830} INFO - Processing file /opt/airflow/dags/tasks/get_movies.py for tasks to queue
[2024-06-25T22:43:09.963+0000] {logging_mixin.py:188} INFO - [2024-06-25T22:43:09.963+0000] {dagbag.py:545} INFO - Filling up the DagBag from /opt/airflow/dags/tasks/get_movies.py
[2024-06-25T22:43:09.973+0000] {processor.py:842} WARNING - No viable dags retrieved from /opt/airflow/dags/tasks/get_movies.py
[2024-06-25T22:43:09.983+0000] {processor.py:183} INFO - Processing /opt/airflow/dags/tasks/get_movies.py took 0.025 seconds
[2024-06-25T22:43:40.121+0000] {processor.py:161} INFO - Started process (PID=2011) to work on /opt/airflow/dags/tasks/get_movies.py
[2024-06-25T22:43:40.121+0000] {processor.py:830} INFO - Processing file /opt/airflow/dags/tasks/get_movies.py for tasks to queue
[2024-06-25T22:43:40.122+0000] {logging_mixin.py:188} INFO - [2024-06-25T22:43:40.122+0000] {dagbag.py:545} INFO - Filling up the DagBag from /opt/airflow/dags/tasks/get_movies.py
[2024-06-25T22:43:40.129+0000] {processor.py:842} WARNING - No viable dags retrieved from /opt/airflow/dags/tasks/get_movies.py
[2024-06-25T22:43:40.137+0000] {processor.py:183} INFO - Processing /opt/airflow/dags/tasks/get_movies.py took 0.020 seconds
[2024-06-25T22:44:10.340+0000] {processor.py:161} INFO - Started process (PID=2027) to work on /opt/airflow/dags/tasks/get_movies.py
[2024-06-25T22:44:10.340+0000] {processor.py:830} INFO - Processing file /opt/airflow/dags/tasks/get_movies.py for tasks to queue
[2024-06-25T22:44:10.341+0000] {logging_mixin.py:188} INFO - [2024-06-25T22:44:10.340+0000] {dagbag.py:545} INFO - Filling up the DagBag from /opt/airflow/dags/tasks/get_movies.py
[2024-06-25T22:44:10.348+0000] {processor.py:842} WARNING - No viable dags retrieved from /opt/airflow/dags/tasks/get_movies.py
[2024-06-25T22:44:10.356+0000] {processor.py:183} INFO - Processing /opt/airflow/dags/tasks/get_movies.py took 0.020 seconds
[2024-06-25T22:44:40.535+0000] {processor.py:161} INFO - Started process (PID=2050) to work on /opt/airflow/dags/tasks/get_movies.py
[2024-06-25T22:44:40.536+0000] {processor.py:830} INFO - Processing file /opt/airflow/dags/tasks/get_movies.py for tasks to queue
[2024-06-25T22:44:40.536+0000] {logging_mixin.py:188} INFO - [2024-06-25T22:44:40.536+0000] {dagbag.py:545} INFO - Filling up the DagBag from /opt/airflow/dags/tasks/get_movies.py
[2024-06-25T22:44:40.543+0000] {processor.py:842} WARNING - No viable dags retrieved from /opt/airflow/dags/tasks/get_movies.py
[2024-06-25T22:44:40.551+0000] {processor.py:183} INFO - Processing /opt/airflow/dags/tasks/get_movies.py took 0.019 seconds
[2024-06-25T22:45:10.687+0000] {processor.py:161} INFO - Started process (PID=2064) to work on /opt/airflow/dags/tasks/get_movies.py
[2024-06-25T22:45:10.687+0000] {processor.py:830} INFO - Processing file /opt/airflow/dags/tasks/get_movies.py for tasks to queue
[2024-06-25T22:45:10.688+0000] {logging_mixin.py:188} INFO - [2024-06-25T22:45:10.688+0000] {dagbag.py:545} INFO - Filling up the DagBag from /opt/airflow/dags/tasks/get_movies.py
[2024-06-25T22:45:10.697+0000] {processor.py:842} WARNING - No viable dags retrieved from /opt/airflow/dags/tasks/get_movies.py
[2024-06-25T22:45:10.709+0000] {processor.py:183} INFO - Processing /opt/airflow/dags/tasks/get_movies.py took 0.026 seconds
[2024-06-25T22:45:40.864+0000] {processor.py:161} INFO - Started process (PID=2087) to work on /opt/airflow/dags/tasks/get_movies.py
[2024-06-25T22:45:40.865+0000] {processor.py:830} INFO - Processing file /opt/airflow/dags/tasks/get_movies.py for tasks to queue
[2024-06-25T22:45:40.865+0000] {logging_mixin.py:188} INFO - [2024-06-25T22:45:40.865+0000] {dagbag.py:545} INFO - Filling up the DagBag from /opt/airflow/dags/tasks/get_movies.py
[2024-06-25T22:45:40.872+0000] {processor.py:842} WARNING - No viable dags retrieved from /opt/airflow/dags/tasks/get_movies.py
[2024-06-25T22:45:40.880+0000] {processor.py:183} INFO - Processing /opt/airflow/dags/tasks/get_movies.py took 0.019 seconds
[2024-06-25T22:46:11.062+0000] {processor.py:161} INFO - Started process (PID=2110) to work on /opt/airflow/dags/tasks/get_movies.py
[2024-06-25T22:46:11.063+0000] {processor.py:830} INFO - Processing file /opt/airflow/dags/tasks/get_movies.py for tasks to queue
[2024-06-25T22:46:11.063+0000] {logging_mixin.py:188} INFO - [2024-06-25T22:46:11.063+0000] {dagbag.py:545} INFO - Filling up the DagBag from /opt/airflow/dags/tasks/get_movies.py
[2024-06-25T22:46:11.070+0000] {processor.py:842} WARNING - No viable dags retrieved from /opt/airflow/dags/tasks/get_movies.py
[2024-06-25T22:46:11.079+0000] {processor.py:183} INFO - Processing /opt/airflow/dags/tasks/get_movies.py took 0.021 seconds
[2024-06-25T22:46:41.234+0000] {processor.py:161} INFO - Started process (PID=2126) to work on /opt/airflow/dags/tasks/get_movies.py
[2024-06-25T22:46:41.235+0000] {processor.py:830} INFO - Processing file /opt/airflow/dags/tasks/get_movies.py for tasks to queue
[2024-06-25T22:46:41.235+0000] {logging_mixin.py:188} INFO - [2024-06-25T22:46:41.235+0000] {dagbag.py:545} INFO - Filling up the DagBag from /opt/airflow/dags/tasks/get_movies.py
[2024-06-25T22:46:41.242+0000] {processor.py:842} WARNING - No viable dags retrieved from /opt/airflow/dags/tasks/get_movies.py
[2024-06-25T22:46:41.250+0000] {processor.py:183} INFO - Processing /opt/airflow/dags/tasks/get_movies.py took 0.019 seconds
[2024-06-25T22:47:11.412+0000] {processor.py:161} INFO - Started process (PID=2149) to work on /opt/airflow/dags/tasks/get_movies.py
[2024-06-25T22:47:11.412+0000] {processor.py:830} INFO - Processing file /opt/airflow/dags/tasks/get_movies.py for tasks to queue
[2024-06-25T22:47:11.413+0000] {logging_mixin.py:188} INFO - [2024-06-25T22:47:11.413+0000] {dagbag.py:545} INFO - Filling up the DagBag from /opt/airflow/dags/tasks/get_movies.py
[2024-06-25T22:47:11.424+0000] {processor.py:842} WARNING - No viable dags retrieved from /opt/airflow/dags/tasks/get_movies.py
[2024-06-25T22:47:11.433+0000] {processor.py:183} INFO - Processing /opt/airflow/dags/tasks/get_movies.py took 0.025 seconds
[2024-06-25T22:47:41.564+0000] {processor.py:161} INFO - Started process (PID=2165) to work on /opt/airflow/dags/tasks/get_movies.py
[2024-06-25T22:47:41.565+0000] {processor.py:830} INFO - Processing file /opt/airflow/dags/tasks/get_movies.py for tasks to queue
[2024-06-25T22:47:41.565+0000] {logging_mixin.py:188} INFO - [2024-06-25T22:47:41.565+0000] {dagbag.py:545} INFO - Filling up the DagBag from /opt/airflow/dags/tasks/get_movies.py
[2024-06-25T22:47:41.571+0000] {processor.py:842} WARNING - No viable dags retrieved from /opt/airflow/dags/tasks/get_movies.py
[2024-06-25T22:47:41.579+0000] {processor.py:183} INFO - Processing /opt/airflow/dags/tasks/get_movies.py took 0.019 seconds
[2024-06-25T22:48:11.763+0000] {processor.py:161} INFO - Started process (PID=2187) to work on /opt/airflow/dags/tasks/get_movies.py
[2024-06-25T22:48:11.766+0000] {processor.py:830} INFO - Processing file /opt/airflow/dags/tasks/get_movies.py for tasks to queue
[2024-06-25T22:48:11.767+0000] {logging_mixin.py:188} INFO - [2024-06-25T22:48:11.766+0000] {dagbag.py:545} INFO - Filling up the DagBag from /opt/airflow/dags/tasks/get_movies.py
[2024-06-25T22:48:11.785+0000] {processor.py:842} WARNING - No viable dags retrieved from /opt/airflow/dags/tasks/get_movies.py
[2024-06-25T22:48:11.795+0000] {processor.py:183} INFO - Processing /opt/airflow/dags/tasks/get_movies.py took 0.035 seconds
[2024-06-25T22:48:41.941+0000] {processor.py:161} INFO - Started process (PID=2210) to work on /opt/airflow/dags/tasks/get_movies.py
[2024-06-25T22:48:41.942+0000] {processor.py:830} INFO - Processing file /opt/airflow/dags/tasks/get_movies.py for tasks to queue
[2024-06-25T22:48:41.942+0000] {logging_mixin.py:188} INFO - [2024-06-25T22:48:41.942+0000] {dagbag.py:545} INFO - Filling up the DagBag from /opt/airflow/dags/tasks/get_movies.py
[2024-06-25T22:48:41.952+0000] {processor.py:842} WARNING - No viable dags retrieved from /opt/airflow/dags/tasks/get_movies.py
[2024-06-25T22:48:41.962+0000] {processor.py:183} INFO - Processing /opt/airflow/dags/tasks/get_movies.py took 0.025 seconds
[2024-06-25T22:49:12.174+0000] {processor.py:161} INFO - Started process (PID=2226) to work on /opt/airflow/dags/tasks/get_movies.py
[2024-06-25T22:49:12.174+0000] {processor.py:830} INFO - Processing file /opt/airflow/dags/tasks/get_movies.py for tasks to queue
[2024-06-25T22:49:12.175+0000] {logging_mixin.py:188} INFO - [2024-06-25T22:49:12.175+0000] {dagbag.py:545} INFO - Filling up the DagBag from /opt/airflow/dags/tasks/get_movies.py
[2024-06-25T22:49:12.182+0000] {processor.py:842} WARNING - No viable dags retrieved from /opt/airflow/dags/tasks/get_movies.py
[2024-06-25T22:49:12.191+0000] {processor.py:183} INFO - Processing /opt/airflow/dags/tasks/get_movies.py took 0.020 seconds
[2024-06-25T22:49:42.361+0000] {processor.py:161} INFO - Started process (PID=2249) to work on /opt/airflow/dags/tasks/get_movies.py
[2024-06-25T22:49:42.362+0000] {processor.py:830} INFO - Processing file /opt/airflow/dags/tasks/get_movies.py for tasks to queue
[2024-06-25T22:49:42.362+0000] {logging_mixin.py:188} INFO - [2024-06-25T22:49:42.362+0000] {dagbag.py:545} INFO - Filling up the DagBag from /opt/airflow/dags/tasks/get_movies.py
[2024-06-25T22:49:42.369+0000] {processor.py:842} WARNING - No viable dags retrieved from /opt/airflow/dags/tasks/get_movies.py
[2024-06-25T22:49:42.378+0000] {processor.py:183} INFO - Processing /opt/airflow/dags/tasks/get_movies.py took 0.020 seconds
[2024-06-25T22:50:12.581+0000] {processor.py:161} INFO - Started process (PID=2271) to work on /opt/airflow/dags/tasks/get_movies.py
[2024-06-25T22:50:12.581+0000] {processor.py:830} INFO - Processing file /opt/airflow/dags/tasks/get_movies.py for tasks to queue
[2024-06-25T22:50:12.582+0000] {logging_mixin.py:188} INFO - [2024-06-25T22:50:12.582+0000] {dagbag.py:545} INFO - Filling up the DagBag from /opt/airflow/dags/tasks/get_movies.py
[2024-06-25T22:50:12.589+0000] {processor.py:842} WARNING - No viable dags retrieved from /opt/airflow/dags/tasks/get_movies.py
[2024-06-25T22:50:12.597+0000] {processor.py:183} INFO - Processing /opt/airflow/dags/tasks/get_movies.py took 0.019 seconds
[2024-06-25T22:50:42.796+0000] {processor.py:161} INFO - Started process (PID=2287) to work on /opt/airflow/dags/tasks/get_movies.py
[2024-06-25T22:50:42.796+0000] {processor.py:830} INFO - Processing file /opt/airflow/dags/tasks/get_movies.py for tasks to queue
[2024-06-25T22:50:42.797+0000] {logging_mixin.py:188} INFO - [2024-06-25T22:50:42.797+0000] {dagbag.py:545} INFO - Filling up the DagBag from /opt/airflow/dags/tasks/get_movies.py
[2024-06-25T22:50:42.804+0000] {processor.py:842} WARNING - No viable dags retrieved from /opt/airflow/dags/tasks/get_movies.py
[2024-06-25T22:50:42.812+0000] {processor.py:183} INFO - Processing /opt/airflow/dags/tasks/get_movies.py took 0.020 seconds
[2024-06-25T22:51:12.964+0000] {processor.py:161} INFO - Started process (PID=2310) to work on /opt/airflow/dags/tasks/get_movies.py
[2024-06-25T22:51:12.964+0000] {processor.py:830} INFO - Processing file /opt/airflow/dags/tasks/get_movies.py for tasks to queue
[2024-06-25T22:51:12.965+0000] {logging_mixin.py:188} INFO - [2024-06-25T22:51:12.965+0000] {dagbag.py:545} INFO - Filling up the DagBag from /opt/airflow/dags/tasks/get_movies.py
[2024-06-25T22:51:12.971+0000] {processor.py:842} WARNING - No viable dags retrieved from /opt/airflow/dags/tasks/get_movies.py
[2024-06-25T22:51:12.980+0000] {processor.py:183} INFO - Processing /opt/airflow/dags/tasks/get_movies.py took 0.019 seconds
[2024-06-25T22:51:43.145+0000] {processor.py:161} INFO - Started process (PID=2326) to work on /opt/airflow/dags/tasks/get_movies.py
[2024-06-25T22:51:43.145+0000] {processor.py:830} INFO - Processing file /opt/airflow/dags/tasks/get_movies.py for tasks to queue
[2024-06-25T22:51:43.146+0000] {logging_mixin.py:188} INFO - [2024-06-25T22:51:43.146+0000] {dagbag.py:545} INFO - Filling up the DagBag from /opt/airflow/dags/tasks/get_movies.py
[2024-06-25T22:51:43.156+0000] {processor.py:842} WARNING - No viable dags retrieved from /opt/airflow/dags/tasks/get_movies.py
[2024-06-25T22:51:43.165+0000] {processor.py:183} INFO - Processing /opt/airflow/dags/tasks/get_movies.py took 0.024 seconds
[2024-06-25T22:52:13.333+0000] {processor.py:161} INFO - Started process (PID=2349) to work on /opt/airflow/dags/tasks/get_movies.py
[2024-06-25T22:52:13.333+0000] {processor.py:830} INFO - Processing file /opt/airflow/dags/tasks/get_movies.py for tasks to queue
[2024-06-25T22:52:13.334+0000] {logging_mixin.py:188} INFO - [2024-06-25T22:52:13.334+0000] {dagbag.py:545} INFO - Filling up the DagBag from /opt/airflow/dags/tasks/get_movies.py
[2024-06-25T22:52:13.349+0000] {processor.py:842} WARNING - No viable dags retrieved from /opt/airflow/dags/tasks/get_movies.py
[2024-06-25T22:52:13.358+0000] {processor.py:183} INFO - Processing /opt/airflow/dags/tasks/get_movies.py took 0.028 seconds
[2024-06-25T22:52:43.517+0000] {processor.py:161} INFO - Started process (PID=2373) to work on /opt/airflow/dags/tasks/get_movies.py
[2024-06-25T22:52:43.518+0000] {processor.py:830} INFO - Processing file /opt/airflow/dags/tasks/get_movies.py for tasks to queue
[2024-06-25T22:52:43.519+0000] {logging_mixin.py:188} INFO - [2024-06-25T22:52:43.518+0000] {dagbag.py:545} INFO - Filling up the DagBag from /opt/airflow/dags/tasks/get_movies.py
[2024-06-25T22:52:43.525+0000] {processor.py:842} WARNING - No viable dags retrieved from /opt/airflow/dags/tasks/get_movies.py
[2024-06-25T22:52:43.535+0000] {processor.py:183} INFO - Processing /opt/airflow/dags/tasks/get_movies.py took 0.021 seconds
[2024-06-25T22:53:13.684+0000] {processor.py:161} INFO - Started process (PID=2389) to work on /opt/airflow/dags/tasks/get_movies.py
[2024-06-25T22:53:13.685+0000] {processor.py:830} INFO - Processing file /opt/airflow/dags/tasks/get_movies.py for tasks to queue
[2024-06-25T22:53:13.685+0000] {logging_mixin.py:188} INFO - [2024-06-25T22:53:13.685+0000] {dagbag.py:545} INFO - Filling up the DagBag from /opt/airflow/dags/tasks/get_movies.py
[2024-06-25T22:53:13.692+0000] {processor.py:842} WARNING - No viable dags retrieved from /opt/airflow/dags/tasks/get_movies.py
[2024-06-25T22:53:13.700+0000] {processor.py:183} INFO - Processing /opt/airflow/dags/tasks/get_movies.py took 0.020 seconds
[2024-06-25T22:53:43.858+0000] {processor.py:161} INFO - Started process (PID=2412) to work on /opt/airflow/dags/tasks/get_movies.py
[2024-06-25T22:53:43.859+0000] {processor.py:830} INFO - Processing file /opt/airflow/dags/tasks/get_movies.py for tasks to queue
[2024-06-25T22:53:43.859+0000] {logging_mixin.py:188} INFO - [2024-06-25T22:53:43.859+0000] {dagbag.py:545} INFO - Filling up the DagBag from /opt/airflow/dags/tasks/get_movies.py
[2024-06-25T22:53:43.868+0000] {processor.py:842} WARNING - No viable dags retrieved from /opt/airflow/dags/tasks/get_movies.py
[2024-06-25T22:53:43.878+0000] {processor.py:183} INFO - Processing /opt/airflow/dags/tasks/get_movies.py took 0.024 seconds
[2024-06-25T22:54:14.080+0000] {processor.py:161} INFO - Started process (PID=2428) to work on /opt/airflow/dags/tasks/get_movies.py
[2024-06-25T22:54:14.080+0000] {processor.py:830} INFO - Processing file /opt/airflow/dags/tasks/get_movies.py for tasks to queue
[2024-06-25T22:54:14.081+0000] {logging_mixin.py:188} INFO - [2024-06-25T22:54:14.081+0000] {dagbag.py:545} INFO - Filling up the DagBag from /opt/airflow/dags/tasks/get_movies.py
[2024-06-25T22:54:14.087+0000] {processor.py:842} WARNING - No viable dags retrieved from /opt/airflow/dags/tasks/get_movies.py
[2024-06-25T22:54:14.097+0000] {processor.py:183} INFO - Processing /opt/airflow/dags/tasks/get_movies.py took 0.020 seconds
[2024-06-25T22:54:44.249+0000] {processor.py:161} INFO - Started process (PID=2449) to work on /opt/airflow/dags/tasks/get_movies.py
[2024-06-25T22:54:44.249+0000] {processor.py:830} INFO - Processing file /opt/airflow/dags/tasks/get_movies.py for tasks to queue
[2024-06-25T22:54:44.250+0000] {logging_mixin.py:188} INFO - [2024-06-25T22:54:44.250+0000] {dagbag.py:545} INFO - Filling up the DagBag from /opt/airflow/dags/tasks/get_movies.py
[2024-06-25T22:54:44.256+0000] {processor.py:842} WARNING - No viable dags retrieved from /opt/airflow/dags/tasks/get_movies.py
[2024-06-25T22:54:44.265+0000] {processor.py:183} INFO - Processing /opt/airflow/dags/tasks/get_movies.py took 0.020 seconds
[2024-06-25T22:55:14.412+0000] {processor.py:161} INFO - Started process (PID=2472) to work on /opt/airflow/dags/tasks/get_movies.py
[2024-06-25T22:55:14.413+0000] {processor.py:830} INFO - Processing file /opt/airflow/dags/tasks/get_movies.py for tasks to queue
[2024-06-25T22:55:14.414+0000] {logging_mixin.py:188} INFO - [2024-06-25T22:55:14.414+0000] {dagbag.py:545} INFO - Filling up the DagBag from /opt/airflow/dags/tasks/get_movies.py
[2024-06-25T22:55:14.421+0000] {processor.py:842} WARNING - No viable dags retrieved from /opt/airflow/dags/tasks/get_movies.py
[2024-06-25T22:55:14.432+0000] {processor.py:183} INFO - Processing /opt/airflow/dags/tasks/get_movies.py took 0.023 seconds
[2024-06-25T22:55:44.664+0000] {processor.py:161} INFO - Started process (PID=2488) to work on /opt/airflow/dags/tasks/get_movies.py
[2024-06-25T22:55:44.664+0000] {processor.py:830} INFO - Processing file /opt/airflow/dags/tasks/get_movies.py for tasks to queue
[2024-06-25T22:55:44.669+0000] {logging_mixin.py:188} INFO - [2024-06-25T22:55:44.669+0000] {dagbag.py:545} INFO - Filling up the DagBag from /opt/airflow/dags/tasks/get_movies.py
[2024-06-25T22:55:44.678+0000] {processor.py:842} WARNING - No viable dags retrieved from /opt/airflow/dags/tasks/get_movies.py
[2024-06-25T22:55:44.687+0000] {processor.py:183} INFO - Processing /opt/airflow/dags/tasks/get_movies.py took 0.027 seconds
[2024-06-25T22:56:14.824+0000] {processor.py:161} INFO - Started process (PID=2511) to work on /opt/airflow/dags/tasks/get_movies.py
[2024-06-25T22:56:14.824+0000] {processor.py:830} INFO - Processing file /opt/airflow/dags/tasks/get_movies.py for tasks to queue
[2024-06-25T22:56:14.825+0000] {logging_mixin.py:188} INFO - [2024-06-25T22:56:14.824+0000] {dagbag.py:545} INFO - Filling up the DagBag from /opt/airflow/dags/tasks/get_movies.py
[2024-06-25T22:56:14.831+0000] {processor.py:842} WARNING - No viable dags retrieved from /opt/airflow/dags/tasks/get_movies.py
[2024-06-25T22:56:14.840+0000] {processor.py:183} INFO - Processing /opt/airflow/dags/tasks/get_movies.py took 0.019 seconds
[2024-06-25T22:56:45.053+0000] {processor.py:161} INFO - Started process (PID=2527) to work on /opt/airflow/dags/tasks/get_movies.py
[2024-06-25T22:56:45.054+0000] {processor.py:830} INFO - Processing file /opt/airflow/dags/tasks/get_movies.py for tasks to queue
[2024-06-25T22:56:45.054+0000] {logging_mixin.py:188} INFO - [2024-06-25T22:56:45.054+0000] {dagbag.py:545} INFO - Filling up the DagBag from /opt/airflow/dags/tasks/get_movies.py
[2024-06-25T22:56:45.061+0000] {processor.py:842} WARNING - No viable dags retrieved from /opt/airflow/dags/tasks/get_movies.py
[2024-06-25T22:56:45.075+0000] {processor.py:183} INFO - Processing /opt/airflow/dags/tasks/get_movies.py took 0.025 seconds
[2024-06-25T22:57:15.238+0000] {processor.py:161} INFO - Started process (PID=2550) to work on /opt/airflow/dags/tasks/get_movies.py
[2024-06-25T22:57:15.239+0000] {processor.py:830} INFO - Processing file /opt/airflow/dags/tasks/get_movies.py for tasks to queue
[2024-06-25T22:57:15.239+0000] {logging_mixin.py:188} INFO - [2024-06-25T22:57:15.239+0000] {dagbag.py:545} INFO - Filling up the DagBag from /opt/airflow/dags/tasks/get_movies.py
[2024-06-25T22:57:15.246+0000] {processor.py:842} WARNING - No viable dags retrieved from /opt/airflow/dags/tasks/get_movies.py
[2024-06-25T22:57:15.255+0000] {processor.py:183} INFO - Processing /opt/airflow/dags/tasks/get_movies.py took 0.021 seconds
[2024-06-25T22:57:45.404+0000] {processor.py:161} INFO - Started process (PID=2573) to work on /opt/airflow/dags/tasks/get_movies.py
[2024-06-25T22:57:45.405+0000] {processor.py:830} INFO - Processing file /opt/airflow/dags/tasks/get_movies.py for tasks to queue
[2024-06-25T22:57:45.406+0000] {logging_mixin.py:188} INFO - [2024-06-25T22:57:45.405+0000] {dagbag.py:545} INFO - Filling up the DagBag from /opt/airflow/dags/tasks/get_movies.py
[2024-06-25T22:57:45.412+0000] {processor.py:842} WARNING - No viable dags retrieved from /opt/airflow/dags/tasks/get_movies.py
[2024-06-25T22:57:45.420+0000] {processor.py:183} INFO - Processing /opt/airflow/dags/tasks/get_movies.py took 0.019 seconds
