[2024-07-01T01:15:13.269+0000] {local_task_job_runner.py:120} INFO - ::group::Pre task execution logs
[2024-07-01T01:15:13.283+0000] {taskinstance.py:2076} INFO - Dependencies all met for dep_context=non-requeueable deps ti=<TaskInstance: create_movie_dataset_v41.start_dag scheduled__2024-07-01T01:00:00+00:00 [queued]>
[2024-07-01T01:15:13.290+0000] {taskinstance.py:2076} INFO - Dependencies all met for dep_context=requeueable deps ti=<TaskInstance: create_movie_dataset_v41.start_dag scheduled__2024-07-01T01:00:00+00:00 [queued]>
[2024-07-01T01:15:13.290+0000] {taskinstance.py:2306} INFO - Starting attempt 1 of 2
[2024-07-01T01:15:13.300+0000] {taskinstance.py:2330} INFO - Executing <Task(ShortCircuitOperator): start_dag> on 2024-07-01 01:00:00+00:00
[2024-07-01T01:15:13.304+0000] {warnings.py:110} WARNING - /home/airflow/.local/lib/python3.12/site-packages/airflow/task/task_runner/standard_task_runner.py:61: DeprecationWarning: This process (pid=71) is multi-threaded, use of fork() may lead to deadlocks in the child.
  pid = os.fork()

[2024-07-01T01:15:13.306+0000] {standard_task_runner.py:90} INFO - Running: ['airflow', 'tasks', 'run', 'create_movie_dataset_v41', 'start_dag', 'scheduled__2024-07-01T01:00:00+00:00', '--job-id', '713', '--raw', '--subdir', 'DAGS_FOLDER/etl.py', '--cfg-path', '/tmp/tmpnhd3rxjs']
[2024-07-01T01:15:13.311+0000] {standard_task_runner.py:63} INFO - Started process 74 to run task
[2024-07-01T01:15:13.312+0000] {standard_task_runner.py:91} INFO - Job 713: Subtask start_dag
[2024-07-01T01:15:13.353+0000] {task_command.py:426} INFO - Running <TaskInstance: create_movie_dataset_v41.start_dag scheduled__2024-07-01T01:00:00+00:00 [running]> on host c5db54028fc7
[2024-07-01T01:15:13.422+0000] {taskinstance.py:2648} INFO - Exporting env vars: AIRFLOW_CTX_DAG_OWNER='airflow' AIRFLOW_CTX_DAG_ID='create_movie_dataset_v41' AIRFLOW_CTX_TASK_ID='start_dag' AIRFLOW_CTX_EXECUTION_DATE='2024-07-01T01:00:00+00:00' AIRFLOW_CTX_TRY_NUMBER='1' AIRFLOW_CTX_DAG_RUN_ID='scheduled__2024-07-01T01:00:00+00:00'
[2024-07-01T01:15:13.423+0000] {taskinstance.py:430} INFO - ::endgroup::
[2024-07-01T01:15:13.439+0000] {baseoperator.py:399} WARNING - ShortCircuitOperator.execute cannot be called outside TaskInstance!
[2024-07-01T01:15:13.450+0000] {python.py:237} INFO - Done. Returned value was: True
[2024-07-01T01:15:13.450+0000] {python.py:304} INFO - Condition result is True
[2024-07-01T01:15:13.451+0000] {python.py:307} INFO - Proceeding with downstream tasks...
[2024-07-01T01:15:13.451+0000] {taskinstance.py:441} INFO - ::group::Post task execution logs
[2024-07-01T01:15:13.467+0000] {taskinstance.py:1206} INFO - Marking task as SUCCESS. dag_id=create_movie_dataset_v41, task_id=start_dag, run_id=scheduled__2024-07-01T01:00:00+00:00, execution_date=20240701T010000, start_date=20240701T011513, end_date=20240701T011513
[2024-07-01T01:15:13.485+0000] {local_task_job_runner.py:240} INFO - Task exited with return code 0
[2024-07-01T01:15:13.493+0000] {warnings.py:110} WARNING - /home/airflow/.local/lib/python3.12/site-packages/airflow/models/baseoperator.py:1296: AirflowProviderDeprecationWarning: Call to deprecated class PostgresOperator. (Please use `airflow.providers.common.sql.operators.sql.SQLExecuteQueryOperator`.Also, you can provide `hook_params={'schema': <database>}`.)
  result = cls.__new__(cls)

[2024-07-01T01:15:13.506+0000] {taskinstance.py:3498} INFO - 1 downstream tasks scheduled from follow-on schedule check
[2024-07-01T01:15:13.509+0000] {local_task_job_runner.py:222} INFO - ::endgroup::
