[2024-07-09T04:45:23.181+0000] {local_task_job_runner.py:120} INFO - ::group::Pre task execution logs
[2024-07-09T04:45:23.191+0000] {taskinstance.py:2076} INFO - Dependencies all met for dep_context=non-requeueable deps ti=<TaskInstance: create_movie_dataset_v47.create_bucket scheduled__2024-07-09T04:30:00+00:00 [queued]>
[2024-07-09T04:45:23.195+0000] {taskinstance.py:2076} INFO - Dependencies all met for dep_context=requeueable deps ti=<TaskInstance: create_movie_dataset_v47.create_bucket scheduled__2024-07-09T04:30:00+00:00 [queued]>
[2024-07-09T04:45:23.196+0000] {taskinstance.py:2306} INFO - Starting attempt 1 of 2
[2024-07-09T04:45:23.204+0000] {taskinstance.py:2330} INFO - Executing <Task(PythonOperator): create_bucket> on 2024-07-09 04:30:00+00:00
[2024-07-09T04:45:23.208+0000] {warnings.py:110} WARNING - /home/airflow/.local/lib/python3.12/site-packages/airflow/task/task_runner/standard_task_runner.py:61: DeprecationWarning: This process (pid=6482) is multi-threaded, use of fork() may lead to deadlocks in the child.
  pid = os.fork()

[2024-07-09T04:45:23.210+0000] {standard_task_runner.py:63} INFO - Started process 6487 to run task
[2024-07-09T04:45:23.210+0000] {standard_task_runner.py:90} INFO - Running: ['airflow', 'tasks', 'run', 'create_movie_dataset_v47', 'create_bucket', 'scheduled__2024-07-09T04:30:00+00:00', '--job-id', '58', '--raw', '--subdir', 'DAGS_FOLDER/etl.py', '--cfg-path', '/tmp/tmpsvtn15ag']
[2024-07-09T04:45:23.211+0000] {standard_task_runner.py:91} INFO - Job 58: Subtask create_bucket
[2024-07-09T04:45:23.241+0000] {task_command.py:426} INFO - Running <TaskInstance: create_movie_dataset_v47.create_bucket scheduled__2024-07-09T04:30:00+00:00 [running]> on host 5a2f4970535e
[2024-07-09T04:45:23.294+0000] {taskinstance.py:2648} INFO - Exporting env vars: AIRFLOW_CTX_DAG_OWNER='airflow' AIRFLOW_CTX_DAG_ID='create_movie_dataset_v47' AIRFLOW_CTX_TASK_ID='create_bucket' AIRFLOW_CTX_EXECUTION_DATE='2024-07-09T04:30:00+00:00' AIRFLOW_CTX_TRY_NUMBER='1' AIRFLOW_CTX_DAG_RUN_ID='scheduled__2024-07-09T04:30:00+00:00'
[2024-07-09T04:45:23.295+0000] {taskinstance.py:430} INFO - ::endgroup::
[2024-07-09T04:45:23.308+0000] {base.py:84} INFO - Using connection ID 'minio' for task execution.
[2024-07-09T04:45:23.309+0000] {connection_wrapper.py:387} INFO - AWS Connection (conn_id='minio', conn_type='aws') credentials retrieved from extra.
[2024-07-09T04:45:23.498+0000] {python.py:237} INFO - Done. Returned value was: None
[2024-07-09T04:45:23.499+0000] {taskinstance.py:441} INFO - ::group::Post task execution logs
[2024-07-09T04:45:23.505+0000] {taskinstance.py:1206} INFO - Marking task as SUCCESS. dag_id=create_movie_dataset_v47, task_id=create_bucket, run_id=scheduled__2024-07-09T04:30:00+00:00, execution_date=20240709T043000, start_date=20240709T044523, end_date=20240709T044523
[2024-07-09T04:45:23.543+0000] {local_task_job_runner.py:240} INFO - Task exited with return code 0
[2024-07-09T04:45:23.550+0000] {warnings.py:110} WARNING - /home/airflow/.local/lib/python3.12/site-packages/airflow/models/baseoperator.py:1296: AirflowProviderDeprecationWarning: Call to deprecated class PostgresOperator. (Please use `airflow.providers.common.sql.operators.sql.SQLExecuteQueryOperator`.Also, you can provide `hook_params={'schema': <database>}`.)
  result = cls.__new__(cls)

[2024-07-09T04:45:23.563+0000] {taskinstance.py:3498} INFO - 1 downstream tasks scheduled from follow-on schedule check
[2024-07-09T04:45:23.565+0000] {local_task_job_runner.py:222} INFO - ::endgroup::
