[2024-06-23T12:49:36.467+0000] {local_task_job_runner.py:120} INFO - ::group::Pre task execution logs
[2024-06-23T12:49:36.484+0000] {taskinstance.py:2076} INFO - Dependencies all met for dep_context=non-requeueable deps ti=<TaskInstance: create_table_6.end_task scheduled__2024-06-23T00:00:00+00:00 [queued]>
[2024-06-23T12:49:36.496+0000] {taskinstance.py:2076} INFO - Dependencies all met for dep_context=requeueable deps ti=<TaskInstance: create_table_6.end_task scheduled__2024-06-23T00:00:00+00:00 [queued]>
[2024-06-23T12:49:36.496+0000] {taskinstance.py:2306} INFO - Starting attempt 1 of 2
[2024-06-23T12:49:36.506+0000] {taskinstance.py:2330} INFO - Executing <Task(BashOperator): end_task> on 2024-06-23 00:00:00+00:00
[2024-06-23T12:49:36.510+0000] {warnings.py:110} WARNING - /home/airflow/.local/lib/python3.12/site-packages/airflow/task/task_runner/standard_task_runner.py:61: DeprecationWarning: This process (pid=639) is multi-threaded, use of fork() may lead to deadlocks in the child.
  pid = os.fork()

[2024-06-23T12:49:36.511+0000] {standard_task_runner.py:63} INFO - Started process 640 to run task
[2024-06-23T12:49:36.511+0000] {standard_task_runner.py:90} INFO - Running: ['airflow', 'tasks', 'run', 'create_table_6', 'end_task', 'scheduled__2024-06-23T00:00:00+00:00', '--job-id', '21', '--raw', '--subdir', 'DAGS_FOLDER/etl.py', '--cfg-path', '/tmp/tmpihomoa_7']
[2024-06-23T12:49:36.512+0000] {standard_task_runner.py:91} INFO - Job 21: Subtask end_task
[2024-06-23T12:49:36.545+0000] {task_command.py:426} INFO - Running <TaskInstance: create_table_6.end_task scheduled__2024-06-23T00:00:00+00:00 [running]> on host 20c66f50bbea
[2024-06-23T12:49:36.603+0000] {taskinstance.py:2648} INFO - Exporting env vars: AIRFLOW_CTX_DAG_OWNER='airflow' AIRFLOW_CTX_DAG_ID='create_table_6' AIRFLOW_CTX_TASK_ID='end_task' AIRFLOW_CTX_EXECUTION_DATE='2024-06-23T00:00:00+00:00' AIRFLOW_CTX_TRY_NUMBER='1' AIRFLOW_CTX_DAG_RUN_ID='scheduled__2024-06-23T00:00:00+00:00'
[2024-06-23T12:49:36.604+0000] {taskinstance.py:430} INFO - ::endgroup::
[2024-06-23T12:49:36.612+0000] {subprocess.py:63} INFO - Tmp dir root location: /tmp
[2024-06-23T12:49:36.612+0000] {subprocess.py:75} INFO - Running command: ['/usr/bin/bash', '-c', 'echo "Table created successfully!"']
[2024-06-23T12:49:36.618+0000] {subprocess.py:86} INFO - Output:
[2024-06-23T12:49:36.619+0000] {subprocess.py:93} INFO - Table created successfully!
[2024-06-23T12:49:36.619+0000] {subprocess.py:97} INFO - Command exited with return code 0
[2024-06-23T12:49:36.620+0000] {taskinstance.py:441} INFO - ::group::Post task execution logs
[2024-06-23T12:49:36.638+0000] {taskinstance.py:1206} INFO - Marking task as SUCCESS. dag_id=create_table_6, task_id=end_task, run_id=scheduled__2024-06-23T00:00:00+00:00, execution_date=20240623T000000, start_date=20240623T124936, end_date=20240623T124936
[2024-06-23T12:49:36.684+0000] {local_task_job_runner.py:240} INFO - Task exited with return code 0
[2024-06-23T12:49:36.695+0000] {taskinstance.py:3498} INFO - 0 downstream tasks scheduled from follow-on schedule check
[2024-06-23T12:49:36.698+0000] {local_task_job_runner.py:222} INFO - ::endgroup::
