[2024-06-30T05:50:07.612+0000] {local_task_job_runner.py:120} INFO - ::group::Pre task execution logs
[2024-06-30T05:50:07.625+0000] {taskinstance.py:2076} INFO - Dependencies all met for dep_context=non-requeueable deps ti=<TaskInstance: create_movie_dataset_v41.get_data_from_json scheduled__2024-06-30T05:40:00+00:00 [queued]>
[2024-06-30T05:50:07.630+0000] {taskinstance.py:2076} INFO - Dependencies all met for dep_context=requeueable deps ti=<TaskInstance: create_movie_dataset_v41.get_data_from_json scheduled__2024-06-30T05:40:00+00:00 [queued]>
[2024-06-30T05:50:07.630+0000] {taskinstance.py:2306} INFO - Starting attempt 1 of 2
[2024-06-30T05:50:07.655+0000] {taskinstance.py:2330} INFO - Executing <Task(PythonOperator): get_data_from_json> on 2024-06-30 05:40:00+00:00
[2024-06-30T05:50:07.665+0000] {warnings.py:110} WARNING - /home/airflow/.local/lib/python3.12/site-packages/airflow/task/task_runner/standard_task_runner.py:61: DeprecationWarning: This process (pid=12180) is multi-threaded, use of fork() may lead to deadlocks in the child.
  pid = os.fork()

[2024-06-30T05:50:07.667+0000] {standard_task_runner.py:63} INFO - Started process 12185 to run task
[2024-06-30T05:50:07.666+0000] {standard_task_runner.py:90} INFO - Running: ['airflow', 'tasks', 'run', 'create_movie_dataset_v41', 'get_data_from_json', 'scheduled__2024-06-30T05:40:00+00:00', '--job-id', '520', '--raw', '--subdir', 'DAGS_FOLDER/etl.py', '--cfg-path', '/tmp/tmpkkhyka37']
[2024-06-30T05:50:07.668+0000] {standard_task_runner.py:91} INFO - Job 520: Subtask get_data_from_json
[2024-06-30T05:50:07.698+0000] {task_command.py:426} INFO - Running <TaskInstance: create_movie_dataset_v41.get_data_from_json scheduled__2024-06-30T05:40:00+00:00 [running]> on host 36c0809852d0
[2024-06-30T05:50:07.758+0000] {taskinstance.py:2648} INFO - Exporting env vars: AIRFLOW_CTX_DAG_OWNER='airflow' AIRFLOW_CTX_DAG_ID='create_movie_dataset_v41' AIRFLOW_CTX_TASK_ID='get_data_from_json' AIRFLOW_CTX_EXECUTION_DATE='2024-06-30T05:40:00+00:00' AIRFLOW_CTX_TRY_NUMBER='1' AIRFLOW_CTX_DAG_RUN_ID='scheduled__2024-06-30T05:40:00+00:00'
[2024-06-30T05:50:07.759+0000] {taskinstance.py:430} INFO - ::endgroup::
[2024-06-30T05:50:07.896+0000] {python.py:237} INFO - Done. Returned value was: None
[2024-06-30T05:50:07.896+0000] {taskinstance.py:441} INFO - ::group::Post task execution logs
[2024-06-30T05:50:07.902+0000] {taskinstance.py:1206} INFO - Marking task as SUCCESS. dag_id=create_movie_dataset_v41, task_id=get_data_from_json, run_id=scheduled__2024-06-30T05:40:00+00:00, execution_date=20240630T054000, start_date=20240630T055007, end_date=20240630T055007
[2024-06-30T05:50:07.920+0000] {local_task_job_runner.py:240} INFO - Task exited with return code 0
[2024-06-30T05:50:07.927+0000] {warnings.py:110} WARNING - /home/airflow/.local/lib/python3.12/site-packages/airflow/models/baseoperator.py:1296: AirflowProviderDeprecationWarning: Call to deprecated class PostgresOperator. (Please use `airflow.providers.common.sql.operators.sql.SQLExecuteQueryOperator`.Also, you can provide `hook_params={'schema': <database>}`.)
  result = cls.__new__(cls)

[2024-06-30T05:50:07.933+0000] {taskinstance.py:3498} INFO - 1 downstream tasks scheduled from follow-on schedule check
[2024-06-30T05:50:07.936+0000] {local_task_job_runner.py:222} INFO - ::endgroup::
