[2024-06-26T05:15:35.281+0000] {local_task_job_runner.py:120} INFO - ::group::Pre task execution logs
[2024-06-26T05:15:35.295+0000] {taskinstance.py:2076} INFO - Dependencies all met for dep_context=non-requeueable deps ti=<TaskInstance: create_movie_dataset_v35.get_data_from_json scheduled__2024-06-26T04:10:00+00:00 [queued]>
[2024-06-26T05:15:35.299+0000] {taskinstance.py:2076} INFO - Dependencies all met for dep_context=requeueable deps ti=<TaskInstance: create_movie_dataset_v35.get_data_from_json scheduled__2024-06-26T04:10:00+00:00 [queued]>
[2024-06-26T05:15:35.299+0000] {taskinstance.py:2306} INFO - Starting attempt 1 of 2
[2024-06-26T05:15:35.308+0000] {taskinstance.py:2330} INFO - Executing <Task(PythonOperator): get_data_from_json> on 2024-06-26 04:10:00+00:00
[2024-06-26T05:15:35.312+0000] {warnings.py:110} WARNING - /home/airflow/.local/lib/python3.12/site-packages/airflow/task/task_runner/standard_task_runner.py:61: DeprecationWarning: This process (pid=6324) is multi-threaded, use of fork() may lead to deadlocks in the child.
  pid = os.fork()

[2024-06-26T05:15:35.313+0000] {standard_task_runner.py:63} INFO - Started process 6326 to run task
[2024-06-26T05:15:35.313+0000] {standard_task_runner.py:90} INFO - Running: ['airflow', 'tasks', 'run', 'create_movie_dataset_v35', 'get_data_from_json', 'scheduled__2024-06-26T04:10:00+00:00', '--job-id', '184', '--raw', '--subdir', 'DAGS_FOLDER/etl.py', '--cfg-path', '/tmp/tmpwg8q994p']
[2024-06-26T05:15:35.315+0000] {standard_task_runner.py:91} INFO - Job 184: Subtask get_data_from_json
[2024-06-26T05:15:35.344+0000] {task_command.py:426} INFO - Running <TaskInstance: create_movie_dataset_v35.get_data_from_json scheduled__2024-06-26T04:10:00+00:00 [running]> on host ad6ccfebc5a6
[2024-06-26T05:15:35.393+0000] {taskinstance.py:2648} INFO - Exporting env vars: AIRFLOW_CTX_DAG_OWNER='airflow' AIRFLOW_CTX_DAG_ID='create_movie_dataset_v35' AIRFLOW_CTX_TASK_ID='get_data_from_json' AIRFLOW_CTX_EXECUTION_DATE='2024-06-26T04:10:00+00:00' AIRFLOW_CTX_TRY_NUMBER='1' AIRFLOW_CTX_DAG_RUN_ID='scheduled__2024-06-26T04:10:00+00:00'
[2024-06-26T05:15:35.394+0000] {taskinstance.py:430} INFO - ::endgroup::
[2024-06-26T05:15:35.524+0000] {python.py:237} INFO - Done. Returned value was: None
[2024-06-26T05:15:35.524+0000] {taskinstance.py:441} INFO - ::group::Post task execution logs
[2024-06-26T05:15:35.530+0000] {taskinstance.py:1206} INFO - Marking task as SUCCESS. dag_id=create_movie_dataset_v35, task_id=get_data_from_json, run_id=scheduled__2024-06-26T04:10:00+00:00, execution_date=20240626T041000, start_date=20240626T051535, end_date=20240626T051535
[2024-06-26T05:15:35.566+0000] {local_task_job_runner.py:240} INFO - Task exited with return code 0
[2024-06-26T05:15:35.576+0000] {warnings.py:110} WARNING - /home/airflow/.local/lib/python3.12/site-packages/airflow/models/baseoperator.py:1296: AirflowProviderDeprecationWarning: Call to deprecated class PostgresOperator. (Please use `airflow.providers.common.sql.operators.sql.SQLExecuteQueryOperator`.Also, you can provide `hook_params={'schema': <database>}`.)
  result = cls.__new__(cls)

[2024-06-26T05:15:35.587+0000] {taskinstance.py:3498} INFO - 1 downstream tasks scheduled from follow-on schedule check
[2024-06-26T05:15:35.590+0000] {local_task_job_runner.py:222} INFO - ::endgroup::
