[2024-07-13T02:55:08.490+0000] {local_task_job_runner.py:120} INFO - ::group::Pre task execution logs
[2024-07-13T02:55:08.499+0000] {taskinstance.py:2076} INFO - Dependencies all met for dep_context=non-requeueable deps ti=<TaskInstance: model_training_v90.train_model scheduled__2024-07-13T02:50:00+00:00 [queued]>
[2024-07-13T02:55:08.504+0000] {taskinstance.py:2076} INFO - Dependencies all met for dep_context=requeueable deps ti=<TaskInstance: model_training_v90.train_model scheduled__2024-07-13T02:50:00+00:00 [queued]>
[2024-07-13T02:55:08.504+0000] {taskinstance.py:2306} INFO - Starting attempt 1 of 2
[2024-07-13T02:55:08.513+0000] {taskinstance.py:2330} INFO - Executing <Task(PythonOperator): train_model> on 2024-07-13 02:50:00+00:00
[2024-07-13T02:55:08.519+0000] {warnings.py:110} WARNING - /home/airflow/.local/lib/python3.12/site-packages/airflow/task/task_runner/standard_task_runner.py:61: DeprecationWarning: This process (pid=4951) is multi-threaded, use of fork() may lead to deadlocks in the child.
  pid = os.fork()

[2024-07-13T02:55:08.520+0000] {standard_task_runner.py:90} INFO - Running: ['airflow', 'tasks', 'run', 'model_training_v90', 'train_model', 'scheduled__2024-07-13T02:50:00+00:00', '--job-id', '476', '--raw', '--subdir', 'DAGS_FOLDER/model_training.py', '--cfg-path', '/tmp/tmp0l908jdt']
[2024-07-13T02:55:08.521+0000] {standard_task_runner.py:63} INFO - Started process 4972 to run task
[2024-07-13T02:55:08.521+0000] {standard_task_runner.py:91} INFO - Job 476: Subtask train_model
[2024-07-13T02:55:08.552+0000] {task_command.py:426} INFO - Running <TaskInstance: model_training_v90.train_model scheduled__2024-07-13T02:50:00+00:00 [running]> on host 0e0c69066946
[2024-07-13T02:55:08.607+0000] {taskinstance.py:2648} INFO - Exporting env vars: AIRFLOW_CTX_DAG_OWNER='airflow' AIRFLOW_CTX_DAG_ID='model_training_v90' AIRFLOW_CTX_TASK_ID='train_model' AIRFLOW_CTX_EXECUTION_DATE='2024-07-13T02:50:00+00:00' AIRFLOW_CTX_TRY_NUMBER='1' AIRFLOW_CTX_DAG_RUN_ID='scheduled__2024-07-13T02:50:00+00:00'
[2024-07-13T02:55:08.610+0000] {taskinstance.py:430} INFO - ::endgroup::
[2024-07-13T02:55:08.625+0000] {warnings.py:110} WARNING - /home/airflow/.local/lib/python3.12/site-packages/joblib/parallel.py:1359: UserWarning: Loky-backed parallel loops cannot be called in a multiprocessing, setting n_jobs=1
  n_jobs = self._backend.configure(n_jobs=self.n_jobs, parallel=self,

[2024-07-13T02:58:24.863+0000] {logging_mixin.py:188} INFO - Best Parameters: {'max_depth': 10, 'max_features': 7, 'min_samples_leaf': 3, 'min_samples_split': 2, 'n_estimators': 200}
[2024-07-13T02:58:24.864+0000] {logging_mixin.py:188} INFO - Best Scoring: -0.48141920521653864
[2024-07-13T02:58:25.610+0000] {base.py:84} INFO - Using connection ID 'minio' for task execution.
[2024-07-13T02:58:25.611+0000] {connection_wrapper.py:384} INFO - AWS Connection (conn_id='minio', conn_type='aws') credentials retrieved from login and password.
[2024-07-13T02:58:25.891+0000] {logging_mixin.py:188} INFO - RMSE:  0.6522853364179134
[2024-07-13T02:58:25.892+0000] {logging_mixin.py:188} INFO - MAE:  0.5233581069144143
[2024-07-13T02:58:25.892+0000] {python.py:237} INFO - Done. Returned value was: None
[2024-07-13T02:58:25.893+0000] {taskinstance.py:441} INFO - ::group::Post task execution logs
[2024-07-13T02:58:25.907+0000] {taskinstance.py:1206} INFO - Marking task as SUCCESS. dag_id=model_training_v90, task_id=train_model, run_id=scheduled__2024-07-13T02:50:00+00:00, execution_date=20240713T025000, start_date=20240713T025508, end_date=20240713T025825
[2024-07-13T02:58:25.955+0000] {local_task_job_runner.py:240} INFO - Task exited with return code 0
[2024-07-13T02:58:25.970+0000] {taskinstance.py:3498} INFO - 0 downstream tasks scheduled from follow-on schedule check
[2024-07-13T02:58:25.974+0000] {local_task_job_runner.py:222} INFO - ::endgroup::
