[2024-07-11T02:40:08.186+0000] {local_task_job_runner.py:120} INFO - ::group::Pre task execution logs
[2024-07-11T02:40:08.199+0000] {taskinstance.py:2076} INFO - Dependencies all met for dep_context=non-requeueable deps ti=<TaskInstance: create_movie_dataset_v47.get_data_from_json scheduled__2024-07-11T02:30:00+00:00 [queued]>
[2024-07-11T02:40:08.205+0000] {taskinstance.py:2076} INFO - Dependencies all met for dep_context=requeueable deps ti=<TaskInstance: create_movie_dataset_v47.get_data_from_json scheduled__2024-07-11T02:30:00+00:00 [queued]>
[2024-07-11T02:40:08.205+0000] {taskinstance.py:2306} INFO - Starting attempt 1 of 2
[2024-07-11T02:40:08.214+0000] {taskinstance.py:2330} INFO - Executing <Task(PythonOperator): get_data_from_json> on 2024-07-11 02:30:00+00:00
[2024-07-11T02:40:08.218+0000] {warnings.py:110} WARNING - /home/airflow/.local/lib/python3.12/site-packages/airflow/task/task_runner/standard_task_runner.py:61: DeprecationWarning: This process (pid=26738) is multi-threaded, use of fork() may lead to deadlocks in the child.
  pid = os.fork()

[2024-07-11T02:40:08.219+0000] {standard_task_runner.py:63} INFO - Started process 26742 to run task
[2024-07-11T02:40:08.219+0000] {standard_task_runner.py:90} INFO - Running: ['airflow', 'tasks', 'run', 'create_movie_dataset_v47', 'get_data_from_json', 'scheduled__2024-07-11T02:30:00+00:00', '--job-id', '269', '--raw', '--subdir', 'DAGS_FOLDER/etl.py', '--cfg-path', '/tmp/tmp7wc3nj2z']
[2024-07-11T02:40:08.221+0000] {standard_task_runner.py:91} INFO - Job 269: Subtask get_data_from_json
[2024-07-11T02:40:08.258+0000] {task_command.py:426} INFO - Running <TaskInstance: create_movie_dataset_v47.get_data_from_json scheduled__2024-07-11T02:30:00+00:00 [running]> on host 9211d7c5a4db
[2024-07-11T02:40:08.320+0000] {taskinstance.py:2648} INFO - Exporting env vars: AIRFLOW_CTX_DAG_OWNER='airflow' AIRFLOW_CTX_DAG_ID='create_movie_dataset_v47' AIRFLOW_CTX_TASK_ID='get_data_from_json' AIRFLOW_CTX_EXECUTION_DATE='2024-07-11T02:30:00+00:00' AIRFLOW_CTX_TRY_NUMBER='1' AIRFLOW_CTX_DAG_RUN_ID='scheduled__2024-07-11T02:30:00+00:00'
[2024-07-11T02:40:08.321+0000] {taskinstance.py:430} INFO - ::endgroup::
[2024-07-11T02:40:08.458+0000] {python.py:237} INFO - Done. Returned value was: None
[2024-07-11T02:40:08.459+0000] {taskinstance.py:441} INFO - ::group::Post task execution logs
[2024-07-11T02:40:08.466+0000] {taskinstance.py:1206} INFO - Marking task as SUCCESS. dag_id=create_movie_dataset_v47, task_id=get_data_from_json, run_id=scheduled__2024-07-11T02:30:00+00:00, execution_date=20240711T023000, start_date=20240711T024008, end_date=20240711T024008
[2024-07-11T02:40:08.513+0000] {local_task_job_runner.py:240} INFO - Task exited with return code 0
[2024-07-11T02:40:08.519+0000] {warnings.py:110} WARNING - /home/airflow/.local/lib/python3.12/site-packages/airflow/models/baseoperator.py:1296: AirflowProviderDeprecationWarning: Call to deprecated class PostgresOperator. (Please use `airflow.providers.common.sql.operators.sql.SQLExecuteQueryOperator`.Also, you can provide `hook_params={'schema': <database>}`.)
  result = cls.__new__(cls)

[2024-07-11T02:40:08.527+0000] {taskinstance.py:3498} INFO - 1 downstream tasks scheduled from follow-on schedule check
[2024-07-11T02:40:08.529+0000] {local_task_job_runner.py:222} INFO - ::endgroup::
