[2024-07-13T02:33:08.766+0000] {local_task_job_runner.py:120} INFO - ::group::Pre task execution logs
[2024-07-13T02:33:08.777+0000] {taskinstance.py:2076} INFO - Dependencies all met for dep_context=non-requeueable deps ti=<TaskInstance: model_training_v87.preprocess_data scheduled__2024-07-12T00:00:00+00:00 [queued]>
[2024-07-13T02:33:08.783+0000] {taskinstance.py:2076} INFO - Dependencies all met for dep_context=requeueable deps ti=<TaskInstance: model_training_v87.preprocess_data scheduled__2024-07-12T00:00:00+00:00 [queued]>
[2024-07-13T02:33:08.784+0000] {taskinstance.py:2306} INFO - Starting attempt 1 of 2
[2024-07-13T02:33:08.794+0000] {taskinstance.py:2330} INFO - Executing <Task(PythonOperator): preprocess_data> on 2024-07-12 00:00:00+00:00
[2024-07-13T02:33:08.800+0000] {warnings.py:110} WARNING - /home/airflow/.local/lib/python3.12/site-packages/airflow/task/task_runner/standard_task_runner.py:61: DeprecationWarning: This process (pid=1306) is multi-threaded, use of fork() may lead to deadlocks in the child.
  pid = os.fork()

[2024-07-13T02:33:08.801+0000] {standard_task_runner.py:63} INFO - Started process 1327 to run task
[2024-07-13T02:33:08.801+0000] {standard_task_runner.py:90} INFO - Running: ['airflow', 'tasks', 'run', 'model_training_v87', 'preprocess_data', 'scheduled__2024-07-12T00:00:00+00:00', '--job-id', '410', '--raw', '--subdir', 'DAGS_FOLDER/model_training.py', '--cfg-path', '/tmp/tmph49k693m']
[2024-07-13T02:33:08.802+0000] {standard_task_runner.py:91} INFO - Job 410: Subtask preprocess_data
[2024-07-13T02:33:08.834+0000] {task_command.py:426} INFO - Running <TaskInstance: model_training_v87.preprocess_data scheduled__2024-07-12T00:00:00+00:00 [running]> on host 0e0c69066946
[2024-07-13T02:33:08.887+0000] {taskinstance.py:2648} INFO - Exporting env vars: AIRFLOW_CTX_DAG_OWNER='airflow' AIRFLOW_CTX_DAG_ID='model_training_v87' AIRFLOW_CTX_TASK_ID='preprocess_data' AIRFLOW_CTX_EXECUTION_DATE='2024-07-12T00:00:00+00:00' AIRFLOW_CTX_TRY_NUMBER='1' AIRFLOW_CTX_DAG_RUN_ID='scheduled__2024-07-12T00:00:00+00:00'
[2024-07-13T02:33:08.888+0000] {taskinstance.py:430} INFO - ::endgroup::
[2024-07-13T02:33:09.318+0000] {logging_mixin.py:188} INFO - Добавлен жанр:  драма
[2024-07-13T02:33:09.321+0000] {logging_mixin.py:188} INFO - Добавлен жанр:  комедия
[2024-07-13T02:33:09.324+0000] {logging_mixin.py:188} INFO - Добавлен жанр:  криминал
[2024-07-13T02:33:09.327+0000] {logging_mixin.py:188} INFO - Добавлен жанр:  ужасы
[2024-07-13T02:33:09.330+0000] {logging_mixin.py:188} INFO - Добавлен жанр:  фантастика
[2024-07-13T02:33:09.333+0000] {logging_mixin.py:188} INFO - Добавлен жанр:  триллер
[2024-07-13T02:33:09.336+0000] {logging_mixin.py:188} INFO - Добавлен жанр:  семейный
[2024-07-13T02:33:09.339+0000] {logging_mixin.py:188} INFO - Добавлен жанр:  документальный
[2024-07-13T02:33:09.342+0000] {logging_mixin.py:188} INFO - Добавлен жанр:  биография
[2024-07-13T02:33:09.345+0000] {logging_mixin.py:188} INFO - Добавлен жанр:  боевик
[2024-07-13T02:33:09.348+0000] {logging_mixin.py:188} INFO - Добавлен жанр:  короткометражка
[2024-07-13T02:33:09.351+0000] {logging_mixin.py:188} INFO - Добавлен жанр:  детектив
[2024-07-13T02:33:09.354+0000] {logging_mixin.py:188} INFO - Добавлен жанр:  история
[2024-07-13T02:33:09.357+0000] {logging_mixin.py:188} INFO - Добавлен жанр:  мелодрама
[2024-07-13T02:33:09.360+0000] {logging_mixin.py:188} INFO - Добавлен жанр:  приключения
[2024-07-13T02:33:09.363+0000] {logging_mixin.py:188} INFO - Добавлен жанр:  музыка
[2024-07-13T02:33:09.366+0000] {logging_mixin.py:188} INFO - Добавлен жанр:  военный
[2024-07-13T02:33:09.369+0000] {logging_mixin.py:188} INFO - Добавлен жанр:  фэнтези
[2024-07-13T02:33:09.372+0000] {logging_mixin.py:188} INFO - Добавлен жанр:  мюзикл
[2024-07-13T02:33:09.375+0000] {logging_mixin.py:188} INFO - Добавлен жанр:  концерт
[2024-07-13T02:33:09.378+0000] {logging_mixin.py:188} INFO - Добавлен жанр:  спорт
[2024-07-13T02:33:09.380+0000] {logging_mixin.py:188} INFO - Добавлен жанр:  для взрослых
[2024-07-13T02:33:09.383+0000] {logging_mixin.py:188} INFO - Добавлен жанр:  детский
[2024-07-13T02:33:09.386+0000] {logging_mixin.py:188} INFO - Добавлен жанр:  реальное ТВ
[2024-07-13T02:33:09.389+0000] {logging_mixin.py:188} INFO - Добавлен жанр:  церемония
[2024-07-13T02:33:09.393+0000] {logging_mixin.py:188} INFO - Добавлен жанр:  вестерн
[2024-07-13T02:33:09.396+0000] {logging_mixin.py:188} INFO - Добавлен жанр:  игра
[2024-07-13T02:33:09.398+0000] {logging_mixin.py:188} INFO - Добавлен жанр:  новости
[2024-07-13T02:33:09.401+0000] {logging_mixin.py:188} INFO - Добавлен жанр:  фильм-нуар
[2024-07-13T02:33:09.404+0000] {logging_mixin.py:188} INFO - Добавлен жанр:  ток-шоу
[2024-07-13T02:33:09.430+0000] {logging_mixin.py:188} INFO -             id  ... ток-шоу
8108   4473748  ...       0
8169    330733  ...       0
9097   1388452  ...       0
9447    756698  ...       0
9908   1388453  ...       0
9911   1388448  ...       0
10013  1388449  ...       0
10065  1388450  ...       0
10135  1388446  ...       0
10152  1388461  ...       0
10183  1388456  ...       0
10263  1388459  ...       0
10281  1388462  ...       0
10294  1388454  ...       0
10317  1388468  ...       0
10354  1388460  ...       0
10414  1388457  ...       0
10829  5282953  ...       0

[18 rows x 41 columns]
[2024-07-13T02:33:09.431+0000] {taskinstance.py:441} INFO - ::group::Post task execution logs
[2024-07-13T02:33:09.432+0000] {taskinstance.py:2905} ERROR - Task failed with exception
Traceback (most recent call last):
  File "/home/airflow/.local/lib/python3.12/site-packages/airflow/models/taskinstance.py", line 465, in _execute_task
    result = _execute_callable(context=context, **execute_callable_kwargs)
             ^^^^^^^^^^^^^^^^^^^^^^^^^^^^^^^^^^^^^^^^^^^^^^^^^^^^^^^^^^^^^
  File "/home/airflow/.local/lib/python3.12/site-packages/airflow/models/taskinstance.py", line 432, in _execute_callable
    return execute_callable(context=context, **execute_callable_kwargs)
           ^^^^^^^^^^^^^^^^^^^^^^^^^^^^^^^^^^^^^^^^^^^^^^^^^^^^^^^^^^^^
  File "/home/airflow/.local/lib/python3.12/site-packages/airflow/models/baseoperator.py", line 400, in wrapper
    return func(self, *args, **kwargs)
           ^^^^^^^^^^^^^^^^^^^^^^^^^^^
  File "/home/airflow/.local/lib/python3.12/site-packages/airflow/operators/python.py", line 235, in execute
    return_value = self.execute_callable()
                   ^^^^^^^^^^^^^^^^^^^^^^^
  File "/home/airflow/.local/lib/python3.12/site-packages/airflow/operators/python.py", line 252, in execute_callable
    return self.python_callable(*self.op_args, **self.op_kwargs)
           ^^^^^^^^^^^^^^^^^^^^^^^^^^^^^^^^^^^^^^^^^^^^^^^^^^^^^
  File "/opt/airflow/dags/tasks/preprocess_data.py", line 160, in preprocess_data
    get_binary_country(country)
  File "/opt/airflow/dags/tasks/preprocess_data.py", line 156, in get_binary_country
    data.loc[:, country] = data["countries"].apply(lambda x: 1 if country in x else 0)
                           ^^^^^^^^^^^^^^^^^^^^^^^^^^^^^^^^^^^^^^^^^^^^^^^^^^^^^^^^^^^
  File "/home/airflow/.local/lib/python3.12/site-packages/pandas/core/series.py", line 4764, in apply
    ).apply()
      ^^^^^^^
  File "/home/airflow/.local/lib/python3.12/site-packages/pandas/core/apply.py", line 1209, in apply
    return self.apply_standard()
           ^^^^^^^^^^^^^^^^^^^^^
  File "/home/airflow/.local/lib/python3.12/site-packages/pandas/core/apply.py", line 1289, in apply_standard
    mapped = obj._map_values(
             ^^^^^^^^^^^^^^^^
  File "/home/airflow/.local/lib/python3.12/site-packages/pandas/core/base.py", line 921, in _map_values
    return algorithms.map_array(arr, mapper, na_action=na_action, convert=convert)
           ^^^^^^^^^^^^^^^^^^^^^^^^^^^^^^^^^^^^^^^^^^^^^^^^^^^^^^^^^^^^^^^^^^^^^^^
  File "/home/airflow/.local/lib/python3.12/site-packages/pandas/core/algorithms.py", line 1814, in map_array
    return lib.map_infer(values, mapper, convert=convert)
           ^^^^^^^^^^^^^^^^^^^^^^^^^^^^^^^^^^^^^^^^^^^^^^
  File "lib.pyx", line 2926, in pandas._libs.lib.map_infer
  File "/opt/airflow/dags/tasks/preprocess_data.py", line 156, in <lambda>
    data.loc[:, country] = data["countries"].apply(lambda x: 1 if country in x else 0)
                                                                  ^^^^^^^^^^^^
TypeError: argument of type 'float' is not iterable
[2024-07-13T02:33:09.442+0000] {taskinstance.py:1206} INFO - Marking task as UP_FOR_RETRY. dag_id=model_training_v87, task_id=preprocess_data, run_id=scheduled__2024-07-12T00:00:00+00:00, execution_date=20240712T000000, start_date=20240713T023308, end_date=20240713T023309
[2024-07-13T02:33:09.450+0000] {standard_task_runner.py:110} ERROR - Failed to execute job 410 for task preprocess_data (argument of type 'float' is not iterable; 1327)
[2024-07-13T02:33:09.495+0000] {local_task_job_runner.py:240} INFO - Task exited with return code 1
[2024-07-13T02:33:09.519+0000] {taskinstance.py:3498} INFO - 0 downstream tasks scheduled from follow-on schedule check
[2024-07-13T02:33:09.523+0000] {local_task_job_runner.py:222} INFO - ::endgroup::
