[2024-07-01T00:10:07.682+0000] {local_task_job_runner.py:120} INFO - ::group::Pre task execution logs
[2024-07-01T00:10:07.696+0000] {taskinstance.py:2076} INFO - Dependencies all met for dep_context=non-requeueable deps ti=<TaskInstance: create_movie_dataset_v41.get_data_from_json scheduled__2024-07-01T00:00:00+00:00 [queued]>
[2024-07-01T00:10:07.701+0000] {taskinstance.py:2076} INFO - Dependencies all met for dep_context=requeueable deps ti=<TaskInstance: create_movie_dataset_v41.get_data_from_json scheduled__2024-07-01T00:00:00+00:00 [queued]>
[2024-07-01T00:10:07.701+0000] {taskinstance.py:2306} INFO - Starting attempt 1 of 2
[2024-07-01T00:10:07.710+0000] {taskinstance.py:2330} INFO - Executing <Task(PythonOperator): get_data_from_json> on 2024-07-01 00:00:00+00:00
[2024-07-01T00:10:07.714+0000] {warnings.py:110} WARNING - /home/airflow/.local/lib/python3.12/site-packages/airflow/task/task_runner/standard_task_runner.py:61: DeprecationWarning: This process (pid=146) is multi-threaded, use of fork() may lead to deadlocks in the child.
  pid = os.fork()

[2024-07-01T00:10:07.714+0000] {standard_task_runner.py:63} INFO - Started process 150 to run task
[2024-07-01T00:10:07.715+0000] {standard_task_runner.py:90} INFO - Running: ['airflow', 'tasks', 'run', 'create_movie_dataset_v41', 'get_data_from_json', 'scheduled__2024-07-01T00:00:00+00:00', '--job-id', '668', '--raw', '--subdir', 'DAGS_FOLDER/etl.py', '--cfg-path', '/tmp/tmp2fh06nyb']
[2024-07-01T00:10:07.716+0000] {standard_task_runner.py:91} INFO - Job 668: Subtask get_data_from_json
[2024-07-01T00:10:07.749+0000] {task_command.py:426} INFO - Running <TaskInstance: create_movie_dataset_v41.get_data_from_json scheduled__2024-07-01T00:00:00+00:00 [running]> on host a7aff4b3313d
[2024-07-01T00:10:07.812+0000] {taskinstance.py:2648} INFO - Exporting env vars: AIRFLOW_CTX_DAG_OWNER='airflow' AIRFLOW_CTX_DAG_ID='create_movie_dataset_v41' AIRFLOW_CTX_TASK_ID='get_data_from_json' AIRFLOW_CTX_EXECUTION_DATE='2024-07-01T00:00:00+00:00' AIRFLOW_CTX_TRY_NUMBER='1' AIRFLOW_CTX_DAG_RUN_ID='scheduled__2024-07-01T00:00:00+00:00'
[2024-07-01T00:10:07.812+0000] {taskinstance.py:430} INFO - ::endgroup::
[2024-07-01T00:10:07.960+0000] {python.py:237} INFO - Done. Returned value was: None
[2024-07-01T00:10:07.961+0000] {taskinstance.py:441} INFO - ::group::Post task execution logs
[2024-07-01T00:10:07.968+0000] {taskinstance.py:1206} INFO - Marking task as SUCCESS. dag_id=create_movie_dataset_v41, task_id=get_data_from_json, run_id=scheduled__2024-07-01T00:00:00+00:00, execution_date=20240701T000000, start_date=20240701T001007, end_date=20240701T001007
[2024-07-01T00:10:08.008+0000] {local_task_job_runner.py:240} INFO - Task exited with return code 0
[2024-07-01T00:10:08.016+0000] {warnings.py:110} WARNING - /home/airflow/.local/lib/python3.12/site-packages/airflow/models/baseoperator.py:1296: AirflowProviderDeprecationWarning: Call to deprecated class PostgresOperator. (Please use `airflow.providers.common.sql.operators.sql.SQLExecuteQueryOperator`.Also, you can provide `hook_params={'schema': <database>}`.)
  result = cls.__new__(cls)

[2024-07-01T00:10:08.023+0000] {taskinstance.py:3498} INFO - 1 downstream tasks scheduled from follow-on schedule check
[2024-07-01T00:10:08.025+0000] {local_task_job_runner.py:222} INFO - ::endgroup::
