[2024-07-11T00:14:00.087+0000] {local_task_job_runner.py:120} INFO - ::group::Pre task execution logs
[2024-07-11T00:14:00.098+0000] {taskinstance.py:2076} INFO - Dependencies all met for dep_context=non-requeueable deps ti=<TaskInstance: model_training_v82.train_model scheduled__2024-07-10T00:00:00+00:00 [queued]>
[2024-07-11T00:14:00.103+0000] {taskinstance.py:2076} INFO - Dependencies all met for dep_context=requeueable deps ti=<TaskInstance: model_training_v82.train_model scheduled__2024-07-10T00:00:00+00:00 [queued]>
[2024-07-11T00:14:00.103+0000] {taskinstance.py:2306} INFO - Starting attempt 1 of 2
[2024-07-11T00:14:00.112+0000] {taskinstance.py:2330} INFO - Executing <Task(PythonOperator): train_model> on 2024-07-10 00:00:00+00:00
[2024-07-11T00:14:00.118+0000] {warnings.py:110} WARNING - /home/airflow/.local/lib/python3.12/site-packages/airflow/task/task_runner/standard_task_runner.py:61: DeprecationWarning: This process (pid=7144) is multi-threaded, use of fork() may lead to deadlocks in the child.
  pid = os.fork()

[2024-07-11T00:14:00.119+0000] {standard_task_runner.py:63} INFO - Started process 7165 to run task
[2024-07-11T00:14:00.119+0000] {standard_task_runner.py:90} INFO - Running: ['airflow', 'tasks', 'run', 'model_training_v82', 'train_model', 'scheduled__2024-07-10T00:00:00+00:00', '--job-id', '196', '--raw', '--subdir', 'DAGS_FOLDER/model_training.py', '--cfg-path', '/tmp/tmpzo9tovva']
[2024-07-11T00:14:00.120+0000] {standard_task_runner.py:91} INFO - Job 196: Subtask train_model
[2024-07-11T00:14:00.152+0000] {task_command.py:426} INFO - Running <TaskInstance: model_training_v82.train_model scheduled__2024-07-10T00:00:00+00:00 [running]> on host 9211d7c5a4db
[2024-07-11T00:14:00.205+0000] {taskinstance.py:2648} INFO - Exporting env vars: AIRFLOW_CTX_DAG_OWNER='airflow' AIRFLOW_CTX_DAG_ID='model_training_v82' AIRFLOW_CTX_TASK_ID='train_model' AIRFLOW_CTX_EXECUTION_DATE='2024-07-10T00:00:00+00:00' AIRFLOW_CTX_TRY_NUMBER='1' AIRFLOW_CTX_DAG_RUN_ID='scheduled__2024-07-10T00:00:00+00:00'
[2024-07-11T00:14:00.206+0000] {taskinstance.py:430} INFO - ::endgroup::
[2024-07-11T00:14:00.224+0000] {warnings.py:110} WARNING - /home/airflow/.local/lib/python3.12/site-packages/joblib/parallel.py:1359: UserWarning: Loky-backed parallel loops cannot be called in a multiprocessing, setting n_jobs=1
  n_jobs = self._backend.configure(n_jobs=self.n_jobs, parallel=self,

[2024-07-11T00:23:57.008+0000] {logging_mixin.py:188} INFO - Best Parameters: {'max_depth': None, 'max_features': 7, 'min_samples_leaf': 2, 'min_samples_split': 5, 'n_estimators': 200}
[2024-07-11T00:23:57.008+0000] {logging_mixin.py:188} INFO - Best Scoring: -0.43990513986067886
[2024-07-11T00:24:00.468+0000] {base.py:84} INFO - Using connection ID 'minio' for task execution.
[2024-07-11T00:24:00.472+0000] {connection_wrapper.py:384} INFO - AWS Connection (conn_id='minio', conn_type='aws') credentials retrieved from login and password.
[2024-07-11T00:24:00.901+0000] {logging_mixin.py:188} INFO - RMSE:  0.6584711055940354
[2024-07-11T00:24:00.902+0000] {logging_mixin.py:188} INFO - MAE:  0.4896422442258747
[2024-07-11T00:24:00.902+0000] {python.py:237} INFO - Done. Returned value was: None
[2024-07-11T00:24:00.903+0000] {taskinstance.py:441} INFO - ::group::Post task execution logs
[2024-07-11T00:24:00.909+0000] {taskinstance.py:1206} INFO - Marking task as SUCCESS. dag_id=model_training_v82, task_id=train_model, run_id=scheduled__2024-07-10T00:00:00+00:00, execution_date=20240710T000000, start_date=20240711T001400, end_date=20240711T002400
[2024-07-11T00:24:00.957+0000] {local_task_job_runner.py:240} INFO - Task exited with return code 0
[2024-07-11T00:24:00.969+0000] {taskinstance.py:3498} INFO - 0 downstream tasks scheduled from follow-on schedule check
[2024-07-11T00:24:00.972+0000] {local_task_job_runner.py:222} INFO - ::endgroup::
