[2024-07-01T00:31:40.647+0000] {local_task_job_runner.py:120} INFO - ::group::Pre task execution logs
[2024-07-01T00:31:40.662+0000] {taskinstance.py:2076} INFO - Dependencies all met for dep_context=non-requeueable deps ti=<TaskInstance: model_training_v7.train_model scheduled__2024-06-30T00:00:00+00:00 [queued]>
[2024-07-01T00:31:40.667+0000] {taskinstance.py:2076} INFO - Dependencies all met for dep_context=requeueable deps ti=<TaskInstance: model_training_v7.train_model scheduled__2024-06-30T00:00:00+00:00 [queued]>
[2024-07-01T00:31:40.667+0000] {taskinstance.py:2306} INFO - Starting attempt 1 of 2
[2024-07-01T00:31:40.679+0000] {taskinstance.py:2330} INFO - Executing <Task(PythonOperator): train_model> on 2024-06-30 00:00:00+00:00
[2024-07-01T00:31:40.687+0000] {standard_task_runner.py:90} INFO - Running: ['airflow', 'tasks', 'run', 'model_training_v7', 'train_model', 'scheduled__2024-06-30T00:00:00+00:00', '--job-id', '686', '--raw', '--subdir', 'DAGS_FOLDER/model_training.py', '--cfg-path', '/tmp/tmp5bkn6d_e']
[2024-07-01T00:31:40.686+0000] {warnings.py:110} WARNING - /home/airflow/.local/lib/python3.12/site-packages/airflow/task/task_runner/standard_task_runner.py:61: DeprecationWarning: This process (pid=739) is multi-threaded, use of fork() may lead to deadlocks in the child.
  pid = os.fork()

[2024-07-01T00:31:40.689+0000] {standard_task_runner.py:91} INFO - Job 686: Subtask train_model
[2024-07-01T00:31:40.690+0000] {standard_task_runner.py:63} INFO - Started process 768 to run task
[2024-07-01T00:31:40.723+0000] {task_command.py:426} INFO - Running <TaskInstance: model_training_v7.train_model scheduled__2024-06-30T00:00:00+00:00 [running]> on host 52eea2daf696
[2024-07-01T00:31:40.778+0000] {taskinstance.py:2648} INFO - Exporting env vars: AIRFLOW_CTX_DAG_OWNER='airflow' AIRFLOW_CTX_DAG_ID='model_training_v7' AIRFLOW_CTX_TASK_ID='train_model' AIRFLOW_CTX_EXECUTION_DATE='2024-06-30T00:00:00+00:00' AIRFLOW_CTX_TRY_NUMBER='1' AIRFLOW_CTX_DAG_RUN_ID='scheduled__2024-06-30T00:00:00+00:00'
[2024-07-01T00:31:40.779+0000] {taskinstance.py:430} INFO - ::endgroup::
[2024-07-01T00:31:40.793+0000] {taskinstance.py:441} INFO - ::group::Post task execution logs
[2024-07-01T00:31:40.793+0000] {taskinstance.py:2905} ERROR - Task failed with exception
Traceback (most recent call last):
  File "/home/airflow/.local/lib/python3.12/site-packages/airflow/models/taskinstance.py", line 465, in _execute_task
    result = _execute_callable(context=context, **execute_callable_kwargs)
             ^^^^^^^^^^^^^^^^^^^^^^^^^^^^^^^^^^^^^^^^^^^^^^^^^^^^^^^^^^^^^
  File "/home/airflow/.local/lib/python3.12/site-packages/airflow/models/taskinstance.py", line 432, in _execute_callable
    return execute_callable(context=context, **execute_callable_kwargs)
           ^^^^^^^^^^^^^^^^^^^^^^^^^^^^^^^^^^^^^^^^^^^^^^^^^^^^^^^^^^^^
  File "/home/airflow/.local/lib/python3.12/site-packages/airflow/models/baseoperator.py", line 400, in wrapper
    return func(self, *args, **kwargs)
           ^^^^^^^^^^^^^^^^^^^^^^^^^^^
  File "/home/airflow/.local/lib/python3.12/site-packages/airflow/operators/python.py", line 235, in execute
    return_value = self.execute_callable()
                   ^^^^^^^^^^^^^^^^^^^^^^^
  File "/home/airflow/.local/lib/python3.12/site-packages/airflow/operators/python.py", line 252, in execute_callable
    return self.python_callable(*self.op_args, **self.op_kwargs)
           ^^^^^^^^^^^^^^^^^^^^^^^^^^^^^^^^^^^^^^^^^^^^^^^^^^^^^
  File "/opt/airflow/dags/model_training.py", line 83, in train_model
    alpha = float(sys.argv[1]) if len(sys.argv) > 1 else 0.05
            ^^^^^^^^^^^^^^^^^^
ValueError: could not convert string to float: 'celery'
[2024-07-01T00:31:40.802+0000] {taskinstance.py:1206} INFO - Marking task as UP_FOR_RETRY. dag_id=model_training_v7, task_id=train_model, run_id=scheduled__2024-06-30T00:00:00+00:00, execution_date=20240630T000000, start_date=20240701T003140, end_date=20240701T003140
[2024-07-01T00:31:40.810+0000] {standard_task_runner.py:110} ERROR - Failed to execute job 686 for task train_model (could not convert string to float: 'celery'; 768)
[2024-07-01T00:31:40.823+0000] {local_task_job_runner.py:240} INFO - Task exited with return code 1
[2024-07-01T00:31:40.834+0000] {taskinstance.py:3498} INFO - 0 downstream tasks scheduled from follow-on schedule check
[2024-07-01T00:31:40.838+0000] {local_task_job_runner.py:222} INFO - ::endgroup::
