[2024-07-02T01:23:57.426+0000] {local_task_job_runner.py:120} INFO - ::group::Pre task execution logs
[2024-07-02T01:23:57.444+0000] {taskinstance.py:2076} INFO - Dependencies all met for dep_context=non-requeueable deps ti=<TaskInstance: model_training_v20.upload_task scheduled__2024-07-01T00:00:00+00:00 [queued]>
[2024-07-02T01:23:57.451+0000] {taskinstance.py:2076} INFO - Dependencies all met for dep_context=requeueable deps ti=<TaskInstance: model_training_v20.upload_task scheduled__2024-07-01T00:00:00+00:00 [queued]>
[2024-07-02T01:23:57.452+0000] {taskinstance.py:2306} INFO - Starting attempt 1 of 2
[2024-07-02T01:23:57.462+0000] {taskinstance.py:2330} INFO - Executing <Task(PythonOperator): upload_task> on 2024-07-01 00:00:00+00:00
[2024-07-02T01:23:57.469+0000] {warnings.py:110} WARNING - /home/airflow/.local/lib/python3.12/site-packages/airflow/task/task_runner/standard_task_runner.py:61: DeprecationWarning: This process (pid=93) is multi-threaded, use of fork() may lead to deadlocks in the child.
  pid = os.fork()

[2024-07-02T01:23:57.470+0000] {standard_task_runner.py:63} INFO - Started process 145 to run task
[2024-07-02T01:23:57.470+0000] {standard_task_runner.py:90} INFO - Running: ['airflow', 'tasks', 'run', 'model_training_v20', 'upload_task', 'scheduled__2024-07-01T00:00:00+00:00', '--job-id', '765', '--raw', '--subdir', 'DAGS_FOLDER/model_training.py', '--cfg-path', '/tmp/tmp_0cdvo42']
[2024-07-02T01:23:57.472+0000] {standard_task_runner.py:91} INFO - Job 765: Subtask upload_task
[2024-07-02T01:23:57.513+0000] {task_command.py:426} INFO - Running <TaskInstance: model_training_v20.upload_task scheduled__2024-07-01T00:00:00+00:00 [running]> on host ee32e8c77c77
[2024-07-02T01:23:57.578+0000] {taskinstance.py:2648} INFO - Exporting env vars: AIRFLOW_CTX_DAG_OWNER='airflow' AIRFLOW_CTX_DAG_ID='model_training_v20' AIRFLOW_CTX_TASK_ID='upload_task' AIRFLOW_CTX_EXECUTION_DATE='2024-07-01T00:00:00+00:00' AIRFLOW_CTX_TRY_NUMBER='1' AIRFLOW_CTX_DAG_RUN_ID='scheduled__2024-07-01T00:00:00+00:00'
[2024-07-02T01:23:57.578+0000] {taskinstance.py:430} INFO - ::endgroup::
[2024-07-02T01:23:57.594+0000] {base.py:84} INFO - Using connection ID 'yandex_storage_conn' for task execution.
[2024-07-02T01:24:01.475+0000] {logging_mixin.py:188} INFO - File uploaded successfully to Yandex Object Storage
[2024-07-02T01:24:01.476+0000] {python.py:237} INFO - Done. Returned value was: None
[2024-07-02T01:24:01.477+0000] {taskinstance.py:441} INFO - ::group::Post task execution logs
[2024-07-02T01:24:01.484+0000] {taskinstance.py:1206} INFO - Marking task as SUCCESS. dag_id=model_training_v20, task_id=upload_task, run_id=scheduled__2024-07-01T00:00:00+00:00, execution_date=20240701T000000, start_date=20240702T012357, end_date=20240702T012401
[2024-07-02T01:24:01.536+0000] {local_task_job_runner.py:240} INFO - Task exited with return code 0
[2024-07-02T01:24:01.548+0000] {taskinstance.py:3498} INFO - 0 downstream tasks scheduled from follow-on schedule check
[2024-07-02T01:24:01.550+0000] {local_task_job_runner.py:222} INFO - ::endgroup::
