[2024-06-28T00:00:29.624+0000] {processor.py:161} INFO - Started process (PID=2345) to work on /opt/airflow/dags/etl.py
[2024-06-28T00:00:29.629+0000] {processor.py:830} INFO - Processing file /opt/airflow/dags/etl.py for tasks to queue
[2024-06-28T00:00:29.630+0000] {logging_mixin.py:188} INFO - [2024-06-28T00:00:29.630+0000] {dagbag.py:545} INFO - Filling up the DagBag from /opt/airflow/dags/etl.py
[2024-06-28T00:00:30.008+0000] {logging_mixin.py:188} INFO -           id  ...    countries
0      42800  ...         СССР
1    1113058  ...          США
2     696378  ...   Канада|ЮАР
3    4887344  ...       Россия
4     925148  ...          США
..       ...  ...          ...
195    41024  ...       Россия
196   419584  ...         СССР
197   390489  ...          США
198  4935012  ...  Корея Южная
199  4393318  ...       Россия

[200 rows x 10 columns]
[2024-06-28T00:00:30.017+0000] {processor.py:840} INFO - DAG(s) 'create_movie_dataset_v41' retrieved from /opt/airflow/dags/etl.py
[2024-06-28T00:00:30.077+0000] {logging_mixin.py:188} INFO - [2024-06-28T00:00:30.077+0000] {dag.py:3096} INFO - Sync 1 DAGs
[2024-06-28T00:00:30.088+0000] {logging_mixin.py:188} INFO - [2024-06-28T00:00:30.088+0000] {dag.py:3954} INFO - Setting next_dagrun for create_movie_dataset_v41 to 2024-06-28 00:00:00+00:00, run_after=2024-06-28 00:10:00+00:00
[2024-06-28T00:00:30.109+0000] {processor.py:183} INFO - Processing /opt/airflow/dags/etl.py took 0.489 seconds
[2024-06-28T00:01:00.346+0000] {processor.py:161} INFO - Started process (PID=2364) to work on /opt/airflow/dags/etl.py
[2024-06-28T00:01:00.347+0000] {processor.py:830} INFO - Processing file /opt/airflow/dags/etl.py for tasks to queue
[2024-06-28T00:01:00.347+0000] {logging_mixin.py:188} INFO - [2024-06-28T00:01:00.347+0000] {dagbag.py:545} INFO - Filling up the DagBag from /opt/airflow/dags/etl.py
[2024-06-28T00:01:00.669+0000] {logging_mixin.py:188} INFO -           id  ...    countries
0      42800  ...         СССР
1    1113058  ...          США
2     696378  ...   Канада|ЮАР
3    4887344  ...       Россия
4     925148  ...          США
..       ...  ...          ...
195    41024  ...       Россия
196   419584  ...         СССР
197   390489  ...          США
198  4935012  ...  Корея Южная
199  4393318  ...       Россия

[200 rows x 10 columns]
[2024-06-28T00:01:00.678+0000] {processor.py:840} INFO - DAG(s) 'create_movie_dataset_v41' retrieved from /opt/airflow/dags/etl.py
[2024-06-28T00:01:00.696+0000] {logging_mixin.py:188} INFO - [2024-06-28T00:01:00.695+0000] {dag.py:3096} INFO - Sync 1 DAGs
[2024-06-28T00:01:00.710+0000] {logging_mixin.py:188} INFO - [2024-06-28T00:01:00.710+0000] {dag.py:3954} INFO - Setting next_dagrun for create_movie_dataset_v41 to 2024-06-28 00:00:00+00:00, run_after=2024-06-28 00:10:00+00:00
[2024-06-28T00:01:00.724+0000] {processor.py:183} INFO - Processing /opt/airflow/dags/etl.py took 0.381 seconds
[2024-06-28T00:01:30.924+0000] {processor.py:161} INFO - Started process (PID=2390) to work on /opt/airflow/dags/etl.py
[2024-06-28T00:01:30.925+0000] {processor.py:830} INFO - Processing file /opt/airflow/dags/etl.py for tasks to queue
[2024-06-28T00:01:30.926+0000] {logging_mixin.py:188} INFO - [2024-06-28T00:01:30.925+0000] {dagbag.py:545} INFO - Filling up the DagBag from /opt/airflow/dags/etl.py
[2024-06-28T00:01:31.256+0000] {logging_mixin.py:188} INFO -           id  ...    countries
0      42800  ...         СССР
1    1113058  ...          США
2     696378  ...   Канада|ЮАР
3    4887344  ...       Россия
4     925148  ...          США
..       ...  ...          ...
195    41024  ...       Россия
196   419584  ...         СССР
197   390489  ...          США
198  4935012  ...  Корея Южная
199  4393318  ...       Россия

[200 rows x 10 columns]
[2024-06-28T00:01:31.264+0000] {processor.py:840} INFO - DAG(s) 'create_movie_dataset_v41' retrieved from /opt/airflow/dags/etl.py
[2024-06-28T00:01:31.280+0000] {logging_mixin.py:188} INFO - [2024-06-28T00:01:31.279+0000] {dag.py:3096} INFO - Sync 1 DAGs
[2024-06-28T00:01:31.293+0000] {logging_mixin.py:188} INFO - [2024-06-28T00:01:31.292+0000] {dag.py:3954} INFO - Setting next_dagrun for create_movie_dataset_v41 to 2024-06-28 00:00:00+00:00, run_after=2024-06-28 00:10:00+00:00
[2024-06-28T00:01:31.305+0000] {processor.py:183} INFO - Processing /opt/airflow/dags/etl.py took 0.385 seconds
[2024-06-28T00:02:01.464+0000] {processor.py:161} INFO - Started process (PID=2416) to work on /opt/airflow/dags/etl.py
[2024-06-28T00:02:01.465+0000] {processor.py:830} INFO - Processing file /opt/airflow/dags/etl.py for tasks to queue
[2024-06-28T00:02:01.465+0000] {logging_mixin.py:188} INFO - [2024-06-28T00:02:01.465+0000] {dagbag.py:545} INFO - Filling up the DagBag from /opt/airflow/dags/etl.py
[2024-06-28T00:02:01.775+0000] {logging_mixin.py:188} INFO -           id  ...    countries
0      42800  ...         СССР
1    1113058  ...          США
2     696378  ...   Канада|ЮАР
3    4887344  ...       Россия
4     925148  ...          США
..       ...  ...          ...
195    41024  ...       Россия
196   419584  ...         СССР
197   390489  ...          США
198  4935012  ...  Корея Южная
199  4393318  ...       Россия

[200 rows x 10 columns]
[2024-06-28T00:02:01.784+0000] {processor.py:840} INFO - DAG(s) 'create_movie_dataset_v41' retrieved from /opt/airflow/dags/etl.py
[2024-06-28T00:02:01.802+0000] {logging_mixin.py:188} INFO - [2024-06-28T00:02:01.801+0000] {dag.py:3096} INFO - Sync 1 DAGs
[2024-06-28T00:02:01.815+0000] {logging_mixin.py:188} INFO - [2024-06-28T00:02:01.815+0000] {dag.py:3954} INFO - Setting next_dagrun for create_movie_dataset_v41 to 2024-06-28 00:00:00+00:00, run_after=2024-06-28 00:10:00+00:00
[2024-06-28T00:02:01.827+0000] {processor.py:183} INFO - Processing /opt/airflow/dags/etl.py took 0.366 seconds
[2024-06-28T00:02:32.052+0000] {processor.py:161} INFO - Started process (PID=2435) to work on /opt/airflow/dags/etl.py
[2024-06-28T00:02:32.052+0000] {processor.py:830} INFO - Processing file /opt/airflow/dags/etl.py for tasks to queue
[2024-06-28T00:02:32.053+0000] {logging_mixin.py:188} INFO - [2024-06-28T00:02:32.053+0000] {dagbag.py:545} INFO - Filling up the DagBag from /opt/airflow/dags/etl.py
[2024-06-28T00:02:32.425+0000] {logging_mixin.py:188} INFO -           id  ...    countries
0      42800  ...         СССР
1    1113058  ...          США
2     696378  ...   Канада|ЮАР
3    4887344  ...       Россия
4     925148  ...          США
..       ...  ...          ...
195    41024  ...       Россия
196   419584  ...         СССР
197   390489  ...          США
198  4935012  ...  Корея Южная
199  4393318  ...       Россия

[200 rows x 10 columns]
[2024-06-28T00:02:32.434+0000] {processor.py:840} INFO - DAG(s) 'create_movie_dataset_v41' retrieved from /opt/airflow/dags/etl.py
[2024-06-28T00:02:32.451+0000] {logging_mixin.py:188} INFO - [2024-06-28T00:02:32.450+0000] {dag.py:3096} INFO - Sync 1 DAGs
[2024-06-28T00:02:32.465+0000] {logging_mixin.py:188} INFO - [2024-06-28T00:02:32.465+0000] {dag.py:3954} INFO - Setting next_dagrun for create_movie_dataset_v41 to 2024-06-28 00:00:00+00:00, run_after=2024-06-28 00:10:00+00:00
[2024-06-28T00:02:32.483+0000] {processor.py:183} INFO - Processing /opt/airflow/dags/etl.py took 0.436 seconds
[2024-06-28T00:03:02.609+0000] {processor.py:161} INFO - Started process (PID=2461) to work on /opt/airflow/dags/etl.py
[2024-06-28T00:03:02.610+0000] {processor.py:830} INFO - Processing file /opt/airflow/dags/etl.py for tasks to queue
[2024-06-28T00:03:02.611+0000] {logging_mixin.py:188} INFO - [2024-06-28T00:03:02.610+0000] {dagbag.py:545} INFO - Filling up the DagBag from /opt/airflow/dags/etl.py
[2024-06-28T00:03:02.918+0000] {logging_mixin.py:188} INFO -           id  ...    countries
0      42800  ...         СССР
1    1113058  ...          США
2     696378  ...   Канада|ЮАР
3    4887344  ...       Россия
4     925148  ...          США
..       ...  ...          ...
195    41024  ...       Россия
196   419584  ...         СССР
197   390489  ...          США
198  4935012  ...  Корея Южная
199  4393318  ...       Россия

[200 rows x 10 columns]
[2024-06-28T00:03:02.929+0000] {processor.py:840} INFO - DAG(s) 'create_movie_dataset_v41' retrieved from /opt/airflow/dags/etl.py
[2024-06-28T00:03:02.944+0000] {logging_mixin.py:188} INFO - [2024-06-28T00:03:02.944+0000] {dag.py:3096} INFO - Sync 1 DAGs
[2024-06-28T00:03:02.958+0000] {logging_mixin.py:188} INFO - [2024-06-28T00:03:02.958+0000] {dag.py:3954} INFO - Setting next_dagrun for create_movie_dataset_v41 to 2024-06-28 00:00:00+00:00, run_after=2024-06-28 00:10:00+00:00
[2024-06-28T00:03:02.972+0000] {processor.py:183} INFO - Processing /opt/airflow/dags/etl.py took 0.365 seconds
[2024-06-28T00:03:33.140+0000] {processor.py:161} INFO - Started process (PID=2486) to work on /opt/airflow/dags/etl.py
[2024-06-28T00:03:33.141+0000] {processor.py:830} INFO - Processing file /opt/airflow/dags/etl.py for tasks to queue
[2024-06-28T00:03:33.141+0000] {logging_mixin.py:188} INFO - [2024-06-28T00:03:33.141+0000] {dagbag.py:545} INFO - Filling up the DagBag from /opt/airflow/dags/etl.py
[2024-06-28T00:03:33.465+0000] {logging_mixin.py:188} INFO -           id  ...    countries
0      42800  ...         СССР
1    1113058  ...          США
2     696378  ...   Канада|ЮАР
3    4887344  ...       Россия
4     925148  ...          США
..       ...  ...          ...
195    41024  ...       Россия
196   419584  ...         СССР
197   390489  ...          США
198  4935012  ...  Корея Южная
199  4393318  ...       Россия

[200 rows x 10 columns]
[2024-06-28T00:03:33.474+0000] {processor.py:840} INFO - DAG(s) 'create_movie_dataset_v41' retrieved from /opt/airflow/dags/etl.py
[2024-06-28T00:03:33.488+0000] {logging_mixin.py:188} INFO - [2024-06-28T00:03:33.488+0000] {dag.py:3096} INFO - Sync 1 DAGs
[2024-06-28T00:03:33.501+0000] {logging_mixin.py:188} INFO - [2024-06-28T00:03:33.501+0000] {dag.py:3954} INFO - Setting next_dagrun for create_movie_dataset_v41 to 2024-06-28 00:00:00+00:00, run_after=2024-06-28 00:10:00+00:00
[2024-06-28T00:03:33.512+0000] {processor.py:183} INFO - Processing /opt/airflow/dags/etl.py took 0.375 seconds
[2024-06-28T00:04:03.658+0000] {processor.py:161} INFO - Started process (PID=2505) to work on /opt/airflow/dags/etl.py
[2024-06-28T00:04:03.658+0000] {processor.py:830} INFO - Processing file /opt/airflow/dags/etl.py for tasks to queue
[2024-06-28T00:04:03.659+0000] {logging_mixin.py:188} INFO - [2024-06-28T00:04:03.659+0000] {dagbag.py:545} INFO - Filling up the DagBag from /opt/airflow/dags/etl.py
[2024-06-28T00:04:03.948+0000] {logging_mixin.py:188} INFO -           id  ...    countries
0      42800  ...         СССР
1    1113058  ...          США
2     696378  ...   Канада|ЮАР
3    4887344  ...       Россия
4     925148  ...          США
..       ...  ...          ...
195    41024  ...       Россия
196   419584  ...         СССР
197   390489  ...          США
198  4935012  ...  Корея Южная
199  4393318  ...       Россия

[200 rows x 10 columns]
[2024-06-28T00:04:03.956+0000] {processor.py:840} INFO - DAG(s) 'create_movie_dataset_v41' retrieved from /opt/airflow/dags/etl.py
[2024-06-28T00:04:03.971+0000] {logging_mixin.py:188} INFO - [2024-06-28T00:04:03.970+0000] {dag.py:3096} INFO - Sync 1 DAGs
[2024-06-28T00:04:03.981+0000] {logging_mixin.py:188} INFO - [2024-06-28T00:04:03.981+0000] {dag.py:3954} INFO - Setting next_dagrun for create_movie_dataset_v41 to 2024-06-28 00:00:00+00:00, run_after=2024-06-28 00:10:00+00:00
[2024-06-28T00:04:03.992+0000] {processor.py:183} INFO - Processing /opt/airflow/dags/etl.py took 0.338 seconds
[2024-06-28T00:04:34.168+0000] {processor.py:161} INFO - Started process (PID=2531) to work on /opt/airflow/dags/etl.py
[2024-06-28T00:04:34.169+0000] {processor.py:830} INFO - Processing file /opt/airflow/dags/etl.py for tasks to queue
[2024-06-28T00:04:34.169+0000] {logging_mixin.py:188} INFO - [2024-06-28T00:04:34.169+0000] {dagbag.py:545} INFO - Filling up the DagBag from /opt/airflow/dags/etl.py
[2024-06-28T00:04:34.468+0000] {logging_mixin.py:188} INFO -           id  ...    countries
0      42800  ...         СССР
1    1113058  ...          США
2     696378  ...   Канада|ЮАР
3    4887344  ...       Россия
4     925148  ...          США
..       ...  ...          ...
195    41024  ...       Россия
196   419584  ...         СССР
197   390489  ...          США
198  4935012  ...  Корея Южная
199  4393318  ...       Россия

[200 rows x 10 columns]
[2024-06-28T00:04:34.477+0000] {processor.py:840} INFO - DAG(s) 'create_movie_dataset_v41' retrieved from /opt/airflow/dags/etl.py
[2024-06-28T00:04:34.491+0000] {logging_mixin.py:188} INFO - [2024-06-28T00:04:34.490+0000] {dag.py:3096} INFO - Sync 1 DAGs
[2024-06-28T00:04:34.502+0000] {logging_mixin.py:188} INFO - [2024-06-28T00:04:34.501+0000] {dag.py:3954} INFO - Setting next_dagrun for create_movie_dataset_v41 to 2024-06-28 00:00:00+00:00, run_after=2024-06-28 00:10:00+00:00
[2024-06-28T00:04:34.513+0000] {processor.py:183} INFO - Processing /opt/airflow/dags/etl.py took 0.348 seconds
[2024-06-28T00:05:04.656+0000] {processor.py:161} INFO - Started process (PID=2557) to work on /opt/airflow/dags/etl.py
[2024-06-28T00:05:04.656+0000] {processor.py:830} INFO - Processing file /opt/airflow/dags/etl.py for tasks to queue
[2024-06-28T00:05:04.657+0000] {logging_mixin.py:188} INFO - [2024-06-28T00:05:04.657+0000] {dagbag.py:545} INFO - Filling up the DagBag from /opt/airflow/dags/etl.py
[2024-06-28T00:05:04.960+0000] {logging_mixin.py:188} INFO -           id  ...    countries
0      42800  ...         СССР
1    1113058  ...          США
2     696378  ...   Канада|ЮАР
3    4887344  ...       Россия
4     925148  ...          США
..       ...  ...          ...
195    41024  ...       Россия
196   419584  ...         СССР
197   390489  ...          США
198  4935012  ...  Корея Южная
199  4393318  ...       Россия

[200 rows x 10 columns]
[2024-06-28T00:05:04.969+0000] {processor.py:840} INFO - DAG(s) 'create_movie_dataset_v41' retrieved from /opt/airflow/dags/etl.py
[2024-06-28T00:05:04.984+0000] {logging_mixin.py:188} INFO - [2024-06-28T00:05:04.984+0000] {dag.py:3096} INFO - Sync 1 DAGs
[2024-06-28T00:05:04.996+0000] {logging_mixin.py:188} INFO - [2024-06-28T00:05:04.996+0000] {dag.py:3954} INFO - Setting next_dagrun for create_movie_dataset_v41 to 2024-06-28 00:00:00+00:00, run_after=2024-06-28 00:10:00+00:00
[2024-06-28T00:05:05.009+0000] {processor.py:183} INFO - Processing /opt/airflow/dags/etl.py took 0.356 seconds
[2024-06-28T00:05:35.145+0000] {processor.py:161} INFO - Started process (PID=2576) to work on /opt/airflow/dags/etl.py
[2024-06-28T00:05:35.146+0000] {processor.py:830} INFO - Processing file /opt/airflow/dags/etl.py for tasks to queue
[2024-06-28T00:05:35.146+0000] {logging_mixin.py:188} INFO - [2024-06-28T00:05:35.146+0000] {dagbag.py:545} INFO - Filling up the DagBag from /opt/airflow/dags/etl.py
[2024-06-28T00:05:35.439+0000] {logging_mixin.py:188} INFO -           id  ...    countries
0      42800  ...         СССР
1    1113058  ...          США
2     696378  ...   Канада|ЮАР
3    4887344  ...       Россия
4     925148  ...          США
..       ...  ...          ...
195    41024  ...       Россия
196   419584  ...         СССР
197   390489  ...          США
198  4935012  ...  Корея Южная
199  4393318  ...       Россия

[200 rows x 10 columns]
[2024-06-28T00:05:35.448+0000] {processor.py:840} INFO - DAG(s) 'create_movie_dataset_v41' retrieved from /opt/airflow/dags/etl.py
[2024-06-28T00:05:35.462+0000] {logging_mixin.py:188} INFO - [2024-06-28T00:05:35.461+0000] {dag.py:3096} INFO - Sync 1 DAGs
[2024-06-28T00:05:35.472+0000] {logging_mixin.py:188} INFO - [2024-06-28T00:05:35.472+0000] {dag.py:3954} INFO - Setting next_dagrun for create_movie_dataset_v41 to 2024-06-28 00:00:00+00:00, run_after=2024-06-28 00:10:00+00:00
[2024-06-28T00:05:35.484+0000] {processor.py:183} INFO - Processing /opt/airflow/dags/etl.py took 0.342 seconds
[2024-06-28T00:06:05.651+0000] {processor.py:161} INFO - Started process (PID=2602) to work on /opt/airflow/dags/etl.py
[2024-06-28T00:06:05.651+0000] {processor.py:830} INFO - Processing file /opt/airflow/dags/etl.py for tasks to queue
[2024-06-28T00:06:05.652+0000] {logging_mixin.py:188} INFO - [2024-06-28T00:06:05.652+0000] {dagbag.py:545} INFO - Filling up the DagBag from /opt/airflow/dags/etl.py
[2024-06-28T00:06:05.952+0000] {logging_mixin.py:188} INFO -           id  ...    countries
0      42800  ...         СССР
1    1113058  ...          США
2     696378  ...   Канада|ЮАР
3    4887344  ...       Россия
4     925148  ...          США
..       ...  ...          ...
195    41024  ...       Россия
196   419584  ...         СССР
197   390489  ...          США
198  4935012  ...  Корея Южная
199  4393318  ...       Россия

[200 rows x 10 columns]
[2024-06-28T00:06:05.961+0000] {processor.py:840} INFO - DAG(s) 'create_movie_dataset_v41' retrieved from /opt/airflow/dags/etl.py
[2024-06-28T00:06:05.975+0000] {logging_mixin.py:188} INFO - [2024-06-28T00:06:05.975+0000] {dag.py:3096} INFO - Sync 1 DAGs
[2024-06-28T00:06:05.988+0000] {logging_mixin.py:188} INFO - [2024-06-28T00:06:05.987+0000] {dag.py:3954} INFO - Setting next_dagrun for create_movie_dataset_v41 to 2024-06-28 00:00:00+00:00, run_after=2024-06-28 00:10:00+00:00
[2024-06-28T00:06:05.999+0000] {processor.py:183} INFO - Processing /opt/airflow/dags/etl.py took 0.351 seconds
[2024-06-28T00:06:36.153+0000] {processor.py:161} INFO - Started process (PID=2628) to work on /opt/airflow/dags/etl.py
[2024-06-28T00:06:36.154+0000] {processor.py:830} INFO - Processing file /opt/airflow/dags/etl.py for tasks to queue
[2024-06-28T00:06:36.155+0000] {logging_mixin.py:188} INFO - [2024-06-28T00:06:36.155+0000] {dagbag.py:545} INFO - Filling up the DagBag from /opt/airflow/dags/etl.py
[2024-06-28T00:06:36.446+0000] {logging_mixin.py:188} INFO -           id  ...    countries
0      42800  ...         СССР
1    1113058  ...          США
2     696378  ...   Канада|ЮАР
3    4887344  ...       Россия
4     925148  ...          США
..       ...  ...          ...
195    41024  ...       Россия
196   419584  ...         СССР
197   390489  ...          США
198  4935012  ...  Корея Южная
199  4393318  ...       Россия

[200 rows x 10 columns]
[2024-06-28T00:06:36.456+0000] {processor.py:840} INFO - DAG(s) 'create_movie_dataset_v41' retrieved from /opt/airflow/dags/etl.py
[2024-06-28T00:06:36.471+0000] {logging_mixin.py:188} INFO - [2024-06-28T00:06:36.471+0000] {dag.py:3096} INFO - Sync 1 DAGs
[2024-06-28T00:06:36.486+0000] {logging_mixin.py:188} INFO - [2024-06-28T00:06:36.485+0000] {dag.py:3954} INFO - Setting next_dagrun for create_movie_dataset_v41 to 2024-06-28 00:00:00+00:00, run_after=2024-06-28 00:10:00+00:00
[2024-06-28T00:06:36.503+0000] {processor.py:183} INFO - Processing /opt/airflow/dags/etl.py took 0.353 seconds
[2024-06-28T00:07:06.725+0000] {processor.py:161} INFO - Started process (PID=2647) to work on /opt/airflow/dags/etl.py
[2024-06-28T00:07:06.726+0000] {processor.py:830} INFO - Processing file /opt/airflow/dags/etl.py for tasks to queue
[2024-06-28T00:07:06.726+0000] {logging_mixin.py:188} INFO - [2024-06-28T00:07:06.726+0000] {dagbag.py:545} INFO - Filling up the DagBag from /opt/airflow/dags/etl.py
[2024-06-28T00:07:07.008+0000] {logging_mixin.py:188} INFO -           id  ...    countries
0      42800  ...         СССР
1    1113058  ...          США
2     696378  ...   Канада|ЮАР
3    4887344  ...       Россия
4     925148  ...          США
..       ...  ...          ...
195    41024  ...       Россия
196   419584  ...         СССР
197   390489  ...          США
198  4935012  ...  Корея Южная
199  4393318  ...       Россия

[200 rows x 10 columns]
[2024-06-28T00:07:07.017+0000] {processor.py:840} INFO - DAG(s) 'create_movie_dataset_v41' retrieved from /opt/airflow/dags/etl.py
[2024-06-28T00:07:07.032+0000] {logging_mixin.py:188} INFO - [2024-06-28T00:07:07.032+0000] {dag.py:3096} INFO - Sync 1 DAGs
[2024-06-28T00:07:07.043+0000] {logging_mixin.py:188} INFO - [2024-06-28T00:07:07.043+0000] {dag.py:3954} INFO - Setting next_dagrun for create_movie_dataset_v41 to 2024-06-28 00:00:00+00:00, run_after=2024-06-28 00:10:00+00:00
[2024-06-28T00:07:07.054+0000] {processor.py:183} INFO - Processing /opt/airflow/dags/etl.py took 0.332 seconds
[2024-06-28T00:07:37.235+0000] {processor.py:161} INFO - Started process (PID=2672) to work on /opt/airflow/dags/etl.py
[2024-06-28T00:07:37.235+0000] {processor.py:830} INFO - Processing file /opt/airflow/dags/etl.py for tasks to queue
[2024-06-28T00:07:37.236+0000] {logging_mixin.py:188} INFO - [2024-06-28T00:07:37.236+0000] {dagbag.py:545} INFO - Filling up the DagBag from /opt/airflow/dags/etl.py
[2024-06-28T00:07:37.549+0000] {logging_mixin.py:188} INFO -           id  ...    countries
0      42800  ...         СССР
1    1113058  ...          США
2     696378  ...   Канада|ЮАР
3    4887344  ...       Россия
4     925148  ...          США
..       ...  ...          ...
195    41024  ...       Россия
196   419584  ...         СССР
197   390489  ...          США
198  4935012  ...  Корея Южная
199  4393318  ...       Россия

[200 rows x 10 columns]
[2024-06-28T00:07:37.558+0000] {processor.py:840} INFO - DAG(s) 'create_movie_dataset_v41' retrieved from /opt/airflow/dags/etl.py
[2024-06-28T00:07:37.572+0000] {logging_mixin.py:188} INFO - [2024-06-28T00:07:37.572+0000] {dag.py:3096} INFO - Sync 1 DAGs
[2024-06-28T00:07:37.583+0000] {logging_mixin.py:188} INFO - [2024-06-28T00:07:37.583+0000] {dag.py:3954} INFO - Setting next_dagrun for create_movie_dataset_v41 to 2024-06-28 00:00:00+00:00, run_after=2024-06-28 00:10:00+00:00
[2024-06-28T00:07:37.594+0000] {processor.py:183} INFO - Processing /opt/airflow/dags/etl.py took 0.362 seconds
[2024-06-28T00:08:07.863+0000] {processor.py:161} INFO - Started process (PID=2691) to work on /opt/airflow/dags/etl.py
[2024-06-28T00:08:07.863+0000] {processor.py:830} INFO - Processing file /opt/airflow/dags/etl.py for tasks to queue
[2024-06-28T00:08:07.864+0000] {logging_mixin.py:188} INFO - [2024-06-28T00:08:07.864+0000] {dagbag.py:545} INFO - Filling up the DagBag from /opt/airflow/dags/etl.py
[2024-06-28T00:08:08.168+0000] {logging_mixin.py:188} INFO -           id  ...    countries
0      42800  ...         СССР
1    1113058  ...          США
2     696378  ...   Канада|ЮАР
3    4887344  ...       Россия
4     925148  ...          США
..       ...  ...          ...
195    41024  ...       Россия
196   419584  ...         СССР
197   390489  ...          США
198  4935012  ...  Корея Южная
199  4393318  ...       Россия

[200 rows x 10 columns]
[2024-06-28T00:08:08.176+0000] {processor.py:840} INFO - DAG(s) 'create_movie_dataset_v41' retrieved from /opt/airflow/dags/etl.py
[2024-06-28T00:08:08.192+0000] {logging_mixin.py:188} INFO - [2024-06-28T00:08:08.192+0000] {dag.py:3096} INFO - Sync 1 DAGs
[2024-06-28T00:08:08.205+0000] {logging_mixin.py:188} INFO - [2024-06-28T00:08:08.205+0000] {dag.py:3954} INFO - Setting next_dagrun for create_movie_dataset_v41 to 2024-06-28 00:00:00+00:00, run_after=2024-06-28 00:10:00+00:00
[2024-06-28T00:08:08.218+0000] {processor.py:183} INFO - Processing /opt/airflow/dags/etl.py took 0.364 seconds
[2024-06-28T00:08:38.376+0000] {processor.py:161} INFO - Started process (PID=2717) to work on /opt/airflow/dags/etl.py
[2024-06-28T00:08:38.377+0000] {processor.py:830} INFO - Processing file /opt/airflow/dags/etl.py for tasks to queue
[2024-06-28T00:08:38.377+0000] {logging_mixin.py:188} INFO - [2024-06-28T00:08:38.377+0000] {dagbag.py:545} INFO - Filling up the DagBag from /opt/airflow/dags/etl.py
[2024-06-28T00:08:38.681+0000] {logging_mixin.py:188} INFO -           id  ...    countries
0      42800  ...         СССР
1    1113058  ...          США
2     696378  ...   Канада|ЮАР
3    4887344  ...       Россия
4     925148  ...          США
..       ...  ...          ...
195    41024  ...       Россия
196   419584  ...         СССР
197   390489  ...          США
198  4935012  ...  Корея Южная
199  4393318  ...       Россия

[200 rows x 10 columns]
[2024-06-28T00:08:38.690+0000] {processor.py:840} INFO - DAG(s) 'create_movie_dataset_v41' retrieved from /opt/airflow/dags/etl.py
[2024-06-28T00:08:38.705+0000] {logging_mixin.py:188} INFO - [2024-06-28T00:08:38.705+0000] {dag.py:3096} INFO - Sync 1 DAGs
[2024-06-28T00:08:38.716+0000] {logging_mixin.py:188} INFO - [2024-06-28T00:08:38.716+0000] {dag.py:3954} INFO - Setting next_dagrun for create_movie_dataset_v41 to 2024-06-28 00:00:00+00:00, run_after=2024-06-28 00:10:00+00:00
[2024-06-28T00:08:38.729+0000] {processor.py:183} INFO - Processing /opt/airflow/dags/etl.py took 0.356 seconds
[2024-06-28T00:09:08.929+0000] {processor.py:161} INFO - Started process (PID=2743) to work on /opt/airflow/dags/etl.py
[2024-06-28T00:09:08.929+0000] {processor.py:830} INFO - Processing file /opt/airflow/dags/etl.py for tasks to queue
[2024-06-28T00:09:08.930+0000] {logging_mixin.py:188} INFO - [2024-06-28T00:09:08.930+0000] {dagbag.py:545} INFO - Filling up the DagBag from /opt/airflow/dags/etl.py
[2024-06-28T00:09:09.220+0000] {logging_mixin.py:188} INFO -           id  ...    countries
0      42800  ...         СССР
1    1113058  ...          США
2     696378  ...   Канада|ЮАР
3    4887344  ...       Россия
4     925148  ...          США
..       ...  ...          ...
195    41024  ...       Россия
196   419584  ...         СССР
197   390489  ...          США
198  4935012  ...  Корея Южная
199  4393318  ...       Россия

[200 rows x 10 columns]
[2024-06-28T00:09:09.229+0000] {processor.py:840} INFO - DAG(s) 'create_movie_dataset_v41' retrieved from /opt/airflow/dags/etl.py
[2024-06-28T00:09:09.243+0000] {logging_mixin.py:188} INFO - [2024-06-28T00:09:09.242+0000] {dag.py:3096} INFO - Sync 1 DAGs
[2024-06-28T00:09:09.254+0000] {logging_mixin.py:188} INFO - [2024-06-28T00:09:09.254+0000] {dag.py:3954} INFO - Setting next_dagrun for create_movie_dataset_v41 to 2024-06-28 00:00:00+00:00, run_after=2024-06-28 00:10:00+00:00
[2024-06-28T00:09:09.265+0000] {processor.py:183} INFO - Processing /opt/airflow/dags/etl.py took 0.340 seconds
[2024-06-28T00:09:39.400+0000] {processor.py:161} INFO - Started process (PID=2762) to work on /opt/airflow/dags/etl.py
[2024-06-28T00:09:39.401+0000] {processor.py:830} INFO - Processing file /opt/airflow/dags/etl.py for tasks to queue
[2024-06-28T00:09:39.402+0000] {logging_mixin.py:188} INFO - [2024-06-28T00:09:39.402+0000] {dagbag.py:545} INFO - Filling up the DagBag from /opt/airflow/dags/etl.py
[2024-06-28T00:09:39.684+0000] {logging_mixin.py:188} INFO -           id  ...    countries
0      42800  ...         СССР
1    1113058  ...          США
2     696378  ...   Канада|ЮАР
3    4887344  ...       Россия
4     925148  ...          США
..       ...  ...          ...
195    41024  ...       Россия
196   419584  ...         СССР
197   390489  ...          США
198  4935012  ...  Корея Южная
199  4393318  ...       Россия

[200 rows x 10 columns]
[2024-06-28T00:09:39.693+0000] {processor.py:840} INFO - DAG(s) 'create_movie_dataset_v41' retrieved from /opt/airflow/dags/etl.py
[2024-06-28T00:09:39.707+0000] {logging_mixin.py:188} INFO - [2024-06-28T00:09:39.706+0000] {dag.py:3096} INFO - Sync 1 DAGs
[2024-06-28T00:09:39.718+0000] {logging_mixin.py:188} INFO - [2024-06-28T00:09:39.718+0000] {dag.py:3954} INFO - Setting next_dagrun for create_movie_dataset_v41 to 2024-06-28 00:00:00+00:00, run_after=2024-06-28 00:10:00+00:00
[2024-06-28T00:09:39.729+0000] {processor.py:183} INFO - Processing /opt/airflow/dags/etl.py took 0.332 seconds
[2024-06-28T00:10:09.892+0000] {processor.py:161} INFO - Started process (PID=2792) to work on /opt/airflow/dags/etl.py
[2024-06-28T00:10:09.893+0000] {processor.py:830} INFO - Processing file /opt/airflow/dags/etl.py for tasks to queue
[2024-06-28T00:10:09.894+0000] {logging_mixin.py:188} INFO - [2024-06-28T00:10:09.893+0000] {dagbag.py:545} INFO - Filling up the DagBag from /opt/airflow/dags/etl.py
[2024-06-28T00:10:10.199+0000] {logging_mixin.py:188} INFO -           id  ...               countries
0    1058741  ...                  Польша
1      32946  ...  Великобритания|Израиль
2    1192683  ...                  Россия
3    1392623  ...                 Франция
4      45821  ...                    СССР
..       ...  ...                     ...
195  1112693  ...                  Россия
196  1063112  ...      США|Великобритания
197    42333  ...                    СССР
198  5034460  ...                  Россия
199  1007738  ...                 Украина

[200 rows x 10 columns]
[2024-06-28T00:10:10.207+0000] {processor.py:840} INFO - DAG(s) 'create_movie_dataset_v41' retrieved from /opt/airflow/dags/etl.py
[2024-06-28T00:10:10.268+0000] {logging_mixin.py:188} INFO - [2024-06-28T00:10:10.268+0000] {dag.py:3096} INFO - Sync 1 DAGs
[2024-06-28T00:10:10.280+0000] {logging_mixin.py:188} INFO - [2024-06-28T00:10:10.279+0000] {dag.py:3954} INFO - Setting next_dagrun for create_movie_dataset_v41 to 2024-06-28 00:10:00+00:00, run_after=2024-06-28 00:20:00+00:00
[2024-06-28T00:10:10.291+0000] {processor.py:183} INFO - Processing /opt/airflow/dags/etl.py took 0.402 seconds
[2024-06-28T00:10:40.487+0000] {processor.py:161} INFO - Started process (PID=2817) to work on /opt/airflow/dags/etl.py
[2024-06-28T00:10:40.487+0000] {processor.py:830} INFO - Processing file /opt/airflow/dags/etl.py for tasks to queue
[2024-06-28T00:10:40.488+0000] {logging_mixin.py:188} INFO - [2024-06-28T00:10:40.487+0000] {dagbag.py:545} INFO - Filling up the DagBag from /opt/airflow/dags/etl.py
[2024-06-28T00:10:40.792+0000] {logging_mixin.py:188} INFO -           id  ...               countries
0    1058741  ...                  Польша
1      32946  ...  Великобритания|Израиль
2    1192683  ...                  Россия
3    1392623  ...                 Франция
4      45821  ...                    СССР
..       ...  ...                     ...
195  1112693  ...                  Россия
196  1063112  ...      США|Великобритания
197    42333  ...                    СССР
198  5034460  ...                  Россия
199  1007738  ...                 Украина

[200 rows x 10 columns]
[2024-06-28T00:10:40.801+0000] {processor.py:840} INFO - DAG(s) 'create_movie_dataset_v41' retrieved from /opt/airflow/dags/etl.py
[2024-06-28T00:10:40.815+0000] {logging_mixin.py:188} INFO - [2024-06-28T00:10:40.815+0000] {dag.py:3096} INFO - Sync 1 DAGs
[2024-06-28T00:10:40.826+0000] {logging_mixin.py:188} INFO - [2024-06-28T00:10:40.826+0000] {dag.py:3954} INFO - Setting next_dagrun for create_movie_dataset_v41 to 2024-06-28 00:10:00+00:00, run_after=2024-06-28 00:20:00+00:00
[2024-06-28T00:10:40.839+0000] {processor.py:183} INFO - Processing /opt/airflow/dags/etl.py took 0.356 seconds
[2024-06-28T00:11:10.993+0000] {processor.py:161} INFO - Started process (PID=2835) to work on /opt/airflow/dags/etl.py
[2024-06-28T00:11:10.993+0000] {processor.py:830} INFO - Processing file /opt/airflow/dags/etl.py for tasks to queue
[2024-06-28T00:11:10.994+0000] {logging_mixin.py:188} INFO - [2024-06-28T00:11:10.994+0000] {dagbag.py:545} INFO - Filling up the DagBag from /opt/airflow/dags/etl.py
[2024-06-28T00:11:11.289+0000] {logging_mixin.py:188} INFO -           id  ...               countries
0    1058741  ...                  Польша
1      32946  ...  Великобритания|Израиль
2    1192683  ...                  Россия
3    1392623  ...                 Франция
4      45821  ...                    СССР
..       ...  ...                     ...
195  1112693  ...                  Россия
196  1063112  ...      США|Великобритания
197    42333  ...                    СССР
198  5034460  ...                  Россия
199  1007738  ...                 Украина

[200 rows x 10 columns]
[2024-06-28T00:11:11.298+0000] {processor.py:840} INFO - DAG(s) 'create_movie_dataset_v41' retrieved from /opt/airflow/dags/etl.py
[2024-06-28T00:11:11.313+0000] {logging_mixin.py:188} INFO - [2024-06-28T00:11:11.313+0000] {dag.py:3096} INFO - Sync 1 DAGs
[2024-06-28T00:11:11.324+0000] {logging_mixin.py:188} INFO - [2024-06-28T00:11:11.324+0000] {dag.py:3954} INFO - Setting next_dagrun for create_movie_dataset_v41 to 2024-06-28 00:10:00+00:00, run_after=2024-06-28 00:20:00+00:00
[2024-06-28T00:11:11.337+0000] {processor.py:183} INFO - Processing /opt/airflow/dags/etl.py took 0.348 seconds
[2024-06-28T00:11:41.486+0000] {processor.py:161} INFO - Started process (PID=2861) to work on /opt/airflow/dags/etl.py
[2024-06-28T00:11:41.499+0000] {processor.py:830} INFO - Processing file /opt/airflow/dags/etl.py for tasks to queue
[2024-06-28T00:11:41.500+0000] {logging_mixin.py:188} INFO - [2024-06-28T00:11:41.500+0000] {dagbag.py:545} INFO - Filling up the DagBag from /opt/airflow/dags/etl.py
[2024-06-28T00:11:41.827+0000] {logging_mixin.py:188} INFO -           id  ...               countries
0    1058741  ...                  Польша
1      32946  ...  Великобритания|Израиль
2    1192683  ...                  Россия
3    1392623  ...                 Франция
4      45821  ...                    СССР
..       ...  ...                     ...
195  1112693  ...                  Россия
196  1063112  ...      США|Великобритания
197    42333  ...                    СССР
198  5034460  ...                  Россия
199  1007738  ...                 Украина

[200 rows x 10 columns]
[2024-06-28T00:11:41.836+0000] {processor.py:840} INFO - DAG(s) 'create_movie_dataset_v41' retrieved from /opt/airflow/dags/etl.py
[2024-06-28T00:11:41.850+0000] {logging_mixin.py:188} INFO - [2024-06-28T00:11:41.850+0000] {dag.py:3096} INFO - Sync 1 DAGs
[2024-06-28T00:11:41.860+0000] {logging_mixin.py:188} INFO - [2024-06-28T00:11:41.860+0000] {dag.py:3954} INFO - Setting next_dagrun for create_movie_dataset_v41 to 2024-06-28 00:10:00+00:00, run_after=2024-06-28 00:20:00+00:00
[2024-06-28T00:11:41.872+0000] {processor.py:183} INFO - Processing /opt/airflow/dags/etl.py took 0.389 seconds
[2024-06-28T00:12:12.056+0000] {processor.py:161} INFO - Started process (PID=2887) to work on /opt/airflow/dags/etl.py
[2024-06-28T00:12:12.057+0000] {processor.py:830} INFO - Processing file /opt/airflow/dags/etl.py for tasks to queue
[2024-06-28T00:12:12.057+0000] {logging_mixin.py:188} INFO - [2024-06-28T00:12:12.057+0000] {dagbag.py:545} INFO - Filling up the DagBag from /opt/airflow/dags/etl.py
[2024-06-28T00:12:12.359+0000] {logging_mixin.py:188} INFO -           id  ...               countries
0    1058741  ...                  Польша
1      32946  ...  Великобритания|Израиль
2    1192683  ...                  Россия
3    1392623  ...                 Франция
4      45821  ...                    СССР
..       ...  ...                     ...
195  1112693  ...                  Россия
196  1063112  ...      США|Великобритания
197    42333  ...                    СССР
198  5034460  ...                  Россия
199  1007738  ...                 Украина

[200 rows x 10 columns]
[2024-06-28T00:12:12.368+0000] {processor.py:840} INFO - DAG(s) 'create_movie_dataset_v41' retrieved from /opt/airflow/dags/etl.py
[2024-06-28T00:12:12.383+0000] {logging_mixin.py:188} INFO - [2024-06-28T00:12:12.382+0000] {dag.py:3096} INFO - Sync 1 DAGs
[2024-06-28T00:12:12.395+0000] {logging_mixin.py:188} INFO - [2024-06-28T00:12:12.395+0000] {dag.py:3954} INFO - Setting next_dagrun for create_movie_dataset_v41 to 2024-06-28 00:10:00+00:00, run_after=2024-06-28 00:20:00+00:00
[2024-06-28T00:12:12.407+0000] {processor.py:183} INFO - Processing /opt/airflow/dags/etl.py took 0.354 seconds
[2024-06-28T00:12:42.621+0000] {processor.py:161} INFO - Started process (PID=2906) to work on /opt/airflow/dags/etl.py
[2024-06-28T00:12:42.621+0000] {processor.py:830} INFO - Processing file /opt/airflow/dags/etl.py for tasks to queue
[2024-06-28T00:12:42.622+0000] {logging_mixin.py:188} INFO - [2024-06-28T00:12:42.621+0000] {dagbag.py:545} INFO - Filling up the DagBag from /opt/airflow/dags/etl.py
[2024-06-28T00:12:42.935+0000] {logging_mixin.py:188} INFO -           id  ...               countries
0    1058741  ...                  Польша
1      32946  ...  Великобритания|Израиль
2    1192683  ...                  Россия
3    1392623  ...                 Франция
4      45821  ...                    СССР
..       ...  ...                     ...
195  1112693  ...                  Россия
196  1063112  ...      США|Великобритания
197    42333  ...                    СССР
198  5034460  ...                  Россия
199  1007738  ...                 Украина

[200 rows x 10 columns]
[2024-06-28T00:12:42.944+0000] {processor.py:840} INFO - DAG(s) 'create_movie_dataset_v41' retrieved from /opt/airflow/dags/etl.py
[2024-06-28T00:12:42.958+0000] {logging_mixin.py:188} INFO - [2024-06-28T00:12:42.958+0000] {dag.py:3096} INFO - Sync 1 DAGs
[2024-06-28T00:12:42.970+0000] {logging_mixin.py:188} INFO - [2024-06-28T00:12:42.970+0000] {dag.py:3954} INFO - Setting next_dagrun for create_movie_dataset_v41 to 2024-06-28 00:10:00+00:00, run_after=2024-06-28 00:20:00+00:00
[2024-06-28T00:12:42.981+0000] {processor.py:183} INFO - Processing /opt/airflow/dags/etl.py took 0.364 seconds
[2024-06-28T00:13:13.233+0000] {processor.py:161} INFO - Started process (PID=2932) to work on /opt/airflow/dags/etl.py
[2024-06-28T00:13:13.234+0000] {processor.py:830} INFO - Processing file /opt/airflow/dags/etl.py for tasks to queue
[2024-06-28T00:13:13.234+0000] {logging_mixin.py:188} INFO - [2024-06-28T00:13:13.234+0000] {dagbag.py:545} INFO - Filling up the DagBag from /opt/airflow/dags/etl.py
[2024-06-28T00:13:13.530+0000] {logging_mixin.py:188} INFO -           id  ...               countries
0    1058741  ...                  Польша
1      32946  ...  Великобритания|Израиль
2    1192683  ...                  Россия
3    1392623  ...                 Франция
4      45821  ...                    СССР
..       ...  ...                     ...
195  1112693  ...                  Россия
196  1063112  ...      США|Великобритания
197    42333  ...                    СССР
198  5034460  ...                  Россия
199  1007738  ...                 Украина

[200 rows x 10 columns]
[2024-06-28T00:13:13.538+0000] {processor.py:840} INFO - DAG(s) 'create_movie_dataset_v41' retrieved from /opt/airflow/dags/etl.py
[2024-06-28T00:13:13.553+0000] {logging_mixin.py:188} INFO - [2024-06-28T00:13:13.553+0000] {dag.py:3096} INFO - Sync 1 DAGs
[2024-06-28T00:13:13.564+0000] {logging_mixin.py:188} INFO - [2024-06-28T00:13:13.564+0000] {dag.py:3954} INFO - Setting next_dagrun for create_movie_dataset_v41 to 2024-06-28 00:10:00+00:00, run_after=2024-06-28 00:20:00+00:00
[2024-06-28T00:13:13.575+0000] {processor.py:183} INFO - Processing /opt/airflow/dags/etl.py took 0.345 seconds
[2024-06-28T00:13:43.777+0000] {processor.py:161} INFO - Started process (PID=2957) to work on /opt/airflow/dags/etl.py
[2024-06-28T00:13:43.778+0000] {processor.py:830} INFO - Processing file /opt/airflow/dags/etl.py for tasks to queue
[2024-06-28T00:13:43.778+0000] {logging_mixin.py:188} INFO - [2024-06-28T00:13:43.778+0000] {dagbag.py:545} INFO - Filling up the DagBag from /opt/airflow/dags/etl.py
[2024-06-28T00:13:44.071+0000] {logging_mixin.py:188} INFO -           id  ...               countries
0    1058741  ...                  Польша
1      32946  ...  Великобритания|Израиль
2    1192683  ...                  Россия
3    1392623  ...                 Франция
4      45821  ...                    СССР
..       ...  ...                     ...
195  1112693  ...                  Россия
196  1063112  ...      США|Великобритания
197    42333  ...                    СССР
198  5034460  ...                  Россия
199  1007738  ...                 Украина

[200 rows x 10 columns]
[2024-06-28T00:13:44.081+0000] {processor.py:840} INFO - DAG(s) 'create_movie_dataset_v41' retrieved from /opt/airflow/dags/etl.py
[2024-06-28T00:13:44.096+0000] {logging_mixin.py:188} INFO - [2024-06-28T00:13:44.096+0000] {dag.py:3096} INFO - Sync 1 DAGs
[2024-06-28T00:13:44.108+0000] {logging_mixin.py:188} INFO - [2024-06-28T00:13:44.108+0000] {dag.py:3954} INFO - Setting next_dagrun for create_movie_dataset_v41 to 2024-06-28 00:10:00+00:00, run_after=2024-06-28 00:20:00+00:00
[2024-06-28T00:13:44.120+0000] {processor.py:183} INFO - Processing /opt/airflow/dags/etl.py took 0.346 seconds
[2024-06-28T00:14:14.276+0000] {processor.py:161} INFO - Started process (PID=2976) to work on /opt/airflow/dags/etl.py
[2024-06-28T00:14:14.277+0000] {processor.py:830} INFO - Processing file /opt/airflow/dags/etl.py for tasks to queue
[2024-06-28T00:14:14.277+0000] {logging_mixin.py:188} INFO - [2024-06-28T00:14:14.277+0000] {dagbag.py:545} INFO - Filling up the DagBag from /opt/airflow/dags/etl.py
[2024-06-28T00:14:14.572+0000] {logging_mixin.py:188} INFO -           id  ...               countries
0    1058741  ...                  Польша
1      32946  ...  Великобритания|Израиль
2    1192683  ...                  Россия
3    1392623  ...                 Франция
4      45821  ...                    СССР
..       ...  ...                     ...
195  1112693  ...                  Россия
196  1063112  ...      США|Великобритания
197    42333  ...                    СССР
198  5034460  ...                  Россия
199  1007738  ...                 Украина

[200 rows x 10 columns]
[2024-06-28T00:14:14.583+0000] {processor.py:840} INFO - DAG(s) 'create_movie_dataset_v41' retrieved from /opt/airflow/dags/etl.py
[2024-06-28T00:14:14.599+0000] {logging_mixin.py:188} INFO - [2024-06-28T00:14:14.598+0000] {dag.py:3096} INFO - Sync 1 DAGs
[2024-06-28T00:14:14.611+0000] {logging_mixin.py:188} INFO - [2024-06-28T00:14:14.610+0000] {dag.py:3954} INFO - Setting next_dagrun for create_movie_dataset_v41 to 2024-06-28 00:10:00+00:00, run_after=2024-06-28 00:20:00+00:00
[2024-06-28T00:14:14.623+0000] {processor.py:183} INFO - Processing /opt/airflow/dags/etl.py took 0.350 seconds
[2024-06-28T00:14:44.787+0000] {processor.py:161} INFO - Started process (PID=3002) to work on /opt/airflow/dags/etl.py
[2024-06-28T00:14:44.788+0000] {processor.py:830} INFO - Processing file /opt/airflow/dags/etl.py for tasks to queue
[2024-06-28T00:14:44.788+0000] {logging_mixin.py:188} INFO - [2024-06-28T00:14:44.788+0000] {dagbag.py:545} INFO - Filling up the DagBag from /opt/airflow/dags/etl.py
[2024-06-28T00:14:45.066+0000] {logging_mixin.py:188} INFO -           id  ...               countries
0    1058741  ...                  Польша
1      32946  ...  Великобритания|Израиль
2    1192683  ...                  Россия
3    1392623  ...                 Франция
4      45821  ...                    СССР
..       ...  ...                     ...
195  1112693  ...                  Россия
196  1063112  ...      США|Великобритания
197    42333  ...                    СССР
198  5034460  ...                  Россия
199  1007738  ...                 Украина

[200 rows x 10 columns]
[2024-06-28T00:14:45.074+0000] {processor.py:840} INFO - DAG(s) 'create_movie_dataset_v41' retrieved from /opt/airflow/dags/etl.py
[2024-06-28T00:14:45.089+0000] {logging_mixin.py:188} INFO - [2024-06-28T00:14:45.088+0000] {dag.py:3096} INFO - Sync 1 DAGs
[2024-06-28T00:14:45.100+0000] {logging_mixin.py:188} INFO - [2024-06-28T00:14:45.100+0000] {dag.py:3954} INFO - Setting next_dagrun for create_movie_dataset_v41 to 2024-06-28 00:10:00+00:00, run_after=2024-06-28 00:20:00+00:00
[2024-06-28T00:14:45.112+0000] {processor.py:183} INFO - Processing /opt/airflow/dags/etl.py took 0.328 seconds
[2024-06-28T00:15:15.327+0000] {processor.py:161} INFO - Started process (PID=3028) to work on /opt/airflow/dags/etl.py
[2024-06-28T00:15:15.329+0000] {processor.py:830} INFO - Processing file /opt/airflow/dags/etl.py for tasks to queue
[2024-06-28T00:15:15.330+0000] {logging_mixin.py:188} INFO - [2024-06-28T00:15:15.330+0000] {dagbag.py:545} INFO - Filling up the DagBag from /opt/airflow/dags/etl.py
[2024-06-28T00:15:15.638+0000] {logging_mixin.py:188} INFO -           id  ...               countries
0    1058741  ...                  Польша
1      32946  ...  Великобритания|Израиль
2    1192683  ...                  Россия
3    1392623  ...                 Франция
4      45821  ...                    СССР
..       ...  ...                     ...
195  1112693  ...                  Россия
196  1063112  ...      США|Великобритания
197    42333  ...                    СССР
198  5034460  ...                  Россия
199  1007738  ...                 Украина

[200 rows x 10 columns]
[2024-06-28T00:15:15.647+0000] {processor.py:840} INFO - DAG(s) 'create_movie_dataset_v41' retrieved from /opt/airflow/dags/etl.py
[2024-06-28T00:15:15.661+0000] {logging_mixin.py:188} INFO - [2024-06-28T00:15:15.661+0000] {dag.py:3096} INFO - Sync 1 DAGs
[2024-06-28T00:15:15.673+0000] {logging_mixin.py:188} INFO - [2024-06-28T00:15:15.673+0000] {dag.py:3954} INFO - Setting next_dagrun for create_movie_dataset_v41 to 2024-06-28 00:10:00+00:00, run_after=2024-06-28 00:20:00+00:00
[2024-06-28T00:15:15.685+0000] {processor.py:183} INFO - Processing /opt/airflow/dags/etl.py took 0.361 seconds
[2024-06-28T00:15:45.856+0000] {processor.py:161} INFO - Started process (PID=3046) to work on /opt/airflow/dags/etl.py
[2024-06-28T00:15:45.857+0000] {processor.py:830} INFO - Processing file /opt/airflow/dags/etl.py for tasks to queue
[2024-06-28T00:15:45.857+0000] {logging_mixin.py:188} INFO - [2024-06-28T00:15:45.857+0000] {dagbag.py:545} INFO - Filling up the DagBag from /opt/airflow/dags/etl.py
[2024-06-28T00:15:46.155+0000] {logging_mixin.py:188} INFO -           id  ...               countries
0    1058741  ...                  Польша
1      32946  ...  Великобритания|Израиль
2    1192683  ...                  Россия
3    1392623  ...                 Франция
4      45821  ...                    СССР
..       ...  ...                     ...
195  1112693  ...                  Россия
196  1063112  ...      США|Великобритания
197    42333  ...                    СССР
198  5034460  ...                  Россия
199  1007738  ...                 Украина

[200 rows x 10 columns]
[2024-06-28T00:15:46.164+0000] {processor.py:840} INFO - DAG(s) 'create_movie_dataset_v41' retrieved from /opt/airflow/dags/etl.py
[2024-06-28T00:15:46.179+0000] {logging_mixin.py:188} INFO - [2024-06-28T00:15:46.178+0000] {dag.py:3096} INFO - Sync 1 DAGs
[2024-06-28T00:15:46.191+0000] {logging_mixin.py:188} INFO - [2024-06-28T00:15:46.190+0000] {dag.py:3954} INFO - Setting next_dagrun for create_movie_dataset_v41 to 2024-06-28 00:10:00+00:00, run_after=2024-06-28 00:20:00+00:00
[2024-06-28T00:15:46.201+0000] {processor.py:183} INFO - Processing /opt/airflow/dags/etl.py took 0.348 seconds
[2024-06-28T00:16:16.383+0000] {processor.py:161} INFO - Started process (PID=3072) to work on /opt/airflow/dags/etl.py
[2024-06-28T00:16:16.384+0000] {processor.py:830} INFO - Processing file /opt/airflow/dags/etl.py for tasks to queue
[2024-06-28T00:16:16.384+0000] {logging_mixin.py:188} INFO - [2024-06-28T00:16:16.384+0000] {dagbag.py:545} INFO - Filling up the DagBag from /opt/airflow/dags/etl.py
[2024-06-28T00:16:16.686+0000] {logging_mixin.py:188} INFO -           id  ...               countries
0    1058741  ...                  Польша
1      32946  ...  Великобритания|Израиль
2    1192683  ...                  Россия
3    1392623  ...                 Франция
4      45821  ...                    СССР
..       ...  ...                     ...
195  1112693  ...                  Россия
196  1063112  ...      США|Великобритания
197    42333  ...                    СССР
198  5034460  ...                  Россия
199  1007738  ...                 Украина

[200 rows x 10 columns]
[2024-06-28T00:16:16.695+0000] {processor.py:840} INFO - DAG(s) 'create_movie_dataset_v41' retrieved from /opt/airflow/dags/etl.py
[2024-06-28T00:16:16.713+0000] {logging_mixin.py:188} INFO - [2024-06-28T00:16:16.712+0000] {dag.py:3096} INFO - Sync 1 DAGs
[2024-06-28T00:16:16.724+0000] {logging_mixin.py:188} INFO - [2024-06-28T00:16:16.724+0000] {dag.py:3954} INFO - Setting next_dagrun for create_movie_dataset_v41 to 2024-06-28 00:10:00+00:00, run_after=2024-06-28 00:20:00+00:00
[2024-06-28T00:16:16.741+0000] {processor.py:183} INFO - Processing /opt/airflow/dags/etl.py took 0.361 seconds
[2024-06-28T00:16:47.156+0000] {processor.py:161} INFO - Started process (PID=3098) to work on /opt/airflow/dags/etl.py
[2024-06-28T00:16:47.156+0000] {processor.py:830} INFO - Processing file /opt/airflow/dags/etl.py for tasks to queue
[2024-06-28T00:16:47.157+0000] {logging_mixin.py:188} INFO - [2024-06-28T00:16:47.157+0000] {dagbag.py:545} INFO - Filling up the DagBag from /opt/airflow/dags/etl.py
[2024-06-28T00:16:47.461+0000] {logging_mixin.py:188} INFO -           id  ...               countries
0    1058741  ...                  Польша
1      32946  ...  Великобритания|Израиль
2    1192683  ...                  Россия
3    1392623  ...                 Франция
4      45821  ...                    СССР
..       ...  ...                     ...
195  1112693  ...                  Россия
196  1063112  ...      США|Великобритания
197    42333  ...                    СССР
198  5034460  ...                  Россия
199  1007738  ...                 Украина

[200 rows x 10 columns]
[2024-06-28T00:16:47.470+0000] {processor.py:840} INFO - DAG(s) 'create_movie_dataset_v41' retrieved from /opt/airflow/dags/etl.py
[2024-06-28T00:16:47.486+0000] {logging_mixin.py:188} INFO - [2024-06-28T00:16:47.485+0000] {dag.py:3096} INFO - Sync 1 DAGs
[2024-06-28T00:16:47.498+0000] {logging_mixin.py:188} INFO - [2024-06-28T00:16:47.498+0000] {dag.py:3954} INFO - Setting next_dagrun for create_movie_dataset_v41 to 2024-06-28 00:10:00+00:00, run_after=2024-06-28 00:20:00+00:00
[2024-06-28T00:16:47.511+0000] {processor.py:183} INFO - Processing /opt/airflow/dags/etl.py took 0.358 seconds
[2024-06-28T00:17:17.742+0000] {processor.py:161} INFO - Started process (PID=3117) to work on /opt/airflow/dags/etl.py
[2024-06-28T00:17:17.743+0000] {processor.py:830} INFO - Processing file /opt/airflow/dags/etl.py for tasks to queue
[2024-06-28T00:17:17.743+0000] {logging_mixin.py:188} INFO - [2024-06-28T00:17:17.743+0000] {dagbag.py:545} INFO - Filling up the DagBag from /opt/airflow/dags/etl.py
[2024-06-28T00:17:18.022+0000] {logging_mixin.py:188} INFO -           id  ...               countries
0    1058741  ...                  Польша
1      32946  ...  Великобритания|Израиль
2    1192683  ...                  Россия
3    1392623  ...                 Франция
4      45821  ...                    СССР
..       ...  ...                     ...
195  1112693  ...                  Россия
196  1063112  ...      США|Великобритания
197    42333  ...                    СССР
198  5034460  ...                  Россия
199  1007738  ...                 Украина

[200 rows x 10 columns]
[2024-06-28T00:17:18.030+0000] {processor.py:840} INFO - DAG(s) 'create_movie_dataset_v41' retrieved from /opt/airflow/dags/etl.py
[2024-06-28T00:17:18.044+0000] {logging_mixin.py:188} INFO - [2024-06-28T00:17:18.044+0000] {dag.py:3096} INFO - Sync 1 DAGs
[2024-06-28T00:17:18.055+0000] {logging_mixin.py:188} INFO - [2024-06-28T00:17:18.055+0000] {dag.py:3954} INFO - Setting next_dagrun for create_movie_dataset_v41 to 2024-06-28 00:10:00+00:00, run_after=2024-06-28 00:20:00+00:00
[2024-06-28T00:17:18.067+0000] {processor.py:183} INFO - Processing /opt/airflow/dags/etl.py took 0.328 seconds
[2024-06-28T00:17:48.255+0000] {processor.py:161} INFO - Started process (PID=3144) to work on /opt/airflow/dags/etl.py
[2024-06-28T00:17:48.256+0000] {processor.py:830} INFO - Processing file /opt/airflow/dags/etl.py for tasks to queue
[2024-06-28T00:17:48.257+0000] {logging_mixin.py:188} INFO - [2024-06-28T00:17:48.256+0000] {dagbag.py:545} INFO - Filling up the DagBag from /opt/airflow/dags/etl.py
[2024-06-28T00:17:48.553+0000] {logging_mixin.py:188} INFO -           id  ...               countries
0    1058741  ...                  Польша
1      32946  ...  Великобритания|Израиль
2    1192683  ...                  Россия
3    1392623  ...                 Франция
4      45821  ...                    СССР
..       ...  ...                     ...
195  1112693  ...                  Россия
196  1063112  ...      США|Великобритания
197    42333  ...                    СССР
198  5034460  ...                  Россия
199  1007738  ...                 Украина

[200 rows x 10 columns]
[2024-06-28T00:17:48.562+0000] {processor.py:840} INFO - DAG(s) 'create_movie_dataset_v41' retrieved from /opt/airflow/dags/etl.py
[2024-06-28T00:17:48.576+0000] {logging_mixin.py:188} INFO - [2024-06-28T00:17:48.576+0000] {dag.py:3096} INFO - Sync 1 DAGs
[2024-06-28T00:17:48.587+0000] {logging_mixin.py:188} INFO - [2024-06-28T00:17:48.587+0000] {dag.py:3954} INFO - Setting next_dagrun for create_movie_dataset_v41 to 2024-06-28 00:10:00+00:00, run_after=2024-06-28 00:20:00+00:00
[2024-06-28T00:17:48.599+0000] {processor.py:183} INFO - Processing /opt/airflow/dags/etl.py took 0.347 seconds
[2024-06-28T00:18:18.624+0000] {processor.py:161} INFO - Started process (PID=3170) to work on /opt/airflow/dags/etl.py
[2024-06-28T00:18:18.625+0000] {processor.py:830} INFO - Processing file /opt/airflow/dags/etl.py for tasks to queue
[2024-06-28T00:18:18.626+0000] {logging_mixin.py:188} INFO - [2024-06-28T00:18:18.625+0000] {dagbag.py:545} INFO - Filling up the DagBag from /opt/airflow/dags/etl.py
[2024-06-28T00:18:18.927+0000] {logging_mixin.py:188} INFO -           id  ...               countries
0    1058741  ...                  Польша
1      32946  ...  Великобритания|Израиль
2    1192683  ...                  Россия
3    1392623  ...                 Франция
4      45821  ...                    СССР
..       ...  ...                     ...
195  1112693  ...                  Россия
196  1063112  ...      США|Великобритания
197    42333  ...                    СССР
198  5034460  ...                  Россия
199  1007738  ...                 Украина

[200 rows x 10 columns]
[2024-06-28T00:18:18.936+0000] {processor.py:840} INFO - DAG(s) 'create_movie_dataset_v41' retrieved from /opt/airflow/dags/etl.py
[2024-06-28T00:18:18.950+0000] {logging_mixin.py:188} INFO - [2024-06-28T00:18:18.950+0000] {dag.py:3096} INFO - Sync 1 DAGs
[2024-06-28T00:18:18.962+0000] {logging_mixin.py:188} INFO - [2024-06-28T00:18:18.962+0000] {dag.py:3954} INFO - Setting next_dagrun for create_movie_dataset_v41 to 2024-06-28 00:10:00+00:00, run_after=2024-06-28 00:20:00+00:00
[2024-06-28T00:18:18.973+0000] {processor.py:183} INFO - Processing /opt/airflow/dags/etl.py took 0.353 seconds
[2024-06-28T00:18:49.081+0000] {processor.py:161} INFO - Started process (PID=3189) to work on /opt/airflow/dags/etl.py
[2024-06-28T00:18:49.082+0000] {processor.py:830} INFO - Processing file /opt/airflow/dags/etl.py for tasks to queue
[2024-06-28T00:18:49.083+0000] {logging_mixin.py:188} INFO - [2024-06-28T00:18:49.083+0000] {dagbag.py:545} INFO - Filling up the DagBag from /opt/airflow/dags/etl.py
[2024-06-28T00:18:49.416+0000] {logging_mixin.py:188} INFO -           id  ...               countries
0    1058741  ...                  Польша
1      32946  ...  Великобритания|Израиль
2    1192683  ...                  Россия
3    1392623  ...                 Франция
4      45821  ...                    СССР
..       ...  ...                     ...
195  1112693  ...                  Россия
196  1063112  ...      США|Великобритания
197    42333  ...                    СССР
198  5034460  ...                  Россия
199  1007738  ...                 Украина

[200 rows x 10 columns]
[2024-06-28T00:18:49.424+0000] {processor.py:840} INFO - DAG(s) 'create_movie_dataset_v41' retrieved from /opt/airflow/dags/etl.py
[2024-06-28T00:18:49.439+0000] {logging_mixin.py:188} INFO - [2024-06-28T00:18:49.439+0000] {dag.py:3096} INFO - Sync 1 DAGs
[2024-06-28T00:18:49.451+0000] {logging_mixin.py:188} INFO - [2024-06-28T00:18:49.451+0000] {dag.py:3954} INFO - Setting next_dagrun for create_movie_dataset_v41 to 2024-06-28 00:10:00+00:00, run_after=2024-06-28 00:20:00+00:00
[2024-06-28T00:18:49.463+0000] {processor.py:183} INFO - Processing /opt/airflow/dags/etl.py took 0.385 seconds
[2024-06-28T00:19:19.608+0000] {processor.py:161} INFO - Started process (PID=3215) to work on /opt/airflow/dags/etl.py
[2024-06-28T00:19:19.609+0000] {processor.py:830} INFO - Processing file /opt/airflow/dags/etl.py for tasks to queue
[2024-06-28T00:19:19.609+0000] {logging_mixin.py:188} INFO - [2024-06-28T00:19:19.609+0000] {dagbag.py:545} INFO - Filling up the DagBag from /opt/airflow/dags/etl.py
[2024-06-28T00:19:19.908+0000] {logging_mixin.py:188} INFO -           id  ...               countries
0    1058741  ...                  Польша
1      32946  ...  Великобритания|Израиль
2    1192683  ...                  Россия
3    1392623  ...                 Франция
4      45821  ...                    СССР
..       ...  ...                     ...
195  1112693  ...                  Россия
196  1063112  ...      США|Великобритания
197    42333  ...                    СССР
198  5034460  ...                  Россия
199  1007738  ...                 Украина

[200 rows x 10 columns]
[2024-06-28T00:19:19.917+0000] {processor.py:840} INFO - DAG(s) 'create_movie_dataset_v41' retrieved from /opt/airflow/dags/etl.py
[2024-06-28T00:19:19.931+0000] {logging_mixin.py:188} INFO - [2024-06-28T00:19:19.931+0000] {dag.py:3096} INFO - Sync 1 DAGs
[2024-06-28T00:19:19.943+0000] {logging_mixin.py:188} INFO - [2024-06-28T00:19:19.943+0000] {dag.py:3954} INFO - Setting next_dagrun for create_movie_dataset_v41 to 2024-06-28 00:10:00+00:00, run_after=2024-06-28 00:20:00+00:00
[2024-06-28T00:19:19.955+0000] {processor.py:183} INFO - Processing /opt/airflow/dags/etl.py took 0.349 seconds
[2024-06-28T00:19:50.093+0000] {processor.py:161} INFO - Started process (PID=3234) to work on /opt/airflow/dags/etl.py
[2024-06-28T00:19:50.093+0000] {processor.py:830} INFO - Processing file /opt/airflow/dags/etl.py for tasks to queue
[2024-06-28T00:19:50.094+0000] {logging_mixin.py:188} INFO - [2024-06-28T00:19:50.093+0000] {dagbag.py:545} INFO - Filling up the DagBag from /opt/airflow/dags/etl.py
[2024-06-28T00:19:50.421+0000] {logging_mixin.py:188} INFO -           id  ...               countries
0    1058741  ...                  Польша
1      32946  ...  Великобритания|Израиль
2    1192683  ...                  Россия
3    1392623  ...                 Франция
4      45821  ...                    СССР
..       ...  ...                     ...
195  1112693  ...                  Россия
196  1063112  ...      США|Великобритания
197    42333  ...                    СССР
198  5034460  ...                  Россия
199  1007738  ...                 Украина

[200 rows x 10 columns]
[2024-06-28T00:19:50.431+0000] {processor.py:840} INFO - DAG(s) 'create_movie_dataset_v41' retrieved from /opt/airflow/dags/etl.py
[2024-06-28T00:19:50.445+0000] {logging_mixin.py:188} INFO - [2024-06-28T00:19:50.445+0000] {dag.py:3096} INFO - Sync 1 DAGs
[2024-06-28T00:19:50.457+0000] {logging_mixin.py:188} INFO - [2024-06-28T00:19:50.456+0000] {dag.py:3954} INFO - Setting next_dagrun for create_movie_dataset_v41 to 2024-06-28 00:10:00+00:00, run_after=2024-06-28 00:20:00+00:00
[2024-06-28T00:19:50.468+0000] {processor.py:183} INFO - Processing /opt/airflow/dags/etl.py took 0.378 seconds
[2024-06-28T00:20:20.609+0000] {processor.py:161} INFO - Started process (PID=3264) to work on /opt/airflow/dags/etl.py
[2024-06-28T00:20:20.610+0000] {processor.py:830} INFO - Processing file /opt/airflow/dags/etl.py for tasks to queue
[2024-06-28T00:20:20.611+0000] {logging_mixin.py:188} INFO - [2024-06-28T00:20:20.610+0000] {dagbag.py:545} INFO - Filling up the DagBag from /opt/airflow/dags/etl.py
[2024-06-28T00:20:20.910+0000] {logging_mixin.py:188} INFO -           id  ...   countries
0    1040555  ...      Россия
1      42569  ...        СССР
2     898074  ...         США
3      42476  ...        СССР
4    5110247  ...  Нидерланды
..       ...  ...         ...
195    46057  ...        СССР
196   437515  ...         США
197  4396533  ...         США
198    44975  ...        СССР
199    45839  ...        СССР

[200 rows x 10 columns]
[2024-06-28T00:20:20.919+0000] {processor.py:840} INFO - DAG(s) 'create_movie_dataset_v41' retrieved from /opt/airflow/dags/etl.py
[2024-06-28T00:20:20.973+0000] {logging_mixin.py:188} INFO - [2024-06-28T00:20:20.972+0000] {dag.py:3096} INFO - Sync 1 DAGs
[2024-06-28T00:20:20.983+0000] {logging_mixin.py:188} INFO - [2024-06-28T00:20:20.983+0000] {dag.py:3954} INFO - Setting next_dagrun for create_movie_dataset_v41 to 2024-06-28 00:20:00+00:00, run_after=2024-06-28 00:30:00+00:00
[2024-06-28T00:20:20.999+0000] {processor.py:183} INFO - Processing /opt/airflow/dags/etl.py took 0.393 seconds
[2024-06-28T00:20:51.208+0000] {processor.py:161} INFO - Started process (PID=3290) to work on /opt/airflow/dags/etl.py
[2024-06-28T00:20:51.209+0000] {processor.py:830} INFO - Processing file /opt/airflow/dags/etl.py for tasks to queue
[2024-06-28T00:20:51.209+0000] {logging_mixin.py:188} INFO - [2024-06-28T00:20:51.209+0000] {dagbag.py:545} INFO - Filling up the DagBag from /opt/airflow/dags/etl.py
[2024-06-28T00:20:51.489+0000] {logging_mixin.py:188} INFO -           id  ...   countries
0    1040555  ...      Россия
1      42569  ...        СССР
2     898074  ...         США
3      42476  ...        СССР
4    5110247  ...  Нидерланды
..       ...  ...         ...
195    46057  ...        СССР
196   437515  ...         США
197  4396533  ...         США
198    44975  ...        СССР
199    45839  ...        СССР

[200 rows x 10 columns]
[2024-06-28T00:20:51.498+0000] {processor.py:840} INFO - DAG(s) 'create_movie_dataset_v41' retrieved from /opt/airflow/dags/etl.py
[2024-06-28T00:20:51.512+0000] {logging_mixin.py:188} INFO - [2024-06-28T00:20:51.512+0000] {dag.py:3096} INFO - Sync 1 DAGs
[2024-06-28T00:20:51.524+0000] {logging_mixin.py:188} INFO - [2024-06-28T00:20:51.524+0000] {dag.py:3954} INFO - Setting next_dagrun for create_movie_dataset_v41 to 2024-06-28 00:20:00+00:00, run_after=2024-06-28 00:30:00+00:00
[2024-06-28T00:20:51.535+0000] {processor.py:183} INFO - Processing /opt/airflow/dags/etl.py took 0.330 seconds
[2024-06-28T00:21:21.707+0000] {processor.py:161} INFO - Started process (PID=3309) to work on /opt/airflow/dags/etl.py
[2024-06-28T00:21:21.708+0000] {processor.py:830} INFO - Processing file /opt/airflow/dags/etl.py for tasks to queue
[2024-06-28T00:21:21.708+0000] {logging_mixin.py:188} INFO - [2024-06-28T00:21:21.708+0000] {dagbag.py:545} INFO - Filling up the DagBag from /opt/airflow/dags/etl.py
[2024-06-28T00:21:21.999+0000] {logging_mixin.py:188} INFO -           id  ...   countries
0    1040555  ...      Россия
1      42569  ...        СССР
2     898074  ...         США
3      42476  ...        СССР
4    5110247  ...  Нидерланды
..       ...  ...         ...
195    46057  ...        СССР
196   437515  ...         США
197  4396533  ...         США
198    44975  ...        СССР
199    45839  ...        СССР

[200 rows x 10 columns]
[2024-06-28T00:21:22.008+0000] {processor.py:840} INFO - DAG(s) 'create_movie_dataset_v41' retrieved from /opt/airflow/dags/etl.py
[2024-06-28T00:21:22.023+0000] {logging_mixin.py:188} INFO - [2024-06-28T00:21:22.023+0000] {dag.py:3096} INFO - Sync 1 DAGs
[2024-06-28T00:21:22.035+0000] {logging_mixin.py:188} INFO - [2024-06-28T00:21:22.035+0000] {dag.py:3954} INFO - Setting next_dagrun for create_movie_dataset_v41 to 2024-06-28 00:20:00+00:00, run_after=2024-06-28 00:30:00+00:00
[2024-06-28T00:21:22.048+0000] {processor.py:183} INFO - Processing /opt/airflow/dags/etl.py took 0.344 seconds
[2024-06-28T00:21:52.243+0000] {processor.py:161} INFO - Started process (PID=3335) to work on /opt/airflow/dags/etl.py
[2024-06-28T00:21:52.243+0000] {processor.py:830} INFO - Processing file /opt/airflow/dags/etl.py for tasks to queue
[2024-06-28T00:21:52.244+0000] {logging_mixin.py:188} INFO - [2024-06-28T00:21:52.243+0000] {dagbag.py:545} INFO - Filling up the DagBag from /opt/airflow/dags/etl.py
[2024-06-28T00:21:52.525+0000] {logging_mixin.py:188} INFO -           id  ...   countries
0    1040555  ...      Россия
1      42569  ...        СССР
2     898074  ...         США
3      42476  ...        СССР
4    5110247  ...  Нидерланды
..       ...  ...         ...
195    46057  ...        СССР
196   437515  ...         США
197  4396533  ...         США
198    44975  ...        СССР
199    45839  ...        СССР

[200 rows x 10 columns]
[2024-06-28T00:21:52.534+0000] {processor.py:840} INFO - DAG(s) 'create_movie_dataset_v41' retrieved from /opt/airflow/dags/etl.py
[2024-06-28T00:21:52.549+0000] {logging_mixin.py:188} INFO - [2024-06-28T00:21:52.548+0000] {dag.py:3096} INFO - Sync 1 DAGs
[2024-06-28T00:21:52.560+0000] {logging_mixin.py:188} INFO - [2024-06-28T00:21:52.559+0000] {dag.py:3954} INFO - Setting next_dagrun for create_movie_dataset_v41 to 2024-06-28 00:20:00+00:00, run_after=2024-06-28 00:30:00+00:00
[2024-06-28T00:21:52.571+0000] {processor.py:183} INFO - Processing /opt/airflow/dags/etl.py took 0.331 seconds
