[2024-06-28T00:00:15.151+0000] {processor.py:161} INFO - Started process (PID=2335) to work on /opt/airflow/dags/model_training.py
[2024-06-28T00:00:15.152+0000] {processor.py:830} INFO - Processing file /opt/airflow/dags/model_training.py for tasks to queue
[2024-06-28T00:00:15.152+0000] {logging_mixin.py:188} INFO - [2024-06-28T00:00:15.152+0000] {dagbag.py:545} INFO - Filling up the DagBag from /opt/airflow/dags/model_training.py
[2024-06-28T00:00:15.442+0000] {processor.py:840} INFO - DAG(s) 'model_training_v2' retrieved from /opt/airflow/dags/model_training.py
[2024-06-28T00:00:15.455+0000] {logging_mixin.py:188} INFO - [2024-06-28T00:00:15.455+0000] {dag.py:3096} INFO - Sync 1 DAGs
[2024-06-28T00:00:15.467+0000] {logging_mixin.py:188} INFO - [2024-06-28T00:00:15.467+0000] {dag.py:3954} INFO - Setting next_dagrun for model_training_v2 to 2024-06-28 00:00:00+00:00, run_after=2024-06-29 00:00:00+00:00
[2024-06-28T00:00:15.477+0000] {processor.py:183} INFO - Processing /opt/airflow/dags/model_training.py took 0.330 seconds
[2024-06-28T00:00:46.216+0000] {processor.py:161} INFO - Started process (PID=2355) to work on /opt/airflow/dags/model_training.py
[2024-06-28T00:00:46.217+0000] {processor.py:830} INFO - Processing file /opt/airflow/dags/model_training.py for tasks to queue
[2024-06-28T00:00:46.218+0000] {logging_mixin.py:188} INFO - [2024-06-28T00:00:46.217+0000] {dagbag.py:545} INFO - Filling up the DagBag from /opt/airflow/dags/model_training.py
[2024-06-28T00:00:46.505+0000] {processor.py:840} INFO - DAG(s) 'model_training_v2' retrieved from /opt/airflow/dags/model_training.py
[2024-06-28T00:00:46.521+0000] {logging_mixin.py:188} INFO - [2024-06-28T00:00:46.521+0000] {dag.py:3096} INFO - Sync 1 DAGs
[2024-06-28T00:00:46.534+0000] {logging_mixin.py:188} INFO - [2024-06-28T00:00:46.534+0000] {dag.py:3954} INFO - Setting next_dagrun for model_training_v2 to 2024-06-28 00:00:00+00:00, run_after=2024-06-29 00:00:00+00:00
[2024-06-28T00:00:46.545+0000] {processor.py:183} INFO - Processing /opt/airflow/dags/model_training.py took 0.331 seconds
[2024-06-28T00:01:16.778+0000] {processor.py:161} INFO - Started process (PID=2381) to work on /opt/airflow/dags/model_training.py
[2024-06-28T00:01:16.779+0000] {processor.py:830} INFO - Processing file /opt/airflow/dags/model_training.py for tasks to queue
[2024-06-28T00:01:16.780+0000] {logging_mixin.py:188} INFO - [2024-06-28T00:01:16.779+0000] {dagbag.py:545} INFO - Filling up the DagBag from /opt/airflow/dags/model_training.py
[2024-06-28T00:01:17.103+0000] {processor.py:840} INFO - DAG(s) 'model_training_v2' retrieved from /opt/airflow/dags/model_training.py
[2024-06-28T00:01:17.121+0000] {logging_mixin.py:188} INFO - [2024-06-28T00:01:17.121+0000] {dag.py:3096} INFO - Sync 1 DAGs
[2024-06-28T00:01:17.135+0000] {logging_mixin.py:188} INFO - [2024-06-28T00:01:17.134+0000] {dag.py:3954} INFO - Setting next_dagrun for model_training_v2 to 2024-06-28 00:00:00+00:00, run_after=2024-06-29 00:00:00+00:00
[2024-06-28T00:01:17.152+0000] {processor.py:183} INFO - Processing /opt/airflow/dags/model_training.py took 0.377 seconds
[2024-06-28T00:01:47.371+0000] {processor.py:161} INFO - Started process (PID=2400) to work on /opt/airflow/dags/model_training.py
[2024-06-28T00:01:47.372+0000] {processor.py:830} INFO - Processing file /opt/airflow/dags/model_training.py for tasks to queue
[2024-06-28T00:01:47.372+0000] {logging_mixin.py:188} INFO - [2024-06-28T00:01:47.372+0000] {dagbag.py:545} INFO - Filling up the DagBag from /opt/airflow/dags/model_training.py
[2024-06-28T00:01:47.684+0000] {processor.py:840} INFO - DAG(s) 'model_training_v2' retrieved from /opt/airflow/dags/model_training.py
[2024-06-28T00:01:47.699+0000] {logging_mixin.py:188} INFO - [2024-06-28T00:01:47.698+0000] {dag.py:3096} INFO - Sync 1 DAGs
[2024-06-28T00:01:47.710+0000] {logging_mixin.py:188} INFO - [2024-06-28T00:01:47.710+0000] {dag.py:3954} INFO - Setting next_dagrun for model_training_v2 to 2024-06-28 00:00:00+00:00, run_after=2024-06-29 00:00:00+00:00
[2024-06-28T00:01:47.721+0000] {processor.py:183} INFO - Processing /opt/airflow/dags/model_training.py took 0.354 seconds
[2024-06-28T00:02:17.948+0000] {processor.py:161} INFO - Started process (PID=2426) to work on /opt/airflow/dags/model_training.py
[2024-06-28T00:02:17.948+0000] {processor.py:830} INFO - Processing file /opt/airflow/dags/model_training.py for tasks to queue
[2024-06-28T00:02:17.949+0000] {logging_mixin.py:188} INFO - [2024-06-28T00:02:17.948+0000] {dagbag.py:545} INFO - Filling up the DagBag from /opt/airflow/dags/model_training.py
[2024-06-28T00:02:18.241+0000] {processor.py:840} INFO - DAG(s) 'model_training_v2' retrieved from /opt/airflow/dags/model_training.py
[2024-06-28T00:02:18.254+0000] {logging_mixin.py:188} INFO - [2024-06-28T00:02:18.254+0000] {dag.py:3096} INFO - Sync 1 DAGs
[2024-06-28T00:02:18.265+0000] {logging_mixin.py:188} INFO - [2024-06-28T00:02:18.265+0000] {dag.py:3954} INFO - Setting next_dagrun for model_training_v2 to 2024-06-28 00:00:00+00:00, run_after=2024-06-29 00:00:00+00:00
[2024-06-28T00:02:18.278+0000] {processor.py:183} INFO - Processing /opt/airflow/dags/model_training.py took 0.333 seconds
[2024-06-28T00:02:48.504+0000] {processor.py:161} INFO - Started process (PID=2452) to work on /opt/airflow/dags/model_training.py
[2024-06-28T00:02:48.506+0000] {processor.py:830} INFO - Processing file /opt/airflow/dags/model_training.py for tasks to queue
[2024-06-28T00:02:48.510+0000] {logging_mixin.py:188} INFO - [2024-06-28T00:02:48.510+0000] {dagbag.py:545} INFO - Filling up the DagBag from /opt/airflow/dags/model_training.py
[2024-06-28T00:02:48.814+0000] {processor.py:840} INFO - DAG(s) 'model_training_v2' retrieved from /opt/airflow/dags/model_training.py
[2024-06-28T00:02:48.827+0000] {logging_mixin.py:188} INFO - [2024-06-28T00:02:48.827+0000] {dag.py:3096} INFO - Sync 1 DAGs
[2024-06-28T00:02:48.838+0000] {logging_mixin.py:188} INFO - [2024-06-28T00:02:48.838+0000] {dag.py:3954} INFO - Setting next_dagrun for model_training_v2 to 2024-06-28 00:00:00+00:00, run_after=2024-06-29 00:00:00+00:00
[2024-06-28T00:02:48.849+0000] {processor.py:183} INFO - Processing /opt/airflow/dags/model_training.py took 0.349 seconds
[2024-06-28T00:03:19.711+0000] {processor.py:161} INFO - Started process (PID=2471) to work on /opt/airflow/dags/model_training.py
[2024-06-28T00:03:19.711+0000] {processor.py:830} INFO - Processing file /opt/airflow/dags/model_training.py for tasks to queue
[2024-06-28T00:03:19.712+0000] {logging_mixin.py:188} INFO - [2024-06-28T00:03:19.712+0000] {dagbag.py:545} INFO - Filling up the DagBag from /opt/airflow/dags/model_training.py
[2024-06-28T00:03:20.014+0000] {processor.py:840} INFO - DAG(s) 'model_training_v2' retrieved from /opt/airflow/dags/model_training.py
[2024-06-28T00:03:20.028+0000] {logging_mixin.py:188} INFO - [2024-06-28T00:03:20.027+0000] {dag.py:3096} INFO - Sync 1 DAGs
[2024-06-28T00:03:20.041+0000] {logging_mixin.py:188} INFO - [2024-06-28T00:03:20.041+0000] {dag.py:3954} INFO - Setting next_dagrun for model_training_v2 to 2024-06-28 00:00:00+00:00, run_after=2024-06-29 00:00:00+00:00
[2024-06-28T00:03:20.053+0000] {processor.py:183} INFO - Processing /opt/airflow/dags/model_training.py took 0.345 seconds
[2024-06-28T00:03:50.256+0000] {processor.py:161} INFO - Started process (PID=2496) to work on /opt/airflow/dags/model_training.py
[2024-06-28T00:03:50.256+0000] {processor.py:830} INFO - Processing file /opt/airflow/dags/model_training.py for tasks to queue
[2024-06-28T00:03:50.257+0000] {logging_mixin.py:188} INFO - [2024-06-28T00:03:50.257+0000] {dagbag.py:545} INFO - Filling up the DagBag from /opt/airflow/dags/model_training.py
[2024-06-28T00:03:50.532+0000] {processor.py:840} INFO - DAG(s) 'model_training_v2' retrieved from /opt/airflow/dags/model_training.py
[2024-06-28T00:03:50.543+0000] {logging_mixin.py:188} INFO - [2024-06-28T00:03:50.543+0000] {dag.py:3096} INFO - Sync 1 DAGs
[2024-06-28T00:03:50.555+0000] {logging_mixin.py:188} INFO - [2024-06-28T00:03:50.555+0000] {dag.py:3954} INFO - Setting next_dagrun for model_training_v2 to 2024-06-28 00:00:00+00:00, run_after=2024-06-29 00:00:00+00:00
[2024-06-28T00:03:50.566+0000] {processor.py:183} INFO - Processing /opt/airflow/dags/model_training.py took 0.314 seconds
[2024-06-28T00:04:20.756+0000] {processor.py:161} INFO - Started process (PID=2522) to work on /opt/airflow/dags/model_training.py
[2024-06-28T00:04:20.757+0000] {processor.py:830} INFO - Processing file /opt/airflow/dags/model_training.py for tasks to queue
[2024-06-28T00:04:20.757+0000] {logging_mixin.py:188} INFO - [2024-06-28T00:04:20.757+0000] {dagbag.py:545} INFO - Filling up the DagBag from /opt/airflow/dags/model_training.py
[2024-06-28T00:04:21.044+0000] {processor.py:840} INFO - DAG(s) 'model_training_v2' retrieved from /opt/airflow/dags/model_training.py
[2024-06-28T00:04:21.057+0000] {logging_mixin.py:188} INFO - [2024-06-28T00:04:21.056+0000] {dag.py:3096} INFO - Sync 1 DAGs
[2024-06-28T00:04:21.067+0000] {logging_mixin.py:188} INFO - [2024-06-28T00:04:21.067+0000] {dag.py:3954} INFO - Setting next_dagrun for model_training_v2 to 2024-06-28 00:00:00+00:00, run_after=2024-06-29 00:00:00+00:00
[2024-06-28T00:04:21.078+0000] {processor.py:183} INFO - Processing /opt/airflow/dags/model_training.py took 0.325 seconds
[2024-06-28T00:04:51.256+0000] {processor.py:161} INFO - Started process (PID=2541) to work on /opt/airflow/dags/model_training.py
[2024-06-28T00:04:51.257+0000] {processor.py:830} INFO - Processing file /opt/airflow/dags/model_training.py for tasks to queue
[2024-06-28T00:04:51.257+0000] {logging_mixin.py:188} INFO - [2024-06-28T00:04:51.257+0000] {dagbag.py:545} INFO - Filling up the DagBag from /opt/airflow/dags/model_training.py
[2024-06-28T00:04:51.544+0000] {processor.py:840} INFO - DAG(s) 'model_training_v2' retrieved from /opt/airflow/dags/model_training.py
[2024-06-28T00:04:51.556+0000] {logging_mixin.py:188} INFO - [2024-06-28T00:04:51.556+0000] {dag.py:3096} INFO - Sync 1 DAGs
[2024-06-28T00:04:51.567+0000] {logging_mixin.py:188} INFO - [2024-06-28T00:04:51.567+0000] {dag.py:3954} INFO - Setting next_dagrun for model_training_v2 to 2024-06-28 00:00:00+00:00, run_after=2024-06-29 00:00:00+00:00
[2024-06-28T00:04:51.578+0000] {processor.py:183} INFO - Processing /opt/airflow/dags/model_training.py took 0.326 seconds
[2024-06-28T00:05:21.738+0000] {processor.py:161} INFO - Started process (PID=2567) to work on /opt/airflow/dags/model_training.py
[2024-06-28T00:05:21.739+0000] {processor.py:830} INFO - Processing file /opt/airflow/dags/model_training.py for tasks to queue
[2024-06-28T00:05:21.739+0000] {logging_mixin.py:188} INFO - [2024-06-28T00:05:21.739+0000] {dagbag.py:545} INFO - Filling up the DagBag from /opt/airflow/dags/model_training.py
[2024-06-28T00:05:22.031+0000] {processor.py:840} INFO - DAG(s) 'model_training_v2' retrieved from /opt/airflow/dags/model_training.py
[2024-06-28T00:05:22.043+0000] {logging_mixin.py:188} INFO - [2024-06-28T00:05:22.043+0000] {dag.py:3096} INFO - Sync 1 DAGs
[2024-06-28T00:05:22.054+0000] {logging_mixin.py:188} INFO - [2024-06-28T00:05:22.054+0000] {dag.py:3954} INFO - Setting next_dagrun for model_training_v2 to 2024-06-28 00:00:00+00:00, run_after=2024-06-29 00:00:00+00:00
[2024-06-28T00:05:22.065+0000] {processor.py:183} INFO - Processing /opt/airflow/dags/model_training.py took 0.330 seconds
[2024-06-28T00:05:52.230+0000] {processor.py:161} INFO - Started process (PID=2593) to work on /opt/airflow/dags/model_training.py
[2024-06-28T00:05:52.231+0000] {processor.py:830} INFO - Processing file /opt/airflow/dags/model_training.py for tasks to queue
[2024-06-28T00:05:52.231+0000] {logging_mixin.py:188} INFO - [2024-06-28T00:05:52.231+0000] {dagbag.py:545} INFO - Filling up the DagBag from /opt/airflow/dags/model_training.py
[2024-06-28T00:05:52.512+0000] {processor.py:840} INFO - DAG(s) 'model_training_v2' retrieved from /opt/airflow/dags/model_training.py
[2024-06-28T00:05:52.524+0000] {logging_mixin.py:188} INFO - [2024-06-28T00:05:52.524+0000] {dag.py:3096} INFO - Sync 1 DAGs
[2024-06-28T00:05:52.535+0000] {logging_mixin.py:188} INFO - [2024-06-28T00:05:52.534+0000] {dag.py:3954} INFO - Setting next_dagrun for model_training_v2 to 2024-06-28 00:00:00+00:00, run_after=2024-06-29 00:00:00+00:00
[2024-06-28T00:05:52.546+0000] {processor.py:183} INFO - Processing /opt/airflow/dags/model_training.py took 0.319 seconds
[2024-06-28T00:06:22.736+0000] {processor.py:161} INFO - Started process (PID=2612) to work on /opt/airflow/dags/model_training.py
[2024-06-28T00:06:22.737+0000] {processor.py:830} INFO - Processing file /opt/airflow/dags/model_training.py for tasks to queue
[2024-06-28T00:06:22.737+0000] {logging_mixin.py:188} INFO - [2024-06-28T00:06:22.737+0000] {dagbag.py:545} INFO - Filling up the DagBag from /opt/airflow/dags/model_training.py
[2024-06-28T00:06:23.027+0000] {processor.py:840} INFO - DAG(s) 'model_training_v2' retrieved from /opt/airflow/dags/model_training.py
[2024-06-28T00:06:23.039+0000] {logging_mixin.py:188} INFO - [2024-06-28T00:06:23.038+0000] {dag.py:3096} INFO - Sync 1 DAGs
[2024-06-28T00:06:23.050+0000] {logging_mixin.py:188} INFO - [2024-06-28T00:06:23.050+0000] {dag.py:3954} INFO - Setting next_dagrun for model_training_v2 to 2024-06-28 00:00:00+00:00, run_after=2024-06-29 00:00:00+00:00
[2024-06-28T00:06:23.061+0000] {processor.py:183} INFO - Processing /opt/airflow/dags/model_training.py took 0.328 seconds
[2024-06-28T00:06:53.242+0000] {processor.py:161} INFO - Started process (PID=2638) to work on /opt/airflow/dags/model_training.py
[2024-06-28T00:06:53.243+0000] {processor.py:830} INFO - Processing file /opt/airflow/dags/model_training.py for tasks to queue
[2024-06-28T00:06:53.243+0000] {logging_mixin.py:188} INFO - [2024-06-28T00:06:53.243+0000] {dagbag.py:545} INFO - Filling up the DagBag from /opt/airflow/dags/model_training.py
[2024-06-28T00:06:53.559+0000] {processor.py:840} INFO - DAG(s) 'model_training_v2' retrieved from /opt/airflow/dags/model_training.py
[2024-06-28T00:06:53.571+0000] {logging_mixin.py:188} INFO - [2024-06-28T00:06:53.571+0000] {dag.py:3096} INFO - Sync 1 DAGs
[2024-06-28T00:06:53.583+0000] {logging_mixin.py:188} INFO - [2024-06-28T00:06:53.583+0000] {dag.py:3954} INFO - Setting next_dagrun for model_training_v2 to 2024-06-28 00:00:00+00:00, run_after=2024-06-29 00:00:00+00:00
[2024-06-28T00:06:53.594+0000] {processor.py:183} INFO - Processing /opt/airflow/dags/model_training.py took 0.356 seconds
[2024-06-28T00:07:23.838+0000] {processor.py:161} INFO - Started process (PID=2663) to work on /opt/airflow/dags/model_training.py
[2024-06-28T00:07:23.838+0000] {processor.py:830} INFO - Processing file /opt/airflow/dags/model_training.py for tasks to queue
[2024-06-28T00:07:23.839+0000] {logging_mixin.py:188} INFO - [2024-06-28T00:07:23.839+0000] {dagbag.py:545} INFO - Filling up the DagBag from /opt/airflow/dags/model_training.py
[2024-06-28T00:07:24.121+0000] {processor.py:840} INFO - DAG(s) 'model_training_v2' retrieved from /opt/airflow/dags/model_training.py
[2024-06-28T00:07:24.134+0000] {logging_mixin.py:188} INFO - [2024-06-28T00:07:24.134+0000] {dag.py:3096} INFO - Sync 1 DAGs
[2024-06-28T00:07:24.146+0000] {logging_mixin.py:188} INFO - [2024-06-28T00:07:24.145+0000] {dag.py:3954} INFO - Setting next_dagrun for model_training_v2 to 2024-06-28 00:00:00+00:00, run_after=2024-06-29 00:00:00+00:00
[2024-06-28T00:07:24.157+0000] {processor.py:183} INFO - Processing /opt/airflow/dags/model_training.py took 0.323 seconds
[2024-06-28T00:07:54.444+0000] {processor.py:161} INFO - Started process (PID=2682) to work on /opt/airflow/dags/model_training.py
[2024-06-28T00:07:54.445+0000] {processor.py:830} INFO - Processing file /opt/airflow/dags/model_training.py for tasks to queue
[2024-06-28T00:07:54.446+0000] {logging_mixin.py:188} INFO - [2024-06-28T00:07:54.445+0000] {dagbag.py:545} INFO - Filling up the DagBag from /opt/airflow/dags/model_training.py
[2024-06-28T00:07:54.725+0000] {processor.py:840} INFO - DAG(s) 'model_training_v2' retrieved from /opt/airflow/dags/model_training.py
[2024-06-28T00:07:54.738+0000] {logging_mixin.py:188} INFO - [2024-06-28T00:07:54.738+0000] {dag.py:3096} INFO - Sync 1 DAGs
[2024-06-28T00:07:54.750+0000] {logging_mixin.py:188} INFO - [2024-06-28T00:07:54.750+0000] {dag.py:3954} INFO - Setting next_dagrun for model_training_v2 to 2024-06-28 00:00:00+00:00, run_after=2024-06-29 00:00:00+00:00
[2024-06-28T00:07:54.762+0000] {processor.py:183} INFO - Processing /opt/airflow/dags/model_training.py took 0.321 seconds
[2024-06-28T00:08:24.950+0000] {processor.py:161} INFO - Started process (PID=2708) to work on /opt/airflow/dags/model_training.py
[2024-06-28T00:08:24.951+0000] {processor.py:830} INFO - Processing file /opt/airflow/dags/model_training.py for tasks to queue
[2024-06-28T00:08:24.952+0000] {logging_mixin.py:188} INFO - [2024-06-28T00:08:24.951+0000] {dagbag.py:545} INFO - Filling up the DagBag from /opt/airflow/dags/model_training.py
[2024-06-28T00:08:25.243+0000] {processor.py:840} INFO - DAG(s) 'model_training_v2' retrieved from /opt/airflow/dags/model_training.py
[2024-06-28T00:08:25.258+0000] {logging_mixin.py:188} INFO - [2024-06-28T00:08:25.258+0000] {dag.py:3096} INFO - Sync 1 DAGs
[2024-06-28T00:08:25.272+0000] {logging_mixin.py:188} INFO - [2024-06-28T00:08:25.271+0000] {dag.py:3954} INFO - Setting next_dagrun for model_training_v2 to 2024-06-28 00:00:00+00:00, run_after=2024-06-29 00:00:00+00:00
[2024-06-28T00:08:25.286+0000] {processor.py:183} INFO - Processing /opt/airflow/dags/model_training.py took 0.339 seconds
[2024-06-28T00:08:55.483+0000] {processor.py:161} INFO - Started process (PID=2734) to work on /opt/airflow/dags/model_training.py
[2024-06-28T00:08:55.485+0000] {processor.py:830} INFO - Processing file /opt/airflow/dags/model_training.py for tasks to queue
[2024-06-28T00:08:55.486+0000] {logging_mixin.py:188} INFO - [2024-06-28T00:08:55.486+0000] {dagbag.py:545} INFO - Filling up the DagBag from /opt/airflow/dags/model_training.py
[2024-06-28T00:08:55.773+0000] {processor.py:840} INFO - DAG(s) 'model_training_v2' retrieved from /opt/airflow/dags/model_training.py
[2024-06-28T00:08:55.785+0000] {logging_mixin.py:188} INFO - [2024-06-28T00:08:55.785+0000] {dag.py:3096} INFO - Sync 1 DAGs
[2024-06-28T00:08:55.805+0000] {logging_mixin.py:188} INFO - [2024-06-28T00:08:55.805+0000] {dag.py:3954} INFO - Setting next_dagrun for model_training_v2 to 2024-06-28 00:00:00+00:00, run_after=2024-06-29 00:00:00+00:00
[2024-06-28T00:08:55.823+0000] {processor.py:183} INFO - Processing /opt/airflow/dags/model_training.py took 0.345 seconds
[2024-06-28T00:09:26.207+0000] {processor.py:161} INFO - Started process (PID=2753) to work on /opt/airflow/dags/model_training.py
[2024-06-28T00:09:26.208+0000] {processor.py:830} INFO - Processing file /opt/airflow/dags/model_training.py for tasks to queue
[2024-06-28T00:09:26.208+0000] {logging_mixin.py:188} INFO - [2024-06-28T00:09:26.208+0000] {dagbag.py:545} INFO - Filling up the DagBag from /opt/airflow/dags/model_training.py
[2024-06-28T00:09:26.538+0000] {processor.py:840} INFO - DAG(s) 'model_training_v2' retrieved from /opt/airflow/dags/model_training.py
[2024-06-28T00:09:26.551+0000] {logging_mixin.py:188} INFO - [2024-06-28T00:09:26.551+0000] {dag.py:3096} INFO - Sync 1 DAGs
[2024-06-28T00:09:26.563+0000] {logging_mixin.py:188} INFO - [2024-06-28T00:09:26.562+0000] {dag.py:3954} INFO - Setting next_dagrun for model_training_v2 to 2024-06-28 00:00:00+00:00, run_after=2024-06-29 00:00:00+00:00
[2024-06-28T00:09:26.574+0000] {processor.py:183} INFO - Processing /opt/airflow/dags/model_training.py took 0.370 seconds
[2024-06-28T00:09:57.491+0000] {processor.py:161} INFO - Started process (PID=2779) to work on /opt/airflow/dags/model_training.py
[2024-06-28T00:09:57.492+0000] {processor.py:830} INFO - Processing file /opt/airflow/dags/model_training.py for tasks to queue
[2024-06-28T00:09:57.493+0000] {logging_mixin.py:188} INFO - [2024-06-28T00:09:57.492+0000] {dagbag.py:545} INFO - Filling up the DagBag from /opt/airflow/dags/model_training.py
[2024-06-28T00:09:57.771+0000] {processor.py:840} INFO - DAG(s) 'model_training_v2' retrieved from /opt/airflow/dags/model_training.py
[2024-06-28T00:09:57.782+0000] {logging_mixin.py:188} INFO - [2024-06-28T00:09:57.782+0000] {dag.py:3096} INFO - Sync 1 DAGs
[2024-06-28T00:09:57.794+0000] {logging_mixin.py:188} INFO - [2024-06-28T00:09:57.794+0000] {dag.py:3954} INFO - Setting next_dagrun for model_training_v2 to 2024-06-28 00:00:00+00:00, run_after=2024-06-29 00:00:00+00:00
[2024-06-28T00:09:57.809+0000] {processor.py:183} INFO - Processing /opt/airflow/dags/model_training.py took 0.321 seconds
[2024-06-28T00:10:27.983+0000] {processor.py:161} INFO - Started process (PID=2808) to work on /opt/airflow/dags/model_training.py
[2024-06-28T00:10:27.984+0000] {processor.py:830} INFO - Processing file /opt/airflow/dags/model_training.py for tasks to queue
[2024-06-28T00:10:27.984+0000] {logging_mixin.py:188} INFO - [2024-06-28T00:10:27.984+0000] {dagbag.py:545} INFO - Filling up the DagBag from /opt/airflow/dags/model_training.py
[2024-06-28T00:10:28.277+0000] {processor.py:840} INFO - DAG(s) 'model_training_v2' retrieved from /opt/airflow/dags/model_training.py
[2024-06-28T00:10:28.290+0000] {logging_mixin.py:188} INFO - [2024-06-28T00:10:28.290+0000] {dag.py:3096} INFO - Sync 1 DAGs
[2024-06-28T00:10:28.302+0000] {logging_mixin.py:188} INFO - [2024-06-28T00:10:28.302+0000] {dag.py:3954} INFO - Setting next_dagrun for model_training_v2 to 2024-06-28 00:00:00+00:00, run_after=2024-06-29 00:00:00+00:00
[2024-06-28T00:10:28.313+0000] {processor.py:183} INFO - Processing /opt/airflow/dags/model_training.py took 0.333 seconds
[2024-06-28T00:10:58.599+0000] {processor.py:161} INFO - Started process (PID=2826) to work on /opt/airflow/dags/model_training.py
[2024-06-28T00:10:58.599+0000] {processor.py:830} INFO - Processing file /opt/airflow/dags/model_training.py for tasks to queue
[2024-06-28T00:10:58.600+0000] {logging_mixin.py:188} INFO - [2024-06-28T00:10:58.600+0000] {dagbag.py:545} INFO - Filling up the DagBag from /opt/airflow/dags/model_training.py
[2024-06-28T00:10:58.884+0000] {processor.py:840} INFO - DAG(s) 'model_training_v2' retrieved from /opt/airflow/dags/model_training.py
[2024-06-28T00:10:58.898+0000] {logging_mixin.py:188} INFO - [2024-06-28T00:10:58.897+0000] {dag.py:3096} INFO - Sync 1 DAGs
[2024-06-28T00:10:58.908+0000] {logging_mixin.py:188} INFO - [2024-06-28T00:10:58.908+0000] {dag.py:3954} INFO - Setting next_dagrun for model_training_v2 to 2024-06-28 00:00:00+00:00, run_after=2024-06-29 00:00:00+00:00
[2024-06-28T00:10:58.920+0000] {processor.py:183} INFO - Processing /opt/airflow/dags/model_training.py took 0.324 seconds
[2024-06-28T00:11:29.090+0000] {processor.py:161} INFO - Started process (PID=2852) to work on /opt/airflow/dags/model_training.py
[2024-06-28T00:11:29.090+0000] {processor.py:830} INFO - Processing file /opt/airflow/dags/model_training.py for tasks to queue
[2024-06-28T00:11:29.091+0000] {logging_mixin.py:188} INFO - [2024-06-28T00:11:29.091+0000] {dagbag.py:545} INFO - Filling up the DagBag from /opt/airflow/dags/model_training.py
[2024-06-28T00:11:29.360+0000] {processor.py:840} INFO - DAG(s) 'model_training_v2' retrieved from /opt/airflow/dags/model_training.py
[2024-06-28T00:11:29.372+0000] {logging_mixin.py:188} INFO - [2024-06-28T00:11:29.372+0000] {dag.py:3096} INFO - Sync 1 DAGs
[2024-06-28T00:11:29.383+0000] {logging_mixin.py:188} INFO - [2024-06-28T00:11:29.383+0000] {dag.py:3954} INFO - Setting next_dagrun for model_training_v2 to 2024-06-28 00:00:00+00:00, run_after=2024-06-29 00:00:00+00:00
[2024-06-28T00:11:29.394+0000] {processor.py:183} INFO - Processing /opt/airflow/dags/model_training.py took 0.307 seconds
[2024-06-28T00:11:59.588+0000] {processor.py:161} INFO - Started process (PID=2878) to work on /opt/airflow/dags/model_training.py
[2024-06-28T00:11:59.588+0000] {processor.py:830} INFO - Processing file /opt/airflow/dags/model_training.py for tasks to queue
[2024-06-28T00:11:59.589+0000] {logging_mixin.py:188} INFO - [2024-06-28T00:11:59.589+0000] {dagbag.py:545} INFO - Filling up the DagBag from /opt/airflow/dags/model_training.py
[2024-06-28T00:11:59.893+0000] {processor.py:840} INFO - DAG(s) 'model_training_v2' retrieved from /opt/airflow/dags/model_training.py
[2024-06-28T00:11:59.906+0000] {logging_mixin.py:188} INFO - [2024-06-28T00:11:59.906+0000] {dag.py:3096} INFO - Sync 1 DAGs
[2024-06-28T00:11:59.919+0000] {logging_mixin.py:188} INFO - [2024-06-28T00:11:59.918+0000] {dag.py:3954} INFO - Setting next_dagrun for model_training_v2 to 2024-06-28 00:00:00+00:00, run_after=2024-06-29 00:00:00+00:00
[2024-06-28T00:11:59.931+0000] {processor.py:183} INFO - Processing /opt/airflow/dags/model_training.py took 0.347 seconds
[2024-06-28T00:12:30.180+0000] {processor.py:161} INFO - Started process (PID=2897) to work on /opt/airflow/dags/model_training.py
[2024-06-28T00:12:30.181+0000] {processor.py:830} INFO - Processing file /opt/airflow/dags/model_training.py for tasks to queue
[2024-06-28T00:12:30.181+0000] {logging_mixin.py:188} INFO - [2024-06-28T00:12:30.181+0000] {dagbag.py:545} INFO - Filling up the DagBag from /opt/airflow/dags/model_training.py
[2024-06-28T00:12:30.470+0000] {processor.py:840} INFO - DAG(s) 'model_training_v2' retrieved from /opt/airflow/dags/model_training.py
[2024-06-28T00:12:30.483+0000] {logging_mixin.py:188} INFO - [2024-06-28T00:12:30.482+0000] {dag.py:3096} INFO - Sync 1 DAGs
[2024-06-28T00:12:30.495+0000] {logging_mixin.py:188} INFO - [2024-06-28T00:12:30.495+0000] {dag.py:3954} INFO - Setting next_dagrun for model_training_v2 to 2024-06-28 00:00:00+00:00, run_after=2024-06-29 00:00:00+00:00
[2024-06-28T00:12:30.506+0000] {processor.py:183} INFO - Processing /opt/airflow/dags/model_training.py took 0.330 seconds
[2024-06-28T00:13:00.842+0000] {processor.py:161} INFO - Started process (PID=2923) to work on /opt/airflow/dags/model_training.py
[2024-06-28T00:13:00.842+0000] {processor.py:830} INFO - Processing file /opt/airflow/dags/model_training.py for tasks to queue
[2024-06-28T00:13:00.843+0000] {logging_mixin.py:188} INFO - [2024-06-28T00:13:00.843+0000] {dagbag.py:545} INFO - Filling up the DagBag from /opt/airflow/dags/model_training.py
[2024-06-28T00:13:01.119+0000] {processor.py:840} INFO - DAG(s) 'model_training_v2' retrieved from /opt/airflow/dags/model_training.py
[2024-06-28T00:13:01.131+0000] {logging_mixin.py:188} INFO - [2024-06-28T00:13:01.130+0000] {dag.py:3096} INFO - Sync 1 DAGs
[2024-06-28T00:13:01.142+0000] {logging_mixin.py:188} INFO - [2024-06-28T00:13:01.142+0000] {dag.py:3954} INFO - Setting next_dagrun for model_training_v2 to 2024-06-28 00:00:00+00:00, run_after=2024-06-29 00:00:00+00:00
[2024-06-28T00:13:01.152+0000] {processor.py:183} INFO - Processing /opt/airflow/dags/model_training.py took 0.314 seconds
[2024-06-28T00:13:31.360+0000] {processor.py:161} INFO - Started process (PID=2948) to work on /opt/airflow/dags/model_training.py
[2024-06-28T00:13:31.360+0000] {processor.py:830} INFO - Processing file /opt/airflow/dags/model_training.py for tasks to queue
[2024-06-28T00:13:31.361+0000] {logging_mixin.py:188} INFO - [2024-06-28T00:13:31.361+0000] {dagbag.py:545} INFO - Filling up the DagBag from /opt/airflow/dags/model_training.py
[2024-06-28T00:13:31.670+0000] {processor.py:840} INFO - DAG(s) 'model_training_v2' retrieved from /opt/airflow/dags/model_training.py
[2024-06-28T00:13:31.683+0000] {logging_mixin.py:188} INFO - [2024-06-28T00:13:31.683+0000] {dag.py:3096} INFO - Sync 1 DAGs
[2024-06-28T00:13:31.695+0000] {logging_mixin.py:188} INFO - [2024-06-28T00:13:31.695+0000] {dag.py:3954} INFO - Setting next_dagrun for model_training_v2 to 2024-06-28 00:00:00+00:00, run_after=2024-06-29 00:00:00+00:00
[2024-06-28T00:13:31.706+0000] {processor.py:183} INFO - Processing /opt/airflow/dags/model_training.py took 0.350 seconds
[2024-06-28T00:14:01.860+0000] {processor.py:161} INFO - Started process (PID=2967) to work on /opt/airflow/dags/model_training.py
[2024-06-28T00:14:01.861+0000] {processor.py:830} INFO - Processing file /opt/airflow/dags/model_training.py for tasks to queue
[2024-06-28T00:14:01.862+0000] {logging_mixin.py:188} INFO - [2024-06-28T00:14:01.862+0000] {dagbag.py:545} INFO - Filling up the DagBag from /opt/airflow/dags/model_training.py
[2024-06-28T00:14:02.149+0000] {processor.py:840} INFO - DAG(s) 'model_training_v2' retrieved from /opt/airflow/dags/model_training.py
[2024-06-28T00:14:02.163+0000] {logging_mixin.py:188} INFO - [2024-06-28T00:14:02.162+0000] {dag.py:3096} INFO - Sync 1 DAGs
[2024-06-28T00:14:02.174+0000] {logging_mixin.py:188} INFO - [2024-06-28T00:14:02.174+0000] {dag.py:3954} INFO - Setting next_dagrun for model_training_v2 to 2024-06-28 00:00:00+00:00, run_after=2024-06-29 00:00:00+00:00
[2024-06-28T00:14:02.185+0000] {processor.py:183} INFO - Processing /opt/airflow/dags/model_training.py took 0.328 seconds
[2024-06-28T00:14:32.382+0000] {processor.py:161} INFO - Started process (PID=2993) to work on /opt/airflow/dags/model_training.py
[2024-06-28T00:14:32.383+0000] {processor.py:830} INFO - Processing file /opt/airflow/dags/model_training.py for tasks to queue
[2024-06-28T00:14:32.383+0000] {logging_mixin.py:188} INFO - [2024-06-28T00:14:32.383+0000] {dagbag.py:545} INFO - Filling up the DagBag from /opt/airflow/dags/model_training.py
[2024-06-28T00:14:32.681+0000] {processor.py:840} INFO - DAG(s) 'model_training_v2' retrieved from /opt/airflow/dags/model_training.py
[2024-06-28T00:14:32.693+0000] {logging_mixin.py:188} INFO - [2024-06-28T00:14:32.693+0000] {dag.py:3096} INFO - Sync 1 DAGs
[2024-06-28T00:14:32.704+0000] {logging_mixin.py:188} INFO - [2024-06-28T00:14:32.704+0000] {dag.py:3954} INFO - Setting next_dagrun for model_training_v2 to 2024-06-28 00:00:00+00:00, run_after=2024-06-29 00:00:00+00:00
[2024-06-28T00:14:32.715+0000] {processor.py:183} INFO - Processing /opt/airflow/dags/model_training.py took 0.336 seconds
[2024-06-28T00:15:02.881+0000] {processor.py:161} INFO - Started process (PID=3019) to work on /opt/airflow/dags/model_training.py
[2024-06-28T00:15:02.882+0000] {processor.py:830} INFO - Processing file /opt/airflow/dags/model_training.py for tasks to queue
[2024-06-28T00:15:02.883+0000] {logging_mixin.py:188} INFO - [2024-06-28T00:15:02.882+0000] {dagbag.py:545} INFO - Filling up the DagBag from /opt/airflow/dags/model_training.py
[2024-06-28T00:15:03.176+0000] {processor.py:840} INFO - DAG(s) 'model_training_v2' retrieved from /opt/airflow/dags/model_training.py
[2024-06-28T00:15:03.189+0000] {logging_mixin.py:188} INFO - [2024-06-28T00:15:03.189+0000] {dag.py:3096} INFO - Sync 1 DAGs
[2024-06-28T00:15:03.202+0000] {logging_mixin.py:188} INFO - [2024-06-28T00:15:03.202+0000] {dag.py:3954} INFO - Setting next_dagrun for model_training_v2 to 2024-06-28 00:00:00+00:00, run_after=2024-06-29 00:00:00+00:00
[2024-06-28T00:15:03.217+0000] {processor.py:183} INFO - Processing /opt/airflow/dags/model_training.py took 0.339 seconds
[2024-06-28T00:15:33.429+0000] {processor.py:161} INFO - Started process (PID=3037) to work on /opt/airflow/dags/model_training.py
[2024-06-28T00:15:33.430+0000] {processor.py:830} INFO - Processing file /opt/airflow/dags/model_training.py for tasks to queue
[2024-06-28T00:15:33.430+0000] {logging_mixin.py:188} INFO - [2024-06-28T00:15:33.430+0000] {dagbag.py:545} INFO - Filling up the DagBag from /opt/airflow/dags/model_training.py
[2024-06-28T00:15:33.732+0000] {processor.py:840} INFO - DAG(s) 'model_training_v2' retrieved from /opt/airflow/dags/model_training.py
[2024-06-28T00:15:33.743+0000] {logging_mixin.py:188} INFO - [2024-06-28T00:15:33.743+0000] {dag.py:3096} INFO - Sync 1 DAGs
[2024-06-28T00:15:33.755+0000] {logging_mixin.py:188} INFO - [2024-06-28T00:15:33.755+0000] {dag.py:3954} INFO - Setting next_dagrun for model_training_v2 to 2024-06-28 00:00:00+00:00, run_after=2024-06-29 00:00:00+00:00
[2024-06-28T00:15:33.772+0000] {processor.py:183} INFO - Processing /opt/airflow/dags/model_training.py took 0.347 seconds
[2024-06-28T00:16:03.963+0000] {processor.py:161} INFO - Started process (PID=3063) to work on /opt/airflow/dags/model_training.py
[2024-06-28T00:16:03.964+0000] {processor.py:830} INFO - Processing file /opt/airflow/dags/model_training.py for tasks to queue
[2024-06-28T00:16:03.965+0000] {logging_mixin.py:188} INFO - [2024-06-28T00:16:03.965+0000] {dagbag.py:545} INFO - Filling up the DagBag from /opt/airflow/dags/model_training.py
[2024-06-28T00:16:04.262+0000] {processor.py:840} INFO - DAG(s) 'model_training_v2' retrieved from /opt/airflow/dags/model_training.py
[2024-06-28T00:16:04.275+0000] {logging_mixin.py:188} INFO - [2024-06-28T00:16:04.275+0000] {dag.py:3096} INFO - Sync 1 DAGs
[2024-06-28T00:16:04.287+0000] {logging_mixin.py:188} INFO - [2024-06-28T00:16:04.287+0000] {dag.py:3954} INFO - Setting next_dagrun for model_training_v2 to 2024-06-28 00:00:00+00:00, run_after=2024-06-29 00:00:00+00:00
[2024-06-28T00:16:04.297+0000] {processor.py:183} INFO - Processing /opt/airflow/dags/model_training.py took 0.337 seconds
[2024-06-28T00:16:34.922+0000] {processor.py:161} INFO - Started process (PID=3089) to work on /opt/airflow/dags/model_training.py
[2024-06-28T00:16:34.922+0000] {processor.py:830} INFO - Processing file /opt/airflow/dags/model_training.py for tasks to queue
[2024-06-28T00:16:34.923+0000] {logging_mixin.py:188} INFO - [2024-06-28T00:16:34.923+0000] {dagbag.py:545} INFO - Filling up the DagBag from /opt/airflow/dags/model_training.py
[2024-06-28T00:16:35.410+0000] {processor.py:840} INFO - DAG(s) 'model_training_v2' retrieved from /opt/airflow/dags/model_training.py
[2024-06-28T00:16:35.428+0000] {logging_mixin.py:188} INFO - [2024-06-28T00:16:35.427+0000] {dag.py:3096} INFO - Sync 1 DAGs
[2024-06-28T00:16:35.441+0000] {logging_mixin.py:188} INFO - [2024-06-28T00:16:35.441+0000] {dag.py:3954} INFO - Setting next_dagrun for model_training_v2 to 2024-06-28 00:00:00+00:00, run_after=2024-06-29 00:00:00+00:00
[2024-06-28T00:16:35.452+0000] {processor.py:183} INFO - Processing /opt/airflow/dags/model_training.py took 0.534 seconds
[2024-06-28T00:17:06.354+0000] {processor.py:161} INFO - Started process (PID=3108) to work on /opt/airflow/dags/model_training.py
[2024-06-28T00:17:06.354+0000] {processor.py:830} INFO - Processing file /opt/airflow/dags/model_training.py for tasks to queue
[2024-06-28T00:17:06.355+0000] {logging_mixin.py:188} INFO - [2024-06-28T00:17:06.355+0000] {dagbag.py:545} INFO - Filling up the DagBag from /opt/airflow/dags/model_training.py
[2024-06-28T00:17:06.640+0000] {processor.py:840} INFO - DAG(s) 'model_training_v2' retrieved from /opt/airflow/dags/model_training.py
[2024-06-28T00:17:06.653+0000] {logging_mixin.py:188} INFO - [2024-06-28T00:17:06.652+0000] {dag.py:3096} INFO - Sync 1 DAGs
[2024-06-28T00:17:06.664+0000] {logging_mixin.py:188} INFO - [2024-06-28T00:17:06.664+0000] {dag.py:3954} INFO - Setting next_dagrun for model_training_v2 to 2024-06-28 00:00:00+00:00, run_after=2024-06-29 00:00:00+00:00
[2024-06-28T00:17:06.676+0000] {processor.py:183} INFO - Processing /opt/airflow/dags/model_training.py took 0.325 seconds
[2024-06-28T00:17:36.845+0000] {processor.py:161} INFO - Started process (PID=3135) to work on /opt/airflow/dags/model_training.py
[2024-06-28T00:17:36.845+0000] {processor.py:830} INFO - Processing file /opt/airflow/dags/model_training.py for tasks to queue
[2024-06-28T00:17:36.846+0000] {logging_mixin.py:188} INFO - [2024-06-28T00:17:36.845+0000] {dagbag.py:545} INFO - Filling up the DagBag from /opt/airflow/dags/model_training.py
[2024-06-28T00:17:37.132+0000] {processor.py:840} INFO - DAG(s) 'model_training_v2' retrieved from /opt/airflow/dags/model_training.py
[2024-06-28T00:17:37.145+0000] {logging_mixin.py:188} INFO - [2024-06-28T00:17:37.145+0000] {dag.py:3096} INFO - Sync 1 DAGs
[2024-06-28T00:17:37.157+0000] {logging_mixin.py:188} INFO - [2024-06-28T00:17:37.157+0000] {dag.py:3954} INFO - Setting next_dagrun for model_training_v2 to 2024-06-28 00:00:00+00:00, run_after=2024-06-29 00:00:00+00:00
[2024-06-28T00:17:37.168+0000] {processor.py:183} INFO - Processing /opt/airflow/dags/model_training.py took 0.327 seconds
[2024-06-28T00:18:07.453+0000] {processor.py:161} INFO - Started process (PID=3161) to work on /opt/airflow/dags/model_training.py
[2024-06-28T00:18:07.454+0000] {processor.py:830} INFO - Processing file /opt/airflow/dags/model_training.py for tasks to queue
[2024-06-28T00:18:07.454+0000] {logging_mixin.py:188} INFO - [2024-06-28T00:18:07.454+0000] {dagbag.py:545} INFO - Filling up the DagBag from /opt/airflow/dags/model_training.py
[2024-06-28T00:18:07.749+0000] {processor.py:840} INFO - DAG(s) 'model_training_v2' retrieved from /opt/airflow/dags/model_training.py
[2024-06-28T00:18:07.762+0000] {logging_mixin.py:188} INFO - [2024-06-28T00:18:07.761+0000] {dag.py:3096} INFO - Sync 1 DAGs
[2024-06-28T00:18:07.773+0000] {logging_mixin.py:188} INFO - [2024-06-28T00:18:07.773+0000] {dag.py:3954} INFO - Setting next_dagrun for model_training_v2 to 2024-06-28 00:00:00+00:00, run_after=2024-06-29 00:00:00+00:00
[2024-06-28T00:18:07.786+0000] {processor.py:183} INFO - Processing /opt/airflow/dags/model_training.py took 0.336 seconds
[2024-06-28T00:18:38.014+0000] {processor.py:161} INFO - Started process (PID=3180) to work on /opt/airflow/dags/model_training.py
[2024-06-28T00:18:38.014+0000] {processor.py:830} INFO - Processing file /opt/airflow/dags/model_training.py for tasks to queue
[2024-06-28T00:18:38.015+0000] {logging_mixin.py:188} INFO - [2024-06-28T00:18:38.015+0000] {dagbag.py:545} INFO - Filling up the DagBag from /opt/airflow/dags/model_training.py
[2024-06-28T00:18:38.289+0000] {processor.py:840} INFO - DAG(s) 'model_training_v2' retrieved from /opt/airflow/dags/model_training.py
[2024-06-28T00:18:38.301+0000] {logging_mixin.py:188} INFO - [2024-06-28T00:18:38.301+0000] {dag.py:3096} INFO - Sync 1 DAGs
[2024-06-28T00:18:38.313+0000] {logging_mixin.py:188} INFO - [2024-06-28T00:18:38.312+0000] {dag.py:3954} INFO - Setting next_dagrun for model_training_v2 to 2024-06-28 00:00:00+00:00, run_after=2024-06-29 00:00:00+00:00
[2024-06-28T00:18:38.324+0000] {processor.py:183} INFO - Processing /opt/airflow/dags/model_training.py took 0.313 seconds
[2024-06-28T00:19:08.528+0000] {processor.py:161} INFO - Started process (PID=3206) to work on /opt/airflow/dags/model_training.py
[2024-06-28T00:19:08.529+0000] {processor.py:830} INFO - Processing file /opt/airflow/dags/model_training.py for tasks to queue
[2024-06-28T00:19:08.530+0000] {logging_mixin.py:188} INFO - [2024-06-28T00:19:08.529+0000] {dagbag.py:545} INFO - Filling up the DagBag from /opt/airflow/dags/model_training.py
[2024-06-28T00:19:08.799+0000] {processor.py:840} INFO - DAG(s) 'model_training_v2' retrieved from /opt/airflow/dags/model_training.py
[2024-06-28T00:19:08.811+0000] {logging_mixin.py:188} INFO - [2024-06-28T00:19:08.811+0000] {dag.py:3096} INFO - Sync 1 DAGs
[2024-06-28T00:19:08.821+0000] {logging_mixin.py:188} INFO - [2024-06-28T00:19:08.821+0000] {dag.py:3954} INFO - Setting next_dagrun for model_training_v2 to 2024-06-28 00:00:00+00:00, run_after=2024-06-29 00:00:00+00:00
[2024-06-28T00:19:08.833+0000] {processor.py:183} INFO - Processing /opt/airflow/dags/model_training.py took 0.307 seconds
[2024-06-28T00:19:39.002+0000] {processor.py:161} INFO - Started process (PID=3232) to work on /opt/airflow/dags/model_training.py
[2024-06-28T00:19:39.003+0000] {processor.py:830} INFO - Processing file /opt/airflow/dags/model_training.py for tasks to queue
[2024-06-28T00:19:39.003+0000] {logging_mixin.py:188} INFO - [2024-06-28T00:19:39.003+0000] {dagbag.py:545} INFO - Filling up the DagBag from /opt/airflow/dags/model_training.py
[2024-06-28T00:19:39.309+0000] {processor.py:840} INFO - DAG(s) 'model_training_v2' retrieved from /opt/airflow/dags/model_training.py
[2024-06-28T00:19:39.321+0000] {logging_mixin.py:188} INFO - [2024-06-28T00:19:39.321+0000] {dag.py:3096} INFO - Sync 1 DAGs
[2024-06-28T00:19:39.333+0000] {logging_mixin.py:188} INFO - [2024-06-28T00:19:39.333+0000] {dag.py:3954} INFO - Setting next_dagrun for model_training_v2 to 2024-06-28 00:00:00+00:00, run_after=2024-06-29 00:00:00+00:00
[2024-06-28T00:19:39.344+0000] {processor.py:183} INFO - Processing /opt/airflow/dags/model_training.py took 0.345 seconds
[2024-06-28T00:20:09.516+0000] {processor.py:161} INFO - Started process (PID=3255) to work on /opt/airflow/dags/model_training.py
[2024-06-28T00:20:09.516+0000] {processor.py:830} INFO - Processing file /opt/airflow/dags/model_training.py for tasks to queue
[2024-06-28T00:20:09.517+0000] {logging_mixin.py:188} INFO - [2024-06-28T00:20:09.517+0000] {dagbag.py:545} INFO - Filling up the DagBag from /opt/airflow/dags/model_training.py
[2024-06-28T00:20:09.819+0000] {processor.py:840} INFO - DAG(s) 'model_training_v2' retrieved from /opt/airflow/dags/model_training.py
[2024-06-28T00:20:09.831+0000] {logging_mixin.py:188} INFO - [2024-06-28T00:20:09.831+0000] {dag.py:3096} INFO - Sync 1 DAGs
[2024-06-28T00:20:09.842+0000] {logging_mixin.py:188} INFO - [2024-06-28T00:20:09.842+0000] {dag.py:3954} INFO - Setting next_dagrun for model_training_v2 to 2024-06-28 00:00:00+00:00, run_after=2024-06-29 00:00:00+00:00
[2024-06-28T00:20:09.852+0000] {processor.py:183} INFO - Processing /opt/airflow/dags/model_training.py took 0.340 seconds
[2024-06-28T00:20:40.105+0000] {processor.py:161} INFO - Started process (PID=3281) to work on /opt/airflow/dags/model_training.py
[2024-06-28T00:20:40.107+0000] {processor.py:830} INFO - Processing file /opt/airflow/dags/model_training.py for tasks to queue
[2024-06-28T00:20:40.107+0000] {logging_mixin.py:188} INFO - [2024-06-28T00:20:40.107+0000] {dagbag.py:545} INFO - Filling up the DagBag from /opt/airflow/dags/model_training.py
[2024-06-28T00:20:40.382+0000] {processor.py:840} INFO - DAG(s) 'model_training_v2' retrieved from /opt/airflow/dags/model_training.py
[2024-06-28T00:20:40.394+0000] {logging_mixin.py:188} INFO - [2024-06-28T00:20:40.394+0000] {dag.py:3096} INFO - Sync 1 DAGs
[2024-06-28T00:20:40.405+0000] {logging_mixin.py:188} INFO - [2024-06-28T00:20:40.405+0000] {dag.py:3954} INFO - Setting next_dagrun for model_training_v2 to 2024-06-28 00:00:00+00:00, run_after=2024-06-29 00:00:00+00:00
[2024-06-28T00:20:40.416+0000] {processor.py:183} INFO - Processing /opt/airflow/dags/model_training.py took 0.314 seconds
[2024-06-28T00:21:10.649+0000] {processor.py:161} INFO - Started process (PID=3300) to work on /opt/airflow/dags/model_training.py
[2024-06-28T00:21:10.649+0000] {processor.py:830} INFO - Processing file /opt/airflow/dags/model_training.py for tasks to queue
[2024-06-28T00:21:10.650+0000] {logging_mixin.py:188} INFO - [2024-06-28T00:21:10.650+0000] {dagbag.py:545} INFO - Filling up the DagBag from /opt/airflow/dags/model_training.py
[2024-06-28T00:21:10.949+0000] {processor.py:840} INFO - DAG(s) 'model_training_v2' retrieved from /opt/airflow/dags/model_training.py
[2024-06-28T00:21:10.961+0000] {logging_mixin.py:188} INFO - [2024-06-28T00:21:10.961+0000] {dag.py:3096} INFO - Sync 1 DAGs
[2024-06-28T00:21:10.976+0000] {logging_mixin.py:188} INFO - [2024-06-28T00:21:10.976+0000] {dag.py:3954} INFO - Setting next_dagrun for model_training_v2 to 2024-06-28 00:00:00+00:00, run_after=2024-06-29 00:00:00+00:00
[2024-06-28T00:21:10.988+0000] {processor.py:183} INFO - Processing /opt/airflow/dags/model_training.py took 0.342 seconds
[2024-06-28T00:21:41.830+0000] {processor.py:161} INFO - Started process (PID=3326) to work on /opt/airflow/dags/model_training.py
[2024-06-28T00:21:41.830+0000] {processor.py:830} INFO - Processing file /opt/airflow/dags/model_training.py for tasks to queue
[2024-06-28T00:21:41.831+0000] {logging_mixin.py:188} INFO - [2024-06-28T00:21:41.831+0000] {dagbag.py:545} INFO - Filling up the DagBag from /opt/airflow/dags/model_training.py
[2024-06-28T00:21:42.115+0000] {processor.py:840} INFO - DAG(s) 'model_training_v2' retrieved from /opt/airflow/dags/model_training.py
[2024-06-28T00:21:42.127+0000] {logging_mixin.py:188} INFO - [2024-06-28T00:21:42.126+0000] {dag.py:3096} INFO - Sync 1 DAGs
[2024-06-28T00:21:42.139+0000] {logging_mixin.py:188} INFO - [2024-06-28T00:21:42.139+0000] {dag.py:3954} INFO - Setting next_dagrun for model_training_v2 to 2024-06-28 00:00:00+00:00, run_after=2024-06-29 00:00:00+00:00
[2024-06-28T00:21:42.150+0000] {processor.py:183} INFO - Processing /opt/airflow/dags/model_training.py took 0.323 seconds
