[2024-07-13T02:46:05.823+0000] {local_task_job_runner.py:120} INFO - ::group::Pre task execution logs
[2024-07-13T02:46:05.836+0000] {taskinstance.py:2076} INFO - Dependencies all met for dep_context=non-requeueable deps ti=<TaskInstance: model_training_v90.preprocess_data scheduled__2024-07-13T02:40:00+00:00 [queued]>
[2024-07-13T02:46:05.840+0000] {taskinstance.py:2076} INFO - Dependencies all met for dep_context=requeueable deps ti=<TaskInstance: model_training_v90.preprocess_data scheduled__2024-07-13T02:40:00+00:00 [queued]>
[2024-07-13T02:46:05.841+0000] {taskinstance.py:2306} INFO - Starting attempt 1 of 2
[2024-07-13T02:46:05.850+0000] {taskinstance.py:2330} INFO - Executing <Task(PythonOperator): preprocess_data> on 2024-07-13 02:40:00+00:00
[2024-07-13T02:46:05.856+0000] {warnings.py:110} WARNING - /home/airflow/.local/lib/python3.12/site-packages/airflow/task/task_runner/standard_task_runner.py:61: DeprecationWarning: This process (pid=3384) is multi-threaded, use of fork() may lead to deadlocks in the child.
  pid = os.fork()

[2024-07-13T02:46:05.857+0000] {standard_task_runner.py:63} INFO - Started process 3405 to run task
[2024-07-13T02:46:05.857+0000] {standard_task_runner.py:90} INFO - Running: ['airflow', 'tasks', 'run', 'model_training_v90', 'preprocess_data', 'scheduled__2024-07-13T02:40:00+00:00', '--job-id', '444', '--raw', '--subdir', 'DAGS_FOLDER/model_training.py', '--cfg-path', '/tmp/tmp2dzesanh']
[2024-07-13T02:46:05.858+0000] {standard_task_runner.py:91} INFO - Job 444: Subtask preprocess_data
[2024-07-13T02:46:05.889+0000] {task_command.py:426} INFO - Running <TaskInstance: model_training_v90.preprocess_data scheduled__2024-07-13T02:40:00+00:00 [running]> on host 0e0c69066946
[2024-07-13T02:46:05.939+0000] {taskinstance.py:2648} INFO - Exporting env vars: AIRFLOW_CTX_DAG_OWNER='airflow' AIRFLOW_CTX_DAG_ID='model_training_v90' AIRFLOW_CTX_TASK_ID='preprocess_data' AIRFLOW_CTX_EXECUTION_DATE='2024-07-13T02:40:00+00:00' AIRFLOW_CTX_TRY_NUMBER='1' AIRFLOW_CTX_DAG_RUN_ID='scheduled__2024-07-13T02:40:00+00:00'
[2024-07-13T02:46:05.940+0000] {taskinstance.py:430} INFO - ::endgroup::
[2024-07-13T02:46:05.973+0000] {logging_mixin.py:188} INFO - Добавлен жанр:  документальный
[2024-07-13T02:46:05.973+0000] {logging_mixin.py:188} INFO - Добавлен жанр:  военный
[2024-07-13T02:46:05.974+0000] {logging_mixin.py:188} INFO - Добавлен жанр:  триллер
[2024-07-13T02:46:05.975+0000] {logging_mixin.py:188} INFO - Добавлен жанр:  драма
[2024-07-13T02:46:05.975+0000] {logging_mixin.py:188} INFO - Добавлен жанр:  криминал
[2024-07-13T02:46:05.976+0000] {logging_mixin.py:188} INFO - Добавлен жанр:  детектив
[2024-07-13T02:46:05.976+0000] {logging_mixin.py:188} INFO - Добавлен жанр:  короткометражка
[2024-07-13T02:46:05.977+0000] {logging_mixin.py:188} INFO - Добавлен жанр:  реальное ТВ
[2024-07-13T02:46:05.978+0000] {logging_mixin.py:188} INFO - Добавлен жанр:  комедия
[2024-07-13T02:46:05.978+0000] {logging_mixin.py:188} INFO - Добавлен жанр:  ужасы
[2024-07-13T02:46:05.979+0000] {logging_mixin.py:188} INFO - Добавлен жанр:  мелодрама
[2024-07-13T02:46:05.979+0000] {logging_mixin.py:188} INFO - Добавлен жанр:  биография
[2024-07-13T02:46:05.980+0000] {logging_mixin.py:188} INFO - Добавлен жанр:  музыка
[2024-07-13T02:46:05.981+0000] {logging_mixin.py:188} INFO - Добавлен жанр:  спорт
[2024-07-13T02:46:05.981+0000] {logging_mixin.py:188} INFO - Добавлен жанр:  боевик
[2024-07-13T02:46:05.982+0000] {logging_mixin.py:188} INFO - Добавлен жанр:  фантастика
[2024-07-13T02:46:05.983+0000] {logging_mixin.py:188} INFO - Добавлен жанр:  приключения
[2024-07-13T02:46:05.983+0000] {logging_mixin.py:188} INFO - Добавлен жанр:  история
[2024-07-13T02:46:05.984+0000] {logging_mixin.py:188} INFO - Добавлен жанр:  фэнтези
[2024-07-13T02:46:05.984+0000] {logging_mixin.py:188} INFO - Добавлен жанр:  семейный
[2024-07-13T02:46:05.985+0000] {logging_mixin.py:188} INFO - Добавлен жанр:  мюзикл
[2024-07-13T02:46:05.985+0000] {logging_mixin.py:188} INFO - Добавлен жанр:  детский
[2024-07-13T02:46:05.990+0000] {logging_mixin.py:188} INFO - Empty DataFrame
Columns: [id, name, description, year, rating, votes, movie_length, age_rating, genres, countries, decade, документальный, военный, триллер, драма, криминал, детектив, короткометражка, реальное ТВ, комедия, ужасы, мелодрама, биография, музыка, спорт, боевик, фантастика, приключения, история, фэнтези, семейный, мюзикл, детский]
Index: []
[2024-07-13T02:46:05.990+0000] {logging_mixin.py:188} INFO - Добавлена страна:  Россия
[2024-07-13T02:46:05.991+0000] {logging_mixin.py:188} INFO - Empty DataFrame
Columns: [id, name, description, year, rating, votes, movie_length, age_rating, genres, countries, decade, документальный, военный, триллер, драма, криминал, детектив, короткометражка, реальное ТВ, комедия, ужасы, мелодрама, биография, музыка, спорт, боевик, фантастика, приключения, история, фэнтези, семейный, мюзикл, детский, Россия]
Index: []
[2024-07-13T02:46:05.992+0000] {logging_mixin.py:188} INFO - Добавлена страна:  Польша
[2024-07-13T02:46:05.993+0000] {logging_mixin.py:188} INFO - Empty DataFrame
Columns: [id, name, description, year, rating, votes, movie_length, age_rating, genres, countries, decade, документальный, военный, триллер, драма, криминал, детектив, короткометражка, реальное ТВ, комедия, ужасы, мелодрама, биография, музыка, спорт, боевик, фантастика, приключения, история, фэнтези, семейный, мюзикл, детский, Россия, Польша]
Index: []
[2024-07-13T02:46:05.993+0000] {logging_mixin.py:188} INFO - Добавлена страна:  Испания
[2024-07-13T02:46:05.994+0000] {logging_mixin.py:188} INFO - Empty DataFrame
Columns: [id, name, description, year, rating, votes, movie_length, age_rating, genres, countries, decade, документальный, военный, триллер, драма, криминал, детектив, короткометражка, реальное ТВ, комедия, ужасы, мелодрама, биография, музыка, спорт, боевик, фантастика, приключения, история, фэнтези, семейный, мюзикл, детский, Россия, Польша, Испания]
Index: []
[2024-07-13T02:46:05.995+0000] {logging_mixin.py:188} INFO - Добавлена страна:  Бельгия
[2024-07-13T02:46:05.996+0000] {logging_mixin.py:188} INFO - Empty DataFrame
Columns: [id, name, description, year, rating, votes, movie_length, age_rating, genres, countries, decade, документальный, военный, триллер, драма, криминал, детектив, короткометражка, реальное ТВ, комедия, ужасы, мелодрама, биография, музыка, спорт, боевик, фантастика, приключения, история, фэнтези, семейный, мюзикл, детский, Россия, Польша, Испания, Бельгия]
Index: []
[2024-07-13T02:46:05.996+0000] {logging_mixin.py:188} INFO - Добавлена страна:  Франция
[2024-07-13T02:46:05.997+0000] {logging_mixin.py:188} INFO - Empty DataFrame
Columns: [id, name, description, year, rating, votes, movie_length, age_rating, genres, countries, decade, документальный, военный, триллер, драма, криминал, детектив, короткометражка, реальное ТВ, комедия, ужасы, мелодрама, биография, музыка, спорт, боевик, фантастика, приключения, история, фэнтези, семейный, мюзикл, детский, Россия, Польша, Испания, Бельгия, Франция]
Index: []
[2024-07-13T02:46:05.998+0000] {logging_mixin.py:188} INFO - Добавлена страна:  США
[2024-07-13T02:46:05.999+0000] {logging_mixin.py:188} INFO - Empty DataFrame
Columns: [id, name, description, year, rating, votes, movie_length, age_rating, genres, countries, decade, документальный, военный, триллер, драма, криминал, детектив, короткометражка, реальное ТВ, комедия, ужасы, мелодрама, биография, музыка, спорт, боевик, фантастика, приключения, история, фэнтези, семейный, мюзикл, детский, Россия, Польша, Испания, Бельгия, Франция, США]
Index: []
[2024-07-13T02:46:06.000+0000] {logging_mixin.py:188} INFO - Добавлена страна:  Казахстан
[2024-07-13T02:46:06.001+0000] {logging_mixin.py:188} INFO - Empty DataFrame
Columns: [id, name, description, year, rating, votes, movie_length, age_rating, genres, countries, decade, документальный, военный, триллер, драма, криминал, детектив, короткометражка, реальное ТВ, комедия, ужасы, мелодрама, биография, музыка, спорт, боевик, фантастика, приключения, история, фэнтези, семейный, мюзикл, детский, Россия, Польша, Испания, Бельгия, Франция, США, Казахстан]
Index: []
[2024-07-13T02:46:06.001+0000] {logging_mixin.py:188} INFO - Добавлена страна:  Германия
[2024-07-13T02:46:06.002+0000] {logging_mixin.py:188} INFO - Empty DataFrame
Columns: [id, name, description, year, rating, votes, movie_length, age_rating, genres, countries, decade, документальный, военный, триллер, драма, криминал, детектив, короткометражка, реальное ТВ, комедия, ужасы, мелодрама, биография, музыка, спорт, боевик, фантастика, приключения, история, фэнтези, семейный, мюзикл, детский, Россия, Польша, Испания, Бельгия, Франция, США, Казахстан, Германия]
Index: []
[2024-07-13T02:46:06.003+0000] {logging_mixin.py:188} INFO - Добавлена страна:  Дания
[2024-07-13T02:46:06.004+0000] {logging_mixin.py:188} INFO - Empty DataFrame
Columns: [id, name, description, year, rating, votes, movie_length, age_rating, genres, countries, decade, документальный, военный, триллер, драма, криминал, детектив, короткометражка, реальное ТВ, комедия, ужасы, мелодрама, биография, музыка, спорт, боевик, фантастика, приключения, история, фэнтези, семейный, мюзикл, детский, Россия, Польша, Испания, Бельгия, Франция, США, Казахстан, Германия, Дания]
Index: []
[2024-07-13T02:46:06.004+0000] {logging_mixin.py:188} INFO - Добавлена страна:  Швеция
[2024-07-13T02:46:06.005+0000] {logging_mixin.py:188} INFO - Empty DataFrame
Columns: [id, name, description, year, rating, votes, movie_length, age_rating, genres, countries, decade, документальный, военный, триллер, драма, криминал, детектив, короткометражка, реальное ТВ, комедия, ужасы, мелодрама, биография, музыка, спорт, боевик, фантастика, приключения, история, фэнтези, семейный, мюзикл, детский, Россия, Польша, Испания, Бельгия, Франция, США, Казахстан, Германия, Дания, Швеция]
Index: []
[2024-07-13T02:46:06.006+0000] {logging_mixin.py:188} INFO - Добавлена страна:  Эстония
[2024-07-13T02:46:06.007+0000] {logging_mixin.py:188} INFO - Empty DataFrame
Columns: [id, name, description, year, rating, votes, movie_length, age_rating, genres, countries, decade, документальный, военный, триллер, драма, криминал, детектив, короткометражка, реальное ТВ, комедия, ужасы, мелодрама, биография, музыка, спорт, боевик, фантастика, приключения, история, фэнтези, семейный, мюзикл, детский, Россия, Польша, Испания, Бельгия, Франция, США, Казахстан, Германия, Дания, Швеция, Эстония]
Index: []
[2024-07-13T02:46:06.007+0000] {logging_mixin.py:188} INFO - Добавлена страна:  Канада
[2024-07-13T02:46:06.008+0000] {logging_mixin.py:188} INFO - Empty DataFrame
Columns: [id, name, description, year, rating, votes, movie_length, age_rating, genres, countries, decade, документальный, военный, триллер, драма, криминал, детектив, короткометражка, реальное ТВ, комедия, ужасы, мелодрама, биография, музыка, спорт, боевик, фантастика, приключения, история, фэнтези, семейный, мюзикл, детский, Россия, Польша, Испания, Бельгия, Франция, США, Казахстан, Германия, Дания, Швеция, Эстония, Канада]
Index: []
[2024-07-13T02:46:06.009+0000] {logging_mixin.py:188} INFO - Добавлена страна:  Италия
[2024-07-13T02:46:06.010+0000] {logging_mixin.py:188} INFO - Empty DataFrame
Columns: [id, name, description, year, rating, votes, movie_length, age_rating, genres, countries, decade, документальный, военный, триллер, драма, криминал, детектив, короткометражка, реальное ТВ, комедия, ужасы, мелодрама, биография, музыка, спорт, боевик, фантастика, приключения, история, фэнтези, семейный, мюзикл, детский, Россия, Польша, Испания, Бельгия, Франция, США, Казахстан, Германия, Дания, Швеция, Эстония, Канада, Италия]
Index: []
[2024-07-13T02:46:06.010+0000] {logging_mixin.py:188} INFO - Добавлена страна:  Великобритания
[2024-07-13T02:46:06.011+0000] {logging_mixin.py:188} INFO - Empty DataFrame
Columns: [id, name, description, year, rating, votes, movie_length, age_rating, genres, countries, decade, документальный, военный, триллер, драма, криминал, детектив, короткометражка, реальное ТВ, комедия, ужасы, мелодрама, биография, музыка, спорт, боевик, фантастика, приключения, история, фэнтези, семейный, мюзикл, детский, Россия, Польша, Испания, Бельгия, Франция, США, Казахстан, Германия, Дания, Швеция, Эстония, Канада, Италия, Великобритания]
Index: []
[2024-07-13T02:46:06.012+0000] {logging_mixin.py:188} INFO - Добавлена страна:  Турция
[2024-07-13T02:46:06.013+0000] {logging_mixin.py:188} INFO - Empty DataFrame
Columns: [id, name, description, year, rating, votes, movie_length, age_rating, genres, countries, decade, документальный, военный, триллер, драма, криминал, детектив, короткометражка, реальное ТВ, комедия, ужасы, мелодрама, биография, музыка, спорт, боевик, фантастика, приключения, история, фэнтези, семейный, мюзикл, детский, Россия, Польша, Испания, Бельгия, Франция, США, Казахстан, Германия, Дания, Швеция, Эстония, Канада, Италия, Великобритания, Турция]
Index: []
[2024-07-13T02:46:06.014+0000] {logging_mixin.py:188} INFO - Добавлена страна:  Кыргызстан
[2024-07-13T02:46:06.015+0000] {logging_mixin.py:188} INFO - Empty DataFrame
Columns: [id, name, description, year, rating, votes, movie_length, age_rating, genres, countries, decade, документальный, военный, триллер, драма, криминал, детектив, короткометражка, реальное ТВ, комедия, ужасы, мелодрама, биография, музыка, спорт, боевик, фантастика, приключения, история, фэнтези, семейный, мюзикл, детский, Россия, Польша, Испания, Бельгия, Франция, США, Казахстан, Германия, Дания, Швеция, Эстония, Канада, Италия, Великобритания, Турция, Кыргызстан]
Index: []
[2024-07-13T02:46:06.015+0000] {logging_mixin.py:188} INFO - Добавлена страна:  Новая Зеландия
[2024-07-13T02:46:06.016+0000] {logging_mixin.py:188} INFO - Empty DataFrame
Columns: [id, name, description, year, rating, votes, movie_length, age_rating, genres, countries, decade, документальный, военный, триллер, драма, криминал, детектив, короткометражка, реальное ТВ, комедия, ужасы, мелодрама, биография, музыка, спорт, боевик, фантастика, приключения, история, фэнтези, семейный, мюзикл, детский, Россия, Польша, Испания, Бельгия, Франция, США, Казахстан, Германия, Дания, Швеция, Эстония, Канада, Италия, Великобритания, Турция, Кыргызстан, Новая Зеландия]
Index: []
[2024-07-13T02:46:06.017+0000] {logging_mixin.py:188} INFO - Добавлена страна:  Венгрия
[2024-07-13T02:46:06.018+0000] {logging_mixin.py:188} INFO - Empty DataFrame
Columns: [id, name, description, year, rating, votes, movie_length, age_rating, genres, countries, decade, документальный, военный, триллер, драма, криминал, детектив, короткометражка, реальное ТВ, комедия, ужасы, мелодрама, биография, музыка, спорт, боевик, фантастика, приключения, история, фэнтези, семейный, мюзикл, детский, Россия, Польша, Испания, Бельгия, Франция, США, Казахстан, Германия, Дания, Швеция, Эстония, Канада, Италия, Великобритания, Турция, Кыргызстан, Новая Зеландия, Венгрия]
Index: []
[2024-07-13T02:46:06.018+0000] {logging_mixin.py:188} INFO - Добавлена страна:  Австралия
[2024-07-13T02:46:06.019+0000] {logging_mixin.py:188} INFO - Empty DataFrame
Columns: [id, name, description, year, rating, votes, movie_length, age_rating, genres, countries, decade, документальный, военный, триллер, драма, криминал, детектив, короткометражка, реальное ТВ, комедия, ужасы, мелодрама, биография, музыка, спорт, боевик, фантастика, приключения, история, фэнтези, семейный, мюзикл, детский, Россия, Польша, Испания, Бельгия, Франция, США, Казахстан, Германия, Дания, Швеция, Эстония, Канада, Италия, Великобритания, Турция, Кыргызстан, Новая Зеландия, Венгрия, Австралия]
Index: []
[2024-07-13T02:46:06.020+0000] {logging_mixin.py:188} INFO - Добавлена страна:  ОАЭ
[2024-07-13T02:46:06.021+0000] {logging_mixin.py:188} INFO - Empty DataFrame
Columns: [id, name, description, year, rating, votes, movie_length, age_rating, genres, countries, decade, документальный, военный, триллер, драма, криминал, детектив, короткометражка, реальное ТВ, комедия, ужасы, мелодрама, биография, музыка, спорт, боевик, фантастика, приключения, история, фэнтези, семейный, мюзикл, детский, Россия, Польша, Испания, Бельгия, Франция, США, Казахстан, Германия, Дания, Швеция, Эстония, Канада, Италия, Великобритания, Турция, Кыргызстан, Новая Зеландия, Венгрия, Австралия, ОАЭ]
Index: []
[2024-07-13T02:46:06.022+0000] {logging_mixin.py:188} INFO - Добавлена страна:  Чехия
[2024-07-13T02:46:06.023+0000] {logging_mixin.py:188} INFO - Empty DataFrame
Columns: [id, name, description, year, rating, votes, movie_length, age_rating, genres, countries, decade, документальный, военный, триллер, драма, криминал, детектив, короткометражка, реальное ТВ, комедия, ужасы, мелодрама, биография, музыка, спорт, боевик, фантастика, приключения, история, фэнтези, семейный, мюзикл, детский, Россия, Польша, Испания, Бельгия, Франция, США, Казахстан, Германия, Дания, Швеция, Эстония, Канада, Италия, Великобритания, Турция, Кыргызстан, Новая Зеландия, Венгрия, Австралия, ОАЭ, Чехия]
Index: []
[2024-07-13T02:46:06.023+0000] {logging_mixin.py:188} INFO - Добавлена страна:  Корея Южная
[2024-07-13T02:46:06.024+0000] {logging_mixin.py:188} INFO - Empty DataFrame
Columns: [id, name, description, year, rating, votes, movie_length, age_rating, genres, countries, decade, документальный, военный, триллер, драма, криминал, детектив, короткометражка, реальное ТВ, комедия, ужасы, мелодрама, биография, музыка, спорт, боевик, фантастика, приключения, история, фэнтези, семейный, мюзикл, детский, Россия, Польша, Испания, Бельгия, Франция, США, Казахстан, Германия, Дания, Швеция, Эстония, Канада, Италия, Великобритания, Турция, Кыргызстан, Новая Зеландия, Венгрия, Австралия, ОАЭ, Чехия, Корея Южная]
Index: []
[2024-07-13T02:46:06.025+0000] {logging_mixin.py:188} INFO - Добавлена страна:  Нидерланды
[2024-07-13T02:46:06.027+0000] {logging_mixin.py:188} INFO - Empty DataFrame
Columns: [id, name, description, year, rating, votes, movie_length, age_rating, genres, countries, decade, документальный, военный, триллер, драма, криминал, детектив, короткометражка, реальное ТВ, комедия, ужасы, мелодрама, биография, музыка, спорт, боевик, фантастика, приключения, история, фэнтези, семейный, мюзикл, детский, Россия, Польша, Испания, Бельгия, Франция, США, Казахстан, Германия, Дания, Швеция, Эстония, Канада, Италия, Великобритания, Турция, Кыргызстан, Новая Зеландия, Венгрия, Австралия, ОАЭ, Чехия, Корея Южная, Нидерланды]
Index: []
[2024-07-13T02:46:06.027+0000] {logging_mixin.py:188} INFO - Добавлена страна:  СССР
[2024-07-13T02:46:06.029+0000] {logging_mixin.py:188} INFO - Empty DataFrame
Columns: [id, name, description, year, rating, votes, movie_length, age_rating, genres, countries, decade, документальный, военный, триллер, драма, криминал, детектив, короткометражка, реальное ТВ, комедия, ужасы, мелодрама, биография, музыка, спорт, боевик, фантастика, приключения, история, фэнтези, семейный, мюзикл, детский, Россия, Польша, Испания, Бельгия, Франция, США, Казахстан, Германия, Дания, Швеция, Эстония, Канада, Италия, Великобритания, Турция, Кыргызстан, Новая Зеландия, Венгрия, Австралия, ОАЭ, Чехия, Корея Южная, Нидерланды, СССР]
Index: []
[2024-07-13T02:46:06.029+0000] {logging_mixin.py:188} INFO - Добавлена страна:  ЮАР
[2024-07-13T02:46:06.030+0000] {logging_mixin.py:188} INFO - Empty DataFrame
Columns: [id, name, description, year, rating, votes, movie_length, age_rating, genres, countries, decade, документальный, военный, триллер, драма, криминал, детектив, короткометражка, реальное ТВ, комедия, ужасы, мелодрама, биография, музыка, спорт, боевик, фантастика, приключения, история, фэнтези, семейный, мюзикл, детский, Россия, Польша, Испания, Бельгия, Франция, США, Казахстан, Германия, Дания, Швеция, Эстония, Канада, Италия, Великобритания, Турция, Кыргызстан, Новая Зеландия, Венгрия, Австралия, ОАЭ, Чехия, Корея Южная, Нидерланды, СССР, ЮАР]
Index: []
[2024-07-13T02:46:06.031+0000] {logging_mixin.py:188} INFO - Добавлена страна:  Бразилия
[2024-07-13T02:46:06.032+0000] {logging_mixin.py:188} INFO - Empty DataFrame
Columns: [id, name, description, year, rating, votes, movie_length, age_rating, genres, countries, decade, документальный, военный, триллер, драма, криминал, детектив, короткометражка, реальное ТВ, комедия, ужасы, мелодрама, биография, музыка, спорт, боевик, фантастика, приключения, история, фэнтези, семейный, мюзикл, детский, Россия, Польша, Испания, Бельгия, Франция, США, Казахстан, Германия, Дания, Швеция, Эстония, Канада, Италия, Великобритания, Турция, Кыргызстан, Новая Зеландия, Венгрия, Австралия, ОАЭ, Чехия, Корея Южная, Нидерланды, СССР, ЮАР, Бразилия]
Index: []
[2024-07-13T02:46:06.032+0000] {logging_mixin.py:188} INFO - Добавлена страна:  Словакия
[2024-07-13T02:46:06.034+0000] {logging_mixin.py:188} INFO - Empty DataFrame
Columns: [id, name, description, year, rating, votes, movie_length, age_rating, genres, countries, decade, документальный, военный, триллер, драма, криминал, детектив, короткометражка, реальное ТВ, комедия, ужасы, мелодрама, биография, музыка, спорт, боевик, фантастика, приключения, история, фэнтези, семейный, мюзикл, детский, Россия, Польша, Испания, Бельгия, Франция, США, Казахстан, Германия, Дания, Швеция, Эстония, Канада, Италия, Великобритания, Турция, Кыргызстан, Новая Зеландия, Венгрия, Австралия, ОАЭ, Чехия, Корея Южная, Нидерланды, СССР, ЮАР, Бразилия, Словакия]
Index: []
[2024-07-13T02:46:06.034+0000] {logging_mixin.py:188} INFO - Добавлена страна:  Филиппины
[2024-07-13T02:46:06.035+0000] {logging_mixin.py:188} INFO - Empty DataFrame
Columns: [id, name, description, year, rating, votes, movie_length, age_rating, genres, countries, decade, документальный, военный, триллер, драма, криминал, детектив, короткометражка, реальное ТВ, комедия, ужасы, мелодрама, биография, музыка, спорт, боевик, фантастика, приключения, история, фэнтези, семейный, мюзикл, детский, Россия, Польша, Испания, Бельгия, Франция, США, Казахстан, Германия, Дания, Швеция, Эстония, Канада, Италия, Великобритания, Турция, Кыргызстан, Новая Зеландия, Венгрия, Австралия, ОАЭ, Чехия, Корея Южная, Нидерланды, СССР, ЮАР, Бразилия, Словакия, Филиппины]
Index: []
[2024-07-13T02:46:06.036+0000] {logging_mixin.py:188} INFO - Добавлена страна:  Аргентина
[2024-07-13T02:46:06.037+0000] {logging_mixin.py:188} INFO - Empty DataFrame
Columns: [id, name, description, year, rating, votes, movie_length, age_rating, genres, countries, decade, документальный, военный, триллер, драма, криминал, детектив, короткометражка, реальное ТВ, комедия, ужасы, мелодрама, биография, музыка, спорт, боевик, фантастика, приключения, история, фэнтези, семейный, мюзикл, детский, Россия, Польша, Испания, Бельгия, Франция, США, Казахстан, Германия, Дания, Швеция, Эстония, Канада, Италия, Великобритания, Турция, Кыргызстан, Новая Зеландия, Венгрия, Австралия, ОАЭ, Чехия, Корея Южная, Нидерланды, СССР, ЮАР, Бразилия, Словакия, Филиппины, Аргентина]
Index: []
[2024-07-13T02:46:06.037+0000] {logging_mixin.py:188} INFO - Добавлена страна:  Мальта
[2024-07-13T02:46:06.039+0000] {logging_mixin.py:188} INFO - Empty DataFrame
Columns: [id, name, description, year, rating, votes, movie_length, age_rating, genres, countries, decade, документальный, военный, триллер, драма, криминал, детектив, короткометражка, реальное ТВ, комедия, ужасы, мелодрама, биография, музыка, спорт, боевик, фантастика, приключения, история, фэнтези, семейный, мюзикл, детский, Россия, Польша, Испания, Бельгия, Франция, США, Казахстан, Германия, Дания, Швеция, Эстония, Канада, Италия, Великобритания, Турция, Кыргызстан, Новая Зеландия, Венгрия, Австралия, ОАЭ, Чехия, Корея Южная, Нидерланды, СССР, ЮАР, Бразилия, Словакия, Филиппины, Аргентина, Мальта]
Index: []
[2024-07-13T02:46:06.039+0000] {logging_mixin.py:188} INFO - Добавлена страна:  Португалия
[2024-07-13T02:46:06.040+0000] {logging_mixin.py:188} INFO - Empty DataFrame
Columns: [id, name, description, year, rating, votes, movie_length, age_rating, genres, countries, decade, документальный, военный, триллер, драма, криминал, детектив, короткометражка, реальное ТВ, комедия, ужасы, мелодрама, биография, музыка, спорт, боевик, фантастика, приключения, история, фэнтези, семейный, мюзикл, детский, Россия, Польша, Испания, Бельгия, Франция, США, Казахстан, Германия, Дания, Швеция, Эстония, Канада, Италия, Великобритания, Турция, Кыргызстан, Новая Зеландия, Венгрия, Австралия, ОАЭ, Чехия, Корея Южная, Нидерланды, СССР, ЮАР, Бразилия, Словакия, Филиппины, Аргентина, Мальта, Португалия]
Index: []
[2024-07-13T02:46:06.041+0000] {logging_mixin.py:188} INFO - Добавлена страна:  Израиль
[2024-07-13T02:46:06.042+0000] {logging_mixin.py:188} INFO - Empty DataFrame
Columns: [id, name, description, year, rating, votes, movie_length, age_rating, genres, countries, decade, документальный, военный, триллер, драма, криминал, детектив, короткометражка, реальное ТВ, комедия, ужасы, мелодрама, биография, музыка, спорт, боевик, фантастика, приключения, история, фэнтези, семейный, мюзикл, детский, Россия, Польша, Испания, Бельгия, Франция, США, Казахстан, Германия, Дания, Швеция, Эстония, Канада, Италия, Великобритания, Турция, Кыргызстан, Новая Зеландия, Венгрия, Австралия, ОАЭ, Чехия, Корея Южная, Нидерланды, СССР, ЮАР, Бразилия, Словакия, Филиппины, Аргентина, Мальта, Португалия, Израиль]
Index: []
[2024-07-13T02:46:06.042+0000] {logging_mixin.py:188} INFO - Добавлена страна:  Уругвай
[2024-07-13T02:46:06.043+0000] {logging_mixin.py:188} INFO - Empty DataFrame
Columns: [id, name, description, year, rating, votes, movie_length, age_rating, genres, countries, decade, документальный, военный, триллер, драма, криминал, детектив, короткометражка, реальное ТВ, комедия, ужасы, мелодрама, биография, музыка, спорт, боевик, фантастика, приключения, история, фэнтези, семейный, мюзикл, детский, Россия, Польша, Испания, Бельгия, Франция, США, Казахстан, Германия, Дания, Швеция, Эстония, Канада, Италия, Великобритания, Турция, Кыргызстан, Новая Зеландия, Венгрия, Австралия, ОАЭ, Чехия, Корея Южная, Нидерланды, СССР, ЮАР, Бразилия, Словакия, Филиппины, Аргентина, Мальта, Португалия, Израиль, Уругвай]
Index: []
[2024-07-13T02:46:06.044+0000] {logging_mixin.py:188} INFO - Добавлена страна:  Ирландия
[2024-07-13T02:46:06.045+0000] {logging_mixin.py:188} INFO - Empty DataFrame
Columns: [id, name, description, year, rating, votes, movie_length, age_rating, genres, countries, decade, документальный, военный, триллер, драма, криминал, детектив, короткометражка, реальное ТВ, комедия, ужасы, мелодрама, биография, музыка, спорт, боевик, фантастика, приключения, история, фэнтези, семейный, мюзикл, детский, Россия, Польша, Испания, Бельгия, Франция, США, Казахстан, Германия, Дания, Швеция, Эстония, Канада, Италия, Великобритания, Турция, Кыргызстан, Новая Зеландия, Венгрия, Австралия, ОАЭ, Чехия, Корея Южная, Нидерланды, СССР, ЮАР, Бразилия, Словакия, Филиппины, Аргентина, Мальта, Португалия, Израиль, Уругвай, Ирландия]
Index: []
[2024-07-13T02:46:06.046+0000] {logging_mixin.py:188} INFO - Добавлена страна:  Грузия
[2024-07-13T02:46:06.047+0000] {logging_mixin.py:188} INFO - Empty DataFrame
Columns: [id, name, description, year, rating, votes, movie_length, age_rating, genres, countries, decade, документальный, военный, триллер, драма, криминал, детектив, короткометражка, реальное ТВ, комедия, ужасы, мелодрама, биография, музыка, спорт, боевик, фантастика, приключения, история, фэнтези, семейный, мюзикл, детский, Россия, Польша, Испания, Бельгия, Франция, США, Казахстан, Германия, Дания, Швеция, Эстония, Канада, Италия, Великобритания, Турция, Кыргызстан, Новая Зеландия, Венгрия, Австралия, ОАЭ, Чехия, Корея Южная, Нидерланды, СССР, ЮАР, Бразилия, Словакия, Филиппины, Аргентина, Мальта, Португалия, Израиль, Уругвай, Ирландия, Грузия]
Index: []
[2024-07-13T02:46:06.048+0000] {logging_mixin.py:188} INFO - Добавлена страна:  Греция
[2024-07-13T02:46:06.050+0000] {logging_mixin.py:188} INFO - Empty DataFrame
Columns: [id, name, description, year, rating, votes, movie_length, age_rating, genres, countries, decade, документальный, военный, триллер, драма, криминал, детектив, короткометражка, реальное ТВ, комедия, ужасы, мелодрама, биография, музыка, спорт, боевик, фантастика, приключения, история, фэнтези, семейный, мюзикл, детский, Россия, Польша, Испания, Бельгия, Франция, США, Казахстан, Германия, Дания, Швеция, Эстония, Канада, Италия, Великобритания, Турция, Кыргызстан, Новая Зеландия, Венгрия, Австралия, ОАЭ, Чехия, Корея Южная, Нидерланды, СССР, ЮАР, Бразилия, Словакия, Филиппины, Аргентина, Мальта, Португалия, Израиль, Уругвай, Ирландия, Грузия, Греция]
Index: []
[2024-07-13T02:46:06.050+0000] {logging_mixin.py:188} INFO - Добавлена страна:  Япония
[2024-07-13T02:46:06.051+0000] {logging_mixin.py:188} INFO - Empty DataFrame
Columns: [id, name, description, year, rating, votes, movie_length, age_rating, genres, countries, decade, документальный, военный, триллер, драма, криминал, детектив, короткометражка, реальное ТВ, комедия, ужасы, мелодрама, биография, музыка, спорт, боевик, фантастика, приключения, история, фэнтези, семейный, мюзикл, детский, Россия, Польша, Испания, Бельгия, Франция, США, Казахстан, Германия, Дания, Швеция, Эстония, Канада, Италия, Великобритания, Турция, Кыргызстан, Новая Зеландия, Венгрия, Австралия, ОАЭ, Чехия, Корея Южная, Нидерланды, СССР, ЮАР, Бразилия, Словакия, Филиппины, Аргентина, Мальта, Португалия, Израиль, Уругвай, Ирландия, Грузия, Греция, Япония]
Index: []
[2024-07-13T02:46:06.052+0000] {logging_mixin.py:188} INFO - Добавлена страна:  Швейцария
[2024-07-13T02:46:06.053+0000] {logging_mixin.py:188} INFO - Empty DataFrame
Columns: [id, name, description, year, rating, votes, movie_length, age_rating, genres, countries, decade, документальный, военный, триллер, драма, криминал, детектив, короткометражка, реальное ТВ, комедия, ужасы, мелодрама, биография, музыка, спорт, боевик, фантастика, приключения, история, фэнтези, семейный, мюзикл, детский, Россия, Польша, Испания, Бельгия, Франция, США, Казахстан, Германия, Дания, Швеция, Эстония, Канада, Италия, Великобритания, Турция, Кыргызстан, Новая Зеландия, Венгрия, Австралия, ОАЭ, Чехия, Корея Южная, Нидерланды, СССР, ЮАР, Бразилия, Словакия, Филиппины, Аргентина, Мальта, Португалия, Израиль, Уругвай, Ирландия, Грузия, Греция, Япония, Швейцария]
Index: []
[2024-07-13T02:46:06.054+0000] {logging_mixin.py:188} INFO - Добавлена страна:  Словения
[2024-07-13T02:46:06.055+0000] {logging_mixin.py:188} INFO - Empty DataFrame
Columns: [id, name, description, year, rating, votes, movie_length, age_rating, genres, countries, decade, документальный, военный, триллер, драма, криминал, детектив, короткометражка, реальное ТВ, комедия, ужасы, мелодрама, биография, музыка, спорт, боевик, фантастика, приключения, история, фэнтези, семейный, мюзикл, детский, Россия, Польша, Испания, Бельгия, Франция, США, Казахстан, Германия, Дания, Швеция, Эстония, Канада, Италия, Великобритания, Турция, Кыргызстан, Новая Зеландия, Венгрия, Австралия, ОАЭ, Чехия, Корея Южная, Нидерланды, СССР, ЮАР, Бразилия, Словакия, Филиппины, Аргентина, Мальта, Португалия, Израиль, Уругвай, Ирландия, Грузия, Греция, Япония, Швейцария, Словения]
Index: []
[2024-07-13T02:46:06.056+0000] {logging_mixin.py:188} INFO - Добавлена страна:  Хорватия
[2024-07-13T02:46:06.057+0000] {logging_mixin.py:188} INFO - Empty DataFrame
Columns: [id, name, description, year, rating, votes, movie_length, age_rating, genres, countries, decade, документальный, военный, триллер, драма, криминал, детектив, короткометражка, реальное ТВ, комедия, ужасы, мелодрама, биография, музыка, спорт, боевик, фантастика, приключения, история, фэнтези, семейный, мюзикл, детский, Россия, Польша, Испания, Бельгия, Франция, США, Казахстан, Германия, Дания, Швеция, Эстония, Канада, Италия, Великобритания, Турция, Кыргызстан, Новая Зеландия, Венгрия, Австралия, ОАЭ, Чехия, Корея Южная, Нидерланды, СССР, ЮАР, Бразилия, Словакия, Филиппины, Аргентина, Мальта, Португалия, Израиль, Уругвай, Ирландия, Грузия, Греция, Япония, Швейцария, Словения, Хорватия]
Index: []
[2024-07-13T02:46:06.057+0000] {logging_mixin.py:188} INFO - Добавлена страна:  Латвия
[2024-07-13T02:46:06.058+0000] {logging_mixin.py:188} INFO - Empty DataFrame
Columns: [id, name, description, year, rating, votes, movie_length, age_rating, genres, countries, decade, документальный, военный, триллер, драма, криминал, детектив, короткометражка, реальное ТВ, комедия, ужасы, мелодрама, биография, музыка, спорт, боевик, фантастика, приключения, история, фэнтези, семейный, мюзикл, детский, Россия, Польша, Испания, Бельгия, Франция, США, Казахстан, Германия, Дания, Швеция, Эстония, Канада, Италия, Великобритания, Турция, Кыргызстан, Новая Зеландия, Венгрия, Австралия, ОАЭ, Чехия, Корея Южная, Нидерланды, СССР, ЮАР, Бразилия, Словакия, Филиппины, Аргентина, Мальта, Португалия, Израиль, Уругвай, Ирландия, Грузия, Греция, Япония, Швейцария, Словения, Хорватия, Латвия]
Index: []
[2024-07-13T02:46:06.059+0000] {logging_mixin.py:188} INFO - Добавлена страна:  Австрия
[2024-07-13T02:46:06.060+0000] {logging_mixin.py:188} INFO - Empty DataFrame
Columns: [id, name, description, year, rating, votes, movie_length, age_rating, genres, countries, decade, документальный, военный, триллер, драма, криминал, детектив, короткометражка, реальное ТВ, комедия, ужасы, мелодрама, биография, музыка, спорт, боевик, фантастика, приключения, история, фэнтези, семейный, мюзикл, детский, Россия, Польша, Испания, Бельгия, Франция, США, Казахстан, Германия, Дания, Швеция, Эстония, Канада, Италия, Великобритания, Турция, Кыргызстан, Новая Зеландия, Венгрия, Австралия, ОАЭ, Чехия, Корея Южная, Нидерланды, СССР, ЮАР, Бразилия, Словакия, Филиппины, Аргентина, Мальта, Португалия, Израиль, Уругвай, Ирландия, Грузия, Греция, Япония, Швейцария, Словения, Хорватия, Латвия, Австрия]
Index: []
[2024-07-13T02:46:06.061+0000] {logging_mixin.py:188} INFO - Добавлена страна:  Чили
[2024-07-13T02:46:06.062+0000] {logging_mixin.py:188} INFO - Empty DataFrame
Columns: [id, name, description, year, rating, votes, movie_length, age_rating, genres, countries, decade, документальный, военный, триллер, драма, криминал, детектив, короткометражка, реальное ТВ, комедия, ужасы, мелодрама, биография, музыка, спорт, боевик, фантастика, приключения, история, фэнтези, семейный, мюзикл, детский, Россия, Польша, Испания, Бельгия, Франция, США, Казахстан, Германия, Дания, Швеция, Эстония, Канада, Италия, Великобритания, Турция, Кыргызстан, Новая Зеландия, Венгрия, Австралия, ОАЭ, Чехия, Корея Южная, Нидерланды, СССР, ЮАР, Бразилия, Словакия, Филиппины, Аргентина, Мальта, Португалия, Израиль, Уругвай, Ирландия, Грузия, Греция, Япония, Швейцария, Словения, Хорватия, Латвия, Австрия, Чили]
Index: []
[2024-07-13T02:46:06.063+0000] {logging_mixin.py:188} INFO - Добавлена страна:  Китай
[2024-07-13T02:46:06.064+0000] {logging_mixin.py:188} INFO - Empty DataFrame
Columns: [id, name, description, year, rating, votes, movie_length, age_rating, genres, countries, decade, документальный, военный, триллер, драма, криминал, детектив, короткометражка, реальное ТВ, комедия, ужасы, мелодрама, биография, музыка, спорт, боевик, фантастика, приключения, история, фэнтези, семейный, мюзикл, детский, Россия, Польша, Испания, Бельгия, Франция, США, Казахстан, Германия, Дания, Швеция, Эстония, Канада, Италия, Великобритания, Турция, Кыргызстан, Новая Зеландия, Венгрия, Австралия, ОАЭ, Чехия, Корея Южная, Нидерланды, СССР, ЮАР, Бразилия, Словакия, Филиппины, Аргентина, Мальта, Португалия, Израиль, Уругвай, Ирландия, Грузия, Греция, Япония, Швейцария, Словения, Хорватия, Латвия, Австрия, Чили, Китай]
Index: []
[2024-07-13T02:46:06.065+0000] {logging_mixin.py:188} INFO - Добавлена страна:  Беларусь
[2024-07-13T02:46:06.066+0000] {logging_mixin.py:188} INFO - Empty DataFrame
Columns: [id, name, description, year, rating, votes, movie_length, age_rating, genres, countries, decade, документальный, военный, триллер, драма, криминал, детектив, короткометражка, реальное ТВ, комедия, ужасы, мелодрама, биография, музыка, спорт, боевик, фантастика, приключения, история, фэнтези, семейный, мюзикл, детский, Россия, Польша, Испания, Бельгия, Франция, США, Казахстан, Германия, Дания, Швеция, Эстония, Канада, Италия, Великобритания, Турция, Кыргызстан, Новая Зеландия, Венгрия, Австралия, ОАЭ, Чехия, Корея Южная, Нидерланды, СССР, ЮАР, Бразилия, Словакия, Филиппины, Аргентина, Мальта, Португалия, Израиль, Уругвай, Ирландия, Грузия, Греция, Япония, Швейцария, Словения, Хорватия, Латвия, Австрия, Чили, Китай, Беларусь]
Index: []
[2024-07-13T02:46:06.067+0000] {logging_mixin.py:188} INFO - Добавлена страна:  Индия
[2024-07-13T02:46:06.068+0000] {logging_mixin.py:188} INFO - Empty DataFrame
Columns: [id, name, description, year, rating, votes, movie_length, age_rating, genres, countries, decade, документальный, военный, триллер, драма, криминал, детектив, короткометражка, реальное ТВ, комедия, ужасы, мелодрама, биография, музыка, спорт, боевик, фантастика, приключения, история, фэнтези, семейный, мюзикл, детский, Россия, Польша, Испания, Бельгия, Франция, США, Казахстан, Германия, Дания, Швеция, Эстония, Канада, Италия, Великобритания, Турция, Кыргызстан, Новая Зеландия, Венгрия, Австралия, ОАЭ, Чехия, Корея Южная, Нидерланды, СССР, ЮАР, Бразилия, Словакия, Филиппины, Аргентина, Мальта, Португалия, Израиль, Уругвай, Ирландия, Грузия, Греция, Япония, Швейцария, Словения, Хорватия, Латвия, Австрия, Чили, Китай, Беларусь, Индия]
Index: []
[2024-07-13T02:46:06.069+0000] {logging_mixin.py:188} INFO - Добавлена страна:  Алжир
[2024-07-13T02:46:06.070+0000] {logging_mixin.py:188} INFO - Empty DataFrame
Columns: [id, name, description, year, rating, votes, movie_length, age_rating, genres, countries, decade, документальный, военный, триллер, драма, криминал, детектив, короткометражка, реальное ТВ, комедия, ужасы, мелодрама, биография, музыка, спорт, боевик, фантастика, приключения, история, фэнтези, семейный, мюзикл, детский, Россия, Польша, Испания, Бельгия, Франция, США, Казахстан, Германия, Дания, Швеция, Эстония, Канада, Италия, Великобритания, Турция, Кыргызстан, Новая Зеландия, Венгрия, Австралия, ОАЭ, Чехия, Корея Южная, Нидерланды, СССР, ЮАР, Бразилия, Словакия, Филиппины, Аргентина, Мальта, Португалия, Израиль, Уругвай, Ирландия, Грузия, Греция, Япония, Швейцария, Словения, Хорватия, Латвия, Австрия, Чили, Китай, Беларусь, Индия, Алжир]
Index: []
[2024-07-13T02:46:06.071+0000] {logging_mixin.py:188} INFO - Добавлена страна:  Мексика
[2024-07-13T02:46:06.075+0000] {logging_mixin.py:188} INFO - Empty DataFrame
Columns: [id, name, description, year, rating, votes, movie_length, age_rating, genres, countries, decade, документальный, военный, триллер, драма, криминал, детектив, короткометражка, реальное ТВ, комедия, ужасы, мелодрама, биография, музыка, спорт, боевик, фантастика, приключения, история, фэнтези, семейный, мюзикл, детский, Россия, Польша, Испания, Бельгия, Франция, США, Казахстан, Германия, Дания, Швеция, Эстония, Канада, Италия, Великобритания, Турция, Кыргызстан, Новая Зеландия, Венгрия, Австралия, ОАЭ, Чехия, Корея Южная, Нидерланды, СССР, ЮАР, Бразилия, Словакия, Филиппины, Аргентина, Мальта, Португалия, Израиль, Уругвай, Ирландия, Грузия, Греция, Япония, Швейцария, Словения, Хорватия, Латвия, Австрия, Чили, Китай, Беларусь, Индия, Алжир, Мексика]
Index: []

[0 rows x 81 columns]
[2024-07-13T02:46:06.076+0000] {logging_mixin.py:188} INFO - Добавлена страна:  Коста-Рика
[2024-07-13T02:46:06.079+0000] {logging_mixin.py:188} INFO - Empty DataFrame
Columns: [id, name, description, year, rating, votes, movie_length, age_rating, genres, countries, decade, документальный, военный, триллер, драма, криминал, детектив, короткометражка, реальное ТВ, комедия, ужасы, мелодрама, биография, музыка, спорт, боевик, фантастика, приключения, история, фэнтези, семейный, мюзикл, детский, Россия, Польша, Испания, Бельгия, Франция, США, Казахстан, Германия, Дания, Швеция, Эстония, Канада, Италия, Великобритания, Турция, Кыргызстан, Новая Зеландия, Венгрия, Австралия, ОАЭ, Чехия, Корея Южная, Нидерланды, СССР, ЮАР, Бразилия, Словакия, Филиппины, Аргентина, Мальта, Португалия, Израиль, Уругвай, Ирландия, Грузия, Греция, Япония, Швейцария, Словения, Хорватия, Латвия, Австрия, Чили, Китай, Беларусь, Индия, Алжир, Мексика, Коста-Рика]
Index: []

[0 rows x 82 columns]
[2024-07-13T02:46:06.079+0000] {logging_mixin.py:188} INFO - Добавлена страна:  Исландия
[2024-07-13T02:46:06.082+0000] {logging_mixin.py:188} INFO - Empty DataFrame
Columns: [id, name, description, year, rating, votes, movie_length, age_rating, genres, countries, decade, документальный, военный, триллер, драма, криминал, детектив, короткометражка, реальное ТВ, комедия, ужасы, мелодрама, биография, музыка, спорт, боевик, фантастика, приключения, история, фэнтези, семейный, мюзикл, детский, Россия, Польша, Испания, Бельгия, Франция, США, Казахстан, Германия, Дания, Швеция, Эстония, Канада, Италия, Великобритания, Турция, Кыргызстан, Новая Зеландия, Венгрия, Австралия, ОАЭ, Чехия, Корея Южная, Нидерланды, СССР, ЮАР, Бразилия, Словакия, Филиппины, Аргентина, Мальта, Португалия, Израиль, Уругвай, Ирландия, Грузия, Греция, Япония, Швейцария, Словения, Хорватия, Латвия, Австрия, Чили, Китай, Беларусь, Индия, Алжир, Мексика, Коста-Рика, Исландия]
Index: []

[0 rows x 83 columns]
[2024-07-13T02:46:06.082+0000] {logging_mixin.py:188} INFO - Добавлена страна:  Норвегия
[2024-07-13T02:46:06.086+0000] {logging_mixin.py:188} INFO - Empty DataFrame
Columns: [id, name, description, year, rating, votes, movie_length, age_rating, genres, countries, decade, документальный, военный, триллер, драма, криминал, детектив, короткометражка, реальное ТВ, комедия, ужасы, мелодрама, биография, музыка, спорт, боевик, фантастика, приключения, история, фэнтези, семейный, мюзикл, детский, Россия, Польша, Испания, Бельгия, Франция, США, Казахстан, Германия, Дания, Швеция, Эстония, Канада, Италия, Великобритания, Турция, Кыргызстан, Новая Зеландия, Венгрия, Австралия, ОАЭ, Чехия, Корея Южная, Нидерланды, СССР, ЮАР, Бразилия, Словакия, Филиппины, Аргентина, Мальта, Португалия, Израиль, Уругвай, Ирландия, Грузия, Греция, Япония, Швейцария, Словения, Хорватия, Латвия, Австрия, Чили, Китай, Беларусь, Индия, Алжир, Мексика, Коста-Рика, Исландия, Норвегия]
Index: []

[0 rows x 84 columns]
[2024-07-13T02:46:06.086+0000] {logging_mixin.py:188} INFO - Добавлена страна:  Украина
[2024-07-13T02:46:06.089+0000] {logging_mixin.py:188} INFO - Empty DataFrame
Columns: [id, name, description, year, rating, votes, movie_length, age_rating, genres, countries, decade, документальный, военный, триллер, драма, криминал, детектив, короткометражка, реальное ТВ, комедия, ужасы, мелодрама, биография, музыка, спорт, боевик, фантастика, приключения, история, фэнтези, семейный, мюзикл, детский, Россия, Польша, Испания, Бельгия, Франция, США, Казахстан, Германия, Дания, Швеция, Эстония, Канада, Италия, Великобритания, Турция, Кыргызстан, Новая Зеландия, Венгрия, Австралия, ОАЭ, Чехия, Корея Южная, Нидерланды, СССР, ЮАР, Бразилия, Словакия, Филиппины, Аргентина, Мальта, Португалия, Израиль, Уругвай, Ирландия, Грузия, Греция, Япония, Швейцария, Словения, Хорватия, Латвия, Австрия, Чили, Китай, Беларусь, Индия, Алжир, Мексика, Коста-Рика, Исландия, Норвегия, Украина]
Index: []

[0 rows x 85 columns]
[2024-07-13T02:46:06.090+0000] {logging_mixin.py:188} INFO - Добавлена страна:  Гонконг
[2024-07-13T02:46:06.100+0000] {base.py:84} INFO - Using connection ID 'minio' for task execution.
[2024-07-13T02:46:06.100+0000] {connection_wrapper.py:384} INFO - AWS Connection (conn_id='minio', conn_type='aws') credentials retrieved from login and password.
[2024-07-13T02:46:06.523+0000] {base.py:84} INFO - Using connection ID 'minio' for task execution.
[2024-07-13T02:46:06.523+0000] {connection_wrapper.py:384} INFO - AWS Connection (conn_id='minio', conn_type='aws') credentials retrieved from login and password.
[2024-07-13T02:46:06.607+0000] {base.py:84} INFO - Using connection ID 'minio' for task execution.
[2024-07-13T02:46:06.612+0000] {connection_wrapper.py:384} INFO - AWS Connection (conn_id='minio', conn_type='aws') credentials retrieved from login and password.
[2024-07-13T02:46:06.798+0000] {base.py:84} INFO - Using connection ID 'minio' for task execution.
[2024-07-13T02:46:06.808+0000] {connection_wrapper.py:384} INFO - AWS Connection (conn_id='minio', conn_type='aws') credentials retrieved from login and password.
[2024-07-13T02:46:06.955+0000] {python.py:237} INFO - Done. Returned value was: None
[2024-07-13T02:46:06.955+0000] {taskinstance.py:441} INFO - ::group::Post task execution logs
[2024-07-13T02:46:06.962+0000] {taskinstance.py:1206} INFO - Marking task as SUCCESS. dag_id=model_training_v90, task_id=preprocess_data, run_id=scheduled__2024-07-13T02:40:00+00:00, execution_date=20240713T024000, start_date=20240713T024605, end_date=20240713T024606
[2024-07-13T02:46:06.994+0000] {local_task_job_runner.py:240} INFO - Task exited with return code 0
[2024-07-13T02:46:07.007+0000] {taskinstance.py:3498} INFO - 1 downstream tasks scheduled from follow-on schedule check
[2024-07-13T02:46:07.010+0000] {local_task_job_runner.py:222} INFO - ::endgroup::
