[2024-07-13T02:52:01.354+0000] {local_task_job_runner.py:120} INFO - ::group::Pre task execution logs
[2024-07-13T02:52:01.366+0000] {taskinstance.py:2076} INFO - Dependencies all met for dep_context=non-requeueable deps ti=<TaskInstance: create_movie_dataset_v48.start_dag scheduled__2024-07-13T02:50:00+00:00 [queued]>
[2024-07-13T02:52:01.370+0000] {taskinstance.py:2076} INFO - Dependencies all met for dep_context=requeueable deps ti=<TaskInstance: create_movie_dataset_v48.start_dag scheduled__2024-07-13T02:50:00+00:00 [queued]>
[2024-07-13T02:52:01.371+0000] {taskinstance.py:2306} INFO - Starting attempt 1 of 2
[2024-07-13T02:52:01.379+0000] {taskinstance.py:2330} INFO - Executing <Task(ShortCircuitOperator): start_dag> on 2024-07-13 02:50:00+00:00
[2024-07-13T02:52:01.383+0000] {warnings.py:110} WARNING - /home/airflow/.local/lib/python3.12/site-packages/airflow/task/task_runner/standard_task_runner.py:61: DeprecationWarning: This process (pid=4411) is multi-threaded, use of fork() may lead to deadlocks in the child.
  pid = os.fork()

[2024-07-13T02:52:01.384+0000] {standard_task_runner.py:63} INFO - Started process 4413 to run task
[2024-07-13T02:52:01.384+0000] {standard_task_runner.py:90} INFO - Running: ['airflow', 'tasks', 'run', 'create_movie_dataset_v48', 'start_dag', 'scheduled__2024-07-13T02:50:00+00:00', '--job-id', '463', '--raw', '--subdir', 'DAGS_FOLDER/etl.py', '--cfg-path', '/tmp/tmpy6s5mxsy']
[2024-07-13T02:52:01.386+0000] {standard_task_runner.py:91} INFO - Job 463: Subtask start_dag
[2024-07-13T02:52:01.415+0000] {task_command.py:426} INFO - Running <TaskInstance: create_movie_dataset_v48.start_dag scheduled__2024-07-13T02:50:00+00:00 [running]> on host 0e0c69066946
[2024-07-13T02:52:01.469+0000] {taskinstance.py:2648} INFO - Exporting env vars: AIRFLOW_CTX_DAG_OWNER='airflow' AIRFLOW_CTX_DAG_ID='create_movie_dataset_v48' AIRFLOW_CTX_TASK_ID='start_dag' AIRFLOW_CTX_EXECUTION_DATE='2024-07-13T02:50:00+00:00' AIRFLOW_CTX_TRY_NUMBER='1' AIRFLOW_CTX_DAG_RUN_ID='scheduled__2024-07-13T02:50:00+00:00'
[2024-07-13T02:52:01.472+0000] {taskinstance.py:430} INFO - ::endgroup::
[2024-07-13T02:52:01.480+0000] {baseoperator.py:399} WARNING - ShortCircuitOperator.execute cannot be called outside TaskInstance!
[2024-07-13T02:52:01.488+0000] {python.py:237} INFO - Done. Returned value was: True
[2024-07-13T02:52:01.489+0000] {python.py:304} INFO - Condition result is True
[2024-07-13T02:52:01.489+0000] {python.py:307} INFO - Proceeding with downstream tasks...
[2024-07-13T02:52:01.489+0000] {taskinstance.py:441} INFO - ::group::Post task execution logs
[2024-07-13T02:52:01.503+0000] {taskinstance.py:1206} INFO - Marking task as SUCCESS. dag_id=create_movie_dataset_v48, task_id=start_dag, run_id=scheduled__2024-07-13T02:50:00+00:00, execution_date=20240713T025000, start_date=20240713T025201, end_date=20240713T025201
[2024-07-13T02:52:01.517+0000] {local_task_job_runner.py:240} INFO - Task exited with return code 0
[2024-07-13T02:52:01.523+0000] {warnings.py:110} WARNING - /home/airflow/.local/lib/python3.12/site-packages/airflow/models/baseoperator.py:1296: AirflowProviderDeprecationWarning: Call to deprecated class PostgresOperator. (Please use `airflow.providers.common.sql.operators.sql.SQLExecuteQueryOperator`.Also, you can provide `hook_params={'schema': <database>}`.)
  result = cls.__new__(cls)

[2024-07-13T02:52:01.537+0000] {taskinstance.py:3498} INFO - 1 downstream tasks scheduled from follow-on schedule check
[2024-07-13T02:52:01.539+0000] {local_task_job_runner.py:222} INFO - ::endgroup::
