[2024-06-26T04:32:19.970+0000] {local_task_job_runner.py:120} INFO - ::group::Pre task execution logs
[2024-06-26T04:32:19.987+0000] {taskinstance.py:2076} INFO - Dependencies all met for dep_context=non-requeueable deps ti=<TaskInstance: create_movie_dataset_v28.get_json scheduled__2024-06-25T12:00:00+00:00 [queued]>
[2024-06-26T04:32:19.994+0000] {taskinstance.py:2076} INFO - Dependencies all met for dep_context=requeueable deps ti=<TaskInstance: create_movie_dataset_v28.get_json scheduled__2024-06-25T12:00:00+00:00 [queued]>
[2024-06-26T04:32:19.995+0000] {taskinstance.py:2306} INFO - Starting attempt 1 of 2
[2024-06-26T04:32:20.007+0000] {taskinstance.py:2330} INFO - Executing <Task(PythonOperator): get_json> on 2024-06-25 12:00:00+00:00
[2024-06-26T04:32:20.013+0000] {warnings.py:110} WARNING - /home/airflow/.local/lib/python3.12/site-packages/airflow/task/task_runner/standard_task_runner.py:61: DeprecationWarning: This process (pid=4687) is multi-threaded, use of fork() may lead to deadlocks in the child.
  pid = os.fork()

[2024-06-26T04:32:20.014+0000] {standard_task_runner.py:63} INFO - Started process 4689 to run task
[2024-06-26T04:32:20.014+0000] {standard_task_runner.py:90} INFO - Running: ['airflow', 'tasks', 'run', 'create_movie_dataset_v28', 'get_json', 'scheduled__2024-06-25T12:00:00+00:00', '--job-id', '153', '--raw', '--subdir', 'DAGS_FOLDER/etl.py', '--cfg-path', '/tmp/tmpg9ke63z3']
[2024-06-26T04:32:20.015+0000] {standard_task_runner.py:91} INFO - Job 153: Subtask get_json
[2024-06-26T04:32:20.049+0000] {task_command.py:426} INFO - Running <TaskInstance: create_movie_dataset_v28.get_json scheduled__2024-06-25T12:00:00+00:00 [running]> on host ad6ccfebc5a6
[2024-06-26T04:32:20.103+0000] {taskinstance.py:2648} INFO - Exporting env vars: AIRFLOW_CTX_DAG_OWNER='airflow' AIRFLOW_CTX_DAG_ID='create_movie_dataset_v28' AIRFLOW_CTX_TASK_ID='get_json' AIRFLOW_CTX_EXECUTION_DATE='2024-06-25T12:00:00+00:00' AIRFLOW_CTX_TRY_NUMBER='1' AIRFLOW_CTX_DAG_RUN_ID='scheduled__2024-06-25T12:00:00+00:00'
[2024-06-26T04:32:20.103+0000] {taskinstance.py:430} INFO - ::endgroup::
[2024-06-26T04:32:20.589+0000] {logging_mixin.py:188} INFO - Ошибка при получении данных: 400
[2024-06-26T04:32:20.591+0000] {python.py:237} INFO - Done. Returned value was: None
[2024-06-26T04:32:20.592+0000] {taskinstance.py:441} INFO - ::group::Post task execution logs
[2024-06-26T04:32:20.598+0000] {taskinstance.py:1206} INFO - Marking task as SUCCESS. dag_id=create_movie_dataset_v28, task_id=get_json, run_id=scheduled__2024-06-25T12:00:00+00:00, execution_date=20240625T120000, start_date=20240626T043219, end_date=20240626T043220
[2024-06-26T04:32:20.628+0000] {local_task_job_runner.py:240} INFO - Task exited with return code 0
[2024-06-26T04:32:20.635+0000] {warnings.py:110} WARNING - /home/airflow/.local/lib/python3.12/site-packages/airflow/models/baseoperator.py:1296: AirflowProviderDeprecationWarning: Call to deprecated class PostgresOperator. (Please use `airflow.providers.common.sql.operators.sql.SQLExecuteQueryOperator`.Also, you can provide `hook_params={'schema': <database>}`.)
  result = cls.__new__(cls)

[2024-06-26T04:32:20.644+0000] {taskinstance.py:3498} INFO - 1 downstream tasks scheduled from follow-on schedule check
[2024-06-26T04:32:20.646+0000] {local_task_job_runner.py:222} INFO - ::endgroup::
