[2024-06-26T04:55:24.472+0000] {local_task_job_runner.py:120} INFO - ::group::Pre task execution logs
[2024-06-26T04:55:24.485+0000] {taskinstance.py:2076} INFO - Dependencies all met for dep_context=non-requeueable deps ti=<TaskInstance: create_movie_dataset_v29.get_json scheduled__2024-06-25T12:00:00+00:00 [queued]>
[2024-06-26T04:55:24.489+0000] {taskinstance.py:2076} INFO - Dependencies all met for dep_context=requeueable deps ti=<TaskInstance: create_movie_dataset_v29.get_json scheduled__2024-06-25T12:00:00+00:00 [queued]>
[2024-06-26T04:55:24.490+0000] {taskinstance.py:2306} INFO - Starting attempt 1 of 2
[2024-06-26T04:55:24.499+0000] {taskinstance.py:2330} INFO - Executing <Task(PythonOperator): get_json> on 2024-06-25 12:00:00+00:00
[2024-06-26T04:55:24.503+0000] {warnings.py:110} WARNING - /home/airflow/.local/lib/python3.12/site-packages/airflow/task/task_runner/standard_task_runner.py:61: DeprecationWarning: This process (pid=5528) is multi-threaded, use of fork() may lead to deadlocks in the child.
  pid = os.fork()

[2024-06-26T04:55:24.504+0000] {standard_task_runner.py:63} INFO - Started process 5530 to run task
[2024-06-26T04:55:24.504+0000] {standard_task_runner.py:90} INFO - Running: ['airflow', 'tasks', 'run', 'create_movie_dataset_v29', 'get_json', 'scheduled__2024-06-25T12:00:00+00:00', '--job-id', '158', '--raw', '--subdir', 'DAGS_FOLDER/etl.py', '--cfg-path', '/tmp/tmpae2sxv97']
[2024-06-26T04:55:24.505+0000] {standard_task_runner.py:91} INFO - Job 158: Subtask get_json
[2024-06-26T04:55:24.536+0000] {task_command.py:426} INFO - Running <TaskInstance: create_movie_dataset_v29.get_json scheduled__2024-06-25T12:00:00+00:00 [running]> on host ad6ccfebc5a6
[2024-06-26T04:55:24.589+0000] {taskinstance.py:2648} INFO - Exporting env vars: AIRFLOW_CTX_DAG_OWNER='airflow' AIRFLOW_CTX_DAG_ID='create_movie_dataset_v29' AIRFLOW_CTX_TASK_ID='get_json' AIRFLOW_CTX_EXECUTION_DATE='2024-06-25T12:00:00+00:00' AIRFLOW_CTX_TRY_NUMBER='1' AIRFLOW_CTX_DAG_RUN_ID='scheduled__2024-06-25T12:00:00+00:00'
[2024-06-26T04:55:24.589+0000] {taskinstance.py:430} INFO - ::endgroup::
[2024-06-26T04:55:25.279+0000] {logging_mixin.py:188} INFO - Ошибка при получении данных: 401
[2024-06-26T04:55:25.282+0000] {taskinstance.py:441} INFO - ::group::Post task execution logs
[2024-06-26T04:55:25.286+0000] {taskinstance.py:2905} ERROR - Task failed with exception
Traceback (most recent call last):
  File "/home/airflow/.local/lib/python3.12/site-packages/airflow/models/taskinstance.py", line 465, in _execute_task
    result = _execute_callable(context=context, **execute_callable_kwargs)
             ^^^^^^^^^^^^^^^^^^^^^^^^^^^^^^^^^^^^^^^^^^^^^^^^^^^^^^^^^^^^^
  File "/home/airflow/.local/lib/python3.12/site-packages/airflow/models/taskinstance.py", line 432, in _execute_callable
    return execute_callable(context=context, **execute_callable_kwargs)
           ^^^^^^^^^^^^^^^^^^^^^^^^^^^^^^^^^^^^^^^^^^^^^^^^^^^^^^^^^^^^
  File "/home/airflow/.local/lib/python3.12/site-packages/airflow/models/baseoperator.py", line 400, in wrapper
    return func(self, *args, **kwargs)
           ^^^^^^^^^^^^^^^^^^^^^^^^^^^
  File "/home/airflow/.local/lib/python3.12/site-packages/airflow/operators/python.py", line 235, in execute
    return_value = self.execute_callable()
                   ^^^^^^^^^^^^^^^^^^^^^^^
  File "/home/airflow/.local/lib/python3.12/site-packages/airflow/operators/python.py", line 252, in execute_callable
    return self.python_callable(*self.op_args, **self.op_kwargs)
           ^^^^^^^^^^^^^^^^^^^^^^^^^^^^^^^^^^^^^^^^^^^^^^^^^^^^^
  File "/opt/airflow/dags/tasks/get_movies.py", line 34, in get_movies
    Variable.set("cur_page", page + 1)
                             ~~~~~^~~
TypeError: can only concatenate str (not "int") to str
[2024-06-26T04:55:25.294+0000] {taskinstance.py:1206} INFO - Marking task as UP_FOR_RETRY. dag_id=create_movie_dataset_v29, task_id=get_json, run_id=scheduled__2024-06-25T12:00:00+00:00, execution_date=20240625T120000, start_date=20240626T045524, end_date=20240626T045525
[2024-06-26T04:55:25.303+0000] {standard_task_runner.py:110} ERROR - Failed to execute job 158 for task get_json (can only concatenate str (not "int") to str; 5530)
[2024-06-26T04:55:25.320+0000] {local_task_job_runner.py:240} INFO - Task exited with return code 1
[2024-06-26T04:55:25.334+0000] {warnings.py:110} WARNING - /home/airflow/.local/lib/python3.12/site-packages/airflow/models/baseoperator.py:1296: AirflowProviderDeprecationWarning: Call to deprecated class PostgresOperator. (Please use `airflow.providers.common.sql.operators.sql.SQLExecuteQueryOperator`.Also, you can provide `hook_params={'schema': <database>}`.)
  result = cls.__new__(cls)

[2024-06-26T04:55:25.345+0000] {taskinstance.py:3498} INFO - 0 downstream tasks scheduled from follow-on schedule check
[2024-06-26T04:55:25.348+0000] {local_task_job_runner.py:222} INFO - ::endgroup::
