[2024-07-11T00:50:08.042+0000] {local_task_job_runner.py:120} INFO - ::group::Pre task execution logs
[2024-07-11T00:50:08.055+0000] {taskinstance.py:2076} INFO - Dependencies all met for dep_context=non-requeueable deps ti=<TaskInstance: create_movie_dataset_v47.get_data_from_json scheduled__2024-07-11T00:40:00+00:00 [queued]>
[2024-07-11T00:50:08.061+0000] {taskinstance.py:2076} INFO - Dependencies all met for dep_context=requeueable deps ti=<TaskInstance: create_movie_dataset_v47.get_data_from_json scheduled__2024-07-11T00:40:00+00:00 [queued]>
[2024-07-11T00:50:08.062+0000] {taskinstance.py:2306} INFO - Starting attempt 1 of 2
[2024-07-11T00:50:08.071+0000] {taskinstance.py:2330} INFO - Executing <Task(PythonOperator): get_data_from_json> on 2024-07-11 00:40:00+00:00
[2024-07-11T00:50:08.076+0000] {warnings.py:110} WARNING - /home/airflow/.local/lib/python3.12/site-packages/airflow/task/task_runner/standard_task_runner.py:61: DeprecationWarning: This process (pid=12004) is multi-threaded, use of fork() may lead to deadlocks in the child.
  pid = os.fork()

[2024-07-11T00:50:08.077+0000] {standard_task_runner.py:63} INFO - Started process 12008 to run task
[2024-07-11T00:50:08.077+0000] {standard_task_runner.py:90} INFO - Running: ['airflow', 'tasks', 'run', 'create_movie_dataset_v47', 'get_data_from_json', 'scheduled__2024-07-11T00:40:00+00:00', '--job-id', '215', '--raw', '--subdir', 'DAGS_FOLDER/etl.py', '--cfg-path', '/tmp/tmptvowglg3']
[2024-07-11T00:50:08.079+0000] {standard_task_runner.py:91} INFO - Job 215: Subtask get_data_from_json
[2024-07-11T00:50:08.120+0000] {task_command.py:426} INFO - Running <TaskInstance: create_movie_dataset_v47.get_data_from_json scheduled__2024-07-11T00:40:00+00:00 [running]> on host 9211d7c5a4db
[2024-07-11T00:50:08.181+0000] {taskinstance.py:2648} INFO - Exporting env vars: AIRFLOW_CTX_DAG_OWNER='airflow' AIRFLOW_CTX_DAG_ID='create_movie_dataset_v47' AIRFLOW_CTX_TASK_ID='get_data_from_json' AIRFLOW_CTX_EXECUTION_DATE='2024-07-11T00:40:00+00:00' AIRFLOW_CTX_TRY_NUMBER='1' AIRFLOW_CTX_DAG_RUN_ID='scheduled__2024-07-11T00:40:00+00:00'
[2024-07-11T00:50:08.182+0000] {taskinstance.py:430} INFO - ::endgroup::
[2024-07-11T00:50:08.319+0000] {python.py:237} INFO - Done. Returned value was: None
[2024-07-11T00:50:08.320+0000] {taskinstance.py:441} INFO - ::group::Post task execution logs
[2024-07-11T00:50:08.328+0000] {taskinstance.py:1206} INFO - Marking task as SUCCESS. dag_id=create_movie_dataset_v47, task_id=get_data_from_json, run_id=scheduled__2024-07-11T00:40:00+00:00, execution_date=20240711T004000, start_date=20240711T005008, end_date=20240711T005008
[2024-07-11T00:50:08.371+0000] {local_task_job_runner.py:240} INFO - Task exited with return code 0
[2024-07-11T00:50:08.377+0000] {warnings.py:110} WARNING - /home/airflow/.local/lib/python3.12/site-packages/airflow/models/baseoperator.py:1296: AirflowProviderDeprecationWarning: Call to deprecated class PostgresOperator. (Please use `airflow.providers.common.sql.operators.sql.SQLExecuteQueryOperator`.Also, you can provide `hook_params={'schema': <database>}`.)
  result = cls.__new__(cls)

[2024-07-11T00:50:08.384+0000] {taskinstance.py:3498} INFO - 1 downstream tasks scheduled from follow-on schedule check
[2024-07-11T00:50:08.387+0000] {local_task_job_runner.py:222} INFO - ::endgroup::
