[2024-07-13T03:05:05.242+0000] {local_task_job_runner.py:120} INFO - ::group::Pre task execution logs
[2024-07-13T03:05:05.252+0000] {taskinstance.py:2076} INFO - Dependencies all met for dep_context=non-requeueable deps ti=<TaskInstance: model_training_v90.preprocess_data scheduled__2024-07-13T03:00:00+00:00 [queued]>
[2024-07-13T03:05:05.256+0000] {taskinstance.py:2076} INFO - Dependencies all met for dep_context=requeueable deps ti=<TaskInstance: model_training_v90.preprocess_data scheduled__2024-07-13T03:00:00+00:00 [queued]>
[2024-07-13T03:05:05.257+0000] {taskinstance.py:2306} INFO - Starting attempt 1 of 2
[2024-07-13T03:05:05.268+0000] {taskinstance.py:2330} INFO - Executing <Task(PythonOperator): preprocess_data> on 2024-07-13 03:00:00+00:00
[2024-07-13T03:05:05.274+0000] {warnings.py:110} WARNING - /home/airflow/.local/lib/python3.12/site-packages/airflow/task/task_runner/standard_task_runner.py:61: DeprecationWarning: This process (pid=6516) is multi-threaded, use of fork() may lead to deadlocks in the child.
  pid = os.fork()

[2024-07-13T03:05:05.275+0000] {standard_task_runner.py:63} INFO - Started process 6537 to run task
[2024-07-13T03:05:05.275+0000] {standard_task_runner.py:90} INFO - Running: ['airflow', 'tasks', 'run', 'model_training_v90', 'preprocess_data', 'scheduled__2024-07-13T03:00:00+00:00', '--job-id', '508', '--raw', '--subdir', 'DAGS_FOLDER/model_training.py', '--cfg-path', '/tmp/tmpzs72izqc']
[2024-07-13T03:05:05.276+0000] {standard_task_runner.py:91} INFO - Job 508: Subtask preprocess_data
[2024-07-13T03:05:05.305+0000] {task_command.py:426} INFO - Running <TaskInstance: model_training_v90.preprocess_data scheduled__2024-07-13T03:00:00+00:00 [running]> on host 0e0c69066946
[2024-07-13T03:05:05.362+0000] {taskinstance.py:2648} INFO - Exporting env vars: AIRFLOW_CTX_DAG_OWNER='airflow' AIRFLOW_CTX_DAG_ID='model_training_v90' AIRFLOW_CTX_TASK_ID='preprocess_data' AIRFLOW_CTX_EXECUTION_DATE='2024-07-13T03:00:00+00:00' AIRFLOW_CTX_TRY_NUMBER='1' AIRFLOW_CTX_DAG_RUN_ID='scheduled__2024-07-13T03:00:00+00:00'
[2024-07-13T03:05:05.363+0000] {taskinstance.py:430} INFO - ::endgroup::
[2024-07-13T03:05:05.553+0000] {logging_mixin.py:188} INFO - Добавлен жанр:  документальный
[2024-07-13T03:05:05.554+0000] {logging_mixin.py:188} INFO - Добавлен жанр:  военный
[2024-07-13T03:05:05.555+0000] {logging_mixin.py:188} INFO - Добавлен жанр:  триллер
[2024-07-13T03:05:05.556+0000] {logging_mixin.py:188} INFO - Добавлен жанр:  драма
[2024-07-13T03:05:05.557+0000] {logging_mixin.py:188} INFO - Добавлен жанр:  криминал
[2024-07-13T03:05:05.558+0000] {logging_mixin.py:188} INFO - Добавлен жанр:  детектив
[2024-07-13T03:05:05.559+0000] {logging_mixin.py:188} INFO - Добавлен жанр:  короткометражка
[2024-07-13T03:05:05.560+0000] {logging_mixin.py:188} INFO - Добавлен жанр:  реальное ТВ
[2024-07-13T03:05:05.562+0000] {logging_mixin.py:188} INFO - Добавлен жанр:  комедия
[2024-07-13T03:05:05.563+0000] {logging_mixin.py:188} INFO - Добавлен жанр:  ужасы
[2024-07-13T03:05:05.564+0000] {logging_mixin.py:188} INFO - Добавлен жанр:  мелодрама
[2024-07-13T03:05:05.565+0000] {logging_mixin.py:188} INFO - Добавлен жанр:  биография
[2024-07-13T03:05:05.566+0000] {logging_mixin.py:188} INFO - Добавлен жанр:  музыка
[2024-07-13T03:05:05.568+0000] {logging_mixin.py:188} INFO - Добавлен жанр:  спорт
[2024-07-13T03:05:05.569+0000] {logging_mixin.py:188} INFO - Добавлен жанр:  боевик
[2024-07-13T03:05:05.570+0000] {logging_mixin.py:188} INFO - Добавлен жанр:  фантастика
[2024-07-13T03:05:05.571+0000] {logging_mixin.py:188} INFO - Добавлен жанр:  приключения
[2024-07-13T03:05:05.572+0000] {logging_mixin.py:188} INFO - Добавлен жанр:  семейный
[2024-07-13T03:05:05.573+0000] {logging_mixin.py:188} INFO - Добавлен жанр:  история
[2024-07-13T03:05:05.574+0000] {logging_mixin.py:188} INFO - Добавлен жанр:  фэнтези
[2024-07-13T03:05:05.576+0000] {logging_mixin.py:188} INFO - Добавлен жанр:  мюзикл
[2024-07-13T03:05:05.577+0000] {logging_mixin.py:188} INFO - Добавлен жанр:  детский
[2024-07-13T03:05:05.578+0000] {logging_mixin.py:188} INFO - Добавлен жанр:  вестерн
[2024-07-13T03:05:05.583+0000] {logging_mixin.py:188} INFO - Empty DataFrame
Columns: [id, name, description, year, rating, votes, movie_length, age_rating, genres, countries, decade, документальный, военный, триллер, драма, криминал, детектив, короткометражка, реальное ТВ, комедия, ужасы, мелодрама, биография, музыка, спорт, боевик, фантастика, приключения, семейный, история, фэнтези, мюзикл, детский, вестерн]
Index: []
[2024-07-13T03:05:05.585+0000] {logging_mixin.py:188} INFO - Добавлена страна:  Россия
[2024-07-13T03:05:05.587+0000] {logging_mixin.py:188} INFO - Empty DataFrame
Columns: [id, name, description, year, rating, votes, movie_length, age_rating, genres, countries, decade, документальный, военный, триллер, драма, криминал, детектив, короткометражка, реальное ТВ, комедия, ужасы, мелодрама, биография, музыка, спорт, боевик, фантастика, приключения, семейный, история, фэнтези, мюзикл, детский, вестерн, Россия]
Index: []
[2024-07-13T03:05:05.588+0000] {logging_mixin.py:188} INFO - Добавлена страна:  Польша
[2024-07-13T03:05:05.589+0000] {logging_mixin.py:188} INFO - Empty DataFrame
Columns: [id, name, description, year, rating, votes, movie_length, age_rating, genres, countries, decade, документальный, военный, триллер, драма, криминал, детектив, короткометражка, реальное ТВ, комедия, ужасы, мелодрама, биография, музыка, спорт, боевик, фантастика, приключения, семейный, история, фэнтези, мюзикл, детский, вестерн, Россия, Польша]
Index: []
[2024-07-13T03:05:05.590+0000] {logging_mixin.py:188} INFO - Добавлена страна:  Испания
[2024-07-13T03:05:05.591+0000] {logging_mixin.py:188} INFO - Empty DataFrame
Columns: [id, name, description, year, rating, votes, movie_length, age_rating, genres, countries, decade, документальный, военный, триллер, драма, криминал, детектив, короткометражка, реальное ТВ, комедия, ужасы, мелодрама, биография, музыка, спорт, боевик, фантастика, приключения, семейный, история, фэнтези, мюзикл, детский, вестерн, Россия, Польша, Испания]
Index: []
[2024-07-13T03:05:05.592+0000] {logging_mixin.py:188} INFO - Добавлена страна:  Бельгия
[2024-07-13T03:05:05.594+0000] {logging_mixin.py:188} INFO - Empty DataFrame
Columns: [id, name, description, year, rating, votes, movie_length, age_rating, genres, countries, decade, документальный, военный, триллер, драма, криминал, детектив, короткометражка, реальное ТВ, комедия, ужасы, мелодрама, биография, музыка, спорт, боевик, фантастика, приключения, семейный, история, фэнтези, мюзикл, детский, вестерн, Россия, Польша, Испания, Бельгия]
Index: []
[2024-07-13T03:05:05.595+0000] {logging_mixin.py:188} INFO - Добавлена страна:  Франция
[2024-07-13T03:05:05.596+0000] {logging_mixin.py:188} INFO - Empty DataFrame
Columns: [id, name, description, year, rating, votes, movie_length, age_rating, genres, countries, decade, документальный, военный, триллер, драма, криминал, детектив, короткометражка, реальное ТВ, комедия, ужасы, мелодрама, биография, музыка, спорт, боевик, фантастика, приключения, семейный, история, фэнтези, мюзикл, детский, вестерн, Россия, Польша, Испания, Бельгия, Франция]
Index: []
[2024-07-13T03:05:05.597+0000] {logging_mixin.py:188} INFO - Добавлена страна:  США
[2024-07-13T03:05:05.599+0000] {logging_mixin.py:188} INFO - Empty DataFrame
Columns: [id, name, description, year, rating, votes, movie_length, age_rating, genres, countries, decade, документальный, военный, триллер, драма, криминал, детектив, короткометражка, реальное ТВ, комедия, ужасы, мелодрама, биография, музыка, спорт, боевик, фантастика, приключения, семейный, история, фэнтези, мюзикл, детский, вестерн, Россия, Польша, Испания, Бельгия, Франция, США]
Index: []
[2024-07-13T03:05:05.600+0000] {logging_mixin.py:188} INFO - Добавлена страна:  Казахстан
[2024-07-13T03:05:05.601+0000] {logging_mixin.py:188} INFO - Empty DataFrame
Columns: [id, name, description, year, rating, votes, movie_length, age_rating, genres, countries, decade, документальный, военный, триллер, драма, криминал, детектив, короткометражка, реальное ТВ, комедия, ужасы, мелодрама, биография, музыка, спорт, боевик, фантастика, приключения, семейный, история, фэнтези, мюзикл, детский, вестерн, Россия, Польша, Испания, Бельгия, Франция, США, Казахстан]
Index: []
[2024-07-13T03:05:05.603+0000] {logging_mixin.py:188} INFO - Добавлена страна:  Германия
[2024-07-13T03:05:05.604+0000] {logging_mixin.py:188} INFO - Empty DataFrame
Columns: [id, name, description, year, rating, votes, movie_length, age_rating, genres, countries, decade, документальный, военный, триллер, драма, криминал, детектив, короткометражка, реальное ТВ, комедия, ужасы, мелодрама, биография, музыка, спорт, боевик, фантастика, приключения, семейный, история, фэнтези, мюзикл, детский, вестерн, Россия, Польша, Испания, Бельгия, Франция, США, Казахстан, Германия]
Index: []
[2024-07-13T03:05:05.605+0000] {logging_mixin.py:188} INFO - Добавлена страна:  Дания
[2024-07-13T03:05:05.606+0000] {logging_mixin.py:188} INFO - Empty DataFrame
Columns: [id, name, description, year, rating, votes, movie_length, age_rating, genres, countries, decade, документальный, военный, триллер, драма, криминал, детектив, короткометражка, реальное ТВ, комедия, ужасы, мелодрама, биография, музыка, спорт, боевик, фантастика, приключения, семейный, история, фэнтези, мюзикл, детский, вестерн, Россия, Польша, Испания, Бельгия, Франция, США, Казахстан, Германия, Дания]
Index: []
[2024-07-13T03:05:05.607+0000] {logging_mixin.py:188} INFO - Добавлена страна:  Швеция
[2024-07-13T03:05:05.609+0000] {logging_mixin.py:188} INFO - Empty DataFrame
Columns: [id, name, description, year, rating, votes, movie_length, age_rating, genres, countries, decade, документальный, военный, триллер, драма, криминал, детектив, короткометражка, реальное ТВ, комедия, ужасы, мелодрама, биография, музыка, спорт, боевик, фантастика, приключения, семейный, история, фэнтези, мюзикл, детский, вестерн, Россия, Польша, Испания, Бельгия, Франция, США, Казахстан, Германия, Дания, Швеция]
Index: []
[2024-07-13T03:05:05.610+0000] {logging_mixin.py:188} INFO - Добавлена страна:  Эстония
[2024-07-13T03:05:05.611+0000] {logging_mixin.py:188} INFO - Empty DataFrame
Columns: [id, name, description, year, rating, votes, movie_length, age_rating, genres, countries, decade, документальный, военный, триллер, драма, криминал, детектив, короткометражка, реальное ТВ, комедия, ужасы, мелодрама, биография, музыка, спорт, боевик, фантастика, приключения, семейный, история, фэнтези, мюзикл, детский, вестерн, Россия, Польша, Испания, Бельгия, Франция, США, Казахстан, Германия, Дания, Швеция, Эстония]
Index: []
[2024-07-13T03:05:05.612+0000] {logging_mixin.py:188} INFO - Добавлена страна:  Канада
[2024-07-13T03:05:05.613+0000] {logging_mixin.py:188} INFO - Empty DataFrame
Columns: [id, name, description, year, rating, votes, movie_length, age_rating, genres, countries, decade, документальный, военный, триллер, драма, криминал, детектив, короткометражка, реальное ТВ, комедия, ужасы, мелодрама, биография, музыка, спорт, боевик, фантастика, приключения, семейный, история, фэнтези, мюзикл, детский, вестерн, Россия, Польша, Испания, Бельгия, Франция, США, Казахстан, Германия, Дания, Швеция, Эстония, Канада]
Index: []
[2024-07-13T03:05:05.614+0000] {logging_mixin.py:188} INFO - Добавлена страна:  Италия
[2024-07-13T03:05:05.616+0000] {logging_mixin.py:188} INFO - Empty DataFrame
Columns: [id, name, description, year, rating, votes, movie_length, age_rating, genres, countries, decade, документальный, военный, триллер, драма, криминал, детектив, короткометражка, реальное ТВ, комедия, ужасы, мелодрама, биография, музыка, спорт, боевик, фантастика, приключения, семейный, история, фэнтези, мюзикл, детский, вестерн, Россия, Польша, Испания, Бельгия, Франция, США, Казахстан, Германия, Дания, Швеция, Эстония, Канада, Италия]
Index: []
[2024-07-13T03:05:05.617+0000] {logging_mixin.py:188} INFO - Добавлена страна:  Великобритания
[2024-07-13T03:05:05.618+0000] {logging_mixin.py:188} INFO - Empty DataFrame
Columns: [id, name, description, year, rating, votes, movie_length, age_rating, genres, countries, decade, документальный, военный, триллер, драма, криминал, детектив, короткометражка, реальное ТВ, комедия, ужасы, мелодрама, биография, музыка, спорт, боевик, фантастика, приключения, семейный, история, фэнтези, мюзикл, детский, вестерн, Россия, Польша, Испания, Бельгия, Франция, США, Казахстан, Германия, Дания, Швеция, Эстония, Канада, Италия, Великобритания]
Index: []
[2024-07-13T03:05:05.619+0000] {logging_mixin.py:188} INFO - Добавлена страна:  Турция
[2024-07-13T03:05:05.621+0000] {logging_mixin.py:188} INFO - Empty DataFrame
Columns: [id, name, description, year, rating, votes, movie_length, age_rating, genres, countries, decade, документальный, военный, триллер, драма, криминал, детектив, короткометражка, реальное ТВ, комедия, ужасы, мелодрама, биография, музыка, спорт, боевик, фантастика, приключения, семейный, история, фэнтези, мюзикл, детский, вестерн, Россия, Польша, Испания, Бельгия, Франция, США, Казахстан, Германия, Дания, Швеция, Эстония, Канада, Италия, Великобритания, Турция]
Index: []
[2024-07-13T03:05:05.622+0000] {logging_mixin.py:188} INFO - Добавлена страна:  Кыргызстан
[2024-07-13T03:05:05.623+0000] {logging_mixin.py:188} INFO - Empty DataFrame
Columns: [id, name, description, year, rating, votes, movie_length, age_rating, genres, countries, decade, документальный, военный, триллер, драма, криминал, детектив, короткометражка, реальное ТВ, комедия, ужасы, мелодрама, биография, музыка, спорт, боевик, фантастика, приключения, семейный, история, фэнтези, мюзикл, детский, вестерн, Россия, Польша, Испания, Бельгия, Франция, США, Казахстан, Германия, Дания, Швеция, Эстония, Канада, Италия, Великобритания, Турция, Кыргызстан]
Index: []
[2024-07-13T03:05:05.624+0000] {logging_mixin.py:188} INFO - Добавлена страна:  Новая Зеландия
[2024-07-13T03:05:05.625+0000] {logging_mixin.py:188} INFO - Empty DataFrame
Columns: [id, name, description, year, rating, votes, movie_length, age_rating, genres, countries, decade, документальный, военный, триллер, драма, криминал, детектив, короткометражка, реальное ТВ, комедия, ужасы, мелодрама, биография, музыка, спорт, боевик, фантастика, приключения, семейный, история, фэнтези, мюзикл, детский, вестерн, Россия, Польша, Испания, Бельгия, Франция, США, Казахстан, Германия, Дания, Швеция, Эстония, Канада, Италия, Великобритания, Турция, Кыргызстан, Новая Зеландия]
Index: []
[2024-07-13T03:05:05.626+0000] {logging_mixin.py:188} INFO - Добавлена страна:  Венгрия
[2024-07-13T03:05:05.628+0000] {logging_mixin.py:188} INFO - Empty DataFrame
Columns: [id, name, description, year, rating, votes, movie_length, age_rating, genres, countries, decade, документальный, военный, триллер, драма, криминал, детектив, короткометражка, реальное ТВ, комедия, ужасы, мелодрама, биография, музыка, спорт, боевик, фантастика, приключения, семейный, история, фэнтези, мюзикл, детский, вестерн, Россия, Польша, Испания, Бельгия, Франция, США, Казахстан, Германия, Дания, Швеция, Эстония, Канада, Италия, Великобритания, Турция, Кыргызстан, Новая Зеландия, Венгрия]
Index: []
[2024-07-13T03:05:05.629+0000] {logging_mixin.py:188} INFO - Добавлена страна:  Австралия
[2024-07-13T03:05:05.631+0000] {logging_mixin.py:188} INFO - Empty DataFrame
Columns: [id, name, description, year, rating, votes, movie_length, age_rating, genres, countries, decade, документальный, военный, триллер, драма, криминал, детектив, короткометражка, реальное ТВ, комедия, ужасы, мелодрама, биография, музыка, спорт, боевик, фантастика, приключения, семейный, история, фэнтези, мюзикл, детский, вестерн, Россия, Польша, Испания, Бельгия, Франция, США, Казахстан, Германия, Дания, Швеция, Эстония, Канада, Италия, Великобритания, Турция, Кыргызстан, Новая Зеландия, Венгрия, Австралия]
Index: []
[2024-07-13T03:05:05.632+0000] {logging_mixin.py:188} INFO - Добавлена страна:  ОАЭ
[2024-07-13T03:05:05.633+0000] {logging_mixin.py:188} INFO - Empty DataFrame
Columns: [id, name, description, year, rating, votes, movie_length, age_rating, genres, countries, decade, документальный, военный, триллер, драма, криминал, детектив, короткометражка, реальное ТВ, комедия, ужасы, мелодрама, биография, музыка, спорт, боевик, фантастика, приключения, семейный, история, фэнтези, мюзикл, детский, вестерн, Россия, Польша, Испания, Бельгия, Франция, США, Казахстан, Германия, Дания, Швеция, Эстония, Канада, Италия, Великобритания, Турция, Кыргызстан, Новая Зеландия, Венгрия, Австралия, ОАЭ]
Index: []
[2024-07-13T03:05:05.634+0000] {logging_mixin.py:188} INFO - Добавлена страна:  Чехия
[2024-07-13T03:05:05.636+0000] {logging_mixin.py:188} INFO - Empty DataFrame
Columns: [id, name, description, year, rating, votes, movie_length, age_rating, genres, countries, decade, документальный, военный, триллер, драма, криминал, детектив, короткометражка, реальное ТВ, комедия, ужасы, мелодрама, биография, музыка, спорт, боевик, фантастика, приключения, семейный, история, фэнтези, мюзикл, детский, вестерн, Россия, Польша, Испания, Бельгия, Франция, США, Казахстан, Германия, Дания, Швеция, Эстония, Канада, Италия, Великобритания, Турция, Кыргызстан, Новая Зеландия, Венгрия, Австралия, ОАЭ, Чехия]
Index: []
[2024-07-13T03:05:05.637+0000] {logging_mixin.py:188} INFO - Добавлена страна:  СССР
[2024-07-13T03:05:05.638+0000] {logging_mixin.py:188} INFO - Empty DataFrame
Columns: [id, name, description, year, rating, votes, movie_length, age_rating, genres, countries, decade, документальный, военный, триллер, драма, криминал, детектив, короткометражка, реальное ТВ, комедия, ужасы, мелодрама, биография, музыка, спорт, боевик, фантастика, приключения, семейный, история, фэнтези, мюзикл, детский, вестерн, Россия, Польша, Испания, Бельгия, Франция, США, Казахстан, Германия, Дания, Швеция, Эстония, Канада, Италия, Великобритания, Турция, Кыргызстан, Новая Зеландия, Венгрия, Австралия, ОАЭ, Чехия, СССР]
Index: []
[2024-07-13T03:05:05.639+0000] {logging_mixin.py:188} INFO - Добавлена страна:  Корея Южная
[2024-07-13T03:05:05.641+0000] {logging_mixin.py:188} INFO - Empty DataFrame
Columns: [id, name, description, year, rating, votes, movie_length, age_rating, genres, countries, decade, документальный, военный, триллер, драма, криминал, детектив, короткометражка, реальное ТВ, комедия, ужасы, мелодрама, биография, музыка, спорт, боевик, фантастика, приключения, семейный, история, фэнтези, мюзикл, детский, вестерн, Россия, Польша, Испания, Бельгия, Франция, США, Казахстан, Германия, Дания, Швеция, Эстония, Канада, Италия, Великобритания, Турция, Кыргызстан, Новая Зеландия, Венгрия, Австралия, ОАЭ, Чехия, СССР, Корея Южная]
Index: []
[2024-07-13T03:05:05.642+0000] {logging_mixin.py:188} INFO - Добавлена страна:  Нидерланды
[2024-07-13T03:05:05.643+0000] {logging_mixin.py:188} INFO - Empty DataFrame
Columns: [id, name, description, year, rating, votes, movie_length, age_rating, genres, countries, decade, документальный, военный, триллер, драма, криминал, детектив, короткометражка, реальное ТВ, комедия, ужасы, мелодрама, биография, музыка, спорт, боевик, фантастика, приключения, семейный, история, фэнтези, мюзикл, детский, вестерн, Россия, Польша, Испания, Бельгия, Франция, США, Казахстан, Германия, Дания, Швеция, Эстония, Канада, Италия, Великобритания, Турция, Кыргызстан, Новая Зеландия, Венгрия, Австралия, ОАЭ, Чехия, СССР, Корея Южная, Нидерланды]
Index: []
[2024-07-13T03:05:05.644+0000] {logging_mixin.py:188} INFO - Добавлена страна:  ЮАР
[2024-07-13T03:05:05.646+0000] {logging_mixin.py:188} INFO - Empty DataFrame
Columns: [id, name, description, year, rating, votes, movie_length, age_rating, genres, countries, decade, документальный, военный, триллер, драма, криминал, детектив, короткометражка, реальное ТВ, комедия, ужасы, мелодрама, биография, музыка, спорт, боевик, фантастика, приключения, семейный, история, фэнтези, мюзикл, детский, вестерн, Россия, Польша, Испания, Бельгия, Франция, США, Казахстан, Германия, Дания, Швеция, Эстония, Канада, Италия, Великобритания, Турция, Кыргызстан, Новая Зеландия, Венгрия, Австралия, ОАЭ, Чехия, СССР, Корея Южная, Нидерланды, ЮАР]
Index: []
[2024-07-13T03:05:05.647+0000] {logging_mixin.py:188} INFO - Добавлена страна:  Бразилия
[2024-07-13T03:05:05.648+0000] {logging_mixin.py:188} INFO - Empty DataFrame
Columns: [id, name, description, year, rating, votes, movie_length, age_rating, genres, countries, decade, документальный, военный, триллер, драма, криминал, детектив, короткометражка, реальное ТВ, комедия, ужасы, мелодрама, биография, музыка, спорт, боевик, фантастика, приключения, семейный, история, фэнтези, мюзикл, детский, вестерн, Россия, Польша, Испания, Бельгия, Франция, США, Казахстан, Германия, Дания, Швеция, Эстония, Канада, Италия, Великобритания, Турция, Кыргызстан, Новая Зеландия, Венгрия, Австралия, ОАЭ, Чехия, СССР, Корея Южная, Нидерланды, ЮАР, Бразилия]
Index: []
[2024-07-13T03:05:05.650+0000] {logging_mixin.py:188} INFO - Добавлена страна:  Словакия
[2024-07-13T03:05:05.651+0000] {logging_mixin.py:188} INFO - Empty DataFrame
Columns: [id, name, description, year, rating, votes, movie_length, age_rating, genres, countries, decade, документальный, военный, триллер, драма, криминал, детектив, короткометражка, реальное ТВ, комедия, ужасы, мелодрама, биография, музыка, спорт, боевик, фантастика, приключения, семейный, история, фэнтези, мюзикл, детский, вестерн, Россия, Польша, Испания, Бельгия, Франция, США, Казахстан, Германия, Дания, Швеция, Эстония, Канада, Италия, Великобритания, Турция, Кыргызстан, Новая Зеландия, Венгрия, Австралия, ОАЭ, Чехия, СССР, Корея Южная, Нидерланды, ЮАР, Бразилия, Словакия]
Index: []
[2024-07-13T03:05:05.653+0000] {logging_mixin.py:188} INFO - Добавлена страна:  Филиппины
[2024-07-13T03:05:05.654+0000] {logging_mixin.py:188} INFO - Empty DataFrame
Columns: [id, name, description, year, rating, votes, movie_length, age_rating, genres, countries, decade, документальный, военный, триллер, драма, криминал, детектив, короткометражка, реальное ТВ, комедия, ужасы, мелодрама, биография, музыка, спорт, боевик, фантастика, приключения, семейный, история, фэнтези, мюзикл, детский, вестерн, Россия, Польша, Испания, Бельгия, Франция, США, Казахстан, Германия, Дания, Швеция, Эстония, Канада, Италия, Великобритания, Турция, Кыргызстан, Новая Зеландия, Венгрия, Австралия, ОАЭ, Чехия, СССР, Корея Южная, Нидерланды, ЮАР, Бразилия, Словакия, Филиппины]
Index: []
[2024-07-13T03:05:05.655+0000] {logging_mixin.py:188} INFO - Добавлена страна:  Аргентина
[2024-07-13T03:05:05.657+0000] {logging_mixin.py:188} INFO - Empty DataFrame
Columns: [id, name, description, year, rating, votes, movie_length, age_rating, genres, countries, decade, документальный, военный, триллер, драма, криминал, детектив, короткометражка, реальное ТВ, комедия, ужасы, мелодрама, биография, музыка, спорт, боевик, фантастика, приключения, семейный, история, фэнтези, мюзикл, детский, вестерн, Россия, Польша, Испания, Бельгия, Франция, США, Казахстан, Германия, Дания, Швеция, Эстония, Канада, Италия, Великобритания, Турция, Кыргызстан, Новая Зеландия, Венгрия, Австралия, ОАЭ, Чехия, СССР, Корея Южная, Нидерланды, ЮАР, Бразилия, Словакия, Филиппины, Аргентина]
Index: []
[2024-07-13T03:05:05.658+0000] {logging_mixin.py:188} INFO - Добавлена страна:  Мальта
[2024-07-13T03:05:05.659+0000] {logging_mixin.py:188} INFO - Empty DataFrame
Columns: [id, name, description, year, rating, votes, movie_length, age_rating, genres, countries, decade, документальный, военный, триллер, драма, криминал, детектив, короткометражка, реальное ТВ, комедия, ужасы, мелодрама, биография, музыка, спорт, боевик, фантастика, приключения, семейный, история, фэнтези, мюзикл, детский, вестерн, Россия, Польша, Испания, Бельгия, Франция, США, Казахстан, Германия, Дания, Швеция, Эстония, Канада, Италия, Великобритания, Турция, Кыргызстан, Новая Зеландия, Венгрия, Австралия, ОАЭ, Чехия, СССР, Корея Южная, Нидерланды, ЮАР, Бразилия, Словакия, Филиппины, Аргентина, Мальта]
Index: []
[2024-07-13T03:05:05.660+0000] {logging_mixin.py:188} INFO - Добавлена страна:  Португалия
[2024-07-13T03:05:05.662+0000] {logging_mixin.py:188} INFO - Empty DataFrame
Columns: [id, name, description, year, rating, votes, movie_length, age_rating, genres, countries, decade, документальный, военный, триллер, драма, криминал, детектив, короткометражка, реальное ТВ, комедия, ужасы, мелодрама, биография, музыка, спорт, боевик, фантастика, приключения, семейный, история, фэнтези, мюзикл, детский, вестерн, Россия, Польша, Испания, Бельгия, Франция, США, Казахстан, Германия, Дания, Швеция, Эстония, Канада, Италия, Великобритания, Турция, Кыргызстан, Новая Зеландия, Венгрия, Австралия, ОАЭ, Чехия, СССР, Корея Южная, Нидерланды, ЮАР, Бразилия, Словакия, Филиппины, Аргентина, Мальта, Португалия]
Index: []
[2024-07-13T03:05:05.663+0000] {logging_mixin.py:188} INFO - Добавлена страна:  Израиль
[2024-07-13T03:05:05.665+0000] {logging_mixin.py:188} INFO - Empty DataFrame
Columns: [id, name, description, year, rating, votes, movie_length, age_rating, genres, countries, decade, документальный, военный, триллер, драма, криминал, детектив, короткометражка, реальное ТВ, комедия, ужасы, мелодрама, биография, музыка, спорт, боевик, фантастика, приключения, семейный, история, фэнтези, мюзикл, детский, вестерн, Россия, Польша, Испания, Бельгия, Франция, США, Казахстан, Германия, Дания, Швеция, Эстония, Канада, Италия, Великобритания, Турция, Кыргызстан, Новая Зеландия, Венгрия, Австралия, ОАЭ, Чехия, СССР, Корея Южная, Нидерланды, ЮАР, Бразилия, Словакия, Филиппины, Аргентина, Мальта, Португалия, Израиль]
Index: []
[2024-07-13T03:05:05.669+0000] {logging_mixin.py:188} INFO - Добавлена страна:  Уругвай
[2024-07-13T03:05:05.671+0000] {logging_mixin.py:188} INFO - Empty DataFrame
Columns: [id, name, description, year, rating, votes, movie_length, age_rating, genres, countries, decade, документальный, военный, триллер, драма, криминал, детектив, короткометражка, реальное ТВ, комедия, ужасы, мелодрама, биография, музыка, спорт, боевик, фантастика, приключения, семейный, история, фэнтези, мюзикл, детский, вестерн, Россия, Польша, Испания, Бельгия, Франция, США, Казахстан, Германия, Дания, Швеция, Эстония, Канада, Италия, Великобритания, Турция, Кыргызстан, Новая Зеландия, Венгрия, Австралия, ОАЭ, Чехия, СССР, Корея Южная, Нидерланды, ЮАР, Бразилия, Словакия, Филиппины, Аргентина, Мальта, Португалия, Израиль, Уругвай]
Index: []
[2024-07-13T03:05:05.672+0000] {logging_mixin.py:188} INFO - Добавлена страна:  Ирландия
[2024-07-13T03:05:05.674+0000] {logging_mixin.py:188} INFO - Empty DataFrame
Columns: [id, name, description, year, rating, votes, movie_length, age_rating, genres, countries, decade, документальный, военный, триллер, драма, криминал, детектив, короткометражка, реальное ТВ, комедия, ужасы, мелодрама, биография, музыка, спорт, боевик, фантастика, приключения, семейный, история, фэнтези, мюзикл, детский, вестерн, Россия, Польша, Испания, Бельгия, Франция, США, Казахстан, Германия, Дания, Швеция, Эстония, Канада, Италия, Великобритания, Турция, Кыргызстан, Новая Зеландия, Венгрия, Австралия, ОАЭ, Чехия, СССР, Корея Южная, Нидерланды, ЮАР, Бразилия, Словакия, Филиппины, Аргентина, Мальта, Португалия, Израиль, Уругвай, Ирландия]
Index: []
[2024-07-13T03:05:05.675+0000] {logging_mixin.py:188} INFO - Добавлена страна:  Грузия
[2024-07-13T03:05:05.676+0000] {logging_mixin.py:188} INFO - Empty DataFrame
Columns: [id, name, description, year, rating, votes, movie_length, age_rating, genres, countries, decade, документальный, военный, триллер, драма, криминал, детектив, короткометражка, реальное ТВ, комедия, ужасы, мелодрама, биография, музыка, спорт, боевик, фантастика, приключения, семейный, история, фэнтези, мюзикл, детский, вестерн, Россия, Польша, Испания, Бельгия, Франция, США, Казахстан, Германия, Дания, Швеция, Эстония, Канада, Италия, Великобритания, Турция, Кыргызстан, Новая Зеландия, Венгрия, Австралия, ОАЭ, Чехия, СССР, Корея Южная, Нидерланды, ЮАР, Бразилия, Словакия, Филиппины, Аргентина, Мальта, Португалия, Израиль, Уругвай, Ирландия, Грузия]
Index: []
[2024-07-13T03:05:05.677+0000] {logging_mixin.py:188} INFO - Добавлена страна:  Греция
[2024-07-13T03:05:05.679+0000] {logging_mixin.py:188} INFO - Empty DataFrame
Columns: [id, name, description, year, rating, votes, movie_length, age_rating, genres, countries, decade, документальный, военный, триллер, драма, криминал, детектив, короткометражка, реальное ТВ, комедия, ужасы, мелодрама, биография, музыка, спорт, боевик, фантастика, приключения, семейный, история, фэнтези, мюзикл, детский, вестерн, Россия, Польша, Испания, Бельгия, Франция, США, Казахстан, Германия, Дания, Швеция, Эстония, Канада, Италия, Великобритания, Турция, Кыргызстан, Новая Зеландия, Венгрия, Австралия, ОАЭ, Чехия, СССР, Корея Южная, Нидерланды, ЮАР, Бразилия, Словакия, Филиппины, Аргентина, Мальта, Португалия, Израиль, Уругвай, Ирландия, Грузия, Греция]
Index: []
[2024-07-13T03:05:05.680+0000] {logging_mixin.py:188} INFO - Добавлена страна:  Япония
[2024-07-13T03:05:05.682+0000] {logging_mixin.py:188} INFO - Empty DataFrame
Columns: [id, name, description, year, rating, votes, movie_length, age_rating, genres, countries, decade, документальный, военный, триллер, драма, криминал, детектив, короткометражка, реальное ТВ, комедия, ужасы, мелодрама, биография, музыка, спорт, боевик, фантастика, приключения, семейный, история, фэнтези, мюзикл, детский, вестерн, Россия, Польша, Испания, Бельгия, Франция, США, Казахстан, Германия, Дания, Швеция, Эстония, Канада, Италия, Великобритания, Турция, Кыргызстан, Новая Зеландия, Венгрия, Австралия, ОАЭ, Чехия, СССР, Корея Южная, Нидерланды, ЮАР, Бразилия, Словакия, Филиппины, Аргентина, Мальта, Португалия, Израиль, Уругвай, Ирландия, Грузия, Греция, Япония]
Index: []
[2024-07-13T03:05:05.683+0000] {logging_mixin.py:188} INFO - Добавлена страна:  Швейцария
[2024-07-13T03:05:05.684+0000] {logging_mixin.py:188} INFO - Empty DataFrame
Columns: [id, name, description, year, rating, votes, movie_length, age_rating, genres, countries, decade, документальный, военный, триллер, драма, криминал, детектив, короткометражка, реальное ТВ, комедия, ужасы, мелодрама, биография, музыка, спорт, боевик, фантастика, приключения, семейный, история, фэнтези, мюзикл, детский, вестерн, Россия, Польша, Испания, Бельгия, Франция, США, Казахстан, Германия, Дания, Швеция, Эстония, Канада, Италия, Великобритания, Турция, Кыргызстан, Новая Зеландия, Венгрия, Австралия, ОАЭ, Чехия, СССР, Корея Южная, Нидерланды, ЮАР, Бразилия, Словакия, Филиппины, Аргентина, Мальта, Португалия, Израиль, Уругвай, Ирландия, Грузия, Греция, Япония, Швейцария]
Index: []
[2024-07-13T03:05:05.686+0000] {logging_mixin.py:188} INFO - Добавлена страна:  Словения
[2024-07-13T03:05:05.687+0000] {logging_mixin.py:188} INFO - Empty DataFrame
Columns: [id, name, description, year, rating, votes, movie_length, age_rating, genres, countries, decade, документальный, военный, триллер, драма, криминал, детектив, короткометражка, реальное ТВ, комедия, ужасы, мелодрама, биография, музыка, спорт, боевик, фантастика, приключения, семейный, история, фэнтези, мюзикл, детский, вестерн, Россия, Польша, Испания, Бельгия, Франция, США, Казахстан, Германия, Дания, Швеция, Эстония, Канада, Италия, Великобритания, Турция, Кыргызстан, Новая Зеландия, Венгрия, Австралия, ОАЭ, Чехия, СССР, Корея Южная, Нидерланды, ЮАР, Бразилия, Словакия, Филиппины, Аргентина, Мальта, Португалия, Израиль, Уругвай, Ирландия, Грузия, Греция, Япония, Швейцария, Словения]
Index: []
[2024-07-13T03:05:05.688+0000] {logging_mixin.py:188} INFO - Добавлена страна:  Хорватия
[2024-07-13T03:05:05.690+0000] {logging_mixin.py:188} INFO - Empty DataFrame
Columns: [id, name, description, year, rating, votes, movie_length, age_rating, genres, countries, decade, документальный, военный, триллер, драма, криминал, детектив, короткометражка, реальное ТВ, комедия, ужасы, мелодрама, биография, музыка, спорт, боевик, фантастика, приключения, семейный, история, фэнтези, мюзикл, детский, вестерн, Россия, Польша, Испания, Бельгия, Франция, США, Казахстан, Германия, Дания, Швеция, Эстония, Канада, Италия, Великобритания, Турция, Кыргызстан, Новая Зеландия, Венгрия, Австралия, ОАЭ, Чехия, СССР, Корея Южная, Нидерланды, ЮАР, Бразилия, Словакия, Филиппины, Аргентина, Мальта, Португалия, Израиль, Уругвай, Ирландия, Грузия, Греция, Япония, Швейцария, Словения, Хорватия]
Index: []
[2024-07-13T03:05:05.691+0000] {logging_mixin.py:188} INFO - Добавлена страна:  Латвия
[2024-07-13T03:05:05.692+0000] {logging_mixin.py:188} INFO - Empty DataFrame
Columns: [id, name, description, year, rating, votes, movie_length, age_rating, genres, countries, decade, документальный, военный, триллер, драма, криминал, детектив, короткометражка, реальное ТВ, комедия, ужасы, мелодрама, биография, музыка, спорт, боевик, фантастика, приключения, семейный, история, фэнтези, мюзикл, детский, вестерн, Россия, Польша, Испания, Бельгия, Франция, США, Казахстан, Германия, Дания, Швеция, Эстония, Канада, Италия, Великобритания, Турция, Кыргызстан, Новая Зеландия, Венгрия, Австралия, ОАЭ, Чехия, СССР, Корея Южная, Нидерланды, ЮАР, Бразилия, Словакия, Филиппины, Аргентина, Мальта, Португалия, Израиль, Уругвай, Ирландия, Грузия, Греция, Япония, Швейцария, Словения, Хорватия, Латвия]
Index: []
[2024-07-13T03:05:05.693+0000] {logging_mixin.py:188} INFO - Добавлена страна:  Австрия
[2024-07-13T03:05:05.695+0000] {logging_mixin.py:188} INFO - Empty DataFrame
Columns: [id, name, description, year, rating, votes, movie_length, age_rating, genres, countries, decade, документальный, военный, триллер, драма, криминал, детектив, короткометражка, реальное ТВ, комедия, ужасы, мелодрама, биография, музыка, спорт, боевик, фантастика, приключения, семейный, история, фэнтези, мюзикл, детский, вестерн, Россия, Польша, Испания, Бельгия, Франция, США, Казахстан, Германия, Дания, Швеция, Эстония, Канада, Италия, Великобритания, Турция, Кыргызстан, Новая Зеландия, Венгрия, Австралия, ОАЭ, Чехия, СССР, Корея Южная, Нидерланды, ЮАР, Бразилия, Словакия, Филиппины, Аргентина, Мальта, Португалия, Израиль, Уругвай, Ирландия, Грузия, Греция, Япония, Швейцария, Словения, Хорватия, Латвия, Австрия]
Index: []
[2024-07-13T03:05:05.696+0000] {logging_mixin.py:188} INFO - Добавлена страна:  Чили
[2024-07-13T03:05:05.698+0000] {logging_mixin.py:188} INFO - Empty DataFrame
Columns: [id, name, description, year, rating, votes, movie_length, age_rating, genres, countries, decade, документальный, военный, триллер, драма, криминал, детектив, короткометражка, реальное ТВ, комедия, ужасы, мелодрама, биография, музыка, спорт, боевик, фантастика, приключения, семейный, история, фэнтези, мюзикл, детский, вестерн, Россия, Польша, Испания, Бельгия, Франция, США, Казахстан, Германия, Дания, Швеция, Эстония, Канада, Италия, Великобритания, Турция, Кыргызстан, Новая Зеландия, Венгрия, Австралия, ОАЭ, Чехия, СССР, Корея Южная, Нидерланды, ЮАР, Бразилия, Словакия, Филиппины, Аргентина, Мальта, Португалия, Израиль, Уругвай, Ирландия, Грузия, Греция, Япония, Швейцария, Словения, Хорватия, Латвия, Австрия, Чили]
Index: []
[2024-07-13T03:05:05.699+0000] {logging_mixin.py:188} INFO - Добавлена страна:  Китай
[2024-07-13T03:05:05.700+0000] {logging_mixin.py:188} INFO - Empty DataFrame
Columns: [id, name, description, year, rating, votes, movie_length, age_rating, genres, countries, decade, документальный, военный, триллер, драма, криминал, детектив, короткометражка, реальное ТВ, комедия, ужасы, мелодрама, биография, музыка, спорт, боевик, фантастика, приключения, семейный, история, фэнтези, мюзикл, детский, вестерн, Россия, Польша, Испания, Бельгия, Франция, США, Казахстан, Германия, Дания, Швеция, Эстония, Канада, Италия, Великобритания, Турция, Кыргызстан, Новая Зеландия, Венгрия, Австралия, ОАЭ, Чехия, СССР, Корея Южная, Нидерланды, ЮАР, Бразилия, Словакия, Филиппины, Аргентина, Мальта, Португалия, Израиль, Уругвай, Ирландия, Грузия, Греция, Япония, Швейцария, Словения, Хорватия, Латвия, Австрия, Чили, Китай]
Index: []
[2024-07-13T03:05:05.702+0000] {logging_mixin.py:188} INFO - Добавлена страна:  Беларусь
[2024-07-13T03:05:05.703+0000] {logging_mixin.py:188} INFO - Empty DataFrame
Columns: [id, name, description, year, rating, votes, movie_length, age_rating, genres, countries, decade, документальный, военный, триллер, драма, криминал, детектив, короткометражка, реальное ТВ, комедия, ужасы, мелодрама, биография, музыка, спорт, боевик, фантастика, приключения, семейный, история, фэнтези, мюзикл, детский, вестерн, Россия, Польша, Испания, Бельгия, Франция, США, Казахстан, Германия, Дания, Швеция, Эстония, Канада, Италия, Великобритания, Турция, Кыргызстан, Новая Зеландия, Венгрия, Австралия, ОАЭ, Чехия, СССР, Корея Южная, Нидерланды, ЮАР, Бразилия, Словакия, Филиппины, Аргентина, Мальта, Португалия, Израиль, Уругвай, Ирландия, Грузия, Греция, Япония, Швейцария, Словения, Хорватия, Латвия, Австрия, Чили, Китай, Беларусь]
Index: []
[2024-07-13T03:05:05.704+0000] {logging_mixin.py:188} INFO - Добавлена страна:  Индия
[2024-07-13T03:05:05.706+0000] {logging_mixin.py:188} INFO - Empty DataFrame
Columns: [id, name, description, year, rating, votes, movie_length, age_rating, genres, countries, decade, документальный, военный, триллер, драма, криминал, детектив, короткометражка, реальное ТВ, комедия, ужасы, мелодрама, биография, музыка, спорт, боевик, фантастика, приключения, семейный, история, фэнтези, мюзикл, детский, вестерн, Россия, Польша, Испания, Бельгия, Франция, США, Казахстан, Германия, Дания, Швеция, Эстония, Канада, Италия, Великобритания, Турция, Кыргызстан, Новая Зеландия, Венгрия, Австралия, ОАЭ, Чехия, СССР, Корея Южная, Нидерланды, ЮАР, Бразилия, Словакия, Филиппины, Аргентина, Мальта, Португалия, Израиль, Уругвай, Ирландия, Грузия, Греция, Япония, Швейцария, Словения, Хорватия, Латвия, Австрия, Чили, Китай, Беларусь, Индия]
Index: []
[2024-07-13T03:05:05.707+0000] {logging_mixin.py:188} INFO - Добавлена страна:  Алжир
[2024-07-13T03:05:05.710+0000] {logging_mixin.py:188} INFO - Empty DataFrame
Columns: [id, name, description, year, rating, votes, movie_length, age_rating, genres, countries, decade, документальный, военный, триллер, драма, криминал, детектив, короткометражка, реальное ТВ, комедия, ужасы, мелодрама, биография, музыка, спорт, боевик, фантастика, приключения, семейный, история, фэнтези, мюзикл, детский, вестерн, Россия, Польша, Испания, Бельгия, Франция, США, Казахстан, Германия, Дания, Швеция, Эстония, Канада, Италия, Великобритания, Турция, Кыргызстан, Новая Зеландия, Венгрия, Австралия, ОАЭ, Чехия, СССР, Корея Южная, Нидерланды, ЮАР, Бразилия, Словакия, Филиппины, Аргентина, Мальта, Португалия, Израиль, Уругвай, Ирландия, Грузия, Греция, Япония, Швейцария, Словения, Хорватия, Латвия, Австрия, Чили, Китай, Беларусь, Индия, Алжир]
Index: []

[0 rows x 81 columns]
[2024-07-13T03:05:05.712+0000] {logging_mixin.py:188} INFO - Добавлена страна:  Мексика
[2024-07-13T03:05:05.714+0000] {logging_mixin.py:188} INFO - Empty DataFrame
Columns: [id, name, description, year, rating, votes, movie_length, age_rating, genres, countries, decade, документальный, военный, триллер, драма, криминал, детектив, короткометражка, реальное ТВ, комедия, ужасы, мелодрама, биография, музыка, спорт, боевик, фантастика, приключения, семейный, история, фэнтези, мюзикл, детский, вестерн, Россия, Польша, Испания, Бельгия, Франция, США, Казахстан, Германия, Дания, Швеция, Эстония, Канада, Италия, Великобритания, Турция, Кыргызстан, Новая Зеландия, Венгрия, Австралия, ОАЭ, Чехия, СССР, Корея Южная, Нидерланды, ЮАР, Бразилия, Словакия, Филиппины, Аргентина, Мальта, Португалия, Израиль, Уругвай, Ирландия, Грузия, Греция, Япония, Швейцария, Словения, Хорватия, Латвия, Австрия, Чили, Китай, Беларусь, Индия, Алжир, Мексика]
Index: []

[0 rows x 82 columns]
[2024-07-13T03:05:05.716+0000] {logging_mixin.py:188} INFO - Добавлена страна:  Коста-Рика
[2024-07-13T03:05:05.719+0000] {logging_mixin.py:188} INFO - Empty DataFrame
Columns: [id, name, description, year, rating, votes, movie_length, age_rating, genres, countries, decade, документальный, военный, триллер, драма, криминал, детектив, короткометражка, реальное ТВ, комедия, ужасы, мелодрама, биография, музыка, спорт, боевик, фантастика, приключения, семейный, история, фэнтези, мюзикл, детский, вестерн, Россия, Польша, Испания, Бельгия, Франция, США, Казахстан, Германия, Дания, Швеция, Эстония, Канада, Италия, Великобритания, Турция, Кыргызстан, Новая Зеландия, Венгрия, Австралия, ОАЭ, Чехия, СССР, Корея Южная, Нидерланды, ЮАР, Бразилия, Словакия, Филиппины, Аргентина, Мальта, Португалия, Израиль, Уругвай, Ирландия, Грузия, Греция, Япония, Швейцария, Словения, Хорватия, Латвия, Австрия, Чили, Китай, Беларусь, Индия, Алжир, Мексика, Коста-Рика]
Index: []

[0 rows x 83 columns]
[2024-07-13T03:05:05.720+0000] {logging_mixin.py:188} INFO - Добавлена страна:  Исландия
[2024-07-13T03:05:05.723+0000] {logging_mixin.py:188} INFO - Empty DataFrame
Columns: [id, name, description, year, rating, votes, movie_length, age_rating, genres, countries, decade, документальный, военный, триллер, драма, криминал, детектив, короткометражка, реальное ТВ, комедия, ужасы, мелодрама, биография, музыка, спорт, боевик, фантастика, приключения, семейный, история, фэнтези, мюзикл, детский, вестерн, Россия, Польша, Испания, Бельгия, Франция, США, Казахстан, Германия, Дания, Швеция, Эстония, Канада, Италия, Великобритания, Турция, Кыргызстан, Новая Зеландия, Венгрия, Австралия, ОАЭ, Чехия, СССР, Корея Южная, Нидерланды, ЮАР, Бразилия, Словакия, Филиппины, Аргентина, Мальта, Португалия, Израиль, Уругвай, Ирландия, Грузия, Греция, Япония, Швейцария, Словения, Хорватия, Латвия, Австрия, Чили, Китай, Беларусь, Индия, Алжир, Мексика, Коста-Рика, Исландия]
Index: []

[0 rows x 84 columns]
[2024-07-13T03:05:05.724+0000] {logging_mixin.py:188} INFO - Добавлена страна:  Норвегия
[2024-07-13T03:05:05.727+0000] {logging_mixin.py:188} INFO - Empty DataFrame
Columns: [id, name, description, year, rating, votes, movie_length, age_rating, genres, countries, decade, документальный, военный, триллер, драма, криминал, детектив, короткометражка, реальное ТВ, комедия, ужасы, мелодрама, биография, музыка, спорт, боевик, фантастика, приключения, семейный, история, фэнтези, мюзикл, детский, вестерн, Россия, Польша, Испания, Бельгия, Франция, США, Казахстан, Германия, Дания, Швеция, Эстония, Канада, Италия, Великобритания, Турция, Кыргызстан, Новая Зеландия, Венгрия, Австралия, ОАЭ, Чехия, СССР, Корея Южная, Нидерланды, ЮАР, Бразилия, Словакия, Филиппины, Аргентина, Мальта, Португалия, Израиль, Уругвай, Ирландия, Грузия, Греция, Япония, Швейцария, Словения, Хорватия, Латвия, Австрия, Чили, Китай, Беларусь, Индия, Алжир, Мексика, Коста-Рика, Исландия, Норвегия]
Index: []

[0 rows x 85 columns]
[2024-07-13T03:05:05.729+0000] {logging_mixin.py:188} INFO - Добавлена страна:  Украина
[2024-07-13T03:05:05.732+0000] {logging_mixin.py:188} INFO - Empty DataFrame
Columns: [id, name, description, year, rating, votes, movie_length, age_rating, genres, countries, decade, документальный, военный, триллер, драма, криминал, детектив, короткометражка, реальное ТВ, комедия, ужасы, мелодрама, биография, музыка, спорт, боевик, фантастика, приключения, семейный, история, фэнтези, мюзикл, детский, вестерн, Россия, Польша, Испания, Бельгия, Франция, США, Казахстан, Германия, Дания, Швеция, Эстония, Канада, Италия, Великобритания, Турция, Кыргызстан, Новая Зеландия, Венгрия, Австралия, ОАЭ, Чехия, СССР, Корея Южная, Нидерланды, ЮАР, Бразилия, Словакия, Филиппины, Аргентина, Мальта, Португалия, Израиль, Уругвай, Ирландия, Грузия, Греция, Япония, Швейцария, Словения, Хорватия, Латвия, Австрия, Чили, Китай, Беларусь, Индия, Алжир, Мексика, Коста-Рика, Исландия, Норвегия, Украина]
Index: []

[0 rows x 86 columns]
[2024-07-13T03:05:05.733+0000] {logging_mixin.py:188} INFO - Добавлена страна:  Гонконг
[2024-07-13T03:05:05.737+0000] {logging_mixin.py:188} INFO - Empty DataFrame
Columns: [id, name, description, year, rating, votes, movie_length, age_rating, genres, countries, decade, документальный, военный, триллер, драма, криминал, детектив, короткометражка, реальное ТВ, комедия, ужасы, мелодрама, биография, музыка, спорт, боевик, фантастика, приключения, семейный, история, фэнтези, мюзикл, детский, вестерн, Россия, Польша, Испания, Бельгия, Франция, США, Казахстан, Германия, Дания, Швеция, Эстония, Канада, Италия, Великобритания, Турция, Кыргызстан, Новая Зеландия, Венгрия, Австралия, ОАЭ, Чехия, СССР, Корея Южная, Нидерланды, ЮАР, Бразилия, Словакия, Филиппины, Аргентина, Мальта, Португалия, Израиль, Уругвай, Ирландия, Грузия, Греция, Япония, Швейцария, Словения, Хорватия, Латвия, Австрия, Чили, Китай, Беларусь, Индия, Алжир, Мексика, Коста-Рика, Исландия, Норвегия, Украина, Гонконг]
Index: []

[0 rows x 87 columns]
[2024-07-13T03:05:05.738+0000] {logging_mixin.py:188} INFO - Добавлена страна:  Таиланд
[2024-07-13T03:05:05.741+0000] {logging_mixin.py:188} INFO - Empty DataFrame
Columns: [id, name, description, year, rating, votes, movie_length, age_rating, genres, countries, decade, документальный, военный, триллер, драма, криминал, детектив, короткометражка, реальное ТВ, комедия, ужасы, мелодрама, биография, музыка, спорт, боевик, фантастика, приключения, семейный, история, фэнтези, мюзикл, детский, вестерн, Россия, Польша, Испания, Бельгия, Франция, США, Казахстан, Германия, Дания, Швеция, Эстония, Канада, Италия, Великобритания, Турция, Кыргызстан, Новая Зеландия, Венгрия, Австралия, ОАЭ, Чехия, СССР, Корея Южная, Нидерланды, ЮАР, Бразилия, Словакия, Филиппины, Аргентина, Мальта, Португалия, Израиль, Уругвай, Ирландия, Грузия, Греция, Япония, Швейцария, Словения, Хорватия, Латвия, Австрия, Чили, Китай, Беларусь, Индия, Алжир, Мексика, Коста-Рика, Исландия, Норвегия, Украина, Гонконг, Таиланд]
Index: []

[0 rows x 88 columns]
[2024-07-13T03:05:05.742+0000] {logging_mixin.py:188} INFO - Добавлена страна:  Ливан
[2024-07-13T03:05:05.745+0000] {logging_mixin.py:188} INFO - Empty DataFrame
Columns: [id, name, description, year, rating, votes, movie_length, age_rating, genres, countries, decade, документальный, военный, триллер, драма, криминал, детектив, короткометражка, реальное ТВ, комедия, ужасы, мелодрама, биография, музыка, спорт, боевик, фантастика, приключения, семейный, история, фэнтези, мюзикл, детский, вестерн, Россия, Польша, Испания, Бельгия, Франция, США, Казахстан, Германия, Дания, Швеция, Эстония, Канада, Италия, Великобритания, Турция, Кыргызстан, Новая Зеландия, Венгрия, Австралия, ОАЭ, Чехия, СССР, Корея Южная, Нидерланды, ЮАР, Бразилия, Словакия, Филиппины, Аргентина, Мальта, Португалия, Израиль, Уругвай, Ирландия, Грузия, Греция, Япония, Швейцария, Словения, Хорватия, Латвия, Австрия, Чили, Китай, Беларусь, Индия, Алжир, Мексика, Коста-Рика, Исландия, Норвегия, Украина, Гонконг, Таиланд, Ливан]
Index: []

[0 rows x 89 columns]
[2024-07-13T03:05:05.746+0000] {logging_mixin.py:188} INFO - Добавлена страна:  Болгария
[2024-07-13T03:05:05.750+0000] {logging_mixin.py:188} INFO - Empty DataFrame
Columns: [id, name, description, year, rating, votes, movie_length, age_rating, genres, countries, decade, документальный, военный, триллер, драма, криминал, детектив, короткометражка, реальное ТВ, комедия, ужасы, мелодрама, биография, музыка, спорт, боевик, фантастика, приключения, семейный, история, фэнтези, мюзикл, детский, вестерн, Россия, Польша, Испания, Бельгия, Франция, США, Казахстан, Германия, Дания, Швеция, Эстония, Канада, Италия, Великобритания, Турция, Кыргызстан, Новая Зеландия, Венгрия, Австралия, ОАЭ, Чехия, СССР, Корея Южная, Нидерланды, ЮАР, Бразилия, Словакия, Филиппины, Аргентина, Мальта, Португалия, Израиль, Уругвай, Ирландия, Грузия, Греция, Япония, Швейцария, Словения, Хорватия, Латвия, Австрия, Чили, Китай, Беларусь, Индия, Алжир, Мексика, Коста-Рика, Исландия, Норвегия, Украина, Гонконг, Таиланд, Ливан, Болгария]
Index: []

[0 rows x 90 columns]
[2024-07-13T03:05:05.751+0000] {logging_mixin.py:188} INFO - Добавлена страна:  Доминикана
[2024-07-13T03:05:05.754+0000] {logging_mixin.py:188} INFO - Empty DataFrame
Columns: [id, name, description, year, rating, votes, movie_length, age_rating, genres, countries, decade, документальный, военный, триллер, драма, криминал, детектив, короткометражка, реальное ТВ, комедия, ужасы, мелодрама, биография, музыка, спорт, боевик, фантастика, приключения, семейный, история, фэнтези, мюзикл, детский, вестерн, Россия, Польша, Испания, Бельгия, Франция, США, Казахстан, Германия, Дания, Швеция, Эстония, Канада, Италия, Великобритания, Турция, Кыргызстан, Новая Зеландия, Венгрия, Австралия, ОАЭ, Чехия, СССР, Корея Южная, Нидерланды, ЮАР, Бразилия, Словакия, Филиппины, Аргентина, Мальта, Португалия, Израиль, Уругвай, Ирландия, Грузия, Греция, Япония, Швейцария, Словения, Хорватия, Латвия, Австрия, Чили, Китай, Беларусь, Индия, Алжир, Мексика, Коста-Рика, Исландия, Норвегия, Украина, Гонконг, Таиланд, Ливан, Болгария, Доминикана]
Index: []

[0 rows x 91 columns]
[2024-07-13T03:05:05.755+0000] {logging_mixin.py:188} INFO - Добавлена страна:  Сербия
[2024-07-13T03:05:05.758+0000] {logging_mixin.py:188} INFO - Empty DataFrame
Columns: [id, name, description, year, rating, votes, movie_length, age_rating, genres, countries, decade, документальный, военный, триллер, драма, криминал, детектив, короткометражка, реальное ТВ, комедия, ужасы, мелодрама, биография, музыка, спорт, боевик, фантастика, приключения, семейный, история, фэнтези, мюзикл, детский, вестерн, Россия, Польша, Испания, Бельгия, Франция, США, Казахстан, Германия, Дания, Швеция, Эстония, Канада, Италия, Великобритания, Турция, Кыргызстан, Новая Зеландия, Венгрия, Австралия, ОАЭ, Чехия, СССР, Корея Южная, Нидерланды, ЮАР, Бразилия, Словакия, Филиппины, Аргентина, Мальта, Португалия, Израиль, Уругвай, Ирландия, Грузия, Греция, Япония, Швейцария, Словения, Хорватия, Латвия, Австрия, Чили, Китай, Беларусь, Индия, Алжир, Мексика, Коста-Рика, Исландия, Норвегия, Украина, Гонконг, Таиланд, Ливан, Болгария, Доминикана, Сербия]
Index: []

[0 rows x 92 columns]
[2024-07-13T03:05:05.759+0000] {logging_mixin.py:188} INFO - Добавлена страна:  Чехословакия
[2024-07-13T03:05:05.762+0000] {logging_mixin.py:188} INFO - Empty DataFrame
Columns: [id, name, description, year, rating, votes, movie_length, age_rating, genres, countries, decade, документальный, военный, триллер, драма, криминал, детектив, короткометражка, реальное ТВ, комедия, ужасы, мелодрама, биография, музыка, спорт, боевик, фантастика, приключения, семейный, история, фэнтези, мюзикл, детский, вестерн, Россия, Польша, Испания, Бельгия, Франция, США, Казахстан, Германия, Дания, Швеция, Эстония, Канада, Италия, Великобритания, Турция, Кыргызстан, Новая Зеландия, Венгрия, Австралия, ОАЭ, Чехия, СССР, Корея Южная, Нидерланды, ЮАР, Бразилия, Словакия, Филиппины, Аргентина, Мальта, Португалия, Израиль, Уругвай, Ирландия, Грузия, Греция, Япония, Швейцария, Словения, Хорватия, Латвия, Австрия, Чили, Китай, Беларусь, Индия, Алжир, Мексика, Коста-Рика, Исландия, Норвегия, Украина, Гонконг, Таиланд, Ливан, Болгария, Доминикана, Сербия, Чехословакия]
Index: []

[0 rows x 93 columns]
[2024-07-13T03:05:05.763+0000] {logging_mixin.py:188} INFO - Добавлена страна:  Германия (ГДР)
[2024-07-13T03:05:05.767+0000] {logging_mixin.py:188} INFO - Empty DataFrame
Columns: [id, name, description, year, rating, votes, movie_length, age_rating, genres, countries, decade, документальный, военный, триллер, драма, криминал, детектив, короткометражка, реальное ТВ, комедия, ужасы, мелодрама, биография, музыка, спорт, боевик, фантастика, приключения, семейный, история, фэнтези, мюзикл, детский, вестерн, Россия, Польша, Испания, Бельгия, Франция, США, Казахстан, Германия, Дания, Швеция, Эстония, Канада, Италия, Великобритания, Турция, Кыргызстан, Новая Зеландия, Венгрия, Австралия, ОАЭ, Чехия, СССР, Корея Южная, Нидерланды, ЮАР, Бразилия, Словакия, Филиппины, Аргентина, Мальта, Португалия, Израиль, Уругвай, Ирландия, Грузия, Греция, Япония, Швейцария, Словения, Хорватия, Латвия, Австрия, Чили, Китай, Беларусь, Индия, Алжир, Мексика, Коста-Рика, Исландия, Норвегия, Украина, Гонконг, Таиланд, Ливан, Болгария, Доминикана, Сербия, Чехословакия, Германия (ГДР)]
Index: []

[0 rows x 94 columns]
[2024-07-13T03:05:05.768+0000] {logging_mixin.py:188} INFO - Добавлена страна:  Кипр
[2024-07-13T03:05:05.772+0000] {logging_mixin.py:188} INFO - Empty DataFrame
Columns: [id, name, description, year, rating, votes, movie_length, age_rating, genres, countries, decade, документальный, военный, триллер, драма, криминал, детектив, короткометражка, реальное ТВ, комедия, ужасы, мелодрама, биография, музыка, спорт, боевик, фантастика, приключения, семейный, история, фэнтези, мюзикл, детский, вестерн, Россия, Польша, Испания, Бельгия, Франция, США, Казахстан, Германия, Дания, Швеция, Эстония, Канада, Италия, Великобритания, Турция, Кыргызстан, Новая Зеландия, Венгрия, Австралия, ОАЭ, Чехия, СССР, Корея Южная, Нидерланды, ЮАР, Бразилия, Словакия, Филиппины, Аргентина, Мальта, Португалия, Израиль, Уругвай, Ирландия, Грузия, Греция, Япония, Швейцария, Словения, Хорватия, Латвия, Австрия, Чили, Китай, Беларусь, Индия, Алжир, Мексика, Коста-Рика, Исландия, Норвегия, Украина, Гонконг, Таиланд, Ливан, Болгария, Доминикана, Сербия, Чехословакия, Германия (ГДР), Кипр]
Index: []

[0 rows x 95 columns]
[2024-07-13T03:05:05.773+0000] {logging_mixin.py:188} INFO - Добавлена страна:  Тайвань
[2024-07-13T03:05:05.777+0000] {logging_mixin.py:188} INFO - Empty DataFrame
Columns: [id, name, description, year, rating, votes, movie_length, age_rating, genres, countries, decade, документальный, военный, триллер, драма, криминал, детектив, короткометражка, реальное ТВ, комедия, ужасы, мелодрама, биография, музыка, спорт, боевик, фантастика, приключения, семейный, история, фэнтези, мюзикл, детский, вестерн, Россия, Польша, Испания, Бельгия, Франция, США, Казахстан, Германия, Дания, Швеция, Эстония, Канада, Италия, Великобритания, Турция, Кыргызстан, Новая Зеландия, Венгрия, Австралия, ОАЭ, Чехия, СССР, Корея Южная, Нидерланды, ЮАР, Бразилия, Словакия, Филиппины, Аргентина, Мальта, Португалия, Израиль, Уругвай, Ирландия, Грузия, Греция, Япония, Швейцария, Словения, Хорватия, Латвия, Австрия, Чили, Китай, Беларусь, Индия, Алжир, Мексика, Коста-Рика, Исландия, Норвегия, Украина, Гонконг, Таиланд, Ливан, Болгария, Доминикана, Сербия, Чехословакия, Германия (ГДР), Кипр, Тайвань]
Index: []

[0 rows x 96 columns]
[2024-07-13T03:05:05.778+0000] {logging_mixin.py:188} INFO - Добавлена страна:  Люксембург
[2024-07-13T03:05:05.781+0000] {logging_mixin.py:188} INFO - Empty DataFrame
Columns: [id, name, description, year, rating, votes, movie_length, age_rating, genres, countries, decade, документальный, военный, триллер, драма, криминал, детектив, короткометражка, реальное ТВ, комедия, ужасы, мелодрама, биография, музыка, спорт, боевик, фантастика, приключения, семейный, история, фэнтези, мюзикл, детский, вестерн, Россия, Польша, Испания, Бельгия, Франция, США, Казахстан, Германия, Дания, Швеция, Эстония, Канада, Италия, Великобритания, Турция, Кыргызстан, Новая Зеландия, Венгрия, Австралия, ОАЭ, Чехия, СССР, Корея Южная, Нидерланды, ЮАР, Бразилия, Словакия, Филиппины, Аргентина, Мальта, Португалия, Израиль, Уругвай, Ирландия, Грузия, Греция, Япония, Швейцария, Словения, Хорватия, Латвия, Австрия, Чили, Китай, Беларусь, Индия, Алжир, Мексика, Коста-Рика, Исландия, Норвегия, Украина, Гонконг, Таиланд, Ливан, Болгария, Доминикана, Сербия, Чехословакия, Германия (ГДР), Кипр, Тайвань, Люксембург]
Index: []

[0 rows x 97 columns]
[2024-07-13T03:05:05.782+0000] {logging_mixin.py:188} INFO - Добавлена страна:  Румыния
[2024-07-13T03:05:05.785+0000] {logging_mixin.py:188} INFO - Empty DataFrame
Columns: [id, name, description, year, rating, votes, movie_length, age_rating, genres, countries, decade, документальный, военный, триллер, драма, криминал, детектив, короткометражка, реальное ТВ, комедия, ужасы, мелодрама, биография, музыка, спорт, боевик, фантастика, приключения, семейный, история, фэнтези, мюзикл, детский, вестерн, Россия, Польша, Испания, Бельгия, Франция, США, Казахстан, Германия, Дания, Швеция, Эстония, Канада, Италия, Великобритания, Турция, Кыргызстан, Новая Зеландия, Венгрия, Австралия, ОАЭ, Чехия, СССР, Корея Южная, Нидерланды, ЮАР, Бразилия, Словакия, Филиппины, Аргентина, Мальта, Португалия, Израиль, Уругвай, Ирландия, Грузия, Греция, Япония, Швейцария, Словения, Хорватия, Латвия, Австрия, Чили, Китай, Беларусь, Индия, Алжир, Мексика, Коста-Рика, Исландия, Норвегия, Украина, Гонконг, Таиланд, Ливан, Болгария, Доминикана, Сербия, Чехословакия, Германия (ГДР), Кипр, Тайвань, Люксембург, Румыния]
Index: []

[0 rows x 98 columns]
[2024-07-13T03:05:05.787+0000] {logging_mixin.py:188} INFO - Добавлена страна:  Колумбия
[2024-07-13T03:05:05.790+0000] {logging_mixin.py:188} INFO - Empty DataFrame
Columns: [id, name, description, year, rating, votes, movie_length, age_rating, genres, countries, decade, документальный, военный, триллер, драма, криминал, детектив, короткометражка, реальное ТВ, комедия, ужасы, мелодрама, биография, музыка, спорт, боевик, фантастика, приключения, семейный, история, фэнтези, мюзикл, детский, вестерн, Россия, Польша, Испания, Бельгия, Франция, США, Казахстан, Германия, Дания, Швеция, Эстония, Канада, Италия, Великобритания, Турция, Кыргызстан, Новая Зеландия, Венгрия, Австралия, ОАЭ, Чехия, СССР, Корея Южная, Нидерланды, ЮАР, Бразилия, Словакия, Филиппины, Аргентина, Мальта, Португалия, Израиль, Уругвай, Ирландия, Грузия, Греция, Япония, Швейцария, Словения, Хорватия, Латвия, Австрия, Чили, Китай, Беларусь, Индия, Алжир, Мексика, Коста-Рика, Исландия, Норвегия, Украина, Гонконг, Таиланд, Ливан, Болгария, Доминикана, Сербия, Чехословакия, Германия (ГДР), Кипр, Тайвань, Люксембург, Румыния, Колумбия]
Index: []

[0 rows x 99 columns]
[2024-07-13T03:05:05.791+0000] {logging_mixin.py:188} INFO - Добавлена страна:  Азербайджан
[2024-07-13T03:05:05.795+0000] {logging_mixin.py:188} INFO - Empty DataFrame
Columns: [id, name, description, year, rating, votes, movie_length, age_rating, genres, countries, decade, документальный, военный, триллер, драма, криминал, детектив, короткометражка, реальное ТВ, комедия, ужасы, мелодрама, биография, музыка, спорт, боевик, фантастика, приключения, семейный, история, фэнтези, мюзикл, детский, вестерн, Россия, Польша, Испания, Бельгия, Франция, США, Казахстан, Германия, Дания, Швеция, Эстония, Канада, Италия, Великобритания, Турция, Кыргызстан, Новая Зеландия, Венгрия, Австралия, ОАЭ, Чехия, СССР, Корея Южная, Нидерланды, ЮАР, Бразилия, Словакия, Филиппины, Аргентина, Мальта, Португалия, Израиль, Уругвай, Ирландия, Грузия, Греция, Япония, Швейцария, Словения, Хорватия, Латвия, Австрия, Чили, Китай, Беларусь, Индия, Алжир, Мексика, Коста-Рика, Исландия, Норвегия, Украина, Гонконг, Таиланд, Ливан, Болгария, Доминикана, Сербия, Чехословакия, Германия (ГДР), Кипр, Тайвань, Люксембург, Румыния, Колумбия, Азербайджан]
Index: []

[0 rows x 100 columns]
[2024-07-13T03:05:05.799+0000] {warnings.py:110} WARNING - /opt/airflow/dags/tasks/preprocess_data.py:166: PerformanceWarning: DataFrame is highly fragmented.  This is usually the result of calling `frame.insert` many times, which has poor performance.  Consider joining all columns at once using pd.concat(axis=1) instead. To get a de-fragmented frame, use `newframe = frame.copy()`
  data.loc[:, country] = data["countries"].apply(lambda x: 1 if country in x else 0)

[2024-07-13T03:05:05.799+0000] {logging_mixin.py:188} INFO - Добавлена страна:  Вьетнам
[2024-07-13T03:05:05.803+0000] {logging_mixin.py:188} INFO - Empty DataFrame
Columns: [id, name, description, year, rating, votes, movie_length, age_rating, genres, countries, decade, документальный, военный, триллер, драма, криминал, детектив, короткометражка, реальное ТВ, комедия, ужасы, мелодрама, биография, музыка, спорт, боевик, фантастика, приключения, семейный, история, фэнтези, мюзикл, детский, вестерн, Россия, Польша, Испания, Бельгия, Франция, США, Казахстан, Германия, Дания, Швеция, Эстония, Канада, Италия, Великобритания, Турция, Кыргызстан, Новая Зеландия, Венгрия, Австралия, ОАЭ, Чехия, СССР, Корея Южная, Нидерланды, ЮАР, Бразилия, Словакия, Филиппины, Аргентина, Мальта, Португалия, Израиль, Уругвай, Ирландия, Грузия, Греция, Япония, Швейцария, Словения, Хорватия, Латвия, Австрия, Чили, Китай, Беларусь, Индия, Алжир, Мексика, Коста-Рика, Исландия, Норвегия, Украина, Гонконг, Таиланд, Ливан, Болгария, Доминикана, Сербия, Чехословакия, Германия (ГДР), Кипр, Тайвань, Люксембург, Румыния, Колумбия, Азербайджан, ...]
Index: []

[0 rows x 101 columns]
[2024-07-13T03:05:05.804+0000] {warnings.py:110} WARNING - /opt/airflow/dags/tasks/preprocess_data.py:166: PerformanceWarning: DataFrame is highly fragmented.  This is usually the result of calling `frame.insert` many times, which has poor performance.  Consider joining all columns at once using pd.concat(axis=1) instead. To get a de-fragmented frame, use `newframe = frame.copy()`
  data.loc[:, country] = data["countries"].apply(lambda x: 1 if country in x else 0)

[2024-07-13T03:05:05.805+0000] {logging_mixin.py:188} INFO - Добавлена страна:  Марокко
[2024-07-13T03:05:05.808+0000] {logging_mixin.py:188} INFO - Empty DataFrame
Columns: [id, name, description, year, rating, votes, movie_length, age_rating, genres, countries, decade, документальный, военный, триллер, драма, криминал, детектив, короткометражка, реальное ТВ, комедия, ужасы, мелодрама, биография, музыка, спорт, боевик, фантастика, приключения, семейный, история, фэнтези, мюзикл, детский, вестерн, Россия, Польша, Испания, Бельгия, Франция, США, Казахстан, Германия, Дания, Швеция, Эстония, Канада, Италия, Великобритания, Турция, Кыргызстан, Новая Зеландия, Венгрия, Австралия, ОАЭ, Чехия, СССР, Корея Южная, Нидерланды, ЮАР, Бразилия, Словакия, Филиппины, Аргентина, Мальта, Португалия, Израиль, Уругвай, Ирландия, Грузия, Греция, Япония, Швейцария, Словения, Хорватия, Латвия, Австрия, Чили, Китай, Беларусь, Индия, Алжир, Мексика, Коста-Рика, Исландия, Норвегия, Украина, Гонконг, Таиланд, Ливан, Болгария, Доминикана, Сербия, Чехословакия, Германия (ГДР), Кипр, Тайвань, Люксембург, Румыния, Колумбия, Азербайджан, ...]
Index: []

[0 rows x 102 columns]
[2024-07-13T03:05:05.818+0000] {warnings.py:110} WARNING - /opt/airflow/dags/tasks/preprocess_data.py:166: PerformanceWarning: DataFrame is highly fragmented.  This is usually the result of calling `frame.insert` many times, which has poor performance.  Consider joining all columns at once using pd.concat(axis=1) instead. To get a de-fragmented frame, use `newframe = frame.copy()`
  data.loc[:, country] = data["countries"].apply(lambda x: 1 if country in x else 0)

[2024-07-13T03:05:05.818+0000] {logging_mixin.py:188} INFO - Добавлена страна:  Тунис
[2024-07-13T03:05:05.822+0000] {logging_mixin.py:188} INFO - Empty DataFrame
Columns: [id, name, description, year, rating, votes, movie_length, age_rating, genres, countries, decade, документальный, военный, триллер, драма, криминал, детектив, короткометражка, реальное ТВ, комедия, ужасы, мелодрама, биография, музыка, спорт, боевик, фантастика, приключения, семейный, история, фэнтези, мюзикл, детский, вестерн, Россия, Польша, Испания, Бельгия, Франция, США, Казахстан, Германия, Дания, Швеция, Эстония, Канада, Италия, Великобритания, Турция, Кыргызстан, Новая Зеландия, Венгрия, Австралия, ОАЭ, Чехия, СССР, Корея Южная, Нидерланды, ЮАР, Бразилия, Словакия, Филиппины, Аргентина, Мальта, Португалия, Израиль, Уругвай, Ирландия, Грузия, Греция, Япония, Швейцария, Словения, Хорватия, Латвия, Австрия, Чили, Китай, Беларусь, Индия, Алжир, Мексика, Коста-Рика, Исландия, Норвегия, Украина, Гонконг, Таиланд, Ливан, Болгария, Доминикана, Сербия, Чехословакия, Германия (ГДР), Кипр, Тайвань, Люксембург, Румыния, Колумбия, Азербайджан, ...]
Index: []

[0 rows x 103 columns]
[2024-07-13T03:05:05.823+0000] {warnings.py:110} WARNING - /opt/airflow/dags/tasks/preprocess_data.py:166: PerformanceWarning: DataFrame is highly fragmented.  This is usually the result of calling `frame.insert` many times, which has poor performance.  Consider joining all columns at once using pd.concat(axis=1) instead. To get a de-fragmented frame, use `newframe = frame.copy()`
  data.loc[:, country] = data["countries"].apply(lambda x: 1 if country in x else 0)

[2024-07-13T03:05:05.824+0000] {logging_mixin.py:188} INFO - Добавлена страна:  Югославия
[2024-07-13T03:05:05.828+0000] {logging_mixin.py:188} INFO - Empty DataFrame
Columns: [id, name, description, year, rating, votes, movie_length, age_rating, genres, countries, decade, документальный, военный, триллер, драма, криминал, детектив, короткометражка, реальное ТВ, комедия, ужасы, мелодрама, биография, музыка, спорт, боевик, фантастика, приключения, семейный, история, фэнтези, мюзикл, детский, вестерн, Россия, Польша, Испания, Бельгия, Франция, США, Казахстан, Германия, Дания, Швеция, Эстония, Канада, Италия, Великобритания, Турция, Кыргызстан, Новая Зеландия, Венгрия, Австралия, ОАЭ, Чехия, СССР, Корея Южная, Нидерланды, ЮАР, Бразилия, Словакия, Филиппины, Аргентина, Мальта, Португалия, Израиль, Уругвай, Ирландия, Грузия, Греция, Япония, Швейцария, Словения, Хорватия, Латвия, Австрия, Чили, Китай, Беларусь, Индия, Алжир, Мексика, Коста-Рика, Исландия, Норвегия, Украина, Гонконг, Таиланд, Ливан, Болгария, Доминикана, Сербия, Чехословакия, Германия (ГДР), Кипр, Тайвань, Люксембург, Румыния, Колумбия, Азербайджан, ...]
Index: []

[0 rows x 104 columns]
[2024-07-13T03:05:05.830+0000] {warnings.py:110} WARNING - /opt/airflow/dags/tasks/preprocess_data.py:166: PerformanceWarning: DataFrame is highly fragmented.  This is usually the result of calling `frame.insert` many times, which has poor performance.  Consider joining all columns at once using pd.concat(axis=1) instead. To get a de-fragmented frame, use `newframe = frame.copy()`
  data.loc[:, country] = data["countries"].apply(lambda x: 1 if country in x else 0)

[2024-07-13T03:05:05.830+0000] {logging_mixin.py:188} INFO - Добавлена страна:  Пакистан
[2024-07-13T03:05:05.835+0000] {logging_mixin.py:188} INFO - Empty DataFrame
Columns: [id, name, description, year, rating, votes, movie_length, age_rating, genres, countries, decade, документальный, военный, триллер, драма, криминал, детектив, короткометражка, реальное ТВ, комедия, ужасы, мелодрама, биография, музыка, спорт, боевик, фантастика, приключения, семейный, история, фэнтези, мюзикл, детский, вестерн, Россия, Польша, Испания, Бельгия, Франция, США, Казахстан, Германия, Дания, Швеция, Эстония, Канада, Италия, Великобритания, Турция, Кыргызстан, Новая Зеландия, Венгрия, Австралия, ОАЭ, Чехия, СССР, Корея Южная, Нидерланды, ЮАР, Бразилия, Словакия, Филиппины, Аргентина, Мальта, Португалия, Израиль, Уругвай, Ирландия, Грузия, Греция, Япония, Швейцария, Словения, Хорватия, Латвия, Австрия, Чили, Китай, Беларусь, Индия, Алжир, Мексика, Коста-Рика, Исландия, Норвегия, Украина, Гонконг, Таиланд, Ливан, Болгария, Доминикана, Сербия, Чехословакия, Германия (ГДР), Кипр, Тайвань, Люксембург, Румыния, Колумбия, Азербайджан, ...]
Index: []

[0 rows x 105 columns]
[2024-07-13T03:05:05.838+0000] {warnings.py:110} WARNING - /opt/airflow/dags/tasks/preprocess_data.py:166: PerformanceWarning: DataFrame is highly fragmented.  This is usually the result of calling `frame.insert` many times, which has poor performance.  Consider joining all columns at once using pd.concat(axis=1) instead. To get a de-fragmented frame, use `newframe = frame.copy()`
  data.loc[:, country] = data["countries"].apply(lambda x: 1 if country in x else 0)

[2024-07-13T03:05:05.838+0000] {logging_mixin.py:188} INFO - Добавлена страна:  Перу
[2024-07-13T03:05:05.842+0000] {logging_mixin.py:188} INFO - Empty DataFrame
Columns: [id, name, description, year, rating, votes, movie_length, age_rating, genres, countries, decade, документальный, военный, триллер, драма, криминал, детектив, короткометражка, реальное ТВ, комедия, ужасы, мелодрама, биография, музыка, спорт, боевик, фантастика, приключения, семейный, история, фэнтези, мюзикл, детский, вестерн, Россия, Польша, Испания, Бельгия, Франция, США, Казахстан, Германия, Дания, Швеция, Эстония, Канада, Италия, Великобритания, Турция, Кыргызстан, Новая Зеландия, Венгрия, Австралия, ОАЭ, Чехия, СССР, Корея Южная, Нидерланды, ЮАР, Бразилия, Словакия, Филиппины, Аргентина, Мальта, Португалия, Израиль, Уругвай, Ирландия, Грузия, Греция, Япония, Швейцария, Словения, Хорватия, Латвия, Австрия, Чили, Китай, Беларусь, Индия, Алжир, Мексика, Коста-Рика, Исландия, Норвегия, Украина, Гонконг, Таиланд, Ливан, Болгария, Доминикана, Сербия, Чехословакия, Германия (ГДР), Кипр, Тайвань, Люксембург, Румыния, Колумбия, Азербайджан, ...]
Index: []

[0 rows x 106 columns]
[2024-07-13T03:05:05.844+0000] {warnings.py:110} WARNING - /opt/airflow/dags/tasks/preprocess_data.py:166: PerformanceWarning: DataFrame is highly fragmented.  This is usually the result of calling `frame.insert` many times, which has poor performance.  Consider joining all columns at once using pd.concat(axis=1) instead. To get a de-fragmented frame, use `newframe = frame.copy()`
  data.loc[:, country] = data["countries"].apply(lambda x: 1 if country in x else 0)

[2024-07-13T03:05:05.844+0000] {logging_mixin.py:188} INFO - Добавлена страна:  Индонезия
[2024-07-13T03:05:05.848+0000] {logging_mixin.py:188} INFO - Empty DataFrame
Columns: [id, name, description, year, rating, votes, movie_length, age_rating, genres, countries, decade, документальный, военный, триллер, драма, криминал, детектив, короткометражка, реальное ТВ, комедия, ужасы, мелодрама, биография, музыка, спорт, боевик, фантастика, приключения, семейный, история, фэнтези, мюзикл, детский, вестерн, Россия, Польша, Испания, Бельгия, Франция, США, Казахстан, Германия, Дания, Швеция, Эстония, Канада, Италия, Великобритания, Турция, Кыргызстан, Новая Зеландия, Венгрия, Австралия, ОАЭ, Чехия, СССР, Корея Южная, Нидерланды, ЮАР, Бразилия, Словакия, Филиппины, Аргентина, Мальта, Португалия, Израиль, Уругвай, Ирландия, Грузия, Греция, Япония, Швейцария, Словения, Хорватия, Латвия, Австрия, Чили, Китай, Беларусь, Индия, Алжир, Мексика, Коста-Рика, Исландия, Норвегия, Украина, Гонконг, Таиланд, Ливан, Болгария, Доминикана, Сербия, Чехословакия, Германия (ГДР), Кипр, Тайвань, Люксембург, Румыния, Колумбия, Азербайджан, ...]
Index: []

[0 rows x 107 columns]
[2024-07-13T03:05:05.850+0000] {warnings.py:110} WARNING - /opt/airflow/dags/tasks/preprocess_data.py:166: PerformanceWarning: DataFrame is highly fragmented.  This is usually the result of calling `frame.insert` many times, which has poor performance.  Consider joining all columns at once using pd.concat(axis=1) instead. To get a de-fragmented frame, use `newframe = frame.copy()`
  data.loc[:, country] = data["countries"].apply(lambda x: 1 if country in x else 0)

[2024-07-13T03:05:05.851+0000] {logging_mixin.py:188} INFO - Добавлена страна:  Малайзия
[2024-07-13T03:05:05.855+0000] {logging_mixin.py:188} INFO - Empty DataFrame
Columns: [id, name, description, year, rating, votes, movie_length, age_rating, genres, countries, decade, документальный, военный, триллер, драма, криминал, детектив, короткометражка, реальное ТВ, комедия, ужасы, мелодрама, биография, музыка, спорт, боевик, фантастика, приключения, семейный, история, фэнтези, мюзикл, детский, вестерн, Россия, Польша, Испания, Бельгия, Франция, США, Казахстан, Германия, Дания, Швеция, Эстония, Канада, Италия, Великобритания, Турция, Кыргызстан, Новая Зеландия, Венгрия, Австралия, ОАЭ, Чехия, СССР, Корея Южная, Нидерланды, ЮАР, Бразилия, Словакия, Филиппины, Аргентина, Мальта, Португалия, Израиль, Уругвай, Ирландия, Грузия, Греция, Япония, Швейцария, Словения, Хорватия, Латвия, Австрия, Чили, Китай, Беларусь, Индия, Алжир, Мексика, Коста-Рика, Исландия, Норвегия, Украина, Гонконг, Таиланд, Ливан, Болгария, Доминикана, Сербия, Чехословакия, Германия (ГДР), Кипр, Тайвань, Люксембург, Румыния, Колумбия, Азербайджан, ...]
Index: []

[0 rows x 108 columns]
[2024-07-13T03:05:05.856+0000] {warnings.py:110} WARNING - /opt/airflow/dags/tasks/preprocess_data.py:166: PerformanceWarning: DataFrame is highly fragmented.  This is usually the result of calling `frame.insert` many times, which has poor performance.  Consider joining all columns at once using pd.concat(axis=1) instead. To get a de-fragmented frame, use `newframe = frame.copy()`
  data.loc[:, country] = data["countries"].apply(lambda x: 1 if country in x else 0)

[2024-07-13T03:05:05.856+0000] {logging_mixin.py:188} INFO - Добавлена страна:  Германия (ФРГ)
[2024-07-13T03:05:05.860+0000] {logging_mixin.py:188} INFO - Empty DataFrame
Columns: [id, name, description, year, rating, votes, movie_length, age_rating, genres, countries, decade, документальный, военный, триллер, драма, криминал, детектив, короткометражка, реальное ТВ, комедия, ужасы, мелодрама, биография, музыка, спорт, боевик, фантастика, приключения, семейный, история, фэнтези, мюзикл, детский, вестерн, Россия, Польша, Испания, Бельгия, Франция, США, Казахстан, Германия, Дания, Швеция, Эстония, Канада, Италия, Великобритания, Турция, Кыргызстан, Новая Зеландия, Венгрия, Австралия, ОАЭ, Чехия, СССР, Корея Южная, Нидерланды, ЮАР, Бразилия, Словакия, Филиппины, Аргентина, Мальта, Португалия, Израиль, Уругвай, Ирландия, Грузия, Греция, Япония, Швейцария, Словения, Хорватия, Латвия, Австрия, Чили, Китай, Беларусь, Индия, Алжир, Мексика, Коста-Рика, Исландия, Норвегия, Украина, Гонконг, Таиланд, Ливан, Болгария, Доминикана, Сербия, Чехословакия, Германия (ГДР), Кипр, Тайвань, Люксембург, Румыния, Колумбия, Азербайджан, ...]
Index: []

[0 rows x 109 columns]
[2024-07-13T03:05:05.861+0000] {warnings.py:110} WARNING - /opt/airflow/dags/tasks/preprocess_data.py:166: PerformanceWarning: DataFrame is highly fragmented.  This is usually the result of calling `frame.insert` many times, which has poor performance.  Consider joining all columns at once using pd.concat(axis=1) instead. To get a de-fragmented frame, use `newframe = frame.copy()`
  data.loc[:, country] = data["countries"].apply(lambda x: 1 if country in x else 0)

[2024-07-13T03:05:05.862+0000] {logging_mixin.py:188} INFO - Добавлена страна:  Литва
[2024-07-13T03:05:05.866+0000] {logging_mixin.py:188} INFO - Empty DataFrame
Columns: [id, name, description, year, rating, votes, movie_length, age_rating, genres, countries, decade, документальный, военный, триллер, драма, криминал, детектив, короткометражка, реальное ТВ, комедия, ужасы, мелодрама, биография, музыка, спорт, боевик, фантастика, приключения, семейный, история, фэнтези, мюзикл, детский, вестерн, Россия, Польша, Испания, Бельгия, Франция, США, Казахстан, Германия, Дания, Швеция, Эстония, Канада, Италия, Великобритания, Турция, Кыргызстан, Новая Зеландия, Венгрия, Австралия, ОАЭ, Чехия, СССР, Корея Южная, Нидерланды, ЮАР, Бразилия, Словакия, Филиппины, Аргентина, Мальта, Португалия, Израиль, Уругвай, Ирландия, Грузия, Греция, Япония, Швейцария, Словения, Хорватия, Латвия, Австрия, Чили, Китай, Беларусь, Индия, Алжир, Мексика, Коста-Рика, Исландия, Норвегия, Украина, Гонконг, Таиланд, Ливан, Болгария, Доминикана, Сербия, Чехословакия, Германия (ГДР), Кипр, Тайвань, Люксембург, Румыния, Колумбия, Азербайджан, ...]
Index: []

[0 rows x 110 columns]
[2024-07-13T03:05:05.867+0000] {warnings.py:110} WARNING - /opt/airflow/dags/tasks/preprocess_data.py:166: PerformanceWarning: DataFrame is highly fragmented.  This is usually the result of calling `frame.insert` many times, which has poor performance.  Consider joining all columns at once using pd.concat(axis=1) instead. To get a de-fragmented frame, use `newframe = frame.copy()`
  data.loc[:, country] = data["countries"].apply(lambda x: 1 if country in x else 0)

[2024-07-13T03:05:05.867+0000] {logging_mixin.py:188} INFO - Добавлена страна:  Армения
[2024-07-13T03:05:05.871+0000] {logging_mixin.py:188} INFO - Empty DataFrame
Columns: [id, name, description, year, rating, votes, movie_length, age_rating, genres, countries, decade, документальный, военный, триллер, драма, криминал, детектив, короткометражка, реальное ТВ, комедия, ужасы, мелодрама, биография, музыка, спорт, боевик, фантастика, приключения, семейный, история, фэнтези, мюзикл, детский, вестерн, Россия, Польша, Испания, Бельгия, Франция, США, Казахстан, Германия, Дания, Швеция, Эстония, Канада, Италия, Великобритания, Турция, Кыргызстан, Новая Зеландия, Венгрия, Австралия, ОАЭ, Чехия, СССР, Корея Южная, Нидерланды, ЮАР, Бразилия, Словакия, Филиппины, Аргентина, Мальта, Португалия, Израиль, Уругвай, Ирландия, Грузия, Греция, Япония, Швейцария, Словения, Хорватия, Латвия, Австрия, Чили, Китай, Беларусь, Индия, Алжир, Мексика, Коста-Рика, Исландия, Норвегия, Украина, Гонконг, Таиланд, Ливан, Болгария, Доминикана, Сербия, Чехословакия, Германия (ГДР), Кипр, Тайвань, Люксембург, Румыния, Колумбия, Азербайджан, ...]
Index: []

[0 rows x 111 columns]
[2024-07-13T03:05:05.872+0000] {warnings.py:110} WARNING - /opt/airflow/dags/tasks/preprocess_data.py:166: PerformanceWarning: DataFrame is highly fragmented.  This is usually the result of calling `frame.insert` many times, which has poor performance.  Consider joining all columns at once using pd.concat(axis=1) instead. To get a de-fragmented frame, use `newframe = frame.copy()`
  data.loc[:, country] = data["countries"].apply(lambda x: 1 if country in x else 0)

[2024-07-13T03:05:05.873+0000] {logging_mixin.py:188} INFO - Добавлена страна:  Иран
[2024-07-13T03:05:05.876+0000] {logging_mixin.py:188} INFO - Empty DataFrame
Columns: [id, name, description, year, rating, votes, movie_length, age_rating, genres, countries, decade, документальный, военный, триллер, драма, криминал, детектив, короткометражка, реальное ТВ, комедия, ужасы, мелодрама, биография, музыка, спорт, боевик, фантастика, приключения, семейный, история, фэнтези, мюзикл, детский, вестерн, Россия, Польша, Испания, Бельгия, Франция, США, Казахстан, Германия, Дания, Швеция, Эстония, Канада, Италия, Великобритания, Турция, Кыргызстан, Новая Зеландия, Венгрия, Австралия, ОАЭ, Чехия, СССР, Корея Южная, Нидерланды, ЮАР, Бразилия, Словакия, Филиппины, Аргентина, Мальта, Португалия, Израиль, Уругвай, Ирландия, Грузия, Греция, Япония, Швейцария, Словения, Хорватия, Латвия, Австрия, Чили, Китай, Беларусь, Индия, Алжир, Мексика, Коста-Рика, Исландия, Норвегия, Украина, Гонконг, Таиланд, Ливан, Болгария, Доминикана, Сербия, Чехословакия, Германия (ГДР), Кипр, Тайвань, Люксембург, Румыния, Колумбия, Азербайджан, ...]
Index: []

[0 rows x 112 columns]
[2024-07-13T03:05:05.877+0000] {warnings.py:110} WARNING - /opt/airflow/dags/tasks/preprocess_data.py:166: PerformanceWarning: DataFrame is highly fragmented.  This is usually the result of calling `frame.insert` many times, which has poor performance.  Consider joining all columns at once using pd.concat(axis=1) instead. To get a de-fragmented frame, use `newframe = frame.copy()`
  data.loc[:, country] = data["countries"].apply(lambda x: 1 if country in x else 0)

[2024-07-13T03:05:05.878+0000] {logging_mixin.py:188} INFO - Добавлена страна:  Финляндия
[2024-07-13T03:05:05.882+0000] {logging_mixin.py:188} INFO - Empty DataFrame
Columns: [id, name, description, year, rating, votes, movie_length, age_rating, genres, countries, decade, документальный, военный, триллер, драма, криминал, детектив, короткометражка, реальное ТВ, комедия, ужасы, мелодрама, биография, музыка, спорт, боевик, фантастика, приключения, семейный, история, фэнтези, мюзикл, детский, вестерн, Россия, Польша, Испания, Бельгия, Франция, США, Казахстан, Германия, Дания, Швеция, Эстония, Канада, Италия, Великобритания, Турция, Кыргызстан, Новая Зеландия, Венгрия, Австралия, ОАЭ, Чехия, СССР, Корея Южная, Нидерланды, ЮАР, Бразилия, Словакия, Филиппины, Аргентина, Мальта, Португалия, Израиль, Уругвай, Ирландия, Грузия, Греция, Япония, Швейцария, Словения, Хорватия, Латвия, Австрия, Чили, Китай, Беларусь, Индия, Алжир, Мексика, Коста-Рика, Исландия, Норвегия, Украина, Гонконг, Таиланд, Ливан, Болгария, Доминикана, Сербия, Чехословакия, Германия (ГДР), Кипр, Тайвань, Люксембург, Румыния, Колумбия, Азербайджан, ...]
Index: []

[0 rows x 113 columns]
[2024-07-13T03:05:05.884+0000] {warnings.py:110} WARNING - /opt/airflow/dags/tasks/preprocess_data.py:166: PerformanceWarning: DataFrame is highly fragmented.  This is usually the result of calling `frame.insert` many times, which has poor performance.  Consider joining all columns at once using pd.concat(axis=1) instead. To get a de-fragmented frame, use `newframe = frame.copy()`
  data.loc[:, country] = data["countries"].apply(lambda x: 1 if country in x else 0)

[2024-07-13T03:05:05.884+0000] {logging_mixin.py:188} INFO - Добавлена страна:  Босния и Герцеговина
[2024-07-13T03:05:05.888+0000] {logging_mixin.py:188} INFO - Empty DataFrame
Columns: [id, name, description, year, rating, votes, movie_length, age_rating, genres, countries, decade, документальный, военный, триллер, драма, криминал, детектив, короткометражка, реальное ТВ, комедия, ужасы, мелодрама, биография, музыка, спорт, боевик, фантастика, приключения, семейный, история, фэнтези, мюзикл, детский, вестерн, Россия, Польша, Испания, Бельгия, Франция, США, Казахстан, Германия, Дания, Швеция, Эстония, Канада, Италия, Великобритания, Турция, Кыргызстан, Новая Зеландия, Венгрия, Австралия, ОАЭ, Чехия, СССР, Корея Южная, Нидерланды, ЮАР, Бразилия, Словакия, Филиппины, Аргентина, Мальта, Португалия, Израиль, Уругвай, Ирландия, Грузия, Греция, Япония, Швейцария, Словения, Хорватия, Латвия, Австрия, Чили, Китай, Беларусь, Индия, Алжир, Мексика, Коста-Рика, Исландия, Норвегия, Украина, Гонконг, Таиланд, Ливан, Болгария, Доминикана, Сербия, Чехословакия, Германия (ГДР), Кипр, Тайвань, Люксембург, Румыния, Колумбия, Азербайджан, ...]
Index: []

[0 rows x 114 columns]
[2024-07-13T03:05:05.890+0000] {warnings.py:110} WARNING - /opt/airflow/dags/tasks/preprocess_data.py:166: PerformanceWarning: DataFrame is highly fragmented.  This is usually the result of calling `frame.insert` many times, which has poor performance.  Consider joining all columns at once using pd.concat(axis=1) instead. To get a de-fragmented frame, use `newframe = frame.copy()`
  data.loc[:, country] = data["countries"].apply(lambda x: 1 if country in x else 0)

[2024-07-13T03:05:05.890+0000] {logging_mixin.py:188} INFO - Добавлена страна:  Саудовская Аравия
[2024-07-13T03:05:05.894+0000] {logging_mixin.py:188} INFO - Empty DataFrame
Columns: [id, name, description, year, rating, votes, movie_length, age_rating, genres, countries, decade, документальный, военный, триллер, драма, криминал, детектив, короткометражка, реальное ТВ, комедия, ужасы, мелодрама, биография, музыка, спорт, боевик, фантастика, приключения, семейный, история, фэнтези, мюзикл, детский, вестерн, Россия, Польша, Испания, Бельгия, Франция, США, Казахстан, Германия, Дания, Швеция, Эстония, Канада, Италия, Великобритания, Турция, Кыргызстан, Новая Зеландия, Венгрия, Австралия, ОАЭ, Чехия, СССР, Корея Южная, Нидерланды, ЮАР, Бразилия, Словакия, Филиппины, Аргентина, Мальта, Португалия, Израиль, Уругвай, Ирландия, Грузия, Греция, Япония, Швейцария, Словения, Хорватия, Латвия, Австрия, Чили, Китай, Беларусь, Индия, Алжир, Мексика, Коста-Рика, Исландия, Норвегия, Украина, Гонконг, Таиланд, Ливан, Болгария, Доминикана, Сербия, Чехословакия, Германия (ГДР), Кипр, Тайвань, Люксембург, Румыния, Колумбия, Азербайджан, ...]
Index: []

[0 rows x 115 columns]
[2024-07-13T03:05:05.895+0000] {warnings.py:110} WARNING - /opt/airflow/dags/tasks/preprocess_data.py:166: PerformanceWarning: DataFrame is highly fragmented.  This is usually the result of calling `frame.insert` many times, which has poor performance.  Consider joining all columns at once using pd.concat(axis=1) instead. To get a de-fragmented frame, use `newframe = frame.copy()`
  data.loc[:, country] = data["countries"].apply(lambda x: 1 if country in x else 0)

[2024-07-13T03:05:05.895+0000] {logging_mixin.py:188} INFO - Добавлена страна:  Катар
[2024-07-13T03:05:05.899+0000] {logging_mixin.py:188} INFO - Empty DataFrame
Columns: [id, name, description, year, rating, votes, movie_length, age_rating, genres, countries, decade, документальный, военный, триллер, драма, криминал, детектив, короткометражка, реальное ТВ, комедия, ужасы, мелодрама, биография, музыка, спорт, боевик, фантастика, приключения, семейный, история, фэнтези, мюзикл, детский, вестерн, Россия, Польша, Испания, Бельгия, Франция, США, Казахстан, Германия, Дания, Швеция, Эстония, Канада, Италия, Великобритания, Турция, Кыргызстан, Новая Зеландия, Венгрия, Австралия, ОАЭ, Чехия, СССР, Корея Южная, Нидерланды, ЮАР, Бразилия, Словакия, Филиппины, Аргентина, Мальта, Португалия, Израиль, Уругвай, Ирландия, Грузия, Греция, Япония, Швейцария, Словения, Хорватия, Латвия, Австрия, Чили, Китай, Беларусь, Индия, Алжир, Мексика, Коста-Рика, Исландия, Норвегия, Украина, Гонконг, Таиланд, Ливан, Болгария, Доминикана, Сербия, Чехословакия, Германия (ГДР), Кипр, Тайвань, Люксембург, Румыния, Колумбия, Азербайджан, ...]
Index: []

[0 rows x 116 columns]
[2024-07-13T03:05:05.900+0000] {warnings.py:110} WARNING - /opt/airflow/dags/tasks/preprocess_data.py:166: PerformanceWarning: DataFrame is highly fragmented.  This is usually the result of calling `frame.insert` many times, which has poor performance.  Consider joining all columns at once using pd.concat(axis=1) instead. To get a de-fragmented frame, use `newframe = frame.copy()`
  data.loc[:, country] = data["countries"].apply(lambda x: 1 if country in x else 0)

[2024-07-13T03:05:05.900+0000] {logging_mixin.py:188} INFO - Добавлена страна:  Сингапур
[2024-07-13T03:05:05.904+0000] {logging_mixin.py:188} INFO - Empty DataFrame
Columns: [id, name, description, year, rating, votes, movie_length, age_rating, genres, countries, decade, документальный, военный, триллер, драма, криминал, детектив, короткометражка, реальное ТВ, комедия, ужасы, мелодрама, биография, музыка, спорт, боевик, фантастика, приключения, семейный, история, фэнтези, мюзикл, детский, вестерн, Россия, Польша, Испания, Бельгия, Франция, США, Казахстан, Германия, Дания, Швеция, Эстония, Канада, Италия, Великобритания, Турция, Кыргызстан, Новая Зеландия, Венгрия, Австралия, ОАЭ, Чехия, СССР, Корея Южная, Нидерланды, ЮАР, Бразилия, Словакия, Филиппины, Аргентина, Мальта, Португалия, Израиль, Уругвай, Ирландия, Грузия, Греция, Япония, Швейцария, Словения, Хорватия, Латвия, Австрия, Чили, Китай, Беларусь, Индия, Алжир, Мексика, Коста-Рика, Исландия, Норвегия, Украина, Гонконг, Таиланд, Ливан, Болгария, Доминикана, Сербия, Чехословакия, Германия (ГДР), Кипр, Тайвань, Люксембург, Румыния, Колумбия, Азербайджан, ...]
Index: []

[0 rows x 117 columns]
[2024-07-13T03:05:05.906+0000] {warnings.py:110} WARNING - /opt/airflow/dags/tasks/preprocess_data.py:166: PerformanceWarning: DataFrame is highly fragmented.  This is usually the result of calling `frame.insert` many times, which has poor performance.  Consider joining all columns at once using pd.concat(axis=1) instead. To get a de-fragmented frame, use `newframe = frame.copy()`
  data.loc[:, country] = data["countries"].apply(lambda x: 1 if country in x else 0)

[2024-07-13T03:05:05.906+0000] {logging_mixin.py:188} INFO - Добавлена страна:  Эквадор
[2024-07-13T03:05:05.910+0000] {logging_mixin.py:188} INFO - Empty DataFrame
Columns: [id, name, description, year, rating, votes, movie_length, age_rating, genres, countries, decade, документальный, военный, триллер, драма, криминал, детектив, короткометражка, реальное ТВ, комедия, ужасы, мелодрама, биография, музыка, спорт, боевик, фантастика, приключения, семейный, история, фэнтези, мюзикл, детский, вестерн, Россия, Польша, Испания, Бельгия, Франция, США, Казахстан, Германия, Дания, Швеция, Эстония, Канада, Италия, Великобритания, Турция, Кыргызстан, Новая Зеландия, Венгрия, Австралия, ОАЭ, Чехия, СССР, Корея Южная, Нидерланды, ЮАР, Бразилия, Словакия, Филиппины, Аргентина, Мальта, Португалия, Израиль, Уругвай, Ирландия, Грузия, Греция, Япония, Швейцария, Словения, Хорватия, Латвия, Австрия, Чили, Китай, Беларусь, Индия, Алжир, Мексика, Коста-Рика, Исландия, Норвегия, Украина, Гонконг, Таиланд, Ливан, Болгария, Доминикана, Сербия, Чехословакия, Германия (ГДР), Кипр, Тайвань, Люксембург, Румыния, Колумбия, Азербайджан, ...]
Index: []

[0 rows x 118 columns]
[2024-07-13T03:05:05.911+0000] {warnings.py:110} WARNING - /opt/airflow/dags/tasks/preprocess_data.py:166: PerformanceWarning: DataFrame is highly fragmented.  This is usually the result of calling `frame.insert` many times, which has poor performance.  Consider joining all columns at once using pd.concat(axis=1) instead. To get a de-fragmented frame, use `newframe = frame.copy()`
  data.loc[:, country] = data["countries"].apply(lambda x: 1 if country in x else 0)

[2024-07-13T03:05:05.911+0000] {logging_mixin.py:188} INFO - Добавлена страна:  Египет
[2024-07-13T03:05:05.913+0000] {warnings.py:110} WARNING - /opt/airflow/dags/tasks/preprocess_data.py:65: PerformanceWarning: DataFrame is highly fragmented.  This is usually the result of calling `frame.insert` many times, which has poor performance.  Consider joining all columns at once using pd.concat(axis=1) instead. To get a de-fragmented frame, use `newframe = frame.copy()`
  data[f"{feature}_transformed"] = le.transform(data[feature])

[2024-07-13T03:05:05.921+0000] {base.py:84} INFO - Using connection ID 'minio' for task execution.
[2024-07-13T03:05:05.922+0000] {connection_wrapper.py:384} INFO - AWS Connection (conn_id='minio', conn_type='aws') credentials retrieved from login and password.
[2024-07-13T03:05:06.117+0000] {warnings.py:110} WARNING - /opt/airflow/dags/tasks/preprocess_data.py:65: PerformanceWarning: DataFrame is highly fragmented.  This is usually the result of calling `frame.insert` many times, which has poor performance.  Consider joining all columns at once using pd.concat(axis=1) instead. To get a de-fragmented frame, use `newframe = frame.copy()`
  data[f"{feature}_transformed"] = le.transform(data[feature])

[2024-07-13T03:05:06.124+0000] {base.py:84} INFO - Using connection ID 'minio' for task execution.
[2024-07-13T03:05:06.124+0000] {connection_wrapper.py:384} INFO - AWS Connection (conn_id='minio', conn_type='aws') credentials retrieved from login and password.
[2024-07-13T03:05:06.195+0000] {base.py:84} INFO - Using connection ID 'minio' for task execution.
[2024-07-13T03:05:06.196+0000] {connection_wrapper.py:384} INFO - AWS Connection (conn_id='minio', conn_type='aws') credentials retrieved from login and password.
[2024-07-13T03:05:06.356+0000] {base.py:84} INFO - Using connection ID 'minio' for task execution.
[2024-07-13T03:05:06.356+0000] {connection_wrapper.py:384} INFO - AWS Connection (conn_id='minio', conn_type='aws') credentials retrieved from login and password.
[2024-07-13T03:05:06.487+0000] {python.py:237} INFO - Done. Returned value was: None
[2024-07-13T03:05:06.487+0000] {taskinstance.py:441} INFO - ::group::Post task execution logs
[2024-07-13T03:05:06.493+0000] {taskinstance.py:1206} INFO - Marking task as SUCCESS. dag_id=model_training_v90, task_id=preprocess_data, run_id=scheduled__2024-07-13T03:00:00+00:00, execution_date=20240713T030000, start_date=20240713T030505, end_date=20240713T030506
[2024-07-13T03:05:06.533+0000] {local_task_job_runner.py:240} INFO - Task exited with return code 0
[2024-07-13T03:05:06.545+0000] {taskinstance.py:3498} INFO - 1 downstream tasks scheduled from follow-on schedule check
[2024-07-13T03:05:06.547+0000] {local_task_job_runner.py:222} INFO - ::endgroup::
