[2024-07-06T02:44:55.830+0000] {local_task_job_runner.py:120} INFO - ::group::Pre task execution logs
[2024-07-06T02:44:55.844+0000] {taskinstance.py:2076} INFO - Dependencies all met for dep_context=non-requeueable deps ti=<TaskInstance: model_training_v33.create_bucket scheduled__2024-07-05T00:00:00+00:00 [queued]>
[2024-07-06T02:44:55.848+0000] {taskinstance.py:2076} INFO - Dependencies all met for dep_context=requeueable deps ti=<TaskInstance: model_training_v33.create_bucket scheduled__2024-07-05T00:00:00+00:00 [queued]>
[2024-07-06T02:44:55.848+0000] {taskinstance.py:2306} INFO - Starting attempt 1 of 2
[2024-07-06T02:44:55.857+0000] {taskinstance.py:2330} INFO - Executing <Task(PythonOperator): create_bucket> on 2024-07-05 00:00:00+00:00
[2024-07-06T02:44:55.862+0000] {warnings.py:110} WARNING - /home/airflow/.local/lib/python3.12/site-packages/airflow/task/task_runner/standard_task_runner.py:61: DeprecationWarning: This process (pid=250) is multi-threaded, use of fork() may lead to deadlocks in the child.
  pid = os.fork()

[2024-07-06T02:44:55.863+0000] {standard_task_runner.py:63} INFO - Started process 278 to run task
[2024-07-06T02:44:55.863+0000] {standard_task_runner.py:90} INFO - Running: ['airflow', 'tasks', 'run', 'model_training_v33', 'create_bucket', 'scheduled__2024-07-05T00:00:00+00:00', '--job-id', '25', '--raw', '--subdir', 'DAGS_FOLDER/model_training.py', '--cfg-path', '/tmp/tmpym230ckm']
[2024-07-06T02:44:55.864+0000] {standard_task_runner.py:91} INFO - Job 25: Subtask create_bucket
[2024-07-06T02:44:55.897+0000] {task_command.py:426} INFO - Running <TaskInstance: model_training_v33.create_bucket scheduled__2024-07-05T00:00:00+00:00 [running]> on host fba33172adc1
[2024-07-06T02:44:55.953+0000] {taskinstance.py:2648} INFO - Exporting env vars: AIRFLOW_CTX_DAG_OWNER='airflow' AIRFLOW_CTX_DAG_ID='model_training_v33' AIRFLOW_CTX_TASK_ID='create_bucket' AIRFLOW_CTX_EXECUTION_DATE='2024-07-05T00:00:00+00:00' AIRFLOW_CTX_TRY_NUMBER='1' AIRFLOW_CTX_DAG_RUN_ID='scheduled__2024-07-05T00:00:00+00:00'
[2024-07-06T02:44:55.954+0000] {taskinstance.py:430} INFO - ::endgroup::
[2024-07-06T02:45:03.708+0000] {connectionpool.py:874} WARNING - Retrying (Retry(total=4, connect=None, read=None, redirect=None, status=None)) after connection broken by 'NameResolutionError("<urllib3.connection.HTTPConnection object at 0x7fb00af45370>: Failed to resolve 'minio' ([Errno -2] Name or service not known)")': /my-bucket
[2024-07-06T02:45:07.833+0000] {connectionpool.py:874} WARNING - Retrying (Retry(total=3, connect=None, read=None, redirect=None, status=None)) after connection broken by 'NameResolutionError("<urllib3.connection.HTTPConnection object at 0x7fb00af45190>: Failed to resolve 'minio' ([Errno -2] Name or service not known)")': /my-bucket
[2024-07-06T02:45:12.342+0000] {connectionpool.py:874} WARNING - Retrying (Retry(total=2, connect=None, read=None, redirect=None, status=None)) after connection broken by 'NameResolutionError("<urllib3.connection.HTTPConnection object at 0x7fb00af45940>: Failed to resolve 'minio' ([Errno -2] Name or service not known)")': /my-bucket
[2024-07-06T02:45:17.712+0000] {connectionpool.py:874} WARNING - Retrying (Retry(total=1, connect=None, read=None, redirect=None, status=None)) after connection broken by 'NameResolutionError("<urllib3.connection.HTTPConnection object at 0x7fb00af45fa0>: Failed to resolve 'minio' ([Errno -2] Name or service not known)")': /my-bucket
[2024-07-06T02:45:24.665+0000] {connectionpool.py:874} WARNING - Retrying (Retry(total=0, connect=None, read=None, redirect=None, status=None)) after connection broken by 'NameResolutionError("<urllib3.connection.HTTPConnection object at 0x7fb00af464b0>: Failed to resolve 'minio' ([Errno -2] Name or service not known)")': /my-bucket
[2024-07-06T02:45:28.389+0000] {logging_mixin.py:188} INFO - Ошибка при создании bucket 'my-bucket': HTTPConnectionPool(host='minio', port=9000): Max retries exceeded with url: /my-bucket (Caused by NameResolutionError("<urllib3.connection.HTTPConnection object at 0x7fb00af46690>: Failed to resolve 'minio' ([Errno -2] Name or service not known)"))
[2024-07-06T02:45:28.390+0000] {python.py:237} INFO - Done. Returned value was: None
[2024-07-06T02:45:28.390+0000] {taskinstance.py:441} INFO - ::group::Post task execution logs
[2024-07-06T02:45:28.400+0000] {taskinstance.py:1206} INFO - Marking task as SUCCESS. dag_id=model_training_v33, task_id=create_bucket, run_id=scheduled__2024-07-05T00:00:00+00:00, execution_date=20240705T000000, start_date=20240706T024455, end_date=20240706T024528
[2024-07-06T02:45:28.457+0000] {local_task_job_runner.py:240} INFO - Task exited with return code 0
[2024-07-06T02:45:28.467+0000] {taskinstance.py:3498} INFO - 0 downstream tasks scheduled from follow-on schedule check
[2024-07-06T02:45:28.469+0000] {local_task_job_runner.py:222} INFO - ::endgroup::
