[2024-07-11T03:20:02.234+0000] {local_task_job_runner.py:120} INFO - ::group::Pre task execution logs
[2024-07-11T03:20:02.250+0000] {taskinstance.py:2076} INFO - Dependencies all met for dep_context=non-requeueable deps ti=<TaskInstance: create_movie_dataset_v47.get_json scheduled__2024-07-11T03:10:00+00:00 [queued]>
[2024-07-11T03:20:02.255+0000] {taskinstance.py:2076} INFO - Dependencies all met for dep_context=requeueable deps ti=<TaskInstance: create_movie_dataset_v47.get_json scheduled__2024-07-11T03:10:00+00:00 [queued]>
[2024-07-11T03:20:02.256+0000] {taskinstance.py:2306} INFO - Starting attempt 1 of 2
[2024-07-11T03:20:02.265+0000] {taskinstance.py:2330} INFO - Executing <Task(PythonOperator): get_json> on 2024-07-11 03:10:00+00:00
[2024-07-11T03:20:02.269+0000] {warnings.py:110} WARNING - /home/airflow/.local/lib/python3.12/site-packages/airflow/task/task_runner/standard_task_runner.py:61: DeprecationWarning: This process (pid=836) is multi-threaded, use of fork() may lead to deadlocks in the child.
  pid = os.fork()

[2024-07-11T03:20:02.270+0000] {standard_task_runner.py:63} INFO - Started process 845 to run task
[2024-07-11T03:20:02.270+0000] {standard_task_runner.py:90} INFO - Running: ['airflow', 'tasks', 'run', 'create_movie_dataset_v47', 'get_json', 'scheduled__2024-07-11T03:10:00+00:00', '--job-id', '297', '--raw', '--subdir', 'DAGS_FOLDER/etl.py', '--cfg-path', '/tmp/tmpp847716e']
[2024-07-11T03:20:02.272+0000] {standard_task_runner.py:91} INFO - Job 297: Subtask get_json
[2024-07-11T03:20:02.303+0000] {task_command.py:426} INFO - Running <TaskInstance: create_movie_dataset_v47.get_json scheduled__2024-07-11T03:10:00+00:00 [running]> on host ab430778e8ff
[2024-07-11T03:20:02.362+0000] {taskinstance.py:2648} INFO - Exporting env vars: AIRFLOW_CTX_DAG_OWNER='airflow' AIRFLOW_CTX_DAG_ID='create_movie_dataset_v47' AIRFLOW_CTX_TASK_ID='get_json' AIRFLOW_CTX_EXECUTION_DATE='2024-07-11T03:10:00+00:00' AIRFLOW_CTX_TRY_NUMBER='1' AIRFLOW_CTX_DAG_RUN_ID='scheduled__2024-07-11T03:10:00+00:00'
[2024-07-11T03:20:02.363+0000] {taskinstance.py:430} INFO - ::endgroup::
[2024-07-11T03:20:02.384+0000] {logging_mixin.py:188} INFO - 43
[2024-07-11T03:20:02.401+0000] {logging_mixin.py:188} INFO - N2TNP3Z-7ZAMFKD-HBA2YVR-9G8KV1Y
[2024-07-11T03:20:06.006+0000] {logging_mixin.py:188} INFO - Данные успешно сохранены в файл 'movie_data.json'.
[2024-07-11T03:20:06.011+0000] {crypto.py:82} WARNING - empty cryptography key - values will not be stored encrypted.
[2024-07-11T03:20:06.016+0000] {python.py:237} INFO - Done. Returned value was: None
[2024-07-11T03:20:06.016+0000] {taskinstance.py:441} INFO - ::group::Post task execution logs
[2024-07-11T03:20:06.022+0000] {taskinstance.py:1206} INFO - Marking task as SUCCESS. dag_id=create_movie_dataset_v47, task_id=get_json, run_id=scheduled__2024-07-11T03:10:00+00:00, execution_date=20240711T031000, start_date=20240711T032002, end_date=20240711T032006
[2024-07-11T03:20:06.063+0000] {local_task_job_runner.py:240} INFO - Task exited with return code 0
[2024-07-11T03:20:06.070+0000] {warnings.py:110} WARNING - /home/airflow/.local/lib/python3.12/site-packages/airflow/models/baseoperator.py:1296: AirflowProviderDeprecationWarning: Call to deprecated class PostgresOperator. (Please use `airflow.providers.common.sql.operators.sql.SQLExecuteQueryOperator`.Also, you can provide `hook_params={'schema': <database>}`.)
  result = cls.__new__(cls)

[2024-07-11T03:20:06.081+0000] {taskinstance.py:3498} INFO - 2 downstream tasks scheduled from follow-on schedule check
[2024-07-11T03:20:06.085+0000] {local_task_job_runner.py:222} INFO - ::endgroup::
