[2024-06-26T05:15:29.576+0000] {local_task_job_runner.py:120} INFO - ::group::Pre task execution logs
[2024-06-26T05:15:29.588+0000] {taskinstance.py:2076} INFO - Dependencies all met for dep_context=non-requeueable deps ti=<TaskInstance: create_movie_dataset_v35.get_json scheduled__2024-06-26T04:10:00+00:00 [queued]>
[2024-06-26T05:15:29.592+0000] {taskinstance.py:2076} INFO - Dependencies all met for dep_context=requeueable deps ti=<TaskInstance: create_movie_dataset_v35.get_json scheduled__2024-06-26T04:10:00+00:00 [queued]>
[2024-06-26T05:15:29.592+0000] {taskinstance.py:2306} INFO - Starting attempt 1 of 2
[2024-06-26T05:15:29.600+0000] {taskinstance.py:2330} INFO - Executing <Task(PythonOperator): get_json> on 2024-06-26 04:10:00+00:00
[2024-06-26T05:15:29.605+0000] {warnings.py:110} WARNING - /home/airflow/.local/lib/python3.12/site-packages/airflow/task/task_runner/standard_task_runner.py:61: DeprecationWarning: This process (pid=6321) is multi-threaded, use of fork() may lead to deadlocks in the child.
  pid = os.fork()

[2024-06-26T05:15:29.606+0000] {standard_task_runner.py:90} INFO - Running: ['airflow', 'tasks', 'run', 'create_movie_dataset_v35', 'get_json', 'scheduled__2024-06-26T04:10:00+00:00', '--job-id', '183', '--raw', '--subdir', 'DAGS_FOLDER/etl.py', '--cfg-path', '/tmp/tmpd_vxx37t']
[2024-06-26T05:15:29.607+0000] {standard_task_runner.py:63} INFO - Started process 6323 to run task
[2024-06-26T05:15:29.607+0000] {standard_task_runner.py:91} INFO - Job 183: Subtask get_json
[2024-06-26T05:15:29.639+0000] {task_command.py:426} INFO - Running <TaskInstance: create_movie_dataset_v35.get_json scheduled__2024-06-26T04:10:00+00:00 [running]> on host ad6ccfebc5a6
[2024-06-26T05:15:29.691+0000] {taskinstance.py:2648} INFO - Exporting env vars: AIRFLOW_CTX_DAG_OWNER='airflow' AIRFLOW_CTX_DAG_ID='create_movie_dataset_v35' AIRFLOW_CTX_TASK_ID='get_json' AIRFLOW_CTX_EXECUTION_DATE='2024-06-26T04:10:00+00:00' AIRFLOW_CTX_TRY_NUMBER='1' AIRFLOW_CTX_DAG_RUN_ID='scheduled__2024-06-26T04:10:00+00:00'
[2024-06-26T05:15:29.691+0000] {taskinstance.py:430} INFO - ::endgroup::
[2024-06-26T05:15:29.710+0000] {logging_mixin.py:188} INFO - 3
[2024-06-26T05:15:29.711+0000] {logging_mixin.py:188} INFO - N2TNP3Z-7ZAMFKD-HBA2YVR-9G8KV1Y
[2024-06-26T05:15:34.062+0000] {logging_mixin.py:188} INFO - Данные успешно сохранены в файл 'movie_data.json'.
[2024-06-26T05:15:34.066+0000] {crypto.py:82} WARNING - empty cryptography key - values will not be stored encrypted.
[2024-06-26T05:15:34.071+0000] {python.py:237} INFO - Done. Returned value was: None
[2024-06-26T05:15:34.072+0000] {taskinstance.py:441} INFO - ::group::Post task execution logs
[2024-06-26T05:15:34.078+0000] {taskinstance.py:1206} INFO - Marking task as SUCCESS. dag_id=create_movie_dataset_v35, task_id=get_json, run_id=scheduled__2024-06-26T04:10:00+00:00, execution_date=20240626T041000, start_date=20240626T051529, end_date=20240626T051534
[2024-06-26T05:15:34.114+0000] {local_task_job_runner.py:240} INFO - Task exited with return code 0
[2024-06-26T05:15:34.120+0000] {warnings.py:110} WARNING - /home/airflow/.local/lib/python3.12/site-packages/airflow/models/baseoperator.py:1296: AirflowProviderDeprecationWarning: Call to deprecated class PostgresOperator. (Please use `airflow.providers.common.sql.operators.sql.SQLExecuteQueryOperator`.Also, you can provide `hook_params={'schema': <database>}`.)
  result = cls.__new__(cls)

[2024-06-26T05:15:34.131+0000] {taskinstance.py:3498} INFO - 1 downstream tasks scheduled from follow-on schedule check
[2024-06-26T05:15:34.133+0000] {local_task_job_runner.py:222} INFO - ::endgroup::
