[2024-07-08T05:05:39.601+0000] {processor.py:161} INFO - Started process (PID=106) to work on /opt/airflow/dags/tasks/get_data_from_db.py
[2024-07-08T05:05:39.601+0000] {processor.py:830} INFO - Processing file /opt/airflow/dags/tasks/get_data_from_db.py for tasks to queue
[2024-07-08T05:05:39.603+0000] {logging_mixin.py:188} INFO - [2024-07-08T05:05:39.603+0000] {dagbag.py:545} INFO - Filling up the DagBag from /opt/airflow/dags/tasks/get_data_from_db.py
[2024-07-08T05:05:39.613+0000] {processor.py:842} WARNING - No viable dags retrieved from /opt/airflow/dags/tasks/get_data_from_db.py
[2024-07-08T05:05:39.624+0000] {processor.py:183} INFO - Processing /opt/airflow/dags/tasks/get_data_from_db.py took 0.028 seconds
[2024-07-08T05:06:39.142+0000] {processor.py:161} INFO - Started process (PID=128) to work on /opt/airflow/dags/tasks/get_data_from_db.py
[2024-07-08T05:06:39.143+0000] {processor.py:830} INFO - Processing file /opt/airflow/dags/tasks/get_data_from_db.py for tasks to queue
[2024-07-08T05:06:39.145+0000] {logging_mixin.py:188} INFO - [2024-07-08T05:06:39.145+0000] {dagbag.py:545} INFO - Filling up the DagBag from /opt/airflow/dags/tasks/get_data_from_db.py
[2024-07-08T05:06:39.154+0000] {processor.py:842} WARNING - No viable dags retrieved from /opt/airflow/dags/tasks/get_data_from_db.py
[2024-07-08T05:06:39.165+0000] {processor.py:183} INFO - Processing /opt/airflow/dags/tasks/get_data_from_db.py took 0.028 seconds
[2024-07-08T05:07:09.279+0000] {processor.py:161} INFO - Started process (PID=203) to work on /opt/airflow/dags/tasks/get_data_from_db.py
[2024-07-08T05:07:09.279+0000] {processor.py:830} INFO - Processing file /opt/airflow/dags/tasks/get_data_from_db.py for tasks to queue
[2024-07-08T05:07:09.280+0000] {logging_mixin.py:188} INFO - [2024-07-08T05:07:09.280+0000] {dagbag.py:545} INFO - Filling up the DagBag from /opt/airflow/dags/tasks/get_data_from_db.py
[2024-07-08T05:07:09.287+0000] {processor.py:842} WARNING - No viable dags retrieved from /opt/airflow/dags/tasks/get_data_from_db.py
[2024-07-08T05:07:09.294+0000] {processor.py:183} INFO - Processing /opt/airflow/dags/tasks/get_data_from_db.py took 0.019 seconds
[2024-07-08T05:07:39.565+0000] {processor.py:161} INFO - Started process (PID=305) to work on /opt/airflow/dags/tasks/get_data_from_db.py
[2024-07-08T05:07:39.565+0000] {processor.py:830} INFO - Processing file /opt/airflow/dags/tasks/get_data_from_db.py for tasks to queue
[2024-07-08T05:07:39.566+0000] {logging_mixin.py:188} INFO - [2024-07-08T05:07:39.566+0000] {dagbag.py:545} INFO - Filling up the DagBag from /opt/airflow/dags/tasks/get_data_from_db.py
[2024-07-08T05:07:39.572+0000] {processor.py:842} WARNING - No viable dags retrieved from /opt/airflow/dags/tasks/get_data_from_db.py
[2024-07-08T05:07:39.581+0000] {processor.py:183} INFO - Processing /opt/airflow/dags/tasks/get_data_from_db.py took 0.020 seconds
[2024-07-08T05:08:09.762+0000] {processor.py:161} INFO - Started process (PID=382) to work on /opt/airflow/dags/tasks/get_data_from_db.py
[2024-07-08T05:08:09.763+0000] {processor.py:830} INFO - Processing file /opt/airflow/dags/tasks/get_data_from_db.py for tasks to queue
[2024-07-08T05:08:09.764+0000] {logging_mixin.py:188} INFO - [2024-07-08T05:08:09.764+0000] {dagbag.py:545} INFO - Filling up the DagBag from /opt/airflow/dags/tasks/get_data_from_db.py
[2024-07-08T05:08:09.770+0000] {processor.py:842} WARNING - No viable dags retrieved from /opt/airflow/dags/tasks/get_data_from_db.py
[2024-07-08T05:08:09.779+0000] {processor.py:183} INFO - Processing /opt/airflow/dags/tasks/get_data_from_db.py took 0.021 seconds
[2024-07-08T05:08:40.396+0000] {processor.py:161} INFO - Started process (PID=484) to work on /opt/airflow/dags/tasks/get_data_from_db.py
[2024-07-08T05:08:40.396+0000] {processor.py:830} INFO - Processing file /opt/airflow/dags/tasks/get_data_from_db.py for tasks to queue
[2024-07-08T05:08:40.397+0000] {logging_mixin.py:188} INFO - [2024-07-08T05:08:40.397+0000] {dagbag.py:545} INFO - Filling up the DagBag from /opt/airflow/dags/tasks/get_data_from_db.py
[2024-07-08T05:08:40.404+0000] {processor.py:842} WARNING - No viable dags retrieved from /opt/airflow/dags/tasks/get_data_from_db.py
[2024-07-08T05:08:40.413+0000] {processor.py:183} INFO - Processing /opt/airflow/dags/tasks/get_data_from_db.py took 0.020 seconds
[2024-07-08T05:09:10.665+0000] {processor.py:161} INFO - Started process (PID=587) to work on /opt/airflow/dags/tasks/get_data_from_db.py
[2024-07-08T05:09:10.665+0000] {processor.py:830} INFO - Processing file /opt/airflow/dags/tasks/get_data_from_db.py for tasks to queue
[2024-07-08T05:09:10.666+0000] {logging_mixin.py:188} INFO - [2024-07-08T05:09:10.666+0000] {dagbag.py:545} INFO - Filling up the DagBag from /opt/airflow/dags/tasks/get_data_from_db.py
[2024-07-08T05:09:10.674+0000] {processor.py:842} WARNING - No viable dags retrieved from /opt/airflow/dags/tasks/get_data_from_db.py
[2024-07-08T05:09:10.682+0000] {processor.py:183} INFO - Processing /opt/airflow/dags/tasks/get_data_from_db.py took 0.021 seconds
[2024-07-08T05:09:41.240+0000] {processor.py:161} INFO - Started process (PID=664) to work on /opt/airflow/dags/tasks/get_data_from_db.py
[2024-07-08T05:09:41.240+0000] {processor.py:830} INFO - Processing file /opt/airflow/dags/tasks/get_data_from_db.py for tasks to queue
[2024-07-08T05:09:41.241+0000] {logging_mixin.py:188} INFO - [2024-07-08T05:09:41.241+0000] {dagbag.py:545} INFO - Filling up the DagBag from /opt/airflow/dags/tasks/get_data_from_db.py
[2024-07-08T05:09:41.247+0000] {processor.py:842} WARNING - No viable dags retrieved from /opt/airflow/dags/tasks/get_data_from_db.py
[2024-07-08T05:09:41.255+0000] {processor.py:183} INFO - Processing /opt/airflow/dags/tasks/get_data_from_db.py took 0.019 seconds
[2024-07-08T05:10:11.796+0000] {processor.py:161} INFO - Started process (PID=767) to work on /opt/airflow/dags/tasks/get_data_from_db.py
[2024-07-08T05:10:11.797+0000] {processor.py:830} INFO - Processing file /opt/airflow/dags/tasks/get_data_from_db.py for tasks to queue
[2024-07-08T05:10:11.798+0000] {logging_mixin.py:188} INFO - [2024-07-08T05:10:11.798+0000] {dagbag.py:545} INFO - Filling up the DagBag from /opt/airflow/dags/tasks/get_data_from_db.py
[2024-07-08T05:10:11.805+0000] {processor.py:842} WARNING - No viable dags retrieved from /opt/airflow/dags/tasks/get_data_from_db.py
[2024-07-08T05:10:11.814+0000] {processor.py:183} INFO - Processing /opt/airflow/dags/tasks/get_data_from_db.py took 0.021 seconds
[2024-07-08T05:10:42.023+0000] {processor.py:161} INFO - Started process (PID=851) to work on /opt/airflow/dags/tasks/get_data_from_db.py
[2024-07-08T05:10:42.024+0000] {processor.py:830} INFO - Processing file /opt/airflow/dags/tasks/get_data_from_db.py for tasks to queue
[2024-07-08T05:10:42.025+0000] {logging_mixin.py:188} INFO - [2024-07-08T05:10:42.025+0000] {dagbag.py:545} INFO - Filling up the DagBag from /opt/airflow/dags/tasks/get_data_from_db.py
[2024-07-08T05:10:42.033+0000] {processor.py:842} WARNING - No viable dags retrieved from /opt/airflow/dags/tasks/get_data_from_db.py
[2024-07-08T05:10:42.041+0000] {processor.py:183} INFO - Processing /opt/airflow/dags/tasks/get_data_from_db.py took 0.021 seconds
[2024-07-08T05:11:12.283+0000] {processor.py:161} INFO - Started process (PID=947) to work on /opt/airflow/dags/tasks/get_data_from_db.py
[2024-07-08T05:11:12.286+0000] {processor.py:830} INFO - Processing file /opt/airflow/dags/tasks/get_data_from_db.py for tasks to queue
[2024-07-08T05:11:12.287+0000] {logging_mixin.py:188} INFO - [2024-07-08T05:11:12.287+0000] {dagbag.py:545} INFO - Filling up the DagBag from /opt/airflow/dags/tasks/get_data_from_db.py
[2024-07-08T05:11:12.294+0000] {processor.py:842} WARNING - No viable dags retrieved from /opt/airflow/dags/tasks/get_data_from_db.py
[2024-07-08T05:11:12.303+0000] {processor.py:183} INFO - Processing /opt/airflow/dags/tasks/get_data_from_db.py took 0.024 seconds
[2024-07-08T05:11:42.595+0000] {processor.py:161} INFO - Started process (PID=1050) to work on /opt/airflow/dags/tasks/get_data_from_db.py
[2024-07-08T05:11:42.595+0000] {processor.py:830} INFO - Processing file /opt/airflow/dags/tasks/get_data_from_db.py for tasks to queue
[2024-07-08T05:11:42.597+0000] {logging_mixin.py:188} INFO - [2024-07-08T05:11:42.597+0000] {dagbag.py:545} INFO - Filling up the DagBag from /opt/airflow/dags/tasks/get_data_from_db.py
[2024-07-08T05:11:42.603+0000] {processor.py:842} WARNING - No viable dags retrieved from /opt/airflow/dags/tasks/get_data_from_db.py
[2024-07-08T05:11:42.611+0000] {processor.py:183} INFO - Processing /opt/airflow/dags/tasks/get_data_from_db.py took 0.019 seconds
[2024-07-08T05:12:12.849+0000] {processor.py:161} INFO - Started process (PID=1127) to work on /opt/airflow/dags/tasks/get_data_from_db.py
[2024-07-08T05:12:12.850+0000] {processor.py:830} INFO - Processing file /opt/airflow/dags/tasks/get_data_from_db.py for tasks to queue
[2024-07-08T05:12:12.851+0000] {logging_mixin.py:188} INFO - [2024-07-08T05:12:12.851+0000] {dagbag.py:545} INFO - Filling up the DagBag from /opt/airflow/dags/tasks/get_data_from_db.py
[2024-07-08T05:12:12.858+0000] {processor.py:842} WARNING - No viable dags retrieved from /opt/airflow/dags/tasks/get_data_from_db.py
[2024-07-08T05:12:12.866+0000] {processor.py:183} INFO - Processing /opt/airflow/dags/tasks/get_data_from_db.py took 0.020 seconds
[2024-07-08T05:12:43.087+0000] {processor.py:161} INFO - Started process (PID=1231) to work on /opt/airflow/dags/tasks/get_data_from_db.py
[2024-07-08T05:12:43.087+0000] {processor.py:830} INFO - Processing file /opt/airflow/dags/tasks/get_data_from_db.py for tasks to queue
[2024-07-08T05:12:43.088+0000] {logging_mixin.py:188} INFO - [2024-07-08T05:12:43.088+0000] {dagbag.py:545} INFO - Filling up the DagBag from /opt/airflow/dags/tasks/get_data_from_db.py
[2024-07-08T05:12:43.096+0000] {processor.py:842} WARNING - No viable dags retrieved from /opt/airflow/dags/tasks/get_data_from_db.py
[2024-07-08T05:12:43.105+0000] {processor.py:183} INFO - Processing /opt/airflow/dags/tasks/get_data_from_db.py took 0.022 seconds
[2024-07-08T05:13:13.316+0000] {processor.py:161} INFO - Started process (PID=1315) to work on /opt/airflow/dags/tasks/get_data_from_db.py
[2024-07-08T05:13:13.317+0000] {processor.py:830} INFO - Processing file /opt/airflow/dags/tasks/get_data_from_db.py for tasks to queue
[2024-07-08T05:13:13.318+0000] {logging_mixin.py:188} INFO - [2024-07-08T05:13:13.318+0000] {dagbag.py:545} INFO - Filling up the DagBag from /opt/airflow/dags/tasks/get_data_from_db.py
[2024-07-08T05:13:13.327+0000] {processor.py:842} WARNING - No viable dags retrieved from /opt/airflow/dags/tasks/get_data_from_db.py
[2024-07-08T05:13:13.336+0000] {processor.py:183} INFO - Processing /opt/airflow/dags/tasks/get_data_from_db.py took 0.022 seconds
[2024-07-08T05:13:43.545+0000] {processor.py:161} INFO - Started process (PID=1411) to work on /opt/airflow/dags/tasks/get_data_from_db.py
[2024-07-08T05:13:43.546+0000] {processor.py:830} INFO - Processing file /opt/airflow/dags/tasks/get_data_from_db.py for tasks to queue
[2024-07-08T05:13:43.547+0000] {logging_mixin.py:188} INFO - [2024-07-08T05:13:43.547+0000] {dagbag.py:545} INFO - Filling up the DagBag from /opt/airflow/dags/tasks/get_data_from_db.py
[2024-07-08T05:13:43.553+0000] {processor.py:842} WARNING - No viable dags retrieved from /opt/airflow/dags/tasks/get_data_from_db.py
[2024-07-08T05:13:43.561+0000] {processor.py:183} INFO - Processing /opt/airflow/dags/tasks/get_data_from_db.py took 0.019 seconds
[2024-07-08T05:14:13.779+0000] {processor.py:161} INFO - Started process (PID=1514) to work on /opt/airflow/dags/tasks/get_data_from_db.py
[2024-07-08T05:14:13.779+0000] {processor.py:830} INFO - Processing file /opt/airflow/dags/tasks/get_data_from_db.py for tasks to queue
[2024-07-08T05:14:13.780+0000] {logging_mixin.py:188} INFO - [2024-07-08T05:14:13.780+0000] {dagbag.py:545} INFO - Filling up the DagBag from /opt/airflow/dags/tasks/get_data_from_db.py
[2024-07-08T05:14:13.788+0000] {processor.py:842} WARNING - No viable dags retrieved from /opt/airflow/dags/tasks/get_data_from_db.py
[2024-07-08T05:14:13.799+0000] {processor.py:183} INFO - Processing /opt/airflow/dags/tasks/get_data_from_db.py took 0.023 seconds
[2024-07-08T05:14:44.410+0000] {processor.py:161} INFO - Started process (PID=1591) to work on /opt/airflow/dags/tasks/get_data_from_db.py
[2024-07-08T05:14:44.411+0000] {processor.py:830} INFO - Processing file /opt/airflow/dags/tasks/get_data_from_db.py for tasks to queue
[2024-07-08T05:14:44.412+0000] {logging_mixin.py:188} INFO - [2024-07-08T05:14:44.412+0000] {dagbag.py:545} INFO - Filling up the DagBag from /opt/airflow/dags/tasks/get_data_from_db.py
[2024-07-08T05:14:44.419+0000] {processor.py:842} WARNING - No viable dags retrieved from /opt/airflow/dags/tasks/get_data_from_db.py
[2024-07-08T05:14:44.427+0000] {processor.py:183} INFO - Processing /opt/airflow/dags/tasks/get_data_from_db.py took 0.019 seconds
[2024-07-08T05:15:14.660+0000] {processor.py:161} INFO - Started process (PID=1694) to work on /opt/airflow/dags/tasks/get_data_from_db.py
[2024-07-08T05:15:14.661+0000] {processor.py:830} INFO - Processing file /opt/airflow/dags/tasks/get_data_from_db.py for tasks to queue
[2024-07-08T05:15:14.662+0000] {logging_mixin.py:188} INFO - [2024-07-08T05:15:14.661+0000] {dagbag.py:545} INFO - Filling up the DagBag from /opt/airflow/dags/tasks/get_data_from_db.py
[2024-07-08T05:15:14.673+0000] {processor.py:842} WARNING - No viable dags retrieved from /opt/airflow/dags/tasks/get_data_from_db.py
[2024-07-08T05:15:14.681+0000] {processor.py:183} INFO - Processing /opt/airflow/dags/tasks/get_data_from_db.py took 0.024 seconds
[2024-07-08T05:15:44.919+0000] {processor.py:161} INFO - Started process (PID=1777) to work on /opt/airflow/dags/tasks/get_data_from_db.py
[2024-07-08T05:15:44.920+0000] {processor.py:830} INFO - Processing file /opt/airflow/dags/tasks/get_data_from_db.py for tasks to queue
[2024-07-08T05:15:44.921+0000] {logging_mixin.py:188} INFO - [2024-07-08T05:15:44.920+0000] {dagbag.py:545} INFO - Filling up the DagBag from /opt/airflow/dags/tasks/get_data_from_db.py
[2024-07-08T05:15:44.927+0000] {processor.py:842} WARNING - No viable dags retrieved from /opt/airflow/dags/tasks/get_data_from_db.py
[2024-07-08T05:15:44.935+0000] {processor.py:183} INFO - Processing /opt/airflow/dags/tasks/get_data_from_db.py took 0.019 seconds
[2024-07-08T05:16:15.325+0000] {processor.py:161} INFO - Started process (PID=1873) to work on /opt/airflow/dags/tasks/get_data_from_db.py
[2024-07-08T05:16:15.325+0000] {processor.py:830} INFO - Processing file /opt/airflow/dags/tasks/get_data_from_db.py for tasks to queue
[2024-07-08T05:16:15.326+0000] {logging_mixin.py:188} INFO - [2024-07-08T05:16:15.326+0000] {dagbag.py:545} INFO - Filling up the DagBag from /opt/airflow/dags/tasks/get_data_from_db.py
[2024-07-08T05:16:15.341+0000] {processor.py:842} WARNING - No viable dags retrieved from /opt/airflow/dags/tasks/get_data_from_db.py
[2024-07-08T05:16:15.350+0000] {processor.py:183} INFO - Processing /opt/airflow/dags/tasks/get_data_from_db.py took 0.029 seconds
[2024-07-08T05:16:45.727+0000] {processor.py:161} INFO - Started process (PID=1976) to work on /opt/airflow/dags/tasks/get_data_from_db.py
[2024-07-08T05:16:45.728+0000] {processor.py:830} INFO - Processing file /opt/airflow/dags/tasks/get_data_from_db.py for tasks to queue
[2024-07-08T05:16:45.729+0000] {logging_mixin.py:188} INFO - [2024-07-08T05:16:45.728+0000] {dagbag.py:545} INFO - Filling up the DagBag from /opt/airflow/dags/tasks/get_data_from_db.py
[2024-07-08T05:16:45.735+0000] {processor.py:842} WARNING - No viable dags retrieved from /opt/airflow/dags/tasks/get_data_from_db.py
[2024-07-08T05:16:45.742+0000] {processor.py:183} INFO - Processing /opt/airflow/dags/tasks/get_data_from_db.py took 0.018 seconds
[2024-07-08T05:17:15.961+0000] {processor.py:161} INFO - Started process (PID=2054) to work on /opt/airflow/dags/tasks/get_data_from_db.py
[2024-07-08T05:17:15.962+0000] {processor.py:830} INFO - Processing file /opt/airflow/dags/tasks/get_data_from_db.py for tasks to queue
[2024-07-08T05:17:15.963+0000] {logging_mixin.py:188} INFO - [2024-07-08T05:17:15.963+0000] {dagbag.py:545} INFO - Filling up the DagBag from /opt/airflow/dags/tasks/get_data_from_db.py
[2024-07-08T05:17:15.970+0000] {processor.py:842} WARNING - No viable dags retrieved from /opt/airflow/dags/tasks/get_data_from_db.py
[2024-07-08T05:17:15.978+0000] {processor.py:183} INFO - Processing /opt/airflow/dags/tasks/get_data_from_db.py took 0.020 seconds
[2024-07-08T05:17:46.592+0000] {processor.py:161} INFO - Started process (PID=2157) to work on /opt/airflow/dags/tasks/get_data_from_db.py
[2024-07-08T05:17:46.593+0000] {processor.py:830} INFO - Processing file /opt/airflow/dags/tasks/get_data_from_db.py for tasks to queue
[2024-07-08T05:17:46.594+0000] {logging_mixin.py:188} INFO - [2024-07-08T05:17:46.594+0000] {dagbag.py:545} INFO - Filling up the DagBag from /opt/airflow/dags/tasks/get_data_from_db.py
[2024-07-08T05:17:46.601+0000] {processor.py:842} WARNING - No viable dags retrieved from /opt/airflow/dags/tasks/get_data_from_db.py
[2024-07-08T05:17:46.610+0000] {processor.py:183} INFO - Processing /opt/airflow/dags/tasks/get_data_from_db.py took 0.021 seconds
[2024-07-08T05:18:17.179+0000] {processor.py:161} INFO - Started process (PID=2241) to work on /opt/airflow/dags/tasks/get_data_from_db.py
[2024-07-08T05:18:17.180+0000] {processor.py:830} INFO - Processing file /opt/airflow/dags/tasks/get_data_from_db.py for tasks to queue
[2024-07-08T05:18:17.181+0000] {logging_mixin.py:188} INFO - [2024-07-08T05:18:17.181+0000] {dagbag.py:545} INFO - Filling up the DagBag from /opt/airflow/dags/tasks/get_data_from_db.py
[2024-07-08T05:18:17.187+0000] {processor.py:842} WARNING - No viable dags retrieved from /opt/airflow/dags/tasks/get_data_from_db.py
[2024-07-08T05:18:17.196+0000] {processor.py:183} INFO - Processing /opt/airflow/dags/tasks/get_data_from_db.py took 0.020 seconds
[2024-07-08T05:18:47.416+0000] {processor.py:161} INFO - Started process (PID=2336) to work on /opt/airflow/dags/tasks/get_data_from_db.py
[2024-07-08T05:18:47.416+0000] {processor.py:830} INFO - Processing file /opt/airflow/dags/tasks/get_data_from_db.py for tasks to queue
[2024-07-08T05:18:47.417+0000] {logging_mixin.py:188} INFO - [2024-07-08T05:18:47.417+0000] {dagbag.py:545} INFO - Filling up the DagBag from /opt/airflow/dags/tasks/get_data_from_db.py
[2024-07-08T05:18:47.424+0000] {processor.py:842} WARNING - No viable dags retrieved from /opt/airflow/dags/tasks/get_data_from_db.py
[2024-07-08T05:18:47.432+0000] {processor.py:183} INFO - Processing /opt/airflow/dags/tasks/get_data_from_db.py took 0.019 seconds
[2024-07-08T05:19:17.726+0000] {processor.py:161} INFO - Started process (PID=2439) to work on /opt/airflow/dags/tasks/get_data_from_db.py
[2024-07-08T05:19:17.727+0000] {processor.py:830} INFO - Processing file /opt/airflow/dags/tasks/get_data_from_db.py for tasks to queue
[2024-07-08T05:19:17.728+0000] {logging_mixin.py:188} INFO - [2024-07-08T05:19:17.728+0000] {dagbag.py:545} INFO - Filling up the DagBag from /opt/airflow/dags/tasks/get_data_from_db.py
[2024-07-08T05:19:17.734+0000] {processor.py:842} WARNING - No viable dags retrieved from /opt/airflow/dags/tasks/get_data_from_db.py
[2024-07-08T05:19:17.743+0000] {processor.py:183} INFO - Processing /opt/airflow/dags/tasks/get_data_from_db.py took 0.020 seconds
[2024-07-08T05:19:48.076+0000] {processor.py:161} INFO - Started process (PID=2537) to work on /opt/airflow/dags/tasks/get_data_from_db.py
[2024-07-08T05:19:48.077+0000] {processor.py:830} INFO - Processing file /opt/airflow/dags/tasks/get_data_from_db.py for tasks to queue
[2024-07-08T05:19:48.078+0000] {logging_mixin.py:188} INFO - [2024-07-08T05:19:48.078+0000] {dagbag.py:545} INFO - Filling up the DagBag from /opt/airflow/dags/tasks/get_data_from_db.py
[2024-07-08T05:19:48.098+0000] {processor.py:842} WARNING - No viable dags retrieved from /opt/airflow/dags/tasks/get_data_from_db.py
[2024-07-08T05:19:48.110+0000] {processor.py:183} INFO - Processing /opt/airflow/dags/tasks/get_data_from_db.py took 0.038 seconds
[2024-07-08T05:20:18.922+0000] {processor.py:161} INFO - Started process (PID=2644) to work on /opt/airflow/dags/tasks/get_data_from_db.py
[2024-07-08T05:20:18.923+0000] {processor.py:830} INFO - Processing file /opt/airflow/dags/tasks/get_data_from_db.py for tasks to queue
[2024-07-08T05:20:18.924+0000] {logging_mixin.py:188} INFO - [2024-07-08T05:20:18.924+0000] {dagbag.py:545} INFO - Filling up the DagBag from /opt/airflow/dags/tasks/get_data_from_db.py
[2024-07-08T05:20:18.931+0000] {processor.py:842} WARNING - No viable dags retrieved from /opt/airflow/dags/tasks/get_data_from_db.py
[2024-07-08T05:20:18.939+0000] {processor.py:183} INFO - Processing /opt/airflow/dags/tasks/get_data_from_db.py took 0.021 seconds
[2024-07-08T05:20:49.169+0000] {processor.py:161} INFO - Started process (PID=2728) to work on /opt/airflow/dags/tasks/get_data_from_db.py
[2024-07-08T05:20:49.170+0000] {processor.py:830} INFO - Processing file /opt/airflow/dags/tasks/get_data_from_db.py for tasks to queue
[2024-07-08T05:20:49.171+0000] {logging_mixin.py:188} INFO - [2024-07-08T05:20:49.171+0000] {dagbag.py:545} INFO - Filling up the DagBag from /opt/airflow/dags/tasks/get_data_from_db.py
[2024-07-08T05:20:49.182+0000] {processor.py:842} WARNING - No viable dags retrieved from /opt/airflow/dags/tasks/get_data_from_db.py
[2024-07-08T05:20:49.193+0000] {processor.py:183} INFO - Processing /opt/airflow/dags/tasks/get_data_from_db.py took 0.027 seconds
[2024-07-08T05:21:19.382+0000] {processor.py:161} INFO - Started process (PID=2825) to work on /opt/airflow/dags/tasks/get_data_from_db.py
[2024-07-08T05:21:19.383+0000] {processor.py:830} INFO - Processing file /opt/airflow/dags/tasks/get_data_from_db.py for tasks to queue
[2024-07-08T05:21:19.383+0000] {logging_mixin.py:188} INFO - [2024-07-08T05:21:19.383+0000] {dagbag.py:545} INFO - Filling up the DagBag from /opt/airflow/dags/tasks/get_data_from_db.py
[2024-07-08T05:21:19.399+0000] {processor.py:842} WARNING - No viable dags retrieved from /opt/airflow/dags/tasks/get_data_from_db.py
[2024-07-08T05:21:19.408+0000] {processor.py:183} INFO - Processing /opt/airflow/dags/tasks/get_data_from_db.py took 0.030 seconds
[2024-07-08T05:21:49.587+0000] {processor.py:161} INFO - Started process (PID=2928) to work on /opt/airflow/dags/tasks/get_data_from_db.py
[2024-07-08T05:21:49.588+0000] {processor.py:830} INFO - Processing file /opt/airflow/dags/tasks/get_data_from_db.py for tasks to queue
[2024-07-08T05:21:49.588+0000] {logging_mixin.py:188} INFO - [2024-07-08T05:21:49.588+0000] {dagbag.py:545} INFO - Filling up the DagBag from /opt/airflow/dags/tasks/get_data_from_db.py
[2024-07-08T05:21:49.598+0000] {processor.py:842} WARNING - No viable dags retrieved from /opt/airflow/dags/tasks/get_data_from_db.py
[2024-07-08T05:21:49.607+0000] {processor.py:183} INFO - Processing /opt/airflow/dags/tasks/get_data_from_db.py took 0.023 seconds
[2024-07-08T05:22:20.183+0000] {processor.py:161} INFO - Started process (PID=3005) to work on /opt/airflow/dags/tasks/get_data_from_db.py
[2024-07-08T05:22:20.184+0000] {processor.py:830} INFO - Processing file /opt/airflow/dags/tasks/get_data_from_db.py for tasks to queue
[2024-07-08T05:22:20.184+0000] {logging_mixin.py:188} INFO - [2024-07-08T05:22:20.184+0000] {dagbag.py:545} INFO - Filling up the DagBag from /opt/airflow/dags/tasks/get_data_from_db.py
[2024-07-08T05:22:20.197+0000] {processor.py:842} WARNING - No viable dags retrieved from /opt/airflow/dags/tasks/get_data_from_db.py
[2024-07-08T05:22:20.206+0000] {processor.py:183} INFO - Processing /opt/airflow/dags/tasks/get_data_from_db.py took 0.026 seconds
[2024-07-08T05:22:50.716+0000] {processor.py:161} INFO - Started process (PID=3108) to work on /opt/airflow/dags/tasks/get_data_from_db.py
[2024-07-08T05:22:50.717+0000] {processor.py:830} INFO - Processing file /opt/airflow/dags/tasks/get_data_from_db.py for tasks to queue
[2024-07-08T05:22:50.718+0000] {logging_mixin.py:188} INFO - [2024-07-08T05:22:50.717+0000] {dagbag.py:545} INFO - Filling up the DagBag from /opt/airflow/dags/tasks/get_data_from_db.py
[2024-07-08T05:22:50.725+0000] {processor.py:842} WARNING - No viable dags retrieved from /opt/airflow/dags/tasks/get_data_from_db.py
[2024-07-08T05:22:50.733+0000] {processor.py:183} INFO - Processing /opt/airflow/dags/tasks/get_data_from_db.py took 0.021 seconds
[2024-07-08T05:23:20.986+0000] {processor.py:161} INFO - Started process (PID=3192) to work on /opt/airflow/dags/tasks/get_data_from_db.py
[2024-07-08T05:23:20.987+0000] {processor.py:830} INFO - Processing file /opt/airflow/dags/tasks/get_data_from_db.py for tasks to queue
[2024-07-08T05:23:20.988+0000] {logging_mixin.py:188} INFO - [2024-07-08T05:23:20.987+0000] {dagbag.py:545} INFO - Filling up the DagBag from /opt/airflow/dags/tasks/get_data_from_db.py
[2024-07-08T05:23:20.993+0000] {processor.py:842} WARNING - No viable dags retrieved from /opt/airflow/dags/tasks/get_data_from_db.py
[2024-07-08T05:23:21.001+0000] {processor.py:183} INFO - Processing /opt/airflow/dags/tasks/get_data_from_db.py took 0.019 seconds
[2024-07-08T05:31:03.201+0000] {processor.py:161} INFO - Started process (PID=128) to work on /opt/airflow/dags/tasks/get_data_from_db.py
[2024-07-08T05:31:03.202+0000] {processor.py:830} INFO - Processing file /opt/airflow/dags/tasks/get_data_from_db.py for tasks to queue
[2024-07-08T05:31:03.203+0000] {logging_mixin.py:188} INFO - [2024-07-08T05:31:03.203+0000] {dagbag.py:545} INFO - Filling up the DagBag from /opt/airflow/dags/tasks/get_data_from_db.py
[2024-07-08T05:31:03.222+0000] {processor.py:842} WARNING - No viable dags retrieved from /opt/airflow/dags/tasks/get_data_from_db.py
[2024-07-08T05:31:03.233+0000] {processor.py:183} INFO - Processing /opt/airflow/dags/tasks/get_data_from_db.py took 0.036 seconds
[2024-07-08T05:31:33.350+0000] {processor.py:161} INFO - Started process (PID=226) to work on /opt/airflow/dags/tasks/get_data_from_db.py
[2024-07-08T05:31:33.351+0000] {processor.py:830} INFO - Processing file /opt/airflow/dags/tasks/get_data_from_db.py for tasks to queue
[2024-07-08T05:31:33.352+0000] {logging_mixin.py:188} INFO - [2024-07-08T05:31:33.352+0000] {dagbag.py:545} INFO - Filling up the DagBag from /opt/airflow/dags/tasks/get_data_from_db.py
[2024-07-08T05:31:33.358+0000] {processor.py:842} WARNING - No viable dags retrieved from /opt/airflow/dags/tasks/get_data_from_db.py
[2024-07-08T05:31:33.366+0000] {processor.py:183} INFO - Processing /opt/airflow/dags/tasks/get_data_from_db.py took 0.019 seconds
[2024-07-08T05:32:03.950+0000] {processor.py:161} INFO - Started process (PID=354) to work on /opt/airflow/dags/tasks/get_data_from_db.py
[2024-07-08T05:32:03.951+0000] {processor.py:830} INFO - Processing file /opt/airflow/dags/tasks/get_data_from_db.py for tasks to queue
[2024-07-08T05:32:03.952+0000] {logging_mixin.py:188} INFO - [2024-07-08T05:32:03.951+0000] {dagbag.py:545} INFO - Filling up the DagBag from /opt/airflow/dags/tasks/get_data_from_db.py
[2024-07-08T05:32:03.962+0000] {processor.py:842} WARNING - No viable dags retrieved from /opt/airflow/dags/tasks/get_data_from_db.py
[2024-07-08T05:32:03.971+0000] {processor.py:183} INFO - Processing /opt/airflow/dags/tasks/get_data_from_db.py took 0.024 seconds
[2024-07-08T05:32:34.659+0000] {processor.py:161} INFO - Started process (PID=411) to work on /opt/airflow/dags/tasks/get_data_from_db.py
[2024-07-08T05:32:34.660+0000] {processor.py:830} INFO - Processing file /opt/airflow/dags/tasks/get_data_from_db.py for tasks to queue
[2024-07-08T05:32:34.661+0000] {logging_mixin.py:188} INFO - [2024-07-08T05:32:34.660+0000] {dagbag.py:545} INFO - Filling up the DagBag from /opt/airflow/dags/tasks/get_data_from_db.py
[2024-07-08T05:32:34.667+0000] {processor.py:842} WARNING - No viable dags retrieved from /opt/airflow/dags/tasks/get_data_from_db.py
[2024-07-08T05:32:34.676+0000] {processor.py:183} INFO - Processing /opt/airflow/dags/tasks/get_data_from_db.py took 0.020 seconds
[2024-07-08T05:33:05.104+0000] {processor.py:161} INFO - Started process (PID=513) to work on /opt/airflow/dags/tasks/get_data_from_db.py
[2024-07-08T05:33:05.105+0000] {processor.py:830} INFO - Processing file /opt/airflow/dags/tasks/get_data_from_db.py for tasks to queue
[2024-07-08T05:33:05.105+0000] {logging_mixin.py:188} INFO - [2024-07-08T05:33:05.105+0000] {dagbag.py:545} INFO - Filling up the DagBag from /opt/airflow/dags/tasks/get_data_from_db.py
[2024-07-08T05:33:05.112+0000] {processor.py:842} WARNING - No viable dags retrieved from /opt/airflow/dags/tasks/get_data_from_db.py
[2024-07-08T05:33:05.120+0000] {processor.py:183} INFO - Processing /opt/airflow/dags/tasks/get_data_from_db.py took 0.020 seconds
[2024-07-08T05:33:35.711+0000] {processor.py:161} INFO - Started process (PID=615) to work on /opt/airflow/dags/tasks/get_data_from_db.py
[2024-07-08T05:33:35.712+0000] {processor.py:830} INFO - Processing file /opt/airflow/dags/tasks/get_data_from_db.py for tasks to queue
[2024-07-08T05:33:35.713+0000] {logging_mixin.py:188} INFO - [2024-07-08T05:33:35.713+0000] {dagbag.py:545} INFO - Filling up the DagBag from /opt/airflow/dags/tasks/get_data_from_db.py
[2024-07-08T05:33:35.721+0000] {processor.py:842} WARNING - No viable dags retrieved from /opt/airflow/dags/tasks/get_data_from_db.py
[2024-07-08T05:33:35.729+0000] {processor.py:183} INFO - Processing /opt/airflow/dags/tasks/get_data_from_db.py took 0.022 seconds
[2024-07-08T05:34:05.789+0000] {processor.py:161} INFO - Started process (PID=719) to work on /opt/airflow/dags/tasks/get_data_from_db.py
[2024-07-08T05:34:05.790+0000] {processor.py:830} INFO - Processing file /opt/airflow/dags/tasks/get_data_from_db.py for tasks to queue
[2024-07-08T05:34:05.790+0000] {logging_mixin.py:188} INFO - [2024-07-08T05:34:05.790+0000] {dagbag.py:545} INFO - Filling up the DagBag from /opt/airflow/dags/tasks/get_data_from_db.py
[2024-07-08T05:34:05.798+0000] {processor.py:842} WARNING - No viable dags retrieved from /opt/airflow/dags/tasks/get_data_from_db.py
[2024-07-08T05:34:05.807+0000] {processor.py:183} INFO - Processing /opt/airflow/dags/tasks/get_data_from_db.py took 0.021 seconds
[2024-07-08T05:34:36.023+0000] {processor.py:161} INFO - Started process (PID=795) to work on /opt/airflow/dags/tasks/get_data_from_db.py
[2024-07-08T05:34:36.024+0000] {processor.py:830} INFO - Processing file /opt/airflow/dags/tasks/get_data_from_db.py for tasks to queue
[2024-07-08T05:34:36.024+0000] {logging_mixin.py:188} INFO - [2024-07-08T05:34:36.024+0000] {dagbag.py:545} INFO - Filling up the DagBag from /opt/airflow/dags/tasks/get_data_from_db.py
[2024-07-08T05:34:36.033+0000] {processor.py:842} WARNING - No viable dags retrieved from /opt/airflow/dags/tasks/get_data_from_db.py
[2024-07-08T05:34:36.041+0000] {processor.py:183} INFO - Processing /opt/airflow/dags/tasks/get_data_from_db.py took 0.022 seconds
[2024-07-08T05:35:06.645+0000] {processor.py:161} INFO - Started process (PID=897) to work on /opt/airflow/dags/tasks/get_data_from_db.py
[2024-07-08T05:35:06.646+0000] {processor.py:830} INFO - Processing file /opt/airflow/dags/tasks/get_data_from_db.py for tasks to queue
[2024-07-08T05:35:06.647+0000] {logging_mixin.py:188} INFO - [2024-07-08T05:35:06.646+0000] {dagbag.py:545} INFO - Filling up the DagBag from /opt/airflow/dags/tasks/get_data_from_db.py
[2024-07-08T05:35:06.653+0000] {processor.py:842} WARNING - No viable dags retrieved from /opt/airflow/dags/tasks/get_data_from_db.py
[2024-07-08T05:35:06.661+0000] {processor.py:183} INFO - Processing /opt/airflow/dags/tasks/get_data_from_db.py took 0.020 seconds
[2024-07-08T05:35:37.071+0000] {processor.py:161} INFO - Started process (PID=1001) to work on /opt/airflow/dags/tasks/get_data_from_db.py
[2024-07-08T05:35:37.072+0000] {processor.py:830} INFO - Processing file /opt/airflow/dags/tasks/get_data_from_db.py for tasks to queue
[2024-07-08T05:35:37.072+0000] {logging_mixin.py:188} INFO - [2024-07-08T05:35:37.072+0000] {dagbag.py:545} INFO - Filling up the DagBag from /opt/airflow/dags/tasks/get_data_from_db.py
[2024-07-08T05:35:37.080+0000] {processor.py:842} WARNING - No viable dags retrieved from /opt/airflow/dags/tasks/get_data_from_db.py
[2024-07-08T05:35:37.089+0000] {processor.py:183} INFO - Processing /opt/airflow/dags/tasks/get_data_from_db.py took 0.021 seconds
[2024-07-08T05:36:07.399+0000] {processor.py:161} INFO - Started process (PID=1097) to work on /opt/airflow/dags/tasks/get_data_from_db.py
[2024-07-08T05:36:07.399+0000] {processor.py:830} INFO - Processing file /opt/airflow/dags/tasks/get_data_from_db.py for tasks to queue
[2024-07-08T05:36:07.400+0000] {logging_mixin.py:188} INFO - [2024-07-08T05:36:07.400+0000] {dagbag.py:545} INFO - Filling up the DagBag from /opt/airflow/dags/tasks/get_data_from_db.py
[2024-07-08T05:36:07.412+0000] {processor.py:842} WARNING - No viable dags retrieved from /opt/airflow/dags/tasks/get_data_from_db.py
[2024-07-08T05:36:07.420+0000] {processor.py:183} INFO - Processing /opt/airflow/dags/tasks/get_data_from_db.py took 0.025 seconds
[2024-07-08T05:36:37.659+0000] {processor.py:161} INFO - Started process (PID=1200) to work on /opt/airflow/dags/tasks/get_data_from_db.py
[2024-07-08T05:36:37.660+0000] {processor.py:830} INFO - Processing file /opt/airflow/dags/tasks/get_data_from_db.py for tasks to queue
[2024-07-08T05:36:37.661+0000] {logging_mixin.py:188} INFO - [2024-07-08T05:36:37.661+0000] {dagbag.py:545} INFO - Filling up the DagBag from /opt/airflow/dags/tasks/get_data_from_db.py
[2024-07-08T05:36:37.668+0000] {processor.py:842} WARNING - No viable dags retrieved from /opt/airflow/dags/tasks/get_data_from_db.py
[2024-07-08T05:36:37.677+0000] {processor.py:183} INFO - Processing /opt/airflow/dags/tasks/get_data_from_db.py took 0.023 seconds
[2024-07-08T05:37:07.876+0000] {processor.py:161} INFO - Started process (PID=1277) to work on /opt/airflow/dags/tasks/get_data_from_db.py
[2024-07-08T05:37:07.877+0000] {processor.py:830} INFO - Processing file /opt/airflow/dags/tasks/get_data_from_db.py for tasks to queue
[2024-07-08T05:37:07.877+0000] {logging_mixin.py:188} INFO - [2024-07-08T05:37:07.877+0000] {dagbag.py:545} INFO - Filling up the DagBag from /opt/airflow/dags/tasks/get_data_from_db.py
[2024-07-08T05:37:07.886+0000] {processor.py:842} WARNING - No viable dags retrieved from /opt/airflow/dags/tasks/get_data_from_db.py
[2024-07-08T05:37:07.895+0000] {processor.py:183} INFO - Processing /opt/airflow/dags/tasks/get_data_from_db.py took 0.023 seconds
[2024-07-08T05:37:38.470+0000] {processor.py:161} INFO - Started process (PID=1379) to work on /opt/airflow/dags/tasks/get_data_from_db.py
[2024-07-08T05:37:38.471+0000] {processor.py:830} INFO - Processing file /opt/airflow/dags/tasks/get_data_from_db.py for tasks to queue
[2024-07-08T05:37:38.472+0000] {logging_mixin.py:188} INFO - [2024-07-08T05:37:38.471+0000] {dagbag.py:545} INFO - Filling up the DagBag from /opt/airflow/dags/tasks/get_data_from_db.py
[2024-07-08T05:37:38.480+0000] {processor.py:842} WARNING - No viable dags retrieved from /opt/airflow/dags/tasks/get_data_from_db.py
[2024-07-08T05:37:38.490+0000] {processor.py:183} INFO - Processing /opt/airflow/dags/tasks/get_data_from_db.py took 0.024 seconds
[2024-07-08T05:38:08.690+0000] {processor.py:161} INFO - Started process (PID=1456) to work on /opt/airflow/dags/tasks/get_data_from_db.py
[2024-07-08T05:38:08.691+0000] {processor.py:830} INFO - Processing file /opt/airflow/dags/tasks/get_data_from_db.py for tasks to queue
[2024-07-08T05:38:08.692+0000] {logging_mixin.py:188} INFO - [2024-07-08T05:38:08.692+0000] {dagbag.py:545} INFO - Filling up the DagBag from /opt/airflow/dags/tasks/get_data_from_db.py
[2024-07-08T05:38:08.698+0000] {processor.py:842} WARNING - No viable dags retrieved from /opt/airflow/dags/tasks/get_data_from_db.py
[2024-07-08T05:38:08.707+0000] {processor.py:183} INFO - Processing /opt/airflow/dags/tasks/get_data_from_db.py took 0.020 seconds
[2024-07-08T05:38:39.249+0000] {processor.py:161} INFO - Started process (PID=1559) to work on /opt/airflow/dags/tasks/get_data_from_db.py
[2024-07-08T05:38:39.250+0000] {processor.py:830} INFO - Processing file /opt/airflow/dags/tasks/get_data_from_db.py for tasks to queue
[2024-07-08T05:38:39.250+0000] {logging_mixin.py:188} INFO - [2024-07-08T05:38:39.250+0000] {dagbag.py:545} INFO - Filling up the DagBag from /opt/airflow/dags/tasks/get_data_from_db.py
[2024-07-08T05:38:39.256+0000] {processor.py:842} WARNING - No viable dags retrieved from /opt/airflow/dags/tasks/get_data_from_db.py
[2024-07-08T05:38:39.264+0000] {processor.py:183} INFO - Processing /opt/airflow/dags/tasks/get_data_from_db.py took 0.019 seconds
[2024-07-08T05:39:09.625+0000] {processor.py:161} INFO - Started process (PID=1657) to work on /opt/airflow/dags/tasks/get_data_from_db.py
[2024-07-08T05:39:09.625+0000] {processor.py:830} INFO - Processing file /opt/airflow/dags/tasks/get_data_from_db.py for tasks to queue
[2024-07-08T05:39:09.626+0000] {logging_mixin.py:188} INFO - [2024-07-08T05:39:09.626+0000] {dagbag.py:545} INFO - Filling up the DagBag from /opt/airflow/dags/tasks/get_data_from_db.py
[2024-07-08T05:39:09.633+0000] {processor.py:842} WARNING - No viable dags retrieved from /opt/airflow/dags/tasks/get_data_from_db.py
[2024-07-08T05:39:09.642+0000] {processor.py:183} INFO - Processing /opt/airflow/dags/tasks/get_data_from_db.py took 0.021 seconds
[2024-07-08T05:39:39.831+0000] {processor.py:161} INFO - Started process (PID=1760) to work on /opt/airflow/dags/tasks/get_data_from_db.py
[2024-07-08T05:39:39.831+0000] {processor.py:830} INFO - Processing file /opt/airflow/dags/tasks/get_data_from_db.py for tasks to queue
[2024-07-08T05:39:39.832+0000] {logging_mixin.py:188} INFO - [2024-07-08T05:39:39.832+0000] {dagbag.py:545} INFO - Filling up the DagBag from /opt/airflow/dags/tasks/get_data_from_db.py
[2024-07-08T05:39:39.839+0000] {processor.py:842} WARNING - No viable dags retrieved from /opt/airflow/dags/tasks/get_data_from_db.py
[2024-07-08T05:39:39.849+0000] {processor.py:183} INFO - Processing /opt/airflow/dags/tasks/get_data_from_db.py took 0.022 seconds
[2024-07-08T05:40:10.078+0000] {processor.py:161} INFO - Started process (PID=1844) to work on /opt/airflow/dags/tasks/get_data_from_db.py
[2024-07-08T05:40:10.083+0000] {processor.py:830} INFO - Processing file /opt/airflow/dags/tasks/get_data_from_db.py for tasks to queue
[2024-07-08T05:40:10.084+0000] {logging_mixin.py:188} INFO - [2024-07-08T05:40:10.084+0000] {dagbag.py:545} INFO - Filling up the DagBag from /opt/airflow/dags/tasks/get_data_from_db.py
[2024-07-08T05:40:10.093+0000] {processor.py:842} WARNING - No viable dags retrieved from /opt/airflow/dags/tasks/get_data_from_db.py
[2024-07-08T05:40:10.102+0000] {processor.py:183} INFO - Processing /opt/airflow/dags/tasks/get_data_from_db.py took 0.027 seconds
[2024-07-08T05:41:05.466+0000] {processor.py:161} INFO - Started process (PID=128) to work on /opt/airflow/dags/tasks/get_data_from_db.py
[2024-07-08T05:41:05.466+0000] {processor.py:830} INFO - Processing file /opt/airflow/dags/tasks/get_data_from_db.py for tasks to queue
[2024-07-08T05:41:05.468+0000] {logging_mixin.py:188} INFO - [2024-07-08T05:41:05.468+0000] {dagbag.py:545} INFO - Filling up the DagBag from /opt/airflow/dags/tasks/get_data_from_db.py
[2024-07-08T05:41:05.474+0000] {processor.py:842} WARNING - No viable dags retrieved from /opt/airflow/dags/tasks/get_data_from_db.py
[2024-07-08T05:41:05.483+0000] {processor.py:183} INFO - Processing /opt/airflow/dags/tasks/get_data_from_db.py took 0.021 seconds
[2024-07-08T05:41:35.617+0000] {processor.py:161} INFO - Started process (PID=208) to work on /opt/airflow/dags/tasks/get_data_from_db.py
[2024-07-08T05:41:35.617+0000] {processor.py:830} INFO - Processing file /opt/airflow/dags/tasks/get_data_from_db.py for tasks to queue
[2024-07-08T05:41:35.618+0000] {logging_mixin.py:188} INFO - [2024-07-08T05:41:35.618+0000] {dagbag.py:545} INFO - Filling up the DagBag from /opt/airflow/dags/tasks/get_data_from_db.py
[2024-07-08T05:41:35.625+0000] {processor.py:842} WARNING - No viable dags retrieved from /opt/airflow/dags/tasks/get_data_from_db.py
[2024-07-08T05:41:35.634+0000] {processor.py:183} INFO - Processing /opt/airflow/dags/tasks/get_data_from_db.py took 0.020 seconds
[2024-07-08T05:42:05.752+0000] {processor.py:161} INFO - Started process (PID=332) to work on /opt/airflow/dags/tasks/get_data_from_db.py
[2024-07-08T05:42:05.753+0000] {processor.py:830} INFO - Processing file /opt/airflow/dags/tasks/get_data_from_db.py for tasks to queue
[2024-07-08T05:42:05.754+0000] {logging_mixin.py:188} INFO - [2024-07-08T05:42:05.753+0000] {dagbag.py:545} INFO - Filling up the DagBag from /opt/airflow/dags/tasks/get_data_from_db.py
[2024-07-08T05:42:05.761+0000] {processor.py:842} WARNING - No viable dags retrieved from /opt/airflow/dags/tasks/get_data_from_db.py
[2024-07-08T05:42:05.771+0000] {processor.py:183} INFO - Processing /opt/airflow/dags/tasks/get_data_from_db.py took 0.023 seconds
[2024-07-08T05:42:36.117+0000] {processor.py:161} INFO - Started process (PID=409) to work on /opt/airflow/dags/tasks/get_data_from_db.py
[2024-07-08T05:42:36.117+0000] {processor.py:830} INFO - Processing file /opt/airflow/dags/tasks/get_data_from_db.py for tasks to queue
[2024-07-08T05:42:36.118+0000] {logging_mixin.py:188} INFO - [2024-07-08T05:42:36.118+0000] {dagbag.py:545} INFO - Filling up the DagBag from /opt/airflow/dags/tasks/get_data_from_db.py
[2024-07-08T05:42:36.124+0000] {processor.py:842} WARNING - No viable dags retrieved from /opt/airflow/dags/tasks/get_data_from_db.py
[2024-07-08T05:42:36.132+0000] {processor.py:183} INFO - Processing /opt/airflow/dags/tasks/get_data_from_db.py took 0.019 seconds
[2024-07-08T05:43:06.335+0000] {processor.py:161} INFO - Started process (PID=512) to work on /opt/airflow/dags/tasks/get_data_from_db.py
[2024-07-08T05:43:06.335+0000] {processor.py:830} INFO - Processing file /opt/airflow/dags/tasks/get_data_from_db.py for tasks to queue
[2024-07-08T05:43:06.336+0000] {logging_mixin.py:188} INFO - [2024-07-08T05:43:06.335+0000] {dagbag.py:545} INFO - Filling up the DagBag from /opt/airflow/dags/tasks/get_data_from_db.py
[2024-07-08T05:43:06.346+0000] {processor.py:842} WARNING - No viable dags retrieved from /opt/airflow/dags/tasks/get_data_from_db.py
[2024-07-08T05:43:06.355+0000] {processor.py:183} INFO - Processing /opt/airflow/dags/tasks/get_data_from_db.py took 0.023 seconds
[2024-07-08T05:43:36.599+0000] {processor.py:161} INFO - Started process (PID=589) to work on /opt/airflow/dags/tasks/get_data_from_db.py
[2024-07-08T05:43:36.599+0000] {processor.py:830} INFO - Processing file /opt/airflow/dags/tasks/get_data_from_db.py for tasks to queue
[2024-07-08T05:43:36.600+0000] {logging_mixin.py:188} INFO - [2024-07-08T05:43:36.600+0000] {dagbag.py:545} INFO - Filling up the DagBag from /opt/airflow/dags/tasks/get_data_from_db.py
[2024-07-08T05:43:36.606+0000] {processor.py:842} WARNING - No viable dags retrieved from /opt/airflow/dags/tasks/get_data_from_db.py
[2024-07-08T05:43:36.614+0000] {processor.py:183} INFO - Processing /opt/airflow/dags/tasks/get_data_from_db.py took 0.019 seconds
[2024-07-08T05:44:06.838+0000] {processor.py:161} INFO - Started process (PID=692) to work on /opt/airflow/dags/tasks/get_data_from_db.py
[2024-07-08T05:44:06.838+0000] {processor.py:830} INFO - Processing file /opt/airflow/dags/tasks/get_data_from_db.py for tasks to queue
[2024-07-08T05:44:06.839+0000] {logging_mixin.py:188} INFO - [2024-07-08T05:44:06.838+0000] {dagbag.py:545} INFO - Filling up the DagBag from /opt/airflow/dags/tasks/get_data_from_db.py
[2024-07-08T05:44:06.845+0000] {processor.py:842} WARNING - No viable dags retrieved from /opt/airflow/dags/tasks/get_data_from_db.py
[2024-07-08T05:44:06.854+0000] {processor.py:183} INFO - Processing /opt/airflow/dags/tasks/get_data_from_db.py took 0.019 seconds
[2024-07-08T05:44:37.529+0000] {processor.py:161} INFO - Started process (PID=768) to work on /opt/airflow/dags/tasks/get_data_from_db.py
[2024-07-08T05:44:37.529+0000] {processor.py:830} INFO - Processing file /opt/airflow/dags/tasks/get_data_from_db.py for tasks to queue
[2024-07-08T05:44:37.530+0000] {logging_mixin.py:188} INFO - [2024-07-08T05:44:37.530+0000] {dagbag.py:545} INFO - Filling up the DagBag from /opt/airflow/dags/tasks/get_data_from_db.py
[2024-07-08T05:44:37.538+0000] {processor.py:842} WARNING - No viable dags retrieved from /opt/airflow/dags/tasks/get_data_from_db.py
[2024-07-08T05:44:37.547+0000] {processor.py:183} INFO - Processing /opt/airflow/dags/tasks/get_data_from_db.py took 0.022 seconds
[2024-07-08T05:45:07.805+0000] {processor.py:161} INFO - Started process (PID=871) to work on /opt/airflow/dags/tasks/get_data_from_db.py
[2024-07-08T05:45:07.805+0000] {processor.py:830} INFO - Processing file /opt/airflow/dags/tasks/get_data_from_db.py for tasks to queue
[2024-07-08T05:45:07.806+0000] {logging_mixin.py:188} INFO - [2024-07-08T05:45:07.806+0000] {dagbag.py:545} INFO - Filling up the DagBag from /opt/airflow/dags/tasks/get_data_from_db.py
[2024-07-08T05:45:07.814+0000] {processor.py:842} WARNING - No viable dags retrieved from /opt/airflow/dags/tasks/get_data_from_db.py
[2024-07-08T05:45:07.823+0000] {processor.py:183} INFO - Processing /opt/airflow/dags/tasks/get_data_from_db.py took 0.021 seconds
[2024-07-08T06:54:50.442+0000] {processor.py:161} INFO - Started process (PID=132) to work on /opt/airflow/dags/tasks/get_data_from_db.py
[2024-07-08T06:54:50.442+0000] {processor.py:830} INFO - Processing file /opt/airflow/dags/tasks/get_data_from_db.py for tasks to queue
[2024-07-08T06:54:50.444+0000] {logging_mixin.py:188} INFO - [2024-07-08T06:54:50.444+0000] {dagbag.py:545} INFO - Filling up the DagBag from /opt/airflow/dags/tasks/get_data_from_db.py
[2024-07-08T06:54:50.454+0000] {processor.py:842} WARNING - No viable dags retrieved from /opt/airflow/dags/tasks/get_data_from_db.py
[2024-07-08T06:54:50.464+0000] {processor.py:183} INFO - Processing /opt/airflow/dags/tasks/get_data_from_db.py took 0.027 seconds
[2024-07-08T06:55:20.745+0000] {processor.py:161} INFO - Started process (PID=208) to work on /opt/airflow/dags/tasks/get_data_from_db.py
[2024-07-08T06:55:20.746+0000] {processor.py:830} INFO - Processing file /opt/airflow/dags/tasks/get_data_from_db.py for tasks to queue
[2024-07-08T06:55:20.747+0000] {logging_mixin.py:188} INFO - [2024-07-08T06:55:20.747+0000] {dagbag.py:545} INFO - Filling up the DagBag from /opt/airflow/dags/tasks/get_data_from_db.py
[2024-07-08T06:55:20.755+0000] {processor.py:842} WARNING - No viable dags retrieved from /opt/airflow/dags/tasks/get_data_from_db.py
[2024-07-08T06:55:20.765+0000] {processor.py:183} INFO - Processing /opt/airflow/dags/tasks/get_data_from_db.py took 0.024 seconds
[2024-07-08T06:55:50.975+0000] {processor.py:161} INFO - Started process (PID=310) to work on /opt/airflow/dags/tasks/get_data_from_db.py
[2024-07-08T06:55:50.976+0000] {processor.py:830} INFO - Processing file /opt/airflow/dags/tasks/get_data_from_db.py for tasks to queue
[2024-07-08T06:55:50.976+0000] {logging_mixin.py:188} INFO - [2024-07-08T06:55:50.976+0000] {dagbag.py:545} INFO - Filling up the DagBag from /opt/airflow/dags/tasks/get_data_from_db.py
[2024-07-08T06:55:50.984+0000] {processor.py:842} WARNING - No viable dags retrieved from /opt/airflow/dags/tasks/get_data_from_db.py
[2024-07-08T06:55:50.994+0000] {processor.py:183} INFO - Processing /opt/airflow/dags/tasks/get_data_from_db.py took 0.022 seconds
[2024-07-08T06:56:21.254+0000] {processor.py:161} INFO - Started process (PID=387) to work on /opt/airflow/dags/tasks/get_data_from_db.py
[2024-07-08T06:56:21.255+0000] {processor.py:830} INFO - Processing file /opt/airflow/dags/tasks/get_data_from_db.py for tasks to queue
[2024-07-08T06:56:21.255+0000] {logging_mixin.py:188} INFO - [2024-07-08T06:56:21.255+0000] {dagbag.py:545} INFO - Filling up the DagBag from /opt/airflow/dags/tasks/get_data_from_db.py
[2024-07-08T06:56:21.262+0000] {processor.py:842} WARNING - No viable dags retrieved from /opt/airflow/dags/tasks/get_data_from_db.py
[2024-07-08T06:56:21.270+0000] {processor.py:183} INFO - Processing /opt/airflow/dags/tasks/get_data_from_db.py took 0.018 seconds
[2024-07-08T06:56:51.521+0000] {processor.py:161} INFO - Started process (PID=490) to work on /opt/airflow/dags/tasks/get_data_from_db.py
[2024-07-08T06:56:51.522+0000] {processor.py:830} INFO - Processing file /opt/airflow/dags/tasks/get_data_from_db.py for tasks to queue
[2024-07-08T06:56:51.522+0000] {logging_mixin.py:188} INFO - [2024-07-08T06:56:51.522+0000] {dagbag.py:545} INFO - Filling up the DagBag from /opt/airflow/dags/tasks/get_data_from_db.py
[2024-07-08T06:56:51.529+0000] {processor.py:842} WARNING - No viable dags retrieved from /opt/airflow/dags/tasks/get_data_from_db.py
[2024-07-08T06:56:51.537+0000] {processor.py:183} INFO - Processing /opt/airflow/dags/tasks/get_data_from_db.py took 0.019 seconds
[2024-07-08T06:57:22.061+0000] {processor.py:161} INFO - Started process (PID=593) to work on /opt/airflow/dags/tasks/get_data_from_db.py
[2024-07-08T06:57:22.061+0000] {processor.py:830} INFO - Processing file /opt/airflow/dags/tasks/get_data_from_db.py for tasks to queue
[2024-07-08T06:57:22.062+0000] {logging_mixin.py:188} INFO - [2024-07-08T06:57:22.062+0000] {dagbag.py:545} INFO - Filling up the DagBag from /opt/airflow/dags/tasks/get_data_from_db.py
[2024-07-08T06:57:22.068+0000] {processor.py:842} WARNING - No viable dags retrieved from /opt/airflow/dags/tasks/get_data_from_db.py
[2024-07-08T06:57:22.078+0000] {processor.py:183} INFO - Processing /opt/airflow/dags/tasks/get_data_from_db.py took 0.021 seconds
[2024-07-08T06:57:52.334+0000] {processor.py:161} INFO - Started process (PID=672) to work on /opt/airflow/dags/tasks/get_data_from_db.py
[2024-07-08T06:57:52.334+0000] {processor.py:830} INFO - Processing file /opt/airflow/dags/tasks/get_data_from_db.py for tasks to queue
[2024-07-08T06:57:52.335+0000] {logging_mixin.py:188} INFO - [2024-07-08T06:57:52.335+0000] {dagbag.py:545} INFO - Filling up the DagBag from /opt/airflow/dags/tasks/get_data_from_db.py
[2024-07-08T06:57:52.343+0000] {processor.py:842} WARNING - No viable dags retrieved from /opt/airflow/dags/tasks/get_data_from_db.py
[2024-07-08T06:57:52.351+0000] {processor.py:183} INFO - Processing /opt/airflow/dags/tasks/get_data_from_db.py took 0.021 seconds
[2024-07-08T06:58:23.025+0000] {processor.py:161} INFO - Started process (PID=799) to work on /opt/airflow/dags/tasks/get_data_from_db.py
[2024-07-08T06:58:23.026+0000] {processor.py:830} INFO - Processing file /opt/airflow/dags/tasks/get_data_from_db.py for tasks to queue
[2024-07-08T06:58:23.026+0000] {logging_mixin.py:188} INFO - [2024-07-08T06:58:23.026+0000] {dagbag.py:545} INFO - Filling up the DagBag from /opt/airflow/dags/tasks/get_data_from_db.py
[2024-07-08T06:58:23.035+0000] {processor.py:842} WARNING - No viable dags retrieved from /opt/airflow/dags/tasks/get_data_from_db.py
[2024-07-08T06:58:23.044+0000] {processor.py:183} INFO - Processing /opt/airflow/dags/tasks/get_data_from_db.py took 0.023 seconds
[2024-07-08T06:58:53.282+0000] {processor.py:161} INFO - Started process (PID=876) to work on /opt/airflow/dags/tasks/get_data_from_db.py
[2024-07-08T06:58:53.282+0000] {processor.py:830} INFO - Processing file /opt/airflow/dags/tasks/get_data_from_db.py for tasks to queue
[2024-07-08T06:58:53.283+0000] {logging_mixin.py:188} INFO - [2024-07-08T06:58:53.283+0000] {dagbag.py:545} INFO - Filling up the DagBag from /opt/airflow/dags/tasks/get_data_from_db.py
[2024-07-08T06:58:53.290+0000] {processor.py:842} WARNING - No viable dags retrieved from /opt/airflow/dags/tasks/get_data_from_db.py
[2024-07-08T06:58:53.299+0000] {processor.py:183} INFO - Processing /opt/airflow/dags/tasks/get_data_from_db.py took 0.020 seconds
[2024-07-08T06:59:23.574+0000] {processor.py:161} INFO - Started process (PID=959) to work on /opt/airflow/dags/tasks/get_data_from_db.py
[2024-07-08T06:59:23.574+0000] {processor.py:830} INFO - Processing file /opt/airflow/dags/tasks/get_data_from_db.py for tasks to queue
[2024-07-08T06:59:23.575+0000] {logging_mixin.py:188} INFO - [2024-07-08T06:59:23.574+0000] {dagbag.py:545} INFO - Filling up the DagBag from /opt/airflow/dags/tasks/get_data_from_db.py
[2024-07-08T06:59:23.582+0000] {processor.py:842} WARNING - No viable dags retrieved from /opt/airflow/dags/tasks/get_data_from_db.py
[2024-07-08T06:59:23.592+0000] {processor.py:183} INFO - Processing /opt/airflow/dags/tasks/get_data_from_db.py took 0.022 seconds
[2024-07-08T06:59:54.052+0000] {processor.py:161} INFO - Started process (PID=1060) to work on /opt/airflow/dags/tasks/get_data_from_db.py
[2024-07-08T06:59:54.053+0000] {processor.py:830} INFO - Processing file /opt/airflow/dags/tasks/get_data_from_db.py for tasks to queue
[2024-07-08T06:59:54.053+0000] {logging_mixin.py:188} INFO - [2024-07-08T06:59:54.053+0000] {dagbag.py:545} INFO - Filling up the DagBag from /opt/airflow/dags/tasks/get_data_from_db.py
[2024-07-08T06:59:54.060+0000] {processor.py:842} WARNING - No viable dags retrieved from /opt/airflow/dags/tasks/get_data_from_db.py
[2024-07-08T06:59:54.069+0000] {processor.py:183} INFO - Processing /opt/airflow/dags/tasks/get_data_from_db.py took 0.020 seconds
[2024-07-08T07:00:24.424+0000] {processor.py:161} INFO - Started process (PID=1137) to work on /opt/airflow/dags/tasks/get_data_from_db.py
[2024-07-08T07:00:24.425+0000] {processor.py:830} INFO - Processing file /opt/airflow/dags/tasks/get_data_from_db.py for tasks to queue
[2024-07-08T07:00:24.425+0000] {logging_mixin.py:188} INFO - [2024-07-08T07:00:24.425+0000] {dagbag.py:545} INFO - Filling up the DagBag from /opt/airflow/dags/tasks/get_data_from_db.py
[2024-07-08T07:00:24.432+0000] {processor.py:842} WARNING - No viable dags retrieved from /opt/airflow/dags/tasks/get_data_from_db.py
[2024-07-08T07:00:24.440+0000] {processor.py:183} INFO - Processing /opt/airflow/dags/tasks/get_data_from_db.py took 0.020 seconds
[2024-07-08T07:00:54.808+0000] {processor.py:161} INFO - Started process (PID=1240) to work on /opt/airflow/dags/tasks/get_data_from_db.py
[2024-07-08T07:00:54.808+0000] {processor.py:830} INFO - Processing file /opt/airflow/dags/tasks/get_data_from_db.py for tasks to queue
[2024-07-08T07:00:54.809+0000] {logging_mixin.py:188} INFO - [2024-07-08T07:00:54.808+0000] {dagbag.py:545} INFO - Filling up the DagBag from /opt/airflow/dags/tasks/get_data_from_db.py
[2024-07-08T07:00:54.819+0000] {processor.py:842} WARNING - No viable dags retrieved from /opt/airflow/dags/tasks/get_data_from_db.py
[2024-07-08T07:00:54.828+0000] {processor.py:183} INFO - Processing /opt/airflow/dags/tasks/get_data_from_db.py took 0.024 seconds
[2024-07-08T07:01:25.299+0000] {processor.py:161} INFO - Started process (PID=1317) to work on /opt/airflow/dags/tasks/get_data_from_db.py
[2024-07-08T07:01:25.300+0000] {processor.py:830} INFO - Processing file /opt/airflow/dags/tasks/get_data_from_db.py for tasks to queue
[2024-07-08T07:01:25.301+0000] {logging_mixin.py:188} INFO - [2024-07-08T07:01:25.300+0000] {dagbag.py:545} INFO - Filling up the DagBag from /opt/airflow/dags/tasks/get_data_from_db.py
[2024-07-08T07:01:25.307+0000] {processor.py:842} WARNING - No viable dags retrieved from /opt/airflow/dags/tasks/get_data_from_db.py
[2024-07-08T07:01:25.316+0000] {processor.py:183} INFO - Processing /opt/airflow/dags/tasks/get_data_from_db.py took 0.020 seconds
[2024-07-08T07:01:55.727+0000] {processor.py:161} INFO - Started process (PID=1421) to work on /opt/airflow/dags/tasks/get_data_from_db.py
[2024-07-08T07:01:55.727+0000] {processor.py:830} INFO - Processing file /opt/airflow/dags/tasks/get_data_from_db.py for tasks to queue
[2024-07-08T07:01:55.728+0000] {logging_mixin.py:188} INFO - [2024-07-08T07:01:55.728+0000] {dagbag.py:545} INFO - Filling up the DagBag from /opt/airflow/dags/tasks/get_data_from_db.py
[2024-07-08T07:01:55.734+0000] {processor.py:842} WARNING - No viable dags retrieved from /opt/airflow/dags/tasks/get_data_from_db.py
[2024-07-08T07:01:55.742+0000] {processor.py:183} INFO - Processing /opt/airflow/dags/tasks/get_data_from_db.py took 0.019 seconds
[2024-07-08T07:02:26.233+0000] {processor.py:161} INFO - Started process (PID=1524) to work on /opt/airflow/dags/tasks/get_data_from_db.py
[2024-07-08T07:02:26.234+0000] {processor.py:830} INFO - Processing file /opt/airflow/dags/tasks/get_data_from_db.py for tasks to queue
[2024-07-08T07:02:26.234+0000] {logging_mixin.py:188} INFO - [2024-07-08T07:02:26.234+0000] {dagbag.py:545} INFO - Filling up the DagBag from /opt/airflow/dags/tasks/get_data_from_db.py
[2024-07-08T07:02:26.241+0000] {processor.py:842} WARNING - No viable dags retrieved from /opt/airflow/dags/tasks/get_data_from_db.py
[2024-07-08T07:02:26.249+0000] {processor.py:183} INFO - Processing /opt/airflow/dags/tasks/get_data_from_db.py took 0.020 seconds
[2024-07-08T07:02:56.691+0000] {processor.py:161} INFO - Started process (PID=1601) to work on /opt/airflow/dags/tasks/get_data_from_db.py
[2024-07-08T07:02:56.692+0000] {processor.py:830} INFO - Processing file /opt/airflow/dags/tasks/get_data_from_db.py for tasks to queue
[2024-07-08T07:02:56.693+0000] {logging_mixin.py:188} INFO - [2024-07-08T07:02:56.692+0000] {dagbag.py:545} INFO - Filling up the DagBag from /opt/airflow/dags/tasks/get_data_from_db.py
[2024-07-08T07:02:56.699+0000] {processor.py:842} WARNING - No viable dags retrieved from /opt/airflow/dags/tasks/get_data_from_db.py
[2024-07-08T07:02:56.707+0000] {processor.py:183} INFO - Processing /opt/airflow/dags/tasks/get_data_from_db.py took 0.019 seconds
[2024-07-08T07:03:27.133+0000] {processor.py:161} INFO - Started process (PID=1704) to work on /opt/airflow/dags/tasks/get_data_from_db.py
[2024-07-08T07:03:27.134+0000] {processor.py:830} INFO - Processing file /opt/airflow/dags/tasks/get_data_from_db.py for tasks to queue
[2024-07-08T07:03:27.134+0000] {logging_mixin.py:188} INFO - [2024-07-08T07:03:27.134+0000] {dagbag.py:545} INFO - Filling up the DagBag from /opt/airflow/dags/tasks/get_data_from_db.py
[2024-07-08T07:03:27.140+0000] {processor.py:842} WARNING - No viable dags retrieved from /opt/airflow/dags/tasks/get_data_from_db.py
[2024-07-08T07:03:27.149+0000] {processor.py:183} INFO - Processing /opt/airflow/dags/tasks/get_data_from_db.py took 0.019 seconds
[2024-07-08T07:03:57.623+0000] {processor.py:161} INFO - Started process (PID=1781) to work on /opt/airflow/dags/tasks/get_data_from_db.py
[2024-07-08T07:03:57.624+0000] {processor.py:830} INFO - Processing file /opt/airflow/dags/tasks/get_data_from_db.py for tasks to queue
[2024-07-08T07:03:57.624+0000] {logging_mixin.py:188} INFO - [2024-07-08T07:03:57.624+0000] {dagbag.py:545} INFO - Filling up the DagBag from /opt/airflow/dags/tasks/get_data_from_db.py
[2024-07-08T07:03:57.631+0000] {processor.py:842} WARNING - No viable dags retrieved from /opt/airflow/dags/tasks/get_data_from_db.py
[2024-07-08T07:03:57.639+0000] {processor.py:183} INFO - Processing /opt/airflow/dags/tasks/get_data_from_db.py took 0.019 seconds
[2024-07-08T07:04:28.051+0000] {processor.py:161} INFO - Started process (PID=1885) to work on /opt/airflow/dags/tasks/get_data_from_db.py
[2024-07-08T07:04:28.051+0000] {processor.py:830} INFO - Processing file /opt/airflow/dags/tasks/get_data_from_db.py for tasks to queue
[2024-07-08T07:04:28.052+0000] {logging_mixin.py:188} INFO - [2024-07-08T07:04:28.052+0000] {dagbag.py:545} INFO - Filling up the DagBag from /opt/airflow/dags/tasks/get_data_from_db.py
[2024-07-08T07:04:28.058+0000] {processor.py:842} WARNING - No viable dags retrieved from /opt/airflow/dags/tasks/get_data_from_db.py
[2024-07-08T07:04:28.066+0000] {processor.py:183} INFO - Processing /opt/airflow/dags/tasks/get_data_from_db.py took 0.019 seconds
[2024-07-08T07:04:58.599+0000] {processor.py:161} INFO - Started process (PID=1988) to work on /opt/airflow/dags/tasks/get_data_from_db.py
[2024-07-08T07:04:58.599+0000] {processor.py:830} INFO - Processing file /opt/airflow/dags/tasks/get_data_from_db.py for tasks to queue
[2024-07-08T07:04:58.600+0000] {logging_mixin.py:188} INFO - [2024-07-08T07:04:58.600+0000] {dagbag.py:545} INFO - Filling up the DagBag from /opt/airflow/dags/tasks/get_data_from_db.py
[2024-07-08T07:04:58.607+0000] {processor.py:842} WARNING - No viable dags retrieved from /opt/airflow/dags/tasks/get_data_from_db.py
[2024-07-08T07:04:58.616+0000] {processor.py:183} INFO - Processing /opt/airflow/dags/tasks/get_data_from_db.py took 0.021 seconds
[2024-07-08T07:05:28.794+0000] {processor.py:161} INFO - Started process (PID=2065) to work on /opt/airflow/dags/tasks/get_data_from_db.py
[2024-07-08T07:05:28.795+0000] {processor.py:830} INFO - Processing file /opt/airflow/dags/tasks/get_data_from_db.py for tasks to queue
[2024-07-08T07:05:28.795+0000] {logging_mixin.py:188} INFO - [2024-07-08T07:05:28.795+0000] {dagbag.py:545} INFO - Filling up the DagBag from /opt/airflow/dags/tasks/get_data_from_db.py
[2024-07-08T07:05:28.803+0000] {processor.py:842} WARNING - No viable dags retrieved from /opt/airflow/dags/tasks/get_data_from_db.py
[2024-07-08T07:05:28.812+0000] {processor.py:183} INFO - Processing /opt/airflow/dags/tasks/get_data_from_db.py took 0.021 seconds
[2024-07-08T07:05:59.027+0000] {processor.py:161} INFO - Started process (PID=2168) to work on /opt/airflow/dags/tasks/get_data_from_db.py
[2024-07-08T07:05:59.028+0000] {processor.py:830} INFO - Processing file /opt/airflow/dags/tasks/get_data_from_db.py for tasks to queue
[2024-07-08T07:05:59.029+0000] {logging_mixin.py:188} INFO - [2024-07-08T07:05:59.028+0000] {dagbag.py:545} INFO - Filling up the DagBag from /opt/airflow/dags/tasks/get_data_from_db.py
[2024-07-08T07:05:59.036+0000] {processor.py:842} WARNING - No viable dags retrieved from /opt/airflow/dags/tasks/get_data_from_db.py
[2024-07-08T07:05:59.046+0000] {processor.py:183} INFO - Processing /opt/airflow/dags/tasks/get_data_from_db.py took 0.022 seconds
[2024-07-08T07:06:29.701+0000] {processor.py:161} INFO - Started process (PID=2245) to work on /opt/airflow/dags/tasks/get_data_from_db.py
[2024-07-08T07:06:29.701+0000] {processor.py:830} INFO - Processing file /opt/airflow/dags/tasks/get_data_from_db.py for tasks to queue
[2024-07-08T07:06:29.702+0000] {logging_mixin.py:188} INFO - [2024-07-08T07:06:29.702+0000] {dagbag.py:545} INFO - Filling up the DagBag from /opt/airflow/dags/tasks/get_data_from_db.py
[2024-07-08T07:06:29.709+0000] {processor.py:842} WARNING - No viable dags retrieved from /opt/airflow/dags/tasks/get_data_from_db.py
[2024-07-08T07:06:29.717+0000] {processor.py:183} INFO - Processing /opt/airflow/dags/tasks/get_data_from_db.py took 0.020 seconds
[2024-07-08T07:06:59.932+0000] {processor.py:161} INFO - Started process (PID=2347) to work on /opt/airflow/dags/tasks/get_data_from_db.py
[2024-07-08T07:06:59.932+0000] {processor.py:830} INFO - Processing file /opt/airflow/dags/tasks/get_data_from_db.py for tasks to queue
[2024-07-08T07:06:59.933+0000] {logging_mixin.py:188} INFO - [2024-07-08T07:06:59.933+0000] {dagbag.py:545} INFO - Filling up the DagBag from /opt/airflow/dags/tasks/get_data_from_db.py
[2024-07-08T07:06:59.939+0000] {processor.py:842} WARNING - No viable dags retrieved from /opt/airflow/dags/tasks/get_data_from_db.py
[2024-07-08T07:06:59.949+0000] {processor.py:183} INFO - Processing /opt/airflow/dags/tasks/get_data_from_db.py took 0.020 seconds
[2024-07-08T07:07:30.540+0000] {processor.py:161} INFO - Started process (PID=2451) to work on /opt/airflow/dags/tasks/get_data_from_db.py
[2024-07-08T07:07:30.541+0000] {processor.py:830} INFO - Processing file /opt/airflow/dags/tasks/get_data_from_db.py for tasks to queue
[2024-07-08T07:07:30.542+0000] {logging_mixin.py:188} INFO - [2024-07-08T07:07:30.541+0000] {dagbag.py:545} INFO - Filling up the DagBag from /opt/airflow/dags/tasks/get_data_from_db.py
[2024-07-08T07:07:30.549+0000] {processor.py:842} WARNING - No viable dags retrieved from /opt/airflow/dags/tasks/get_data_from_db.py
[2024-07-08T07:07:30.558+0000] {processor.py:183} INFO - Processing /opt/airflow/dags/tasks/get_data_from_db.py took 0.021 seconds
[2024-07-08T07:08:00.814+0000] {processor.py:161} INFO - Started process (PID=2527) to work on /opt/airflow/dags/tasks/get_data_from_db.py
[2024-07-08T07:08:00.814+0000] {processor.py:830} INFO - Processing file /opt/airflow/dags/tasks/get_data_from_db.py for tasks to queue
[2024-07-08T07:08:00.815+0000] {logging_mixin.py:188} INFO - [2024-07-08T07:08:00.815+0000] {dagbag.py:545} INFO - Filling up the DagBag from /opt/airflow/dags/tasks/get_data_from_db.py
[2024-07-08T07:08:00.822+0000] {processor.py:842} WARNING - No viable dags retrieved from /opt/airflow/dags/tasks/get_data_from_db.py
[2024-07-08T07:08:00.830+0000] {processor.py:183} INFO - Processing /opt/airflow/dags/tasks/get_data_from_db.py took 0.020 seconds
[2024-07-08T07:08:31.075+0000] {processor.py:161} INFO - Started process (PID=2630) to work on /opt/airflow/dags/tasks/get_data_from_db.py
[2024-07-08T07:08:31.076+0000] {processor.py:830} INFO - Processing file /opt/airflow/dags/tasks/get_data_from_db.py for tasks to queue
[2024-07-08T07:08:31.076+0000] {logging_mixin.py:188} INFO - [2024-07-08T07:08:31.076+0000] {dagbag.py:545} INFO - Filling up the DagBag from /opt/airflow/dags/tasks/get_data_from_db.py
[2024-07-08T07:08:31.083+0000] {processor.py:842} WARNING - No viable dags retrieved from /opt/airflow/dags/tasks/get_data_from_db.py
[2024-07-08T07:08:31.094+0000] {processor.py:183} INFO - Processing /opt/airflow/dags/tasks/get_data_from_db.py took 0.023 seconds
[2024-07-08T07:09:01.362+0000] {processor.py:161} INFO - Started process (PID=2707) to work on /opt/airflow/dags/tasks/get_data_from_db.py
[2024-07-08T07:09:01.364+0000] {processor.py:830} INFO - Processing file /opt/airflow/dags/tasks/get_data_from_db.py for tasks to queue
[2024-07-08T07:09:01.367+0000] {logging_mixin.py:188} INFO - [2024-07-08T07:09:01.367+0000] {dagbag.py:545} INFO - Filling up the DagBag from /opt/airflow/dags/tasks/get_data_from_db.py
[2024-07-08T07:09:01.377+0000] {processor.py:842} WARNING - No viable dags retrieved from /opt/airflow/dags/tasks/get_data_from_db.py
[2024-07-08T07:09:01.390+0000] {processor.py:183} INFO - Processing /opt/airflow/dags/tasks/get_data_from_db.py took 0.033 seconds
[2024-07-08T07:09:31.597+0000] {processor.py:161} INFO - Started process (PID=2810) to work on /opt/airflow/dags/tasks/get_data_from_db.py
[2024-07-08T07:09:31.597+0000] {processor.py:830} INFO - Processing file /opt/airflow/dags/tasks/get_data_from_db.py for tasks to queue
[2024-07-08T07:09:31.598+0000] {logging_mixin.py:188} INFO - [2024-07-08T07:09:31.598+0000] {dagbag.py:545} INFO - Filling up the DagBag from /opt/airflow/dags/tasks/get_data_from_db.py
[2024-07-08T07:09:31.608+0000] {processor.py:842} WARNING - No viable dags retrieved from /opt/airflow/dags/tasks/get_data_from_db.py
[2024-07-08T07:09:31.618+0000] {processor.py:183} INFO - Processing /opt/airflow/dags/tasks/get_data_from_db.py took 0.025 seconds
[2024-07-08T07:10:01.925+0000] {processor.py:161} INFO - Started process (PID=2913) to work on /opt/airflow/dags/tasks/get_data_from_db.py
[2024-07-08T07:10:01.925+0000] {processor.py:830} INFO - Processing file /opt/airflow/dags/tasks/get_data_from_db.py for tasks to queue
[2024-07-08T07:10:01.926+0000] {logging_mixin.py:188} INFO - [2024-07-08T07:10:01.926+0000] {dagbag.py:545} INFO - Filling up the DagBag from /opt/airflow/dags/tasks/get_data_from_db.py
[2024-07-08T07:10:01.933+0000] {processor.py:842} WARNING - No viable dags retrieved from /opt/airflow/dags/tasks/get_data_from_db.py
[2024-07-08T07:10:01.942+0000] {processor.py:183} INFO - Processing /opt/airflow/dags/tasks/get_data_from_db.py took 0.021 seconds
[2024-07-08T07:10:32.201+0000] {processor.py:161} INFO - Started process (PID=2990) to work on /opt/airflow/dags/tasks/get_data_from_db.py
[2024-07-08T07:10:32.202+0000] {processor.py:830} INFO - Processing file /opt/airflow/dags/tasks/get_data_from_db.py for tasks to queue
[2024-07-08T07:10:32.202+0000] {logging_mixin.py:188} INFO - [2024-07-08T07:10:32.202+0000] {dagbag.py:545} INFO - Filling up the DagBag from /opt/airflow/dags/tasks/get_data_from_db.py
[2024-07-08T07:10:32.209+0000] {processor.py:842} WARNING - No viable dags retrieved from /opt/airflow/dags/tasks/get_data_from_db.py
[2024-07-08T07:10:32.218+0000] {processor.py:183} INFO - Processing /opt/airflow/dags/tasks/get_data_from_db.py took 0.020 seconds
[2024-07-08T07:11:02.448+0000] {processor.py:161} INFO - Started process (PID=3093) to work on /opt/airflow/dags/tasks/get_data_from_db.py
[2024-07-08T07:11:02.449+0000] {processor.py:830} INFO - Processing file /opt/airflow/dags/tasks/get_data_from_db.py for tasks to queue
[2024-07-08T07:11:02.449+0000] {logging_mixin.py:188} INFO - [2024-07-08T07:11:02.449+0000] {dagbag.py:545} INFO - Filling up the DagBag from /opt/airflow/dags/tasks/get_data_from_db.py
[2024-07-08T07:11:02.456+0000] {processor.py:842} WARNING - No viable dags retrieved from /opt/airflow/dags/tasks/get_data_from_db.py
[2024-07-08T07:11:02.466+0000] {processor.py:183} INFO - Processing /opt/airflow/dags/tasks/get_data_from_db.py took 0.021 seconds
[2024-07-08T07:11:33.046+0000] {processor.py:161} INFO - Started process (PID=3170) to work on /opt/airflow/dags/tasks/get_data_from_db.py
[2024-07-08T07:11:33.046+0000] {processor.py:830} INFO - Processing file /opt/airflow/dags/tasks/get_data_from_db.py for tasks to queue
[2024-07-08T07:11:33.047+0000] {logging_mixin.py:188} INFO - [2024-07-08T07:11:33.047+0000] {dagbag.py:545} INFO - Filling up the DagBag from /opt/airflow/dags/tasks/get_data_from_db.py
[2024-07-08T07:11:33.054+0000] {processor.py:842} WARNING - No viable dags retrieved from /opt/airflow/dags/tasks/get_data_from_db.py
[2024-07-08T07:11:33.063+0000] {processor.py:183} INFO - Processing /opt/airflow/dags/tasks/get_data_from_db.py took 0.021 seconds
[2024-07-08T07:12:03.581+0000] {processor.py:161} INFO - Started process (PID=3277) to work on /opt/airflow/dags/tasks/get_data_from_db.py
[2024-07-08T07:12:03.582+0000] {processor.py:830} INFO - Processing file /opt/airflow/dags/tasks/get_data_from_db.py for tasks to queue
[2024-07-08T07:12:03.582+0000] {logging_mixin.py:188} INFO - [2024-07-08T07:12:03.582+0000] {dagbag.py:545} INFO - Filling up the DagBag from /opt/airflow/dags/tasks/get_data_from_db.py
[2024-07-08T07:12:03.590+0000] {processor.py:842} WARNING - No viable dags retrieved from /opt/airflow/dags/tasks/get_data_from_db.py
[2024-07-08T07:12:03.599+0000] {processor.py:183} INFO - Processing /opt/airflow/dags/tasks/get_data_from_db.py took 0.021 seconds
[2024-07-08T07:12:34.026+0000] {processor.py:161} INFO - Started process (PID=3361) to work on /opt/airflow/dags/tasks/get_data_from_db.py
[2024-07-08T07:12:34.027+0000] {processor.py:830} INFO - Processing file /opt/airflow/dags/tasks/get_data_from_db.py for tasks to queue
[2024-07-08T07:12:34.028+0000] {logging_mixin.py:188} INFO - [2024-07-08T07:12:34.027+0000] {dagbag.py:545} INFO - Filling up the DagBag from /opt/airflow/dags/tasks/get_data_from_db.py
[2024-07-08T07:12:34.035+0000] {processor.py:842} WARNING - No viable dags retrieved from /opt/airflow/dags/tasks/get_data_from_db.py
[2024-07-08T07:12:34.045+0000] {processor.py:183} INFO - Processing /opt/airflow/dags/tasks/get_data_from_db.py took 0.023 seconds
[2024-07-08T07:13:04.473+0000] {processor.py:161} INFO - Started process (PID=3457) to work on /opt/airflow/dags/tasks/get_data_from_db.py
[2024-07-08T07:13:04.473+0000] {processor.py:830} INFO - Processing file /opt/airflow/dags/tasks/get_data_from_db.py for tasks to queue
[2024-07-08T07:13:04.474+0000] {logging_mixin.py:188} INFO - [2024-07-08T07:13:04.474+0000] {dagbag.py:545} INFO - Filling up the DagBag from /opt/airflow/dags/tasks/get_data_from_db.py
[2024-07-08T07:13:04.480+0000] {processor.py:842} WARNING - No viable dags retrieved from /opt/airflow/dags/tasks/get_data_from_db.py
[2024-07-08T07:13:04.493+0000] {processor.py:183} INFO - Processing /opt/airflow/dags/tasks/get_data_from_db.py took 0.023 seconds
[2024-07-08T07:13:35.093+0000] {processor.py:161} INFO - Started process (PID=3559) to work on /opt/airflow/dags/tasks/get_data_from_db.py
[2024-07-08T07:13:35.094+0000] {processor.py:830} INFO - Processing file /opt/airflow/dags/tasks/get_data_from_db.py for tasks to queue
[2024-07-08T07:13:35.094+0000] {logging_mixin.py:188} INFO - [2024-07-08T07:13:35.094+0000] {dagbag.py:545} INFO - Filling up the DagBag from /opt/airflow/dags/tasks/get_data_from_db.py
[2024-07-08T07:13:35.102+0000] {processor.py:842} WARNING - No viable dags retrieved from /opt/airflow/dags/tasks/get_data_from_db.py
[2024-07-08T07:13:35.111+0000] {processor.py:183} INFO - Processing /opt/airflow/dags/tasks/get_data_from_db.py took 0.021 seconds
[2024-07-08T07:14:05.520+0000] {processor.py:161} INFO - Started process (PID=3636) to work on /opt/airflow/dags/tasks/get_data_from_db.py
[2024-07-08T07:14:05.520+0000] {processor.py:830} INFO - Processing file /opt/airflow/dags/tasks/get_data_from_db.py for tasks to queue
[2024-07-08T07:14:05.521+0000] {logging_mixin.py:188} INFO - [2024-07-08T07:14:05.521+0000] {dagbag.py:545} INFO - Filling up the DagBag from /opt/airflow/dags/tasks/get_data_from_db.py
[2024-07-08T07:14:05.539+0000] {processor.py:842} WARNING - No viable dags retrieved from /opt/airflow/dags/tasks/get_data_from_db.py
[2024-07-08T07:14:05.547+0000] {processor.py:183} INFO - Processing /opt/airflow/dags/tasks/get_data_from_db.py took 0.031 seconds
[2024-07-08T07:14:35.936+0000] {processor.py:161} INFO - Started process (PID=3760) to work on /opt/airflow/dags/tasks/get_data_from_db.py
[2024-07-08T07:14:35.937+0000] {processor.py:830} INFO - Processing file /opt/airflow/dags/tasks/get_data_from_db.py for tasks to queue
[2024-07-08T07:14:35.937+0000] {logging_mixin.py:188} INFO - [2024-07-08T07:14:35.937+0000] {dagbag.py:545} INFO - Filling up the DagBag from /opt/airflow/dags/tasks/get_data_from_db.py
[2024-07-08T07:14:35.944+0000] {processor.py:842} WARNING - No viable dags retrieved from /opt/airflow/dags/tasks/get_data_from_db.py
[2024-07-08T07:14:35.954+0000] {processor.py:183} INFO - Processing /opt/airflow/dags/tasks/get_data_from_db.py took 0.022 seconds
[2024-07-08T07:15:06.263+0000] {processor.py:161} INFO - Started process (PID=3841) to work on /opt/airflow/dags/tasks/get_data_from_db.py
[2024-07-08T07:15:06.263+0000] {processor.py:830} INFO - Processing file /opt/airflow/dags/tasks/get_data_from_db.py for tasks to queue
[2024-07-08T07:15:06.264+0000] {logging_mixin.py:188} INFO - [2024-07-08T07:15:06.263+0000] {dagbag.py:545} INFO - Filling up the DagBag from /opt/airflow/dags/tasks/get_data_from_db.py
[2024-07-08T07:15:06.272+0000] {processor.py:842} WARNING - No viable dags retrieved from /opt/airflow/dags/tasks/get_data_from_db.py
[2024-07-08T07:15:06.283+0000] {processor.py:183} INFO - Processing /opt/airflow/dags/tasks/get_data_from_db.py took 0.024 seconds
[2024-07-08T07:15:36.961+0000] {processor.py:161} INFO - Started process (PID=3944) to work on /opt/airflow/dags/tasks/get_data_from_db.py
[2024-07-08T07:15:36.962+0000] {processor.py:830} INFO - Processing file /opt/airflow/dags/tasks/get_data_from_db.py for tasks to queue
[2024-07-08T07:15:36.962+0000] {logging_mixin.py:188} INFO - [2024-07-08T07:15:36.962+0000] {dagbag.py:545} INFO - Filling up the DagBag from /opt/airflow/dags/tasks/get_data_from_db.py
[2024-07-08T07:15:36.969+0000] {processor.py:842} WARNING - No viable dags retrieved from /opt/airflow/dags/tasks/get_data_from_db.py
[2024-07-08T07:15:36.979+0000] {processor.py:183} INFO - Processing /opt/airflow/dags/tasks/get_data_from_db.py took 0.021 seconds
[2024-07-08T07:16:07.586+0000] {processor.py:161} INFO - Started process (PID=4047) to work on /opt/airflow/dags/tasks/get_data_from_db.py
[2024-07-08T07:16:07.587+0000] {processor.py:830} INFO - Processing file /opt/airflow/dags/tasks/get_data_from_db.py for tasks to queue
[2024-07-08T07:16:07.588+0000] {logging_mixin.py:188} INFO - [2024-07-08T07:16:07.587+0000] {dagbag.py:545} INFO - Filling up the DagBag from /opt/airflow/dags/tasks/get_data_from_db.py
[2024-07-08T07:16:07.602+0000] {processor.py:842} WARNING - No viable dags retrieved from /opt/airflow/dags/tasks/get_data_from_db.py
[2024-07-08T07:16:07.613+0000] {processor.py:183} INFO - Processing /opt/airflow/dags/tasks/get_data_from_db.py took 0.030 seconds
[2024-07-08T07:16:37.826+0000] {processor.py:161} INFO - Started process (PID=4124) to work on /opt/airflow/dags/tasks/get_data_from_db.py
[2024-07-08T07:16:37.827+0000] {processor.py:830} INFO - Processing file /opt/airflow/dags/tasks/get_data_from_db.py for tasks to queue
[2024-07-08T07:16:37.827+0000] {logging_mixin.py:188} INFO - [2024-07-08T07:16:37.827+0000] {dagbag.py:545} INFO - Filling up the DagBag from /opt/airflow/dags/tasks/get_data_from_db.py
[2024-07-08T07:16:37.835+0000] {processor.py:842} WARNING - No viable dags retrieved from /opt/airflow/dags/tasks/get_data_from_db.py
[2024-07-08T07:16:37.844+0000] {processor.py:183} INFO - Processing /opt/airflow/dags/tasks/get_data_from_db.py took 0.021 seconds
[2024-07-08T07:17:08.289+0000] {processor.py:161} INFO - Started process (PID=4232) to work on /opt/airflow/dags/tasks/get_data_from_db.py
[2024-07-08T07:17:08.290+0000] {processor.py:830} INFO - Processing file /opt/airflow/dags/tasks/get_data_from_db.py for tasks to queue
[2024-07-08T07:17:08.291+0000] {logging_mixin.py:188} INFO - [2024-07-08T07:17:08.290+0000] {dagbag.py:545} INFO - Filling up the DagBag from /opt/airflow/dags/tasks/get_data_from_db.py
[2024-07-08T07:17:08.298+0000] {processor.py:842} WARNING - No viable dags retrieved from /opt/airflow/dags/tasks/get_data_from_db.py
[2024-07-08T07:17:08.306+0000] {processor.py:183} INFO - Processing /opt/airflow/dags/tasks/get_data_from_db.py took 0.020 seconds
[2024-07-08T07:17:38.530+0000] {processor.py:161} INFO - Started process (PID=4308) to work on /opt/airflow/dags/tasks/get_data_from_db.py
[2024-07-08T07:17:38.531+0000] {processor.py:830} INFO - Processing file /opt/airflow/dags/tasks/get_data_from_db.py for tasks to queue
[2024-07-08T07:17:38.532+0000] {logging_mixin.py:188} INFO - [2024-07-08T07:17:38.531+0000] {dagbag.py:545} INFO - Filling up the DagBag from /opt/airflow/dags/tasks/get_data_from_db.py
[2024-07-08T07:17:38.538+0000] {processor.py:842} WARNING - No viable dags retrieved from /opt/airflow/dags/tasks/get_data_from_db.py
[2024-07-08T07:17:38.547+0000] {processor.py:183} INFO - Processing /opt/airflow/dags/tasks/get_data_from_db.py took 0.021 seconds
[2024-07-08T07:18:08.969+0000] {processor.py:161} INFO - Started process (PID=4432) to work on /opt/airflow/dags/tasks/get_data_from_db.py
[2024-07-08T07:18:08.971+0000] {processor.py:830} INFO - Processing file /opt/airflow/dags/tasks/get_data_from_db.py for tasks to queue
[2024-07-08T07:18:08.972+0000] {logging_mixin.py:188} INFO - [2024-07-08T07:18:08.972+0000] {dagbag.py:545} INFO - Filling up the DagBag from /opt/airflow/dags/tasks/get_data_from_db.py
[2024-07-08T07:18:08.999+0000] {processor.py:842} WARNING - No viable dags retrieved from /opt/airflow/dags/tasks/get_data_from_db.py
[2024-07-08T07:18:09.011+0000] {processor.py:183} INFO - Processing /opt/airflow/dags/tasks/get_data_from_db.py took 0.047 seconds
[2024-07-08T07:18:39.860+0000] {processor.py:161} INFO - Started process (PID=4520) to work on /opt/airflow/dags/tasks/get_data_from_db.py
[2024-07-08T07:18:39.861+0000] {processor.py:830} INFO - Processing file /opt/airflow/dags/tasks/get_data_from_db.py for tasks to queue
[2024-07-08T07:18:39.861+0000] {logging_mixin.py:188} INFO - [2024-07-08T07:18:39.861+0000] {dagbag.py:545} INFO - Filling up the DagBag from /opt/airflow/dags/tasks/get_data_from_db.py
[2024-07-08T07:18:39.870+0000] {processor.py:842} WARNING - No viable dags retrieved from /opt/airflow/dags/tasks/get_data_from_db.py
[2024-07-08T07:18:39.879+0000] {processor.py:183} INFO - Processing /opt/airflow/dags/tasks/get_data_from_db.py took 0.023 seconds
[2024-07-08T07:19:10.342+0000] {processor.py:161} INFO - Started process (PID=4617) to work on /opt/airflow/dags/tasks/get_data_from_db.py
[2024-07-08T07:19:10.343+0000] {processor.py:830} INFO - Processing file /opt/airflow/dags/tasks/get_data_from_db.py for tasks to queue
[2024-07-08T07:19:10.344+0000] {logging_mixin.py:188} INFO - [2024-07-08T07:19:10.343+0000] {dagbag.py:545} INFO - Filling up the DagBag from /opt/airflow/dags/tasks/get_data_from_db.py
[2024-07-08T07:19:10.352+0000] {processor.py:842} WARNING - No viable dags retrieved from /opt/airflow/dags/tasks/get_data_from_db.py
[2024-07-08T07:19:10.362+0000] {processor.py:183} INFO - Processing /opt/airflow/dags/tasks/get_data_from_db.py took 0.023 seconds
[2024-07-08T07:19:40.855+0000] {processor.py:161} INFO - Started process (PID=4721) to work on /opt/airflow/dags/tasks/get_data_from_db.py
[2024-07-08T07:19:40.855+0000] {processor.py:830} INFO - Processing file /opt/airflow/dags/tasks/get_data_from_db.py for tasks to queue
[2024-07-08T07:19:40.856+0000] {logging_mixin.py:188} INFO - [2024-07-08T07:19:40.856+0000] {dagbag.py:545} INFO - Filling up the DagBag from /opt/airflow/dags/tasks/get_data_from_db.py
[2024-07-08T07:19:40.865+0000] {processor.py:842} WARNING - No viable dags retrieved from /opt/airflow/dags/tasks/get_data_from_db.py
[2024-07-08T07:19:40.874+0000] {processor.py:183} INFO - Processing /opt/airflow/dags/tasks/get_data_from_db.py took 0.022 seconds
[2024-07-08T07:20:11.370+0000] {processor.py:161} INFO - Started process (PID=4797) to work on /opt/airflow/dags/tasks/get_data_from_db.py
[2024-07-08T07:20:11.371+0000] {processor.py:830} INFO - Processing file /opt/airflow/dags/tasks/get_data_from_db.py for tasks to queue
[2024-07-08T07:20:11.371+0000] {logging_mixin.py:188} INFO - [2024-07-08T07:20:11.371+0000] {dagbag.py:545} INFO - Filling up the DagBag from /opt/airflow/dags/tasks/get_data_from_db.py
[2024-07-08T07:20:11.380+0000] {processor.py:842} WARNING - No viable dags retrieved from /opt/airflow/dags/tasks/get_data_from_db.py
[2024-07-08T07:20:11.390+0000] {processor.py:183} INFO - Processing /opt/airflow/dags/tasks/get_data_from_db.py took 0.024 seconds
[2024-07-08T07:20:41.773+0000] {processor.py:161} INFO - Started process (PID=4899) to work on /opt/airflow/dags/tasks/get_data_from_db.py
[2024-07-08T07:20:41.773+0000] {processor.py:830} INFO - Processing file /opt/airflow/dags/tasks/get_data_from_db.py for tasks to queue
[2024-07-08T07:20:41.774+0000] {logging_mixin.py:188} INFO - [2024-07-08T07:20:41.774+0000] {dagbag.py:545} INFO - Filling up the DagBag from /opt/airflow/dags/tasks/get_data_from_db.py
[2024-07-08T07:20:41.785+0000] {processor.py:842} WARNING - No viable dags retrieved from /opt/airflow/dags/tasks/get_data_from_db.py
[2024-07-08T07:20:41.795+0000] {processor.py:183} INFO - Processing /opt/airflow/dags/tasks/get_data_from_db.py took 0.027 seconds
[2024-07-08T07:21:12.249+0000] {processor.py:161} INFO - Started process (PID=4983) to work on /opt/airflow/dags/tasks/get_data_from_db.py
[2024-07-08T07:21:12.250+0000] {processor.py:830} INFO - Processing file /opt/airflow/dags/tasks/get_data_from_db.py for tasks to queue
[2024-07-08T07:21:12.251+0000] {logging_mixin.py:188} INFO - [2024-07-08T07:21:12.250+0000] {dagbag.py:545} INFO - Filling up the DagBag from /opt/airflow/dags/tasks/get_data_from_db.py
[2024-07-08T07:21:12.259+0000] {processor.py:842} WARNING - No viable dags retrieved from /opt/airflow/dags/tasks/get_data_from_db.py
[2024-07-08T07:21:12.268+0000] {processor.py:183} INFO - Processing /opt/airflow/dags/tasks/get_data_from_db.py took 0.022 seconds
[2024-07-08T07:21:42.530+0000] {processor.py:161} INFO - Started process (PID=5080) to work on /opt/airflow/dags/tasks/get_data_from_db.py
[2024-07-08T07:21:42.531+0000] {processor.py:830} INFO - Processing file /opt/airflow/dags/tasks/get_data_from_db.py for tasks to queue
[2024-07-08T07:21:42.531+0000] {logging_mixin.py:188} INFO - [2024-07-08T07:21:42.531+0000] {dagbag.py:545} INFO - Filling up the DagBag from /opt/airflow/dags/tasks/get_data_from_db.py
[2024-07-08T07:21:42.538+0000] {processor.py:842} WARNING - No viable dags retrieved from /opt/airflow/dags/tasks/get_data_from_db.py
[2024-07-08T07:21:42.546+0000] {processor.py:183} INFO - Processing /opt/airflow/dags/tasks/get_data_from_db.py took 0.020 seconds
[2024-07-08T23:52:59.256+0000] {processor.py:161} INFO - Started process (PID=109) to work on /opt/airflow/dags/tasks/get_data_from_db.py
[2024-07-08T23:52:59.257+0000] {processor.py:830} INFO - Processing file /opt/airflow/dags/tasks/get_data_from_db.py for tasks to queue
[2024-07-08T23:52:59.258+0000] {logging_mixin.py:188} INFO - [2024-07-08T23:52:59.258+0000] {dagbag.py:545} INFO - Filling up the DagBag from /opt/airflow/dags/tasks/get_data_from_db.py
[2024-07-08T23:52:59.267+0000] {processor.py:842} WARNING - No viable dags retrieved from /opt/airflow/dags/tasks/get_data_from_db.py
[2024-07-08T23:52:59.278+0000] {processor.py:183} INFO - Processing /opt/airflow/dags/tasks/get_data_from_db.py took 0.026 seconds
[2024-07-08T23:53:29.484+0000] {processor.py:161} INFO - Started process (PID=246) to work on /opt/airflow/dags/tasks/get_data_from_db.py
[2024-07-08T23:53:29.484+0000] {processor.py:830} INFO - Processing file /opt/airflow/dags/tasks/get_data_from_db.py for tasks to queue
[2024-07-08T23:53:29.487+0000] {logging_mixin.py:188} INFO - [2024-07-08T23:53:29.487+0000] {dagbag.py:545} INFO - Filling up the DagBag from /opt/airflow/dags/tasks/get_data_from_db.py
[2024-07-08T23:53:29.495+0000] {processor.py:842} WARNING - No viable dags retrieved from /opt/airflow/dags/tasks/get_data_from_db.py
[2024-07-08T23:53:29.504+0000] {processor.py:183} INFO - Processing /opt/airflow/dags/tasks/get_data_from_db.py took 0.025 seconds
[2024-07-08T23:53:59.876+0000] {processor.py:161} INFO - Started process (PID=349) to work on /opt/airflow/dags/tasks/get_data_from_db.py
[2024-07-08T23:53:59.876+0000] {processor.py:830} INFO - Processing file /opt/airflow/dags/tasks/get_data_from_db.py for tasks to queue
[2024-07-08T23:53:59.877+0000] {logging_mixin.py:188} INFO - [2024-07-08T23:53:59.877+0000] {dagbag.py:545} INFO - Filling up the DagBag from /opt/airflow/dags/tasks/get_data_from_db.py
[2024-07-08T23:53:59.889+0000] {processor.py:842} WARNING - No viable dags retrieved from /opt/airflow/dags/tasks/get_data_from_db.py
[2024-07-08T23:53:59.897+0000] {processor.py:183} INFO - Processing /opt/airflow/dags/tasks/get_data_from_db.py took 0.024 seconds
[2024-07-08T23:54:30.573+0000] {processor.py:161} INFO - Started process (PID=426) to work on /opt/airflow/dags/tasks/get_data_from_db.py
[2024-07-08T23:54:30.574+0000] {processor.py:830} INFO - Processing file /opt/airflow/dags/tasks/get_data_from_db.py for tasks to queue
[2024-07-08T23:54:30.575+0000] {logging_mixin.py:188} INFO - [2024-07-08T23:54:30.575+0000] {dagbag.py:545} INFO - Filling up the DagBag from /opt/airflow/dags/tasks/get_data_from_db.py
[2024-07-08T23:54:30.586+0000] {processor.py:842} WARNING - No viable dags retrieved from /opt/airflow/dags/tasks/get_data_from_db.py
[2024-07-08T23:54:30.595+0000] {processor.py:183} INFO - Processing /opt/airflow/dags/tasks/get_data_from_db.py took 0.025 seconds
[2024-07-08T23:55:01.141+0000] {processor.py:161} INFO - Started process (PID=528) to work on /opt/airflow/dags/tasks/get_data_from_db.py
[2024-07-08T23:55:01.142+0000] {processor.py:830} INFO - Processing file /opt/airflow/dags/tasks/get_data_from_db.py for tasks to queue
[2024-07-08T23:55:01.143+0000] {logging_mixin.py:188} INFO - [2024-07-08T23:55:01.143+0000] {dagbag.py:545} INFO - Filling up the DagBag from /opt/airflow/dags/tasks/get_data_from_db.py
[2024-07-08T23:55:01.150+0000] {processor.py:842} WARNING - No viable dags retrieved from /opt/airflow/dags/tasks/get_data_from_db.py
[2024-07-08T23:55:01.158+0000] {processor.py:183} INFO - Processing /opt/airflow/dags/tasks/get_data_from_db.py took 0.019 seconds
[2024-07-08T23:55:31.729+0000] {processor.py:161} INFO - Started process (PID=612) to work on /opt/airflow/dags/tasks/get_data_from_db.py
[2024-07-08T23:55:31.729+0000] {processor.py:830} INFO - Processing file /opt/airflow/dags/tasks/get_data_from_db.py for tasks to queue
[2024-07-08T23:55:31.730+0000] {logging_mixin.py:188} INFO - [2024-07-08T23:55:31.730+0000] {dagbag.py:545} INFO - Filling up the DagBag from /opt/airflow/dags/tasks/get_data_from_db.py
[2024-07-08T23:55:31.737+0000] {processor.py:842} WARNING - No viable dags retrieved from /opt/airflow/dags/tasks/get_data_from_db.py
[2024-07-08T23:55:31.746+0000] {processor.py:183} INFO - Processing /opt/airflow/dags/tasks/get_data_from_db.py took 0.020 seconds
[2024-07-08T23:56:01.966+0000] {processor.py:161} INFO - Started process (PID=708) to work on /opt/airflow/dags/tasks/get_data_from_db.py
[2024-07-08T23:56:01.967+0000] {processor.py:830} INFO - Processing file /opt/airflow/dags/tasks/get_data_from_db.py for tasks to queue
[2024-07-08T23:56:01.968+0000] {logging_mixin.py:188} INFO - [2024-07-08T23:56:01.968+0000] {dagbag.py:545} INFO - Filling up the DagBag from /opt/airflow/dags/tasks/get_data_from_db.py
[2024-07-08T23:56:01.975+0000] {processor.py:842} WARNING - No viable dags retrieved from /opt/airflow/dags/tasks/get_data_from_db.py
[2024-07-08T23:56:01.985+0000] {processor.py:183} INFO - Processing /opt/airflow/dags/tasks/get_data_from_db.py took 0.022 seconds
[2024-07-08T23:56:32.190+0000] {processor.py:161} INFO - Started process (PID=810) to work on /opt/airflow/dags/tasks/get_data_from_db.py
[2024-07-08T23:56:32.191+0000] {processor.py:830} INFO - Processing file /opt/airflow/dags/tasks/get_data_from_db.py for tasks to queue
[2024-07-08T23:56:32.192+0000] {logging_mixin.py:188} INFO - [2024-07-08T23:56:32.192+0000] {dagbag.py:545} INFO - Filling up the DagBag from /opt/airflow/dags/tasks/get_data_from_db.py
[2024-07-08T23:56:32.199+0000] {processor.py:842} WARNING - No viable dags retrieved from /opt/airflow/dags/tasks/get_data_from_db.py
[2024-07-08T23:56:32.208+0000] {processor.py:183} INFO - Processing /opt/airflow/dags/tasks/get_data_from_db.py took 0.021 seconds
