[2024-07-08T05:05:40.245+0000] {processor.py:161} INFO - Started process (PID=117) to work on /opt/airflow/dags/tasks/get_movies.py
[2024-07-08T05:05:40.246+0000] {processor.py:830} INFO - Processing file /opt/airflow/dags/tasks/get_movies.py for tasks to queue
[2024-07-08T05:05:40.247+0000] {logging_mixin.py:188} INFO - [2024-07-08T05:05:40.247+0000] {dagbag.py:545} INFO - Filling up the DagBag from /opt/airflow/dags/tasks/get_movies.py
[2024-07-08T05:05:40.260+0000] {processor.py:842} WARNING - No viable dags retrieved from /opt/airflow/dags/tasks/get_movies.py
[2024-07-08T05:05:40.269+0000] {processor.py:183} INFO - Processing /opt/airflow/dags/tasks/get_movies.py took 0.028 seconds
[2024-07-08T05:06:40.065+0000] {processor.py:161} INFO - Started process (PID=132) to work on /opt/airflow/dags/tasks/get_movies.py
[2024-07-08T05:06:40.066+0000] {processor.py:830} INFO - Processing file /opt/airflow/dags/tasks/get_movies.py for tasks to queue
[2024-07-08T05:06:40.067+0000] {logging_mixin.py:188} INFO - [2024-07-08T05:06:40.067+0000] {dagbag.py:545} INFO - Filling up the DagBag from /opt/airflow/dags/tasks/get_movies.py
[2024-07-08T05:06:40.075+0000] {processor.py:842} WARNING - No viable dags retrieved from /opt/airflow/dags/tasks/get_movies.py
[2024-07-08T05:06:40.084+0000] {processor.py:183} INFO - Processing /opt/airflow/dags/tasks/get_movies.py took 0.022 seconds
[2024-07-08T05:07:10.302+0000] {processor.py:161} INFO - Started process (PID=205) to work on /opt/airflow/dags/tasks/get_movies.py
[2024-07-08T05:07:10.306+0000] {processor.py:830} INFO - Processing file /opt/airflow/dags/tasks/get_movies.py for tasks to queue
[2024-07-08T05:07:10.307+0000] {logging_mixin.py:188} INFO - [2024-07-08T05:07:10.307+0000] {dagbag.py:545} INFO - Filling up the DagBag from /opt/airflow/dags/tasks/get_movies.py
[2024-07-08T05:07:10.314+0000] {processor.py:842} WARNING - No viable dags retrieved from /opt/airflow/dags/tasks/get_movies.py
[2024-07-08T05:07:10.322+0000] {processor.py:183} INFO - Processing /opt/airflow/dags/tasks/get_movies.py took 0.024 seconds
[2024-07-08T05:07:40.577+0000] {processor.py:161} INFO - Started process (PID=306) to work on /opt/airflow/dags/tasks/get_movies.py
[2024-07-08T05:07:40.577+0000] {processor.py:830} INFO - Processing file /opt/airflow/dags/tasks/get_movies.py for tasks to queue
[2024-07-08T05:07:40.579+0000] {logging_mixin.py:188} INFO - [2024-07-08T05:07:40.578+0000] {dagbag.py:545} INFO - Filling up the DagBag from /opt/airflow/dags/tasks/get_movies.py
[2024-07-08T05:07:40.587+0000] {processor.py:842} WARNING - No viable dags retrieved from /opt/airflow/dags/tasks/get_movies.py
[2024-07-08T05:07:40.596+0000] {processor.py:183} INFO - Processing /opt/airflow/dags/tasks/get_movies.py took 0.022 seconds
[2024-07-08T05:08:10.785+0000] {processor.py:161} INFO - Started process (PID=390) to work on /opt/airflow/dags/tasks/get_movies.py
[2024-07-08T05:08:10.786+0000] {processor.py:830} INFO - Processing file /opt/airflow/dags/tasks/get_movies.py for tasks to queue
[2024-07-08T05:08:10.787+0000] {logging_mixin.py:188} INFO - [2024-07-08T05:08:10.787+0000] {dagbag.py:545} INFO - Filling up the DagBag from /opt/airflow/dags/tasks/get_movies.py
[2024-07-08T05:08:10.795+0000] {processor.py:842} WARNING - No viable dags retrieved from /opt/airflow/dags/tasks/get_movies.py
[2024-07-08T05:08:10.804+0000] {processor.py:183} INFO - Processing /opt/airflow/dags/tasks/get_movies.py took 0.022 seconds
[2024-07-08T05:08:41.407+0000] {processor.py:161} INFO - Started process (PID=485) to work on /opt/airflow/dags/tasks/get_movies.py
[2024-07-08T05:08:41.409+0000] {processor.py:830} INFO - Processing file /opt/airflow/dags/tasks/get_movies.py for tasks to queue
[2024-07-08T05:08:41.410+0000] {logging_mixin.py:188} INFO - [2024-07-08T05:08:41.410+0000] {dagbag.py:545} INFO - Filling up the DagBag from /opt/airflow/dags/tasks/get_movies.py
[2024-07-08T05:08:41.417+0000] {processor.py:842} WARNING - No viable dags retrieved from /opt/airflow/dags/tasks/get_movies.py
[2024-07-08T05:08:41.426+0000] {processor.py:183} INFO - Processing /opt/airflow/dags/tasks/get_movies.py took 0.022 seconds
[2024-07-08T05:09:11.678+0000] {processor.py:161} INFO - Started process (PID=588) to work on /opt/airflow/dags/tasks/get_movies.py
[2024-07-08T05:09:11.679+0000] {processor.py:830} INFO - Processing file /opt/airflow/dags/tasks/get_movies.py for tasks to queue
[2024-07-08T05:09:11.680+0000] {logging_mixin.py:188} INFO - [2024-07-08T05:09:11.679+0000] {dagbag.py:545} INFO - Filling up the DagBag from /opt/airflow/dags/tasks/get_movies.py
[2024-07-08T05:09:11.686+0000] {processor.py:842} WARNING - No viable dags retrieved from /opt/airflow/dags/tasks/get_movies.py
[2024-07-08T05:09:11.695+0000] {processor.py:183} INFO - Processing /opt/airflow/dags/tasks/get_movies.py took 0.020 seconds
[2024-07-08T05:09:42.251+0000] {processor.py:161} INFO - Started process (PID=665) to work on /opt/airflow/dags/tasks/get_movies.py
[2024-07-08T05:09:42.252+0000] {processor.py:830} INFO - Processing file /opt/airflow/dags/tasks/get_movies.py for tasks to queue
[2024-07-08T05:09:42.253+0000] {logging_mixin.py:188} INFO - [2024-07-08T05:09:42.253+0000] {dagbag.py:545} INFO - Filling up the DagBag from /opt/airflow/dags/tasks/get_movies.py
[2024-07-08T05:09:42.259+0000] {processor.py:842} WARNING - No viable dags retrieved from /opt/airflow/dags/tasks/get_movies.py
[2024-07-08T05:09:42.267+0000] {processor.py:183} INFO - Processing /opt/airflow/dags/tasks/get_movies.py took 0.019 seconds
[2024-07-08T05:10:12.815+0000] {processor.py:161} INFO - Started process (PID=768) to work on /opt/airflow/dags/tasks/get_movies.py
[2024-07-08T05:10:12.816+0000] {processor.py:830} INFO - Processing file /opt/airflow/dags/tasks/get_movies.py for tasks to queue
[2024-07-08T05:10:12.817+0000] {logging_mixin.py:188} INFO - [2024-07-08T05:10:12.817+0000] {dagbag.py:545} INFO - Filling up the DagBag from /opt/airflow/dags/tasks/get_movies.py
[2024-07-08T05:10:12.824+0000] {processor.py:842} WARNING - No viable dags retrieved from /opt/airflow/dags/tasks/get_movies.py
[2024-07-08T05:10:12.832+0000] {processor.py:183} INFO - Processing /opt/airflow/dags/tasks/get_movies.py took 0.020 seconds
[2024-07-08T05:10:43.036+0000] {processor.py:161} INFO - Started process (PID=871) to work on /opt/airflow/dags/tasks/get_movies.py
[2024-07-08T05:10:43.037+0000] {processor.py:830} INFO - Processing file /opt/airflow/dags/tasks/get_movies.py for tasks to queue
[2024-07-08T05:10:43.038+0000] {logging_mixin.py:188} INFO - [2024-07-08T05:10:43.037+0000] {dagbag.py:545} INFO - Filling up the DagBag from /opt/airflow/dags/tasks/get_movies.py
[2024-07-08T05:10:43.045+0000] {processor.py:842} WARNING - No viable dags retrieved from /opt/airflow/dags/tasks/get_movies.py
[2024-07-08T05:10:43.053+0000] {processor.py:183} INFO - Processing /opt/airflow/dags/tasks/get_movies.py took 0.021 seconds
[2024-07-08T05:11:13.295+0000] {processor.py:161} INFO - Started process (PID=948) to work on /opt/airflow/dags/tasks/get_movies.py
[2024-07-08T05:11:13.296+0000] {processor.py:830} INFO - Processing file /opt/airflow/dags/tasks/get_movies.py for tasks to queue
[2024-07-08T05:11:13.297+0000] {logging_mixin.py:188} INFO - [2024-07-08T05:11:13.297+0000] {dagbag.py:545} INFO - Filling up the DagBag from /opt/airflow/dags/tasks/get_movies.py
[2024-07-08T05:11:13.304+0000] {processor.py:842} WARNING - No viable dags retrieved from /opt/airflow/dags/tasks/get_movies.py
[2024-07-08T05:11:13.313+0000] {processor.py:183} INFO - Processing /opt/airflow/dags/tasks/get_movies.py took 0.022 seconds
[2024-07-08T05:11:43.606+0000] {processor.py:161} INFO - Started process (PID=1051) to work on /opt/airflow/dags/tasks/get_movies.py
[2024-07-08T05:11:43.607+0000] {processor.py:830} INFO - Processing file /opt/airflow/dags/tasks/get_movies.py for tasks to queue
[2024-07-08T05:11:43.608+0000] {logging_mixin.py:188} INFO - [2024-07-08T05:11:43.608+0000] {dagbag.py:545} INFO - Filling up the DagBag from /opt/airflow/dags/tasks/get_movies.py
[2024-07-08T05:11:43.616+0000] {processor.py:842} WARNING - No viable dags retrieved from /opt/airflow/dags/tasks/get_movies.py
[2024-07-08T05:11:43.624+0000] {processor.py:183} INFO - Processing /opt/airflow/dags/tasks/get_movies.py took 0.022 seconds
[2024-07-08T05:12:13.862+0000] {processor.py:161} INFO - Started process (PID=1128) to work on /opt/airflow/dags/tasks/get_movies.py
[2024-07-08T05:12:13.864+0000] {processor.py:830} INFO - Processing file /opt/airflow/dags/tasks/get_movies.py for tasks to queue
[2024-07-08T05:12:13.865+0000] {logging_mixin.py:188} INFO - [2024-07-08T05:12:13.865+0000] {dagbag.py:545} INFO - Filling up the DagBag from /opt/airflow/dags/tasks/get_movies.py
[2024-07-08T05:12:13.872+0000] {processor.py:842} WARNING - No viable dags retrieved from /opt/airflow/dags/tasks/get_movies.py
[2024-07-08T05:12:13.881+0000] {processor.py:183} INFO - Processing /opt/airflow/dags/tasks/get_movies.py took 0.022 seconds
[2024-07-08T05:12:44.100+0000] {processor.py:161} INFO - Started process (PID=1232) to work on /opt/airflow/dags/tasks/get_movies.py
[2024-07-08T05:12:44.101+0000] {processor.py:830} INFO - Processing file /opt/airflow/dags/tasks/get_movies.py for tasks to queue
[2024-07-08T05:12:44.102+0000] {logging_mixin.py:188} INFO - [2024-07-08T05:12:44.102+0000] {dagbag.py:545} INFO - Filling up the DagBag from /opt/airflow/dags/tasks/get_movies.py
[2024-07-08T05:12:44.109+0000] {processor.py:842} WARNING - No viable dags retrieved from /opt/airflow/dags/tasks/get_movies.py
[2024-07-08T05:12:44.122+0000] {processor.py:183} INFO - Processing /opt/airflow/dags/tasks/get_movies.py took 0.025 seconds
[2024-07-08T05:13:14.329+0000] {processor.py:161} INFO - Started process (PID=1335) to work on /opt/airflow/dags/tasks/get_movies.py
[2024-07-08T05:13:14.330+0000] {processor.py:830} INFO - Processing file /opt/airflow/dags/tasks/get_movies.py for tasks to queue
[2024-07-08T05:13:14.332+0000] {logging_mixin.py:188} INFO - [2024-07-08T05:13:14.331+0000] {dagbag.py:545} INFO - Filling up the DagBag from /opt/airflow/dags/tasks/get_movies.py
[2024-07-08T05:13:14.338+0000] {processor.py:842} WARNING - No viable dags retrieved from /opt/airflow/dags/tasks/get_movies.py
[2024-07-08T05:13:14.347+0000] {processor.py:183} INFO - Processing /opt/airflow/dags/tasks/get_movies.py took 0.022 seconds
[2024-07-08T05:13:44.558+0000] {processor.py:161} INFO - Started process (PID=1412) to work on /opt/airflow/dags/tasks/get_movies.py
[2024-07-08T05:13:44.559+0000] {processor.py:830} INFO - Processing file /opt/airflow/dags/tasks/get_movies.py for tasks to queue
[2024-07-08T05:13:44.562+0000] {logging_mixin.py:188} INFO - [2024-07-08T05:13:44.561+0000] {dagbag.py:545} INFO - Filling up the DagBag from /opt/airflow/dags/tasks/get_movies.py
[2024-07-08T05:13:44.571+0000] {processor.py:842} WARNING - No viable dags retrieved from /opt/airflow/dags/tasks/get_movies.py
[2024-07-08T05:13:44.578+0000] {processor.py:183} INFO - Processing /opt/airflow/dags/tasks/get_movies.py took 0.023 seconds
[2024-07-08T05:14:14.791+0000] {processor.py:161} INFO - Started process (PID=1515) to work on /opt/airflow/dags/tasks/get_movies.py
[2024-07-08T05:14:14.791+0000] {processor.py:830} INFO - Processing file /opt/airflow/dags/tasks/get_movies.py for tasks to queue
[2024-07-08T05:14:14.793+0000] {logging_mixin.py:188} INFO - [2024-07-08T05:14:14.793+0000] {dagbag.py:545} INFO - Filling up the DagBag from /opt/airflow/dags/tasks/get_movies.py
[2024-07-08T05:14:14.804+0000] {processor.py:842} WARNING - No viable dags retrieved from /opt/airflow/dags/tasks/get_movies.py
[2024-07-08T05:14:14.813+0000] {processor.py:183} INFO - Processing /opt/airflow/dags/tasks/get_movies.py took 0.026 seconds
[2024-07-08T05:14:45.422+0000] {processor.py:161} INFO - Started process (PID=1592) to work on /opt/airflow/dags/tasks/get_movies.py
[2024-07-08T05:14:45.424+0000] {processor.py:830} INFO - Processing file /opt/airflow/dags/tasks/get_movies.py for tasks to queue
[2024-07-08T05:14:45.425+0000] {logging_mixin.py:188} INFO - [2024-07-08T05:14:45.425+0000] {dagbag.py:545} INFO - Filling up the DagBag from /opt/airflow/dags/tasks/get_movies.py
[2024-07-08T05:14:45.442+0000] {processor.py:842} WARNING - No viable dags retrieved from /opt/airflow/dags/tasks/get_movies.py
[2024-07-08T05:14:45.450+0000] {processor.py:183} INFO - Processing /opt/airflow/dags/tasks/get_movies.py took 0.031 seconds
[2024-07-08T05:15:15.676+0000] {processor.py:161} INFO - Started process (PID=1695) to work on /opt/airflow/dags/tasks/get_movies.py
[2024-07-08T05:15:15.677+0000] {processor.py:830} INFO - Processing file /opt/airflow/dags/tasks/get_movies.py for tasks to queue
[2024-07-08T05:15:15.678+0000] {logging_mixin.py:188} INFO - [2024-07-08T05:15:15.678+0000] {dagbag.py:545} INFO - Filling up the DagBag from /opt/airflow/dags/tasks/get_movies.py
[2024-07-08T05:15:15.688+0000] {processor.py:842} WARNING - No viable dags retrieved from /opt/airflow/dags/tasks/get_movies.py
[2024-07-08T05:15:15.696+0000] {processor.py:183} INFO - Processing /opt/airflow/dags/tasks/get_movies.py took 0.024 seconds
[2024-07-08T05:15:45.988+0000] {processor.py:161} INFO - Started process (PID=1797) to work on /opt/airflow/dags/tasks/get_movies.py
[2024-07-08T05:15:45.990+0000] {processor.py:830} INFO - Processing file /opt/airflow/dags/tasks/get_movies.py for tasks to queue
[2024-07-08T05:15:45.992+0000] {logging_mixin.py:188} INFO - [2024-07-08T05:15:45.992+0000] {dagbag.py:545} INFO - Filling up the DagBag from /opt/airflow/dags/tasks/get_movies.py
[2024-07-08T05:15:46.016+0000] {processor.py:842} WARNING - No viable dags retrieved from /opt/airflow/dags/tasks/get_movies.py
[2024-07-08T05:15:46.025+0000] {processor.py:183} INFO - Processing /opt/airflow/dags/tasks/get_movies.py took 0.042 seconds
[2024-07-08T05:16:16.348+0000] {processor.py:161} INFO - Started process (PID=1874) to work on /opt/airflow/dags/tasks/get_movies.py
[2024-07-08T05:16:16.348+0000] {processor.py:830} INFO - Processing file /opt/airflow/dags/tasks/get_movies.py for tasks to queue
[2024-07-08T05:16:16.349+0000] {logging_mixin.py:188} INFO - [2024-07-08T05:16:16.349+0000] {dagbag.py:545} INFO - Filling up the DagBag from /opt/airflow/dags/tasks/get_movies.py
[2024-07-08T05:16:16.356+0000] {processor.py:842} WARNING - No viable dags retrieved from /opt/airflow/dags/tasks/get_movies.py
[2024-07-08T05:16:16.368+0000] {processor.py:183} INFO - Processing /opt/airflow/dags/tasks/get_movies.py took 0.024 seconds
[2024-07-08T05:16:46.747+0000] {processor.py:161} INFO - Started process (PID=1977) to work on /opt/airflow/dags/tasks/get_movies.py
[2024-07-08T05:16:46.748+0000] {processor.py:830} INFO - Processing file /opt/airflow/dags/tasks/get_movies.py for tasks to queue
[2024-07-08T05:16:46.749+0000] {logging_mixin.py:188} INFO - [2024-07-08T05:16:46.749+0000] {dagbag.py:545} INFO - Filling up the DagBag from /opt/airflow/dags/tasks/get_movies.py
[2024-07-08T05:16:46.757+0000] {processor.py:842} WARNING - No viable dags retrieved from /opt/airflow/dags/tasks/get_movies.py
[2024-07-08T05:16:46.766+0000] {processor.py:183} INFO - Processing /opt/airflow/dags/tasks/get_movies.py took 0.022 seconds
[2024-07-08T05:17:16.975+0000] {processor.py:161} INFO - Started process (PID=2055) to work on /opt/airflow/dags/tasks/get_movies.py
[2024-07-08T05:17:16.976+0000] {processor.py:830} INFO - Processing file /opt/airflow/dags/tasks/get_movies.py for tasks to queue
[2024-07-08T05:17:16.978+0000] {logging_mixin.py:188} INFO - [2024-07-08T05:17:16.977+0000] {dagbag.py:545} INFO - Filling up the DagBag from /opt/airflow/dags/tasks/get_movies.py
[2024-07-08T05:17:16.988+0000] {processor.py:842} WARNING - No viable dags retrieved from /opt/airflow/dags/tasks/get_movies.py
[2024-07-08T05:17:16.998+0000] {processor.py:183} INFO - Processing /opt/airflow/dags/tasks/get_movies.py took 0.026 seconds
[2024-07-08T05:17:47.606+0000] {processor.py:161} INFO - Started process (PID=2158) to work on /opt/airflow/dags/tasks/get_movies.py
[2024-07-08T05:17:47.606+0000] {processor.py:830} INFO - Processing file /opt/airflow/dags/tasks/get_movies.py for tasks to queue
[2024-07-08T05:17:47.607+0000] {logging_mixin.py:188} INFO - [2024-07-08T05:17:47.607+0000] {dagbag.py:545} INFO - Filling up the DagBag from /opt/airflow/dags/tasks/get_movies.py
[2024-07-08T05:17:47.616+0000] {processor.py:842} WARNING - No viable dags retrieved from /opt/airflow/dags/tasks/get_movies.py
[2024-07-08T05:17:47.624+0000] {processor.py:183} INFO - Processing /opt/airflow/dags/tasks/get_movies.py took 0.022 seconds
[2024-07-08T05:18:18.193+0000] {processor.py:161} INFO - Started process (PID=2261) to work on /opt/airflow/dags/tasks/get_movies.py
[2024-07-08T05:18:18.194+0000] {processor.py:830} INFO - Processing file /opt/airflow/dags/tasks/get_movies.py for tasks to queue
[2024-07-08T05:18:18.195+0000] {logging_mixin.py:188} INFO - [2024-07-08T05:18:18.195+0000] {dagbag.py:545} INFO - Filling up the DagBag from /opt/airflow/dags/tasks/get_movies.py
[2024-07-08T05:18:18.201+0000] {processor.py:842} WARNING - No viable dags retrieved from /opt/airflow/dags/tasks/get_movies.py
[2024-07-08T05:18:18.209+0000] {processor.py:183} INFO - Processing /opt/airflow/dags/tasks/get_movies.py took 0.020 seconds
[2024-07-08T05:18:48.429+0000] {processor.py:161} INFO - Started process (PID=2337) to work on /opt/airflow/dags/tasks/get_movies.py
[2024-07-08T05:18:48.430+0000] {processor.py:830} INFO - Processing file /opt/airflow/dags/tasks/get_movies.py for tasks to queue
[2024-07-08T05:18:48.431+0000] {logging_mixin.py:188} INFO - [2024-07-08T05:18:48.431+0000] {dagbag.py:545} INFO - Filling up the DagBag from /opt/airflow/dags/tasks/get_movies.py
[2024-07-08T05:18:48.438+0000] {processor.py:842} WARNING - No viable dags retrieved from /opt/airflow/dags/tasks/get_movies.py
[2024-07-08T05:18:48.447+0000] {processor.py:183} INFO - Processing /opt/airflow/dags/tasks/get_movies.py took 0.021 seconds
[2024-07-08T05:19:18.745+0000] {processor.py:161} INFO - Started process (PID=2440) to work on /opt/airflow/dags/tasks/get_movies.py
[2024-07-08T05:19:18.747+0000] {processor.py:830} INFO - Processing file /opt/airflow/dags/tasks/get_movies.py for tasks to queue
[2024-07-08T05:19:18.748+0000] {logging_mixin.py:188} INFO - [2024-07-08T05:19:18.748+0000] {dagbag.py:545} INFO - Filling up the DagBag from /opt/airflow/dags/tasks/get_movies.py
[2024-07-08T05:19:18.756+0000] {processor.py:842} WARNING - No viable dags retrieved from /opt/airflow/dags/tasks/get_movies.py
[2024-07-08T05:19:18.764+0000] {processor.py:183} INFO - Processing /opt/airflow/dags/tasks/get_movies.py took 0.022 seconds
[2024-07-08T05:19:49.141+0000] {processor.py:161} INFO - Started process (PID=2538) to work on /opt/airflow/dags/tasks/get_movies.py
[2024-07-08T05:19:49.141+0000] {processor.py:830} INFO - Processing file /opt/airflow/dags/tasks/get_movies.py for tasks to queue
[2024-07-08T05:19:49.142+0000] {logging_mixin.py:188} INFO - [2024-07-08T05:19:49.142+0000] {dagbag.py:545} INFO - Filling up the DagBag from /opt/airflow/dags/tasks/get_movies.py
[2024-07-08T05:19:49.149+0000] {processor.py:842} WARNING - No viable dags retrieved from /opt/airflow/dags/tasks/get_movies.py
[2024-07-08T05:19:49.158+0000] {processor.py:183} INFO - Processing /opt/airflow/dags/tasks/get_movies.py took 0.021 seconds
[2024-07-08T05:20:19.932+0000] {processor.py:161} INFO - Started process (PID=2645) to work on /opt/airflow/dags/tasks/get_movies.py
[2024-07-08T05:20:19.934+0000] {processor.py:830} INFO - Processing file /opt/airflow/dags/tasks/get_movies.py for tasks to queue
[2024-07-08T05:20:19.936+0000] {logging_mixin.py:188} INFO - [2024-07-08T05:20:19.936+0000] {dagbag.py:545} INFO - Filling up the DagBag from /opt/airflow/dags/tasks/get_movies.py
[2024-07-08T05:20:19.943+0000] {processor.py:842} WARNING - No viable dags retrieved from /opt/airflow/dags/tasks/get_movies.py
[2024-07-08T05:20:19.951+0000] {processor.py:183} INFO - Processing /opt/airflow/dags/tasks/get_movies.py took 0.022 seconds
[2024-07-08T05:20:50.176+0000] {processor.py:161} INFO - Started process (PID=2748) to work on /opt/airflow/dags/tasks/get_movies.py
[2024-07-08T05:20:50.176+0000] {processor.py:830} INFO - Processing file /opt/airflow/dags/tasks/get_movies.py for tasks to queue
[2024-07-08T05:20:50.177+0000] {logging_mixin.py:188} INFO - [2024-07-08T05:20:50.177+0000] {dagbag.py:545} INFO - Filling up the DagBag from /opt/airflow/dags/tasks/get_movies.py
[2024-07-08T05:20:50.184+0000] {processor.py:842} WARNING - No viable dags retrieved from /opt/airflow/dags/tasks/get_movies.py
[2024-07-08T05:20:50.192+0000] {processor.py:183} INFO - Processing /opt/airflow/dags/tasks/get_movies.py took 0.020 seconds
[2024-07-08T05:21:20.395+0000] {processor.py:161} INFO - Started process (PID=2826) to work on /opt/airflow/dags/tasks/get_movies.py
[2024-07-08T05:21:20.396+0000] {processor.py:830} INFO - Processing file /opt/airflow/dags/tasks/get_movies.py for tasks to queue
[2024-07-08T05:21:20.397+0000] {logging_mixin.py:188} INFO - [2024-07-08T05:21:20.397+0000] {dagbag.py:545} INFO - Filling up the DagBag from /opt/airflow/dags/tasks/get_movies.py
[2024-07-08T05:21:20.404+0000] {processor.py:842} WARNING - No viable dags retrieved from /opt/airflow/dags/tasks/get_movies.py
[2024-07-08T05:21:20.412+0000] {processor.py:183} INFO - Processing /opt/airflow/dags/tasks/get_movies.py took 0.021 seconds
[2024-07-08T05:21:50.594+0000] {processor.py:161} INFO - Started process (PID=2929) to work on /opt/airflow/dags/tasks/get_movies.py
[2024-07-08T05:21:50.595+0000] {processor.py:830} INFO - Processing file /opt/airflow/dags/tasks/get_movies.py for tasks to queue
[2024-07-08T05:21:50.595+0000] {logging_mixin.py:188} INFO - [2024-07-08T05:21:50.595+0000] {dagbag.py:545} INFO - Filling up the DagBag from /opt/airflow/dags/tasks/get_movies.py
[2024-07-08T05:21:50.602+0000] {processor.py:842} WARNING - No viable dags retrieved from /opt/airflow/dags/tasks/get_movies.py
[2024-07-08T05:21:50.611+0000] {processor.py:183} INFO - Processing /opt/airflow/dags/tasks/get_movies.py took 0.020 seconds
[2024-07-08T05:22:21.185+0000] {processor.py:161} INFO - Started process (PID=3006) to work on /opt/airflow/dags/tasks/get_movies.py
[2024-07-08T05:22:21.186+0000] {processor.py:830} INFO - Processing file /opt/airflow/dags/tasks/get_movies.py for tasks to queue
[2024-07-08T05:22:21.186+0000] {logging_mixin.py:188} INFO - [2024-07-08T05:22:21.186+0000] {dagbag.py:545} INFO - Filling up the DagBag from /opt/airflow/dags/tasks/get_movies.py
[2024-07-08T05:22:21.193+0000] {processor.py:842} WARNING - No viable dags retrieved from /opt/airflow/dags/tasks/get_movies.py
[2024-07-08T05:22:21.201+0000] {processor.py:183} INFO - Processing /opt/airflow/dags/tasks/get_movies.py took 0.019 seconds
[2024-07-08T05:22:51.726+0000] {processor.py:161} INFO - Started process (PID=3109) to work on /opt/airflow/dags/tasks/get_movies.py
[2024-07-08T05:22:51.727+0000] {processor.py:830} INFO - Processing file /opt/airflow/dags/tasks/get_movies.py for tasks to queue
[2024-07-08T05:22:51.727+0000] {logging_mixin.py:188} INFO - [2024-07-08T05:22:51.727+0000] {dagbag.py:545} INFO - Filling up the DagBag from /opt/airflow/dags/tasks/get_movies.py
[2024-07-08T05:22:51.734+0000] {processor.py:842} WARNING - No viable dags retrieved from /opt/airflow/dags/tasks/get_movies.py
[2024-07-08T05:22:51.742+0000] {processor.py:183} INFO - Processing /opt/airflow/dags/tasks/get_movies.py took 0.019 seconds
[2024-07-08T05:23:22.032+0000] {processor.py:161} INFO - Started process (PID=3212) to work on /opt/airflow/dags/tasks/get_movies.py
[2024-07-08T05:23:22.033+0000] {processor.py:830} INFO - Processing file /opt/airflow/dags/tasks/get_movies.py for tasks to queue
[2024-07-08T05:23:22.033+0000] {logging_mixin.py:188} INFO - [2024-07-08T05:23:22.033+0000] {dagbag.py:545} INFO - Filling up the DagBag from /opt/airflow/dags/tasks/get_movies.py
[2024-07-08T05:23:22.047+0000] {processor.py:842} WARNING - No viable dags retrieved from /opt/airflow/dags/tasks/get_movies.py
[2024-07-08T05:23:22.055+0000] {processor.py:183} INFO - Processing /opt/airflow/dags/tasks/get_movies.py took 0.027 seconds
[2024-07-08T05:31:04.267+0000] {processor.py:161} INFO - Started process (PID=132) to work on /opt/airflow/dags/tasks/get_movies.py
[2024-07-08T05:31:04.268+0000] {processor.py:830} INFO - Processing file /opt/airflow/dags/tasks/get_movies.py for tasks to queue
[2024-07-08T05:31:04.269+0000] {logging_mixin.py:188} INFO - [2024-07-08T05:31:04.269+0000] {dagbag.py:545} INFO - Filling up the DagBag from /opt/airflow/dags/tasks/get_movies.py
[2024-07-08T05:31:04.277+0000] {processor.py:842} WARNING - No viable dags retrieved from /opt/airflow/dags/tasks/get_movies.py
[2024-07-08T05:31:04.285+0000] {processor.py:183} INFO - Processing /opt/airflow/dags/tasks/get_movies.py took 0.022 seconds
[2024-07-08T05:31:34.368+0000] {processor.py:161} INFO - Started process (PID=228) to work on /opt/airflow/dags/tasks/get_movies.py
[2024-07-08T05:31:34.369+0000] {processor.py:830} INFO - Processing file /opt/airflow/dags/tasks/get_movies.py for tasks to queue
[2024-07-08T05:31:34.370+0000] {logging_mixin.py:188} INFO - [2024-07-08T05:31:34.370+0000] {dagbag.py:545} INFO - Filling up the DagBag from /opt/airflow/dags/tasks/get_movies.py
[2024-07-08T05:31:34.381+0000] {processor.py:842} WARNING - No viable dags retrieved from /opt/airflow/dags/tasks/get_movies.py
[2024-07-08T05:31:34.389+0000] {processor.py:183} INFO - Processing /opt/airflow/dags/tasks/get_movies.py took 0.024 seconds
[2024-07-08T05:32:04.449+0000] {processor.py:161} INFO - Started process (PID=355) to work on /opt/airflow/dags/tasks/get_movies.py
[2024-07-08T05:32:04.449+0000] {processor.py:830} INFO - Processing file /opt/airflow/dags/tasks/get_movies.py for tasks to queue
[2024-07-08T05:32:04.450+0000] {logging_mixin.py:188} INFO - [2024-07-08T05:32:04.450+0000] {dagbag.py:545} INFO - Filling up the DagBag from /opt/airflow/dags/tasks/get_movies.py
[2024-07-08T05:32:04.460+0000] {processor.py:842} WARNING - No viable dags retrieved from /opt/airflow/dags/tasks/get_movies.py
[2024-07-08T05:32:04.473+0000] {processor.py:183} INFO - Processing /opt/airflow/dags/tasks/get_movies.py took 0.027 seconds
[2024-07-08T05:32:34.697+0000] {processor.py:161} INFO - Started process (PID=412) to work on /opt/airflow/dags/tasks/get_movies.py
[2024-07-08T05:32:34.699+0000] {processor.py:830} INFO - Processing file /opt/airflow/dags/tasks/get_movies.py for tasks to queue
[2024-07-08T05:32:34.701+0000] {logging_mixin.py:188} INFO - [2024-07-08T05:32:34.700+0000] {dagbag.py:545} INFO - Filling up the DagBag from /opt/airflow/dags/tasks/get_movies.py
[2024-07-08T05:32:34.716+0000] {processor.py:842} WARNING - No viable dags retrieved from /opt/airflow/dags/tasks/get_movies.py
[2024-07-08T05:32:34.726+0000] {processor.py:183} INFO - Processing /opt/airflow/dags/tasks/get_movies.py took 0.032 seconds
[2024-07-08T05:33:05.110+0000] {processor.py:161} INFO - Started process (PID=514) to work on /opt/airflow/dags/tasks/get_movies.py
[2024-07-08T05:33:05.110+0000] {processor.py:830} INFO - Processing file /opt/airflow/dags/tasks/get_movies.py for tasks to queue
[2024-07-08T05:33:05.111+0000] {logging_mixin.py:188} INFO - [2024-07-08T05:33:05.111+0000] {dagbag.py:545} INFO - Filling up the DagBag from /opt/airflow/dags/tasks/get_movies.py
[2024-07-08T05:33:05.118+0000] {processor.py:842} WARNING - No viable dags retrieved from /opt/airflow/dags/tasks/get_movies.py
[2024-07-08T05:33:05.127+0000] {processor.py:183} INFO - Processing /opt/airflow/dags/tasks/get_movies.py took 0.020 seconds
[2024-07-08T05:33:35.711+0000] {processor.py:161} INFO - Started process (PID=616) to work on /opt/airflow/dags/tasks/get_movies.py
[2024-07-08T05:33:35.712+0000] {processor.py:830} INFO - Processing file /opt/airflow/dags/tasks/get_movies.py for tasks to queue
[2024-07-08T05:33:35.713+0000] {logging_mixin.py:188} INFO - [2024-07-08T05:33:35.713+0000] {dagbag.py:545} INFO - Filling up the DagBag from /opt/airflow/dags/tasks/get_movies.py
[2024-07-08T05:33:35.721+0000] {processor.py:842} WARNING - No viable dags retrieved from /opt/airflow/dags/tasks/get_movies.py
[2024-07-08T05:33:35.729+0000] {processor.py:183} INFO - Processing /opt/airflow/dags/tasks/get_movies.py took 0.022 seconds
[2024-07-08T05:34:05.793+0000] {processor.py:161} INFO - Started process (PID=720) to work on /opt/airflow/dags/tasks/get_movies.py
[2024-07-08T05:34:05.793+0000] {processor.py:830} INFO - Processing file /opt/airflow/dags/tasks/get_movies.py for tasks to queue
[2024-07-08T05:34:05.794+0000] {logging_mixin.py:188} INFO - [2024-07-08T05:34:05.794+0000] {dagbag.py:545} INFO - Filling up the DagBag from /opt/airflow/dags/tasks/get_movies.py
[2024-07-08T05:34:05.801+0000] {processor.py:842} WARNING - No viable dags retrieved from /opt/airflow/dags/tasks/get_movies.py
[2024-07-08T05:34:05.810+0000] {processor.py:183} INFO - Processing /opt/airflow/dags/tasks/get_movies.py took 0.021 seconds
[2024-07-08T05:34:36.023+0000] {processor.py:161} INFO - Started process (PID=796) to work on /opt/airflow/dags/tasks/get_movies.py
[2024-07-08T05:34:36.024+0000] {processor.py:830} INFO - Processing file /opt/airflow/dags/tasks/get_movies.py for tasks to queue
[2024-07-08T05:34:36.024+0000] {logging_mixin.py:188} INFO - [2024-07-08T05:34:36.024+0000] {dagbag.py:545} INFO - Filling up the DagBag from /opt/airflow/dags/tasks/get_movies.py
[2024-07-08T05:34:36.033+0000] {processor.py:842} WARNING - No viable dags retrieved from /opt/airflow/dags/tasks/get_movies.py
[2024-07-08T05:34:36.041+0000] {processor.py:183} INFO - Processing /opt/airflow/dags/tasks/get_movies.py took 0.021 seconds
[2024-07-08T05:35:06.645+0000] {processor.py:161} INFO - Started process (PID=898) to work on /opt/airflow/dags/tasks/get_movies.py
[2024-07-08T05:35:06.646+0000] {processor.py:830} INFO - Processing file /opt/airflow/dags/tasks/get_movies.py for tasks to queue
[2024-07-08T05:35:06.647+0000] {logging_mixin.py:188} INFO - [2024-07-08T05:35:06.646+0000] {dagbag.py:545} INFO - Filling up the DagBag from /opt/airflow/dags/tasks/get_movies.py
[2024-07-08T05:35:06.653+0000] {processor.py:842} WARNING - No viable dags retrieved from /opt/airflow/dags/tasks/get_movies.py
[2024-07-08T05:35:06.661+0000] {processor.py:183} INFO - Processing /opt/airflow/dags/tasks/get_movies.py took 0.020 seconds
[2024-07-08T05:35:37.074+0000] {processor.py:161} INFO - Started process (PID=1002) to work on /opt/airflow/dags/tasks/get_movies.py
[2024-07-08T05:35:37.074+0000] {processor.py:830} INFO - Processing file /opt/airflow/dags/tasks/get_movies.py for tasks to queue
[2024-07-08T05:35:37.076+0000] {logging_mixin.py:188} INFO - [2024-07-08T05:35:37.076+0000] {dagbag.py:545} INFO - Filling up the DagBag from /opt/airflow/dags/tasks/get_movies.py
[2024-07-08T05:35:37.084+0000] {processor.py:842} WARNING - No viable dags retrieved from /opt/airflow/dags/tasks/get_movies.py
[2024-07-08T05:35:37.092+0000] {processor.py:183} INFO - Processing /opt/airflow/dags/tasks/get_movies.py took 0.022 seconds
[2024-07-08T05:36:07.403+0000] {processor.py:161} INFO - Started process (PID=1098) to work on /opt/airflow/dags/tasks/get_movies.py
[2024-07-08T05:36:07.404+0000] {processor.py:830} INFO - Processing file /opt/airflow/dags/tasks/get_movies.py for tasks to queue
[2024-07-08T05:36:07.406+0000] {logging_mixin.py:188} INFO - [2024-07-08T05:36:07.406+0000] {dagbag.py:545} INFO - Filling up the DagBag from /opt/airflow/dags/tasks/get_movies.py
[2024-07-08T05:36:07.413+0000] {processor.py:842} WARNING - No viable dags retrieved from /opt/airflow/dags/tasks/get_movies.py
[2024-07-08T05:36:07.421+0000] {processor.py:183} INFO - Processing /opt/airflow/dags/tasks/get_movies.py took 0.021 seconds
[2024-07-08T05:36:37.659+0000] {processor.py:161} INFO - Started process (PID=1201) to work on /opt/airflow/dags/tasks/get_movies.py
[2024-07-08T05:36:37.660+0000] {processor.py:830} INFO - Processing file /opt/airflow/dags/tasks/get_movies.py for tasks to queue
[2024-07-08T05:36:37.661+0000] {logging_mixin.py:188} INFO - [2024-07-08T05:36:37.661+0000] {dagbag.py:545} INFO - Filling up the DagBag from /opt/airflow/dags/tasks/get_movies.py
[2024-07-08T05:36:37.669+0000] {processor.py:842} WARNING - No viable dags retrieved from /opt/airflow/dags/tasks/get_movies.py
[2024-07-08T05:36:37.677+0000] {processor.py:183} INFO - Processing /opt/airflow/dags/tasks/get_movies.py took 0.022 seconds
[2024-07-08T05:37:07.879+0000] {processor.py:161} INFO - Started process (PID=1278) to work on /opt/airflow/dags/tasks/get_movies.py
[2024-07-08T05:37:07.880+0000] {processor.py:830} INFO - Processing file /opt/airflow/dags/tasks/get_movies.py for tasks to queue
[2024-07-08T05:37:07.880+0000] {logging_mixin.py:188} INFO - [2024-07-08T05:37:07.880+0000] {dagbag.py:545} INFO - Filling up the DagBag from /opt/airflow/dags/tasks/get_movies.py
[2024-07-08T05:37:07.889+0000] {processor.py:842} WARNING - No viable dags retrieved from /opt/airflow/dags/tasks/get_movies.py
[2024-07-08T05:37:07.897+0000] {processor.py:183} INFO - Processing /opt/airflow/dags/tasks/get_movies.py took 0.021 seconds
[2024-07-08T05:37:38.487+0000] {processor.py:161} INFO - Started process (PID=1380) to work on /opt/airflow/dags/tasks/get_movies.py
[2024-07-08T05:37:38.488+0000] {processor.py:830} INFO - Processing file /opt/airflow/dags/tasks/get_movies.py for tasks to queue
[2024-07-08T05:37:38.488+0000] {logging_mixin.py:188} INFO - [2024-07-08T05:37:38.488+0000] {dagbag.py:545} INFO - Filling up the DagBag from /opt/airflow/dags/tasks/get_movies.py
[2024-07-08T05:37:38.497+0000] {processor.py:842} WARNING - No viable dags retrieved from /opt/airflow/dags/tasks/get_movies.py
[2024-07-08T05:37:38.506+0000] {processor.py:183} INFO - Processing /opt/airflow/dags/tasks/get_movies.py took 0.022 seconds
[2024-07-08T05:38:08.692+0000] {processor.py:161} INFO - Started process (PID=1457) to work on /opt/airflow/dags/tasks/get_movies.py
[2024-07-08T05:38:08.692+0000] {processor.py:830} INFO - Processing file /opt/airflow/dags/tasks/get_movies.py for tasks to queue
[2024-07-08T05:38:08.693+0000] {logging_mixin.py:188} INFO - [2024-07-08T05:38:08.693+0000] {dagbag.py:545} INFO - Filling up the DagBag from /opt/airflow/dags/tasks/get_movies.py
[2024-07-08T05:38:08.698+0000] {processor.py:842} WARNING - No viable dags retrieved from /opt/airflow/dags/tasks/get_movies.py
[2024-07-08T05:38:08.708+0000] {processor.py:183} INFO - Processing /opt/airflow/dags/tasks/get_movies.py took 0.019 seconds
[2024-07-08T05:38:39.250+0000] {processor.py:161} INFO - Started process (PID=1560) to work on /opt/airflow/dags/tasks/get_movies.py
[2024-07-08T05:38:39.250+0000] {processor.py:830} INFO - Processing file /opt/airflow/dags/tasks/get_movies.py for tasks to queue
[2024-07-08T05:38:39.251+0000] {logging_mixin.py:188} INFO - [2024-07-08T05:38:39.250+0000] {dagbag.py:545} INFO - Filling up the DagBag from /opt/airflow/dags/tasks/get_movies.py
[2024-07-08T05:38:39.256+0000] {processor.py:842} WARNING - No viable dags retrieved from /opt/airflow/dags/tasks/get_movies.py
[2024-07-08T05:38:39.264+0000] {processor.py:183} INFO - Processing /opt/airflow/dags/tasks/get_movies.py took 0.018 seconds
[2024-07-08T05:39:09.626+0000] {processor.py:161} INFO - Started process (PID=1658) to work on /opt/airflow/dags/tasks/get_movies.py
[2024-07-08T05:39:09.627+0000] {processor.py:830} INFO - Processing file /opt/airflow/dags/tasks/get_movies.py for tasks to queue
[2024-07-08T05:39:09.627+0000] {logging_mixin.py:188} INFO - [2024-07-08T05:39:09.627+0000] {dagbag.py:545} INFO - Filling up the DagBag from /opt/airflow/dags/tasks/get_movies.py
[2024-07-08T05:39:09.634+0000] {processor.py:842} WARNING - No viable dags retrieved from /opt/airflow/dags/tasks/get_movies.py
[2024-07-08T05:39:09.642+0000] {processor.py:183} INFO - Processing /opt/airflow/dags/tasks/get_movies.py took 0.019 seconds
[2024-07-08T05:39:39.837+0000] {processor.py:161} INFO - Started process (PID=1761) to work on /opt/airflow/dags/tasks/get_movies.py
[2024-07-08T05:39:39.838+0000] {processor.py:830} INFO - Processing file /opt/airflow/dags/tasks/get_movies.py for tasks to queue
[2024-07-08T05:39:39.838+0000] {logging_mixin.py:188} INFO - [2024-07-08T05:39:39.838+0000] {dagbag.py:545} INFO - Filling up the DagBag from /opt/airflow/dags/tasks/get_movies.py
[2024-07-08T05:39:39.846+0000] {processor.py:842} WARNING - No viable dags retrieved from /opt/airflow/dags/tasks/get_movies.py
[2024-07-08T05:39:39.855+0000] {processor.py:183} INFO - Processing /opt/airflow/dags/tasks/get_movies.py took 0.021 seconds
[2024-07-08T05:40:10.081+0000] {processor.py:161} INFO - Started process (PID=1845) to work on /opt/airflow/dags/tasks/get_movies.py
[2024-07-08T05:40:10.082+0000] {processor.py:830} INFO - Processing file /opt/airflow/dags/tasks/get_movies.py for tasks to queue
[2024-07-08T05:40:10.083+0000] {logging_mixin.py:188} INFO - [2024-07-08T05:40:10.082+0000] {dagbag.py:545} INFO - Filling up the DagBag from /opt/airflow/dags/tasks/get_movies.py
[2024-07-08T05:40:10.090+0000] {processor.py:842} WARNING - No viable dags retrieved from /opt/airflow/dags/tasks/get_movies.py
[2024-07-08T05:40:10.099+0000] {processor.py:183} INFO - Processing /opt/airflow/dags/tasks/get_movies.py took 0.021 seconds
[2024-07-08T05:41:06.407+0000] {processor.py:161} INFO - Started process (PID=132) to work on /opt/airflow/dags/tasks/get_movies.py
[2024-07-08T05:41:06.408+0000] {processor.py:830} INFO - Processing file /opt/airflow/dags/tasks/get_movies.py for tasks to queue
[2024-07-08T05:41:06.410+0000] {logging_mixin.py:188} INFO - [2024-07-08T05:41:06.410+0000] {dagbag.py:545} INFO - Filling up the DagBag from /opt/airflow/dags/tasks/get_movies.py
[2024-07-08T05:41:06.418+0000] {processor.py:842} WARNING - No viable dags retrieved from /opt/airflow/dags/tasks/get_movies.py
[2024-07-08T05:41:06.428+0000] {processor.py:183} INFO - Processing /opt/airflow/dags/tasks/get_movies.py took 0.025 seconds
[2024-07-08T05:41:36.646+0000] {processor.py:161} INFO - Started process (PID=210) to work on /opt/airflow/dags/tasks/get_movies.py
[2024-07-08T05:41:36.647+0000] {processor.py:830} INFO - Processing file /opt/airflow/dags/tasks/get_movies.py for tasks to queue
[2024-07-08T05:41:36.648+0000] {logging_mixin.py:188} INFO - [2024-07-08T05:41:36.648+0000] {dagbag.py:545} INFO - Filling up the DagBag from /opt/airflow/dags/tasks/get_movies.py
[2024-07-08T05:41:36.655+0000] {processor.py:842} WARNING - No viable dags retrieved from /opt/airflow/dags/tasks/get_movies.py
[2024-07-08T05:41:36.663+0000] {processor.py:183} INFO - Processing /opt/airflow/dags/tasks/get_movies.py took 0.020 seconds
[2024-07-08T05:42:06.763+0000] {processor.py:161} INFO - Started process (PID=333) to work on /opt/airflow/dags/tasks/get_movies.py
[2024-07-08T05:42:06.764+0000] {processor.py:830} INFO - Processing file /opt/airflow/dags/tasks/get_movies.py for tasks to queue
[2024-07-08T05:42:06.765+0000] {logging_mixin.py:188} INFO - [2024-07-08T05:42:06.765+0000] {dagbag.py:545} INFO - Filling up the DagBag from /opt/airflow/dags/tasks/get_movies.py
[2024-07-08T05:42:06.778+0000] {processor.py:842} WARNING - No viable dags retrieved from /opt/airflow/dags/tasks/get_movies.py
[2024-07-08T05:42:06.786+0000] {processor.py:183} INFO - Processing /opt/airflow/dags/tasks/get_movies.py took 0.027 seconds
[2024-07-08T05:42:37.133+0000] {processor.py:161} INFO - Started process (PID=410) to work on /opt/airflow/dags/tasks/get_movies.py
[2024-07-08T05:42:37.136+0000] {processor.py:830} INFO - Processing file /opt/airflow/dags/tasks/get_movies.py for tasks to queue
[2024-07-08T05:42:37.137+0000] {logging_mixin.py:188} INFO - [2024-07-08T05:42:37.137+0000] {dagbag.py:545} INFO - Filling up the DagBag from /opt/airflow/dags/tasks/get_movies.py
[2024-07-08T05:42:37.143+0000] {processor.py:842} WARNING - No viable dags retrieved from /opt/airflow/dags/tasks/get_movies.py
[2024-07-08T05:42:37.151+0000] {processor.py:183} INFO - Processing /opt/airflow/dags/tasks/get_movies.py took 0.022 seconds
[2024-07-08T05:43:07.347+0000] {processor.py:161} INFO - Started process (PID=513) to work on /opt/airflow/dags/tasks/get_movies.py
[2024-07-08T05:43:07.348+0000] {processor.py:830} INFO - Processing file /opt/airflow/dags/tasks/get_movies.py for tasks to queue
[2024-07-08T05:43:07.348+0000] {logging_mixin.py:188} INFO - [2024-07-08T05:43:07.348+0000] {dagbag.py:545} INFO - Filling up the DagBag from /opt/airflow/dags/tasks/get_movies.py
[2024-07-08T05:43:07.358+0000] {processor.py:842} WARNING - No viable dags retrieved from /opt/airflow/dags/tasks/get_movies.py
[2024-07-08T05:43:07.367+0000] {processor.py:183} INFO - Processing /opt/airflow/dags/tasks/get_movies.py took 0.023 seconds
[2024-07-08T05:43:37.628+0000] {processor.py:161} INFO - Started process (PID=590) to work on /opt/airflow/dags/tasks/get_movies.py
[2024-07-08T05:43:37.639+0000] {processor.py:830} INFO - Processing file /opt/airflow/dags/tasks/get_movies.py for tasks to queue
[2024-07-08T05:43:37.641+0000] {logging_mixin.py:188} INFO - [2024-07-08T05:43:37.640+0000] {dagbag.py:545} INFO - Filling up the DagBag from /opt/airflow/dags/tasks/get_movies.py
[2024-07-08T05:43:37.656+0000] {processor.py:842} WARNING - No viable dags retrieved from /opt/airflow/dags/tasks/get_movies.py
[2024-07-08T05:43:37.666+0000] {processor.py:183} INFO - Processing /opt/airflow/dags/tasks/get_movies.py took 0.042 seconds
[2024-07-08T05:44:07.859+0000] {processor.py:161} INFO - Started process (PID=693) to work on /opt/airflow/dags/tasks/get_movies.py
[2024-07-08T05:44:07.860+0000] {processor.py:830} INFO - Processing file /opt/airflow/dags/tasks/get_movies.py for tasks to queue
[2024-07-08T05:44:07.860+0000] {logging_mixin.py:188} INFO - [2024-07-08T05:44:07.860+0000] {dagbag.py:545} INFO - Filling up the DagBag from /opt/airflow/dags/tasks/get_movies.py
[2024-07-08T05:44:07.868+0000] {processor.py:842} WARNING - No viable dags retrieved from /opt/airflow/dags/tasks/get_movies.py
[2024-07-08T05:44:07.875+0000] {processor.py:183} INFO - Processing /opt/airflow/dags/tasks/get_movies.py took 0.020 seconds
[2024-07-08T05:44:38.544+0000] {processor.py:161} INFO - Started process (PID=776) to work on /opt/airflow/dags/tasks/get_movies.py
[2024-07-08T05:44:38.545+0000] {processor.py:830} INFO - Processing file /opt/airflow/dags/tasks/get_movies.py for tasks to queue
[2024-07-08T05:44:38.546+0000] {logging_mixin.py:188} INFO - [2024-07-08T05:44:38.545+0000] {dagbag.py:545} INFO - Filling up the DagBag from /opt/airflow/dags/tasks/get_movies.py
[2024-07-08T05:44:38.556+0000] {processor.py:842} WARNING - No viable dags retrieved from /opt/airflow/dags/tasks/get_movies.py
[2024-07-08T05:44:38.565+0000] {processor.py:183} INFO - Processing /opt/airflow/dags/tasks/get_movies.py took 0.025 seconds
[2024-07-08T05:45:08.819+0000] {processor.py:161} INFO - Started process (PID=872) to work on /opt/airflow/dags/tasks/get_movies.py
[2024-07-08T05:45:08.820+0000] {processor.py:830} INFO - Processing file /opt/airflow/dags/tasks/get_movies.py for tasks to queue
[2024-07-08T05:45:08.820+0000] {logging_mixin.py:188} INFO - [2024-07-08T05:45:08.820+0000] {dagbag.py:545} INFO - Filling up the DagBag from /opt/airflow/dags/tasks/get_movies.py
[2024-07-08T05:45:08.828+0000] {processor.py:842} WARNING - No viable dags retrieved from /opt/airflow/dags/tasks/get_movies.py
[2024-07-08T05:45:08.836+0000] {processor.py:183} INFO - Processing /opt/airflow/dags/tasks/get_movies.py took 0.020 seconds
[2024-07-08T06:54:51.540+0000] {processor.py:161} INFO - Started process (PID=136) to work on /opt/airflow/dags/tasks/get_movies.py
[2024-07-08T06:54:51.541+0000] {processor.py:830} INFO - Processing file /opt/airflow/dags/tasks/get_movies.py for tasks to queue
[2024-07-08T06:54:51.542+0000] {logging_mixin.py:188} INFO - [2024-07-08T06:54:51.542+0000] {dagbag.py:545} INFO - Filling up the DagBag from /opt/airflow/dags/tasks/get_movies.py
[2024-07-08T06:54:51.552+0000] {processor.py:842} WARNING - No viable dags retrieved from /opt/airflow/dags/tasks/get_movies.py
[2024-07-08T06:54:51.562+0000] {processor.py:183} INFO - Processing /opt/airflow/dags/tasks/get_movies.py took 0.026 seconds
[2024-07-08T06:55:21.764+0000] {processor.py:161} INFO - Started process (PID=210) to work on /opt/airflow/dags/tasks/get_movies.py
[2024-07-08T06:55:21.765+0000] {processor.py:830} INFO - Processing file /opt/airflow/dags/tasks/get_movies.py for tasks to queue
[2024-07-08T06:55:21.766+0000] {logging_mixin.py:188} INFO - [2024-07-08T06:55:21.766+0000] {dagbag.py:545} INFO - Filling up the DagBag from /opt/airflow/dags/tasks/get_movies.py
[2024-07-08T06:55:21.779+0000] {processor.py:842} WARNING - No viable dags retrieved from /opt/airflow/dags/tasks/get_movies.py
[2024-07-08T06:55:21.789+0000] {processor.py:183} INFO - Processing /opt/airflow/dags/tasks/get_movies.py took 0.029 seconds
[2024-07-08T06:55:51.996+0000] {processor.py:161} INFO - Started process (PID=311) to work on /opt/airflow/dags/tasks/get_movies.py
[2024-07-08T06:55:51.996+0000] {processor.py:830} INFO - Processing file /opt/airflow/dags/tasks/get_movies.py for tasks to queue
[2024-07-08T06:55:51.997+0000] {logging_mixin.py:188} INFO - [2024-07-08T06:55:51.997+0000] {dagbag.py:545} INFO - Filling up the DagBag from /opt/airflow/dags/tasks/get_movies.py
[2024-07-08T06:55:52.004+0000] {processor.py:842} WARNING - No viable dags retrieved from /opt/airflow/dags/tasks/get_movies.py
[2024-07-08T06:55:52.012+0000] {processor.py:183} INFO - Processing /opt/airflow/dags/tasks/get_movies.py took 0.020 seconds
[2024-07-08T06:56:22.274+0000] {processor.py:161} INFO - Started process (PID=395) to work on /opt/airflow/dags/tasks/get_movies.py
[2024-07-08T06:56:22.276+0000] {processor.py:830} INFO - Processing file /opt/airflow/dags/tasks/get_movies.py for tasks to queue
[2024-07-08T06:56:22.276+0000] {logging_mixin.py:188} INFO - [2024-07-08T06:56:22.276+0000] {dagbag.py:545} INFO - Filling up the DagBag from /opt/airflow/dags/tasks/get_movies.py
[2024-07-08T06:56:22.287+0000] {processor.py:842} WARNING - No viable dags retrieved from /opt/airflow/dags/tasks/get_movies.py
[2024-07-08T06:56:22.295+0000] {processor.py:183} INFO - Processing /opt/airflow/dags/tasks/get_movies.py took 0.024 seconds
[2024-07-08T06:56:52.530+0000] {processor.py:161} INFO - Started process (PID=491) to work on /opt/airflow/dags/tasks/get_movies.py
[2024-07-08T06:56:52.531+0000] {processor.py:830} INFO - Processing file /opt/airflow/dags/tasks/get_movies.py for tasks to queue
[2024-07-08T06:56:52.531+0000] {logging_mixin.py:188} INFO - [2024-07-08T06:56:52.531+0000] {dagbag.py:545} INFO - Filling up the DagBag from /opt/airflow/dags/tasks/get_movies.py
[2024-07-08T06:56:52.538+0000] {processor.py:842} WARNING - No viable dags retrieved from /opt/airflow/dags/tasks/get_movies.py
[2024-07-08T06:56:52.546+0000] {processor.py:183} INFO - Processing /opt/airflow/dags/tasks/get_movies.py took 0.020 seconds
[2024-07-08T06:57:23.074+0000] {processor.py:161} INFO - Started process (PID=594) to work on /opt/airflow/dags/tasks/get_movies.py
[2024-07-08T06:57:23.074+0000] {processor.py:830} INFO - Processing file /opt/airflow/dags/tasks/get_movies.py for tasks to queue
[2024-07-08T06:57:23.075+0000] {logging_mixin.py:188} INFO - [2024-07-08T06:57:23.075+0000] {dagbag.py:545} INFO - Filling up the DagBag from /opt/airflow/dags/tasks/get_movies.py
[2024-07-08T06:57:23.086+0000] {processor.py:842} WARNING - No viable dags retrieved from /opt/airflow/dags/tasks/get_movies.py
[2024-07-08T06:57:23.098+0000] {processor.py:183} INFO - Processing /opt/airflow/dags/tasks/get_movies.py took 0.028 seconds
[2024-07-08T06:57:53.351+0000] {processor.py:161} INFO - Started process (PID=693) to work on /opt/airflow/dags/tasks/get_movies.py
[2024-07-08T06:57:53.351+0000] {processor.py:830} INFO - Processing file /opt/airflow/dags/tasks/get_movies.py for tasks to queue
[2024-07-08T06:57:53.352+0000] {logging_mixin.py:188} INFO - [2024-07-08T06:57:53.352+0000] {dagbag.py:545} INFO - Filling up the DagBag from /opt/airflow/dags/tasks/get_movies.py
[2024-07-08T06:57:53.368+0000] {processor.py:842} WARNING - No viable dags retrieved from /opt/airflow/dags/tasks/get_movies.py
[2024-07-08T06:57:53.376+0000] {processor.py:183} INFO - Processing /opt/airflow/dags/tasks/get_movies.py took 0.030 seconds
[2024-07-08T06:58:24.045+0000] {processor.py:161} INFO - Started process (PID=800) to work on /opt/airflow/dags/tasks/get_movies.py
[2024-07-08T06:58:24.046+0000] {processor.py:830} INFO - Processing file /opt/airflow/dags/tasks/get_movies.py for tasks to queue
[2024-07-08T06:58:24.047+0000] {logging_mixin.py:188} INFO - [2024-07-08T06:58:24.047+0000] {dagbag.py:545} INFO - Filling up the DagBag from /opt/airflow/dags/tasks/get_movies.py
[2024-07-08T06:58:24.055+0000] {processor.py:842} WARNING - No viable dags retrieved from /opt/airflow/dags/tasks/get_movies.py
[2024-07-08T06:58:24.065+0000] {processor.py:183} INFO - Processing /opt/airflow/dags/tasks/get_movies.py took 0.023 seconds
[2024-07-08T06:58:54.341+0000] {processor.py:161} INFO - Started process (PID=884) to work on /opt/airflow/dags/tasks/get_movies.py
[2024-07-08T06:58:54.342+0000] {processor.py:830} INFO - Processing file /opt/airflow/dags/tasks/get_movies.py for tasks to queue
[2024-07-08T06:58:54.343+0000] {logging_mixin.py:188} INFO - [2024-07-08T06:58:54.342+0000] {dagbag.py:545} INFO - Filling up the DagBag from /opt/airflow/dags/tasks/get_movies.py
[2024-07-08T06:58:54.353+0000] {processor.py:842} WARNING - No viable dags retrieved from /opt/airflow/dags/tasks/get_movies.py
[2024-07-08T06:58:54.363+0000] {processor.py:183} INFO - Processing /opt/airflow/dags/tasks/get_movies.py took 0.025 seconds
[2024-07-08T06:59:24.583+0000] {processor.py:161} INFO - Started process (PID=980) to work on /opt/airflow/dags/tasks/get_movies.py
[2024-07-08T06:59:24.583+0000] {processor.py:830} INFO - Processing file /opt/airflow/dags/tasks/get_movies.py for tasks to queue
[2024-07-08T06:59:24.584+0000] {logging_mixin.py:188} INFO - [2024-07-08T06:59:24.584+0000] {dagbag.py:545} INFO - Filling up the DagBag from /opt/airflow/dags/tasks/get_movies.py
[2024-07-08T06:59:24.591+0000] {processor.py:842} WARNING - No viable dags retrieved from /opt/airflow/dags/tasks/get_movies.py
[2024-07-08T06:59:24.600+0000] {processor.py:183} INFO - Processing /opt/airflow/dags/tasks/get_movies.py took 0.021 seconds
[2024-07-08T06:59:55.074+0000] {processor.py:161} INFO - Started process (PID=1062) to work on /opt/airflow/dags/tasks/get_movies.py
[2024-07-08T06:59:55.074+0000] {processor.py:830} INFO - Processing file /opt/airflow/dags/tasks/get_movies.py for tasks to queue
[2024-07-08T06:59:55.075+0000] {logging_mixin.py:188} INFO - [2024-07-08T06:59:55.075+0000] {dagbag.py:545} INFO - Filling up the DagBag from /opt/airflow/dags/tasks/get_movies.py
[2024-07-08T06:59:55.089+0000] {processor.py:842} WARNING - No viable dags retrieved from /opt/airflow/dags/tasks/get_movies.py
[2024-07-08T06:59:55.097+0000] {processor.py:183} INFO - Processing /opt/airflow/dags/tasks/get_movies.py took 0.027 seconds
[2024-07-08T07:00:25.444+0000] {processor.py:161} INFO - Started process (PID=1138) to work on /opt/airflow/dags/tasks/get_movies.py
[2024-07-08T07:00:25.445+0000] {processor.py:830} INFO - Processing file /opt/airflow/dags/tasks/get_movies.py for tasks to queue
[2024-07-08T07:00:25.445+0000] {logging_mixin.py:188} INFO - [2024-07-08T07:00:25.445+0000] {dagbag.py:545} INFO - Filling up the DagBag from /opt/airflow/dags/tasks/get_movies.py
[2024-07-08T07:00:25.455+0000] {processor.py:842} WARNING - No viable dags retrieved from /opt/airflow/dags/tasks/get_movies.py
[2024-07-08T07:00:25.463+0000] {processor.py:183} INFO - Processing /opt/airflow/dags/tasks/get_movies.py took 0.022 seconds
[2024-07-08T07:00:55.816+0000] {processor.py:161} INFO - Started process (PID=1241) to work on /opt/airflow/dags/tasks/get_movies.py
[2024-07-08T07:00:55.817+0000] {processor.py:830} INFO - Processing file /opt/airflow/dags/tasks/get_movies.py for tasks to queue
[2024-07-08T07:00:55.818+0000] {logging_mixin.py:188} INFO - [2024-07-08T07:00:55.818+0000] {dagbag.py:545} INFO - Filling up the DagBag from /opt/airflow/dags/tasks/get_movies.py
[2024-07-08T07:00:55.841+0000] {processor.py:842} WARNING - No viable dags retrieved from /opt/airflow/dags/tasks/get_movies.py
[2024-07-08T07:00:55.851+0000] {processor.py:183} INFO - Processing /opt/airflow/dags/tasks/get_movies.py took 0.039 seconds
[2024-07-08T07:01:26.314+0000] {processor.py:161} INFO - Started process (PID=1325) to work on /opt/airflow/dags/tasks/get_movies.py
[2024-07-08T07:01:26.315+0000] {processor.py:830} INFO - Processing file /opt/airflow/dags/tasks/get_movies.py for tasks to queue
[2024-07-08T07:01:26.315+0000] {logging_mixin.py:188} INFO - [2024-07-08T07:01:26.315+0000] {dagbag.py:545} INFO - Filling up the DagBag from /opt/airflow/dags/tasks/get_movies.py
[2024-07-08T07:01:26.323+0000] {processor.py:842} WARNING - No viable dags retrieved from /opt/airflow/dags/tasks/get_movies.py
[2024-07-08T07:01:26.332+0000] {processor.py:183} INFO - Processing /opt/airflow/dags/tasks/get_movies.py took 0.022 seconds
[2024-07-08T07:01:56.752+0000] {processor.py:161} INFO - Started process (PID=1422) to work on /opt/airflow/dags/tasks/get_movies.py
[2024-07-08T07:01:56.753+0000] {processor.py:830} INFO - Processing file /opt/airflow/dags/tasks/get_movies.py for tasks to queue
[2024-07-08T07:01:56.754+0000] {logging_mixin.py:188} INFO - [2024-07-08T07:01:56.753+0000] {dagbag.py:545} INFO - Filling up the DagBag from /opt/airflow/dags/tasks/get_movies.py
[2024-07-08T07:01:56.764+0000] {processor.py:842} WARNING - No viable dags retrieved from /opt/airflow/dags/tasks/get_movies.py
[2024-07-08T07:01:56.772+0000] {processor.py:183} INFO - Processing /opt/airflow/dags/tasks/get_movies.py took 0.024 seconds
[2024-07-08T07:02:27.260+0000] {processor.py:161} INFO - Started process (PID=1525) to work on /opt/airflow/dags/tasks/get_movies.py
[2024-07-08T07:02:27.261+0000] {processor.py:830} INFO - Processing file /opt/airflow/dags/tasks/get_movies.py for tasks to queue
[2024-07-08T07:02:27.261+0000] {logging_mixin.py:188} INFO - [2024-07-08T07:02:27.261+0000] {dagbag.py:545} INFO - Filling up the DagBag from /opt/airflow/dags/tasks/get_movies.py
[2024-07-08T07:02:27.268+0000] {processor.py:842} WARNING - No viable dags retrieved from /opt/airflow/dags/tasks/get_movies.py
[2024-07-08T07:02:27.276+0000] {processor.py:183} INFO - Processing /opt/airflow/dags/tasks/get_movies.py took 0.019 seconds
[2024-07-08T07:02:57.702+0000] {processor.py:161} INFO - Started process (PID=1602) to work on /opt/airflow/dags/tasks/get_movies.py
[2024-07-08T07:02:57.703+0000] {processor.py:830} INFO - Processing file /opt/airflow/dags/tasks/get_movies.py for tasks to queue
[2024-07-08T07:02:57.703+0000] {logging_mixin.py:188} INFO - [2024-07-08T07:02:57.703+0000] {dagbag.py:545} INFO - Filling up the DagBag from /opt/airflow/dags/tasks/get_movies.py
[2024-07-08T07:02:57.711+0000] {processor.py:842} WARNING - No viable dags retrieved from /opt/airflow/dags/tasks/get_movies.py
[2024-07-08T07:02:57.719+0000] {processor.py:183} INFO - Processing /opt/airflow/dags/tasks/get_movies.py took 0.021 seconds
[2024-07-08T07:03:28.144+0000] {processor.py:161} INFO - Started process (PID=1705) to work on /opt/airflow/dags/tasks/get_movies.py
[2024-07-08T07:03:28.145+0000] {processor.py:830} INFO - Processing file /opt/airflow/dags/tasks/get_movies.py for tasks to queue
[2024-07-08T07:03:28.145+0000] {logging_mixin.py:188} INFO - [2024-07-08T07:03:28.145+0000] {dagbag.py:545} INFO - Filling up the DagBag from /opt/airflow/dags/tasks/get_movies.py
[2024-07-08T07:03:28.152+0000] {processor.py:842} WARNING - No viable dags retrieved from /opt/airflow/dags/tasks/get_movies.py
[2024-07-08T07:03:28.160+0000] {processor.py:183} INFO - Processing /opt/airflow/dags/tasks/get_movies.py took 0.019 seconds
[2024-07-08T07:03:58.643+0000] {processor.py:161} INFO - Started process (PID=1789) to work on /opt/airflow/dags/tasks/get_movies.py
[2024-07-08T07:03:58.644+0000] {processor.py:830} INFO - Processing file /opt/airflow/dags/tasks/get_movies.py for tasks to queue
[2024-07-08T07:03:58.644+0000] {logging_mixin.py:188} INFO - [2024-07-08T07:03:58.644+0000] {dagbag.py:545} INFO - Filling up the DagBag from /opt/airflow/dags/tasks/get_movies.py
[2024-07-08T07:03:58.662+0000] {processor.py:842} WARNING - No viable dags retrieved from /opt/airflow/dags/tasks/get_movies.py
[2024-07-08T07:03:58.673+0000] {processor.py:183} INFO - Processing /opt/airflow/dags/tasks/get_movies.py took 0.033 seconds
[2024-07-08T07:04:29.069+0000] {processor.py:161} INFO - Started process (PID=1886) to work on /opt/airflow/dags/tasks/get_movies.py
[2024-07-08T07:04:29.070+0000] {processor.py:830} INFO - Processing file /opt/airflow/dags/tasks/get_movies.py for tasks to queue
[2024-07-08T07:04:29.070+0000] {logging_mixin.py:188} INFO - [2024-07-08T07:04:29.070+0000] {dagbag.py:545} INFO - Filling up the DagBag from /opt/airflow/dags/tasks/get_movies.py
[2024-07-08T07:04:29.078+0000] {processor.py:842} WARNING - No viable dags retrieved from /opt/airflow/dags/tasks/get_movies.py
[2024-07-08T07:04:29.087+0000] {processor.py:183} INFO - Processing /opt/airflow/dags/tasks/get_movies.py took 0.023 seconds
[2024-07-08T07:04:59.613+0000] {processor.py:161} INFO - Started process (PID=1989) to work on /opt/airflow/dags/tasks/get_movies.py
[2024-07-08T07:04:59.613+0000] {processor.py:830} INFO - Processing file /opt/airflow/dags/tasks/get_movies.py for tasks to queue
[2024-07-08T07:04:59.614+0000] {logging_mixin.py:188} INFO - [2024-07-08T07:04:59.614+0000] {dagbag.py:545} INFO - Filling up the DagBag from /opt/airflow/dags/tasks/get_movies.py
[2024-07-08T07:04:59.622+0000] {processor.py:842} WARNING - No viable dags retrieved from /opt/airflow/dags/tasks/get_movies.py
[2024-07-08T07:04:59.632+0000] {processor.py:183} INFO - Processing /opt/airflow/dags/tasks/get_movies.py took 0.022 seconds
[2024-07-08T07:05:29.812+0000] {processor.py:161} INFO - Started process (PID=2066) to work on /opt/airflow/dags/tasks/get_movies.py
[2024-07-08T07:05:29.813+0000] {processor.py:830} INFO - Processing file /opt/airflow/dags/tasks/get_movies.py for tasks to queue
[2024-07-08T07:05:29.814+0000] {logging_mixin.py:188} INFO - [2024-07-08T07:05:29.814+0000] {dagbag.py:545} INFO - Filling up the DagBag from /opt/airflow/dags/tasks/get_movies.py
[2024-07-08T07:05:29.821+0000] {processor.py:842} WARNING - No viable dags retrieved from /opt/airflow/dags/tasks/get_movies.py
[2024-07-08T07:05:29.829+0000] {processor.py:183} INFO - Processing /opt/airflow/dags/tasks/get_movies.py took 0.020 seconds
[2024-07-08T07:06:00.042+0000] {processor.py:161} INFO - Started process (PID=2169) to work on /opt/airflow/dags/tasks/get_movies.py
[2024-07-08T07:06:00.045+0000] {processor.py:830} INFO - Processing file /opt/airflow/dags/tasks/get_movies.py for tasks to queue
[2024-07-08T07:06:00.046+0000] {logging_mixin.py:188} INFO - [2024-07-08T07:06:00.046+0000] {dagbag.py:545} INFO - Filling up the DagBag from /opt/airflow/dags/tasks/get_movies.py
[2024-07-08T07:06:00.053+0000] {processor.py:842} WARNING - No viable dags retrieved from /opt/airflow/dags/tasks/get_movies.py
[2024-07-08T07:06:00.062+0000] {processor.py:183} INFO - Processing /opt/airflow/dags/tasks/get_movies.py took 0.024 seconds
[2024-07-08T07:06:30.723+0000] {processor.py:161} INFO - Started process (PID=2253) to work on /opt/airflow/dags/tasks/get_movies.py
[2024-07-08T07:06:30.723+0000] {processor.py:830} INFO - Processing file /opt/airflow/dags/tasks/get_movies.py for tasks to queue
[2024-07-08T07:06:30.724+0000] {logging_mixin.py:188} INFO - [2024-07-08T07:06:30.724+0000] {dagbag.py:545} INFO - Filling up the DagBag from /opt/airflow/dags/tasks/get_movies.py
[2024-07-08T07:06:30.731+0000] {processor.py:842} WARNING - No viable dags retrieved from /opt/airflow/dags/tasks/get_movies.py
[2024-07-08T07:06:30.741+0000] {processor.py:183} INFO - Processing /opt/airflow/dags/tasks/get_movies.py took 0.021 seconds
[2024-07-08T07:07:00.949+0000] {processor.py:161} INFO - Started process (PID=2348) to work on /opt/airflow/dags/tasks/get_movies.py
[2024-07-08T07:07:00.950+0000] {processor.py:830} INFO - Processing file /opt/airflow/dags/tasks/get_movies.py for tasks to queue
[2024-07-08T07:07:00.950+0000] {logging_mixin.py:188} INFO - [2024-07-08T07:07:00.950+0000] {dagbag.py:545} INFO - Filling up the DagBag from /opt/airflow/dags/tasks/get_movies.py
[2024-07-08T07:07:00.957+0000] {processor.py:842} WARNING - No viable dags retrieved from /opt/airflow/dags/tasks/get_movies.py
[2024-07-08T07:07:00.967+0000] {processor.py:183} INFO - Processing /opt/airflow/dags/tasks/get_movies.py took 0.021 seconds
[2024-07-08T07:07:31.562+0000] {processor.py:161} INFO - Started process (PID=2452) to work on /opt/airflow/dags/tasks/get_movies.py
[2024-07-08T07:07:31.562+0000] {processor.py:830} INFO - Processing file /opt/airflow/dags/tasks/get_movies.py for tasks to queue
[2024-07-08T07:07:31.563+0000] {logging_mixin.py:188} INFO - [2024-07-08T07:07:31.563+0000] {dagbag.py:545} INFO - Filling up the DagBag from /opt/airflow/dags/tasks/get_movies.py
[2024-07-08T07:07:31.577+0000] {processor.py:842} WARNING - No viable dags retrieved from /opt/airflow/dags/tasks/get_movies.py
[2024-07-08T07:07:31.587+0000] {processor.py:183} INFO - Processing /opt/airflow/dags/tasks/get_movies.py took 0.030 seconds
[2024-07-08T07:08:01.829+0000] {processor.py:161} INFO - Started process (PID=2528) to work on /opt/airflow/dags/tasks/get_movies.py
[2024-07-08T07:08:01.830+0000] {processor.py:830} INFO - Processing file /opt/airflow/dags/tasks/get_movies.py for tasks to queue
[2024-07-08T07:08:01.831+0000] {logging_mixin.py:188} INFO - [2024-07-08T07:08:01.830+0000] {dagbag.py:545} INFO - Filling up the DagBag from /opt/airflow/dags/tasks/get_movies.py
[2024-07-08T07:08:01.837+0000] {processor.py:842} WARNING - No viable dags retrieved from /opt/airflow/dags/tasks/get_movies.py
[2024-07-08T07:08:01.846+0000] {processor.py:183} INFO - Processing /opt/airflow/dags/tasks/get_movies.py took 0.020 seconds
[2024-07-08T07:08:32.095+0000] {processor.py:161} INFO - Started process (PID=2631) to work on /opt/airflow/dags/tasks/get_movies.py
[2024-07-08T07:08:32.096+0000] {processor.py:830} INFO - Processing file /opt/airflow/dags/tasks/get_movies.py for tasks to queue
[2024-07-08T07:08:32.096+0000] {logging_mixin.py:188} INFO - [2024-07-08T07:08:32.096+0000] {dagbag.py:545} INFO - Filling up the DagBag from /opt/airflow/dags/tasks/get_movies.py
[2024-07-08T07:08:32.104+0000] {processor.py:842} WARNING - No viable dags retrieved from /opt/airflow/dags/tasks/get_movies.py
[2024-07-08T07:08:32.113+0000] {processor.py:183} INFO - Processing /opt/airflow/dags/tasks/get_movies.py took 0.021 seconds
[2024-07-08T07:09:02.379+0000] {processor.py:161} INFO - Started process (PID=2714) to work on /opt/airflow/dags/tasks/get_movies.py
[2024-07-08T07:09:02.379+0000] {processor.py:830} INFO - Processing file /opt/airflow/dags/tasks/get_movies.py for tasks to queue
[2024-07-08T07:09:02.380+0000] {logging_mixin.py:188} INFO - [2024-07-08T07:09:02.380+0000] {dagbag.py:545} INFO - Filling up the DagBag from /opt/airflow/dags/tasks/get_movies.py
[2024-07-08T07:09:02.387+0000] {processor.py:842} WARNING - No viable dags retrieved from /opt/airflow/dags/tasks/get_movies.py
[2024-07-08T07:09:02.396+0000] {processor.py:183} INFO - Processing /opt/airflow/dags/tasks/get_movies.py took 0.021 seconds
[2024-07-08T07:09:32.607+0000] {processor.py:161} INFO - Started process (PID=2811) to work on /opt/airflow/dags/tasks/get_movies.py
[2024-07-08T07:09:32.608+0000] {processor.py:830} INFO - Processing file /opt/airflow/dags/tasks/get_movies.py for tasks to queue
[2024-07-08T07:09:32.608+0000] {logging_mixin.py:188} INFO - [2024-07-08T07:09:32.608+0000] {dagbag.py:545} INFO - Filling up the DagBag from /opt/airflow/dags/tasks/get_movies.py
[2024-07-08T07:09:32.620+0000] {processor.py:842} WARNING - No viable dags retrieved from /opt/airflow/dags/tasks/get_movies.py
[2024-07-08T07:09:32.628+0000] {processor.py:183} INFO - Processing /opt/airflow/dags/tasks/get_movies.py took 0.025 seconds
[2024-07-08T07:10:02.955+0000] {processor.py:161} INFO - Started process (PID=2914) to work on /opt/airflow/dags/tasks/get_movies.py
[2024-07-08T07:10:02.956+0000] {processor.py:830} INFO - Processing file /opt/airflow/dags/tasks/get_movies.py for tasks to queue
[2024-07-08T07:10:02.956+0000] {logging_mixin.py:188} INFO - [2024-07-08T07:10:02.956+0000] {dagbag.py:545} INFO - Filling up the DagBag from /opt/airflow/dags/tasks/get_movies.py
[2024-07-08T07:10:02.963+0000] {processor.py:842} WARNING - No viable dags retrieved from /opt/airflow/dags/tasks/get_movies.py
[2024-07-08T07:10:02.972+0000] {processor.py:183} INFO - Processing /opt/airflow/dags/tasks/get_movies.py took 0.021 seconds
[2024-07-08T07:10:33.218+0000] {processor.py:161} INFO - Started process (PID=2991) to work on /opt/airflow/dags/tasks/get_movies.py
[2024-07-08T07:10:33.219+0000] {processor.py:830} INFO - Processing file /opt/airflow/dags/tasks/get_movies.py for tasks to queue
[2024-07-08T07:10:33.220+0000] {logging_mixin.py:188} INFO - [2024-07-08T07:10:33.219+0000] {dagbag.py:545} INFO - Filling up the DagBag from /opt/airflow/dags/tasks/get_movies.py
[2024-07-08T07:10:33.230+0000] {processor.py:842} WARNING - No viable dags retrieved from /opt/airflow/dags/tasks/get_movies.py
[2024-07-08T07:10:33.239+0000] {processor.py:183} INFO - Processing /opt/airflow/dags/tasks/get_movies.py took 0.024 seconds
[2024-07-08T07:11:03.461+0000] {processor.py:161} INFO - Started process (PID=3094) to work on /opt/airflow/dags/tasks/get_movies.py
[2024-07-08T07:11:03.462+0000] {processor.py:830} INFO - Processing file /opt/airflow/dags/tasks/get_movies.py for tasks to queue
[2024-07-08T07:11:03.462+0000] {logging_mixin.py:188} INFO - [2024-07-08T07:11:03.462+0000] {dagbag.py:545} INFO - Filling up the DagBag from /opt/airflow/dags/tasks/get_movies.py
[2024-07-08T07:11:03.475+0000] {processor.py:842} WARNING - No viable dags retrieved from /opt/airflow/dags/tasks/get_movies.py
[2024-07-08T07:11:03.485+0000] {processor.py:183} INFO - Processing /opt/airflow/dags/tasks/get_movies.py took 0.028 seconds
[2024-07-08T07:11:34.056+0000] {processor.py:161} INFO - Started process (PID=3171) to work on /opt/airflow/dags/tasks/get_movies.py
[2024-07-08T07:11:34.056+0000] {processor.py:830} INFO - Processing file /opt/airflow/dags/tasks/get_movies.py for tasks to queue
[2024-07-08T07:11:34.063+0000] {logging_mixin.py:188} INFO - [2024-07-08T07:11:34.062+0000] {dagbag.py:545} INFO - Filling up the DagBag from /opt/airflow/dags/tasks/get_movies.py
[2024-07-08T07:11:34.071+0000] {processor.py:842} WARNING - No viable dags retrieved from /opt/airflow/dags/tasks/get_movies.py
[2024-07-08T07:11:34.079+0000] {processor.py:183} INFO - Processing /opt/airflow/dags/tasks/get_movies.py took 0.027 seconds
[2024-07-08T07:12:04.594+0000] {processor.py:161} INFO - Started process (PID=3278) to work on /opt/airflow/dags/tasks/get_movies.py
[2024-07-08T07:12:04.595+0000] {processor.py:830} INFO - Processing file /opt/airflow/dags/tasks/get_movies.py for tasks to queue
[2024-07-08T07:12:04.595+0000] {logging_mixin.py:188} INFO - [2024-07-08T07:12:04.595+0000] {dagbag.py:545} INFO - Filling up the DagBag from /opt/airflow/dags/tasks/get_movies.py
[2024-07-08T07:12:04.602+0000] {processor.py:842} WARNING - No viable dags retrieved from /opt/airflow/dags/tasks/get_movies.py
[2024-07-08T07:12:04.612+0000] {processor.py:183} INFO - Processing /opt/airflow/dags/tasks/get_movies.py took 0.022 seconds
[2024-07-08T07:12:35.042+0000] {processor.py:161} INFO - Started process (PID=3381) to work on /opt/airflow/dags/tasks/get_movies.py
[2024-07-08T07:12:35.042+0000] {processor.py:830} INFO - Processing file /opt/airflow/dags/tasks/get_movies.py for tasks to queue
[2024-07-08T07:12:35.043+0000] {logging_mixin.py:188} INFO - [2024-07-08T07:12:35.043+0000] {dagbag.py:545} INFO - Filling up the DagBag from /opt/airflow/dags/tasks/get_movies.py
[2024-07-08T07:12:35.051+0000] {processor.py:842} WARNING - No viable dags retrieved from /opt/airflow/dags/tasks/get_movies.py
[2024-07-08T07:12:35.059+0000] {processor.py:183} INFO - Processing /opt/airflow/dags/tasks/get_movies.py took 0.021 seconds
[2024-07-08T07:13:05.485+0000] {processor.py:161} INFO - Started process (PID=3458) to work on /opt/airflow/dags/tasks/get_movies.py
[2024-07-08T07:13:05.485+0000] {processor.py:830} INFO - Processing file /opt/airflow/dags/tasks/get_movies.py for tasks to queue
[2024-07-08T07:13:05.486+0000] {logging_mixin.py:188} INFO - [2024-07-08T07:13:05.486+0000] {dagbag.py:545} INFO - Filling up the DagBag from /opt/airflow/dags/tasks/get_movies.py
[2024-07-08T07:13:05.497+0000] {processor.py:842} WARNING - No viable dags retrieved from /opt/airflow/dags/tasks/get_movies.py
[2024-07-08T07:13:05.506+0000] {processor.py:183} INFO - Processing /opt/airflow/dags/tasks/get_movies.py took 0.025 seconds
[2024-07-08T07:13:36.106+0000] {processor.py:161} INFO - Started process (PID=3560) to work on /opt/airflow/dags/tasks/get_movies.py
[2024-07-08T07:13:36.111+0000] {processor.py:830} INFO - Processing file /opt/airflow/dags/tasks/get_movies.py for tasks to queue
[2024-07-08T07:13:36.111+0000] {logging_mixin.py:188} INFO - [2024-07-08T07:13:36.111+0000] {dagbag.py:545} INFO - Filling up the DagBag from /opt/airflow/dags/tasks/get_movies.py
[2024-07-08T07:13:36.123+0000] {processor.py:842} WARNING - No viable dags retrieved from /opt/airflow/dags/tasks/get_movies.py
[2024-07-08T07:13:36.131+0000] {processor.py:183} INFO - Processing /opt/airflow/dags/tasks/get_movies.py took 0.029 seconds
[2024-07-08T07:14:06.533+0000] {processor.py:161} INFO - Started process (PID=3637) to work on /opt/airflow/dags/tasks/get_movies.py
[2024-07-08T07:14:06.533+0000] {processor.py:830} INFO - Processing file /opt/airflow/dags/tasks/get_movies.py for tasks to queue
[2024-07-08T07:14:06.534+0000] {logging_mixin.py:188} INFO - [2024-07-08T07:14:06.534+0000] {dagbag.py:545} INFO - Filling up the DagBag from /opt/airflow/dags/tasks/get_movies.py
[2024-07-08T07:14:06.540+0000] {processor.py:842} WARNING - No viable dags retrieved from /opt/airflow/dags/tasks/get_movies.py
[2024-07-08T07:14:06.550+0000] {processor.py:183} INFO - Processing /opt/airflow/dags/tasks/get_movies.py took 0.021 seconds
[2024-07-08T07:14:36.949+0000] {processor.py:161} INFO - Started process (PID=3765) to work on /opt/airflow/dags/tasks/get_movies.py
[2024-07-08T07:14:36.950+0000] {processor.py:830} INFO - Processing file /opt/airflow/dags/tasks/get_movies.py for tasks to queue
[2024-07-08T07:14:36.951+0000] {logging_mixin.py:188} INFO - [2024-07-08T07:14:36.951+0000] {dagbag.py:545} INFO - Filling up the DagBag from /opt/airflow/dags/tasks/get_movies.py
[2024-07-08T07:14:36.959+0000] {processor.py:842} WARNING - No viable dags retrieved from /opt/airflow/dags/tasks/get_movies.py
[2024-07-08T07:14:36.968+0000] {processor.py:183} INFO - Processing /opt/airflow/dags/tasks/get_movies.py took 0.023 seconds
[2024-07-08T07:15:07.317+0000] {processor.py:161} INFO - Started process (PID=3849) to work on /opt/airflow/dags/tasks/get_movies.py
[2024-07-08T07:15:07.317+0000] {processor.py:830} INFO - Processing file /opt/airflow/dags/tasks/get_movies.py for tasks to queue
[2024-07-08T07:15:07.318+0000] {logging_mixin.py:188} INFO - [2024-07-08T07:15:07.318+0000] {dagbag.py:545} INFO - Filling up the DagBag from /opt/airflow/dags/tasks/get_movies.py
[2024-07-08T07:15:07.325+0000] {processor.py:842} WARNING - No viable dags retrieved from /opt/airflow/dags/tasks/get_movies.py
[2024-07-08T07:15:07.333+0000] {processor.py:183} INFO - Processing /opt/airflow/dags/tasks/get_movies.py took 0.020 seconds
[2024-07-08T07:15:37.985+0000] {processor.py:161} INFO - Started process (PID=3945) to work on /opt/airflow/dags/tasks/get_movies.py
[2024-07-08T07:15:37.985+0000] {processor.py:830} INFO - Processing file /opt/airflow/dags/tasks/get_movies.py for tasks to queue
[2024-07-08T07:15:37.986+0000] {logging_mixin.py:188} INFO - [2024-07-08T07:15:37.986+0000] {dagbag.py:545} INFO - Filling up the DagBag from /opt/airflow/dags/tasks/get_movies.py
[2024-07-08T07:15:37.993+0000] {processor.py:842} WARNING - No viable dags retrieved from /opt/airflow/dags/tasks/get_movies.py
[2024-07-08T07:15:38.001+0000] {processor.py:183} INFO - Processing /opt/airflow/dags/tasks/get_movies.py took 0.020 seconds
[2024-07-08T07:16:08.594+0000] {processor.py:161} INFO - Started process (PID=4048) to work on /opt/airflow/dags/tasks/get_movies.py
[2024-07-08T07:16:08.595+0000] {processor.py:830} INFO - Processing file /opt/airflow/dags/tasks/get_movies.py for tasks to queue
[2024-07-08T07:16:08.596+0000] {logging_mixin.py:188} INFO - [2024-07-08T07:16:08.596+0000] {dagbag.py:545} INFO - Filling up the DagBag from /opt/airflow/dags/tasks/get_movies.py
[2024-07-08T07:16:08.604+0000] {processor.py:842} WARNING - No viable dags retrieved from /opt/airflow/dags/tasks/get_movies.py
[2024-07-08T07:16:08.613+0000] {processor.py:183} INFO - Processing /opt/airflow/dags/tasks/get_movies.py took 0.023 seconds
[2024-07-08T07:16:38.846+0000] {processor.py:161} INFO - Started process (PID=4125) to work on /opt/airflow/dags/tasks/get_movies.py
[2024-07-08T07:16:38.846+0000] {processor.py:830} INFO - Processing file /opt/airflow/dags/tasks/get_movies.py for tasks to queue
[2024-07-08T07:16:38.847+0000] {logging_mixin.py:188} INFO - [2024-07-08T07:16:38.847+0000] {dagbag.py:545} INFO - Filling up the DagBag from /opt/airflow/dags/tasks/get_movies.py
[2024-07-08T07:16:38.854+0000] {processor.py:842} WARNING - No viable dags retrieved from /opt/airflow/dags/tasks/get_movies.py
[2024-07-08T07:16:38.863+0000] {processor.py:183} INFO - Processing /opt/airflow/dags/tasks/get_movies.py took 0.021 seconds
[2024-07-08T07:17:09.302+0000] {processor.py:161} INFO - Started process (PID=4233) to work on /opt/airflow/dags/tasks/get_movies.py
[2024-07-08T07:17:09.303+0000] {processor.py:830} INFO - Processing file /opt/airflow/dags/tasks/get_movies.py for tasks to queue
[2024-07-08T07:17:09.304+0000] {logging_mixin.py:188} INFO - [2024-07-08T07:17:09.304+0000] {dagbag.py:545} INFO - Filling up the DagBag from /opt/airflow/dags/tasks/get_movies.py
[2024-07-08T07:17:09.319+0000] {processor.py:842} WARNING - No viable dags retrieved from /opt/airflow/dags/tasks/get_movies.py
[2024-07-08T07:17:09.327+0000] {processor.py:183} INFO - Processing /opt/airflow/dags/tasks/get_movies.py took 0.028 seconds
[2024-07-08T07:17:39.541+0000] {processor.py:161} INFO - Started process (PID=4309) to work on /opt/airflow/dags/tasks/get_movies.py
[2024-07-08T07:17:39.542+0000] {processor.py:830} INFO - Processing file /opt/airflow/dags/tasks/get_movies.py for tasks to queue
[2024-07-08T07:17:39.542+0000] {logging_mixin.py:188} INFO - [2024-07-08T07:17:39.542+0000] {dagbag.py:545} INFO - Filling up the DagBag from /opt/airflow/dags/tasks/get_movies.py
[2024-07-08T07:17:39.549+0000] {processor.py:842} WARNING - No viable dags retrieved from /opt/airflow/dags/tasks/get_movies.py
[2024-07-08T07:17:39.557+0000] {processor.py:183} INFO - Processing /opt/airflow/dags/tasks/get_movies.py took 0.019 seconds
[2024-07-08T07:18:09.677+0000] {processor.py:161} INFO - Started process (PID=4433) to work on /opt/airflow/dags/tasks/get_movies.py
[2024-07-08T07:18:09.678+0000] {processor.py:830} INFO - Processing file /opt/airflow/dags/tasks/get_movies.py for tasks to queue
[2024-07-08T07:18:09.678+0000] {logging_mixin.py:188} INFO - [2024-07-08T07:18:09.678+0000] {dagbag.py:545} INFO - Filling up the DagBag from /opt/airflow/dags/tasks/get_movies.py
[2024-07-08T07:18:09.686+0000] {processor.py:842} WARNING - No viable dags retrieved from /opt/airflow/dags/tasks/get_movies.py
[2024-07-08T07:18:09.695+0000] {processor.py:183} INFO - Processing /opt/airflow/dags/tasks/get_movies.py took 0.022 seconds
[2024-07-08T07:18:39.865+0000] {processor.py:161} INFO - Started process (PID=4521) to work on /opt/airflow/dags/tasks/get_movies.py
[2024-07-08T07:18:39.866+0000] {processor.py:830} INFO - Processing file /opt/airflow/dags/tasks/get_movies.py for tasks to queue
[2024-07-08T07:18:39.866+0000] {logging_mixin.py:188} INFO - [2024-07-08T07:18:39.866+0000] {dagbag.py:545} INFO - Filling up the DagBag from /opt/airflow/dags/tasks/get_movies.py
[2024-07-08T07:18:39.873+0000] {processor.py:842} WARNING - No viable dags retrieved from /opt/airflow/dags/tasks/get_movies.py
[2024-07-08T07:18:39.882+0000] {processor.py:183} INFO - Processing /opt/airflow/dags/tasks/get_movies.py took 0.022 seconds
[2024-07-08T07:19:10.346+0000] {processor.py:161} INFO - Started process (PID=4618) to work on /opt/airflow/dags/tasks/get_movies.py
[2024-07-08T07:19:10.347+0000] {processor.py:830} INFO - Processing file /opt/airflow/dags/tasks/get_movies.py for tasks to queue
[2024-07-08T07:19:10.348+0000] {logging_mixin.py:188} INFO - [2024-07-08T07:19:10.347+0000] {dagbag.py:545} INFO - Filling up the DagBag from /opt/airflow/dags/tasks/get_movies.py
[2024-07-08T07:19:10.355+0000] {processor.py:842} WARNING - No viable dags retrieved from /opt/airflow/dags/tasks/get_movies.py
[2024-07-08T07:19:10.365+0000] {processor.py:183} INFO - Processing /opt/airflow/dags/tasks/get_movies.py took 0.022 seconds
[2024-07-08T07:19:40.858+0000] {processor.py:161} INFO - Started process (PID=4722) to work on /opt/airflow/dags/tasks/get_movies.py
[2024-07-08T07:19:40.858+0000] {processor.py:830} INFO - Processing file /opt/airflow/dags/tasks/get_movies.py for tasks to queue
[2024-07-08T07:19:40.859+0000] {logging_mixin.py:188} INFO - [2024-07-08T07:19:40.859+0000] {dagbag.py:545} INFO - Filling up the DagBag from /opt/airflow/dags/tasks/get_movies.py
[2024-07-08T07:19:40.867+0000] {processor.py:842} WARNING - No viable dags retrieved from /opt/airflow/dags/tasks/get_movies.py
[2024-07-08T07:19:40.875+0000] {processor.py:183} INFO - Processing /opt/airflow/dags/tasks/get_movies.py took 0.021 seconds
[2024-07-08T07:20:11.374+0000] {processor.py:161} INFO - Started process (PID=4798) to work on /opt/airflow/dags/tasks/get_movies.py
[2024-07-08T07:20:11.374+0000] {processor.py:830} INFO - Processing file /opt/airflow/dags/tasks/get_movies.py for tasks to queue
[2024-07-08T07:20:11.375+0000] {logging_mixin.py:188} INFO - [2024-07-08T07:20:11.375+0000] {dagbag.py:545} INFO - Filling up the DagBag from /opt/airflow/dags/tasks/get_movies.py
[2024-07-08T07:20:11.384+0000] {processor.py:842} WARNING - No viable dags retrieved from /opt/airflow/dags/tasks/get_movies.py
[2024-07-08T07:20:11.394+0000] {processor.py:183} INFO - Processing /opt/airflow/dags/tasks/get_movies.py took 0.024 seconds
[2024-07-08T07:20:41.774+0000] {processor.py:161} INFO - Started process (PID=4900) to work on /opt/airflow/dags/tasks/get_movies.py
[2024-07-08T07:20:41.775+0000] {processor.py:830} INFO - Processing file /opt/airflow/dags/tasks/get_movies.py for tasks to queue
[2024-07-08T07:20:41.775+0000] {logging_mixin.py:188} INFO - [2024-07-08T07:20:41.775+0000] {dagbag.py:545} INFO - Filling up the DagBag from /opt/airflow/dags/tasks/get_movies.py
[2024-07-08T07:20:41.786+0000] {processor.py:842} WARNING - No viable dags retrieved from /opt/airflow/dags/tasks/get_movies.py
[2024-07-08T07:20:41.795+0000] {processor.py:183} INFO - Processing /opt/airflow/dags/tasks/get_movies.py took 0.025 seconds
[2024-07-08T07:21:12.255+0000] {processor.py:161} INFO - Started process (PID=4984) to work on /opt/airflow/dags/tasks/get_movies.py
[2024-07-08T07:21:12.255+0000] {processor.py:830} INFO - Processing file /opt/airflow/dags/tasks/get_movies.py for tasks to queue
[2024-07-08T07:21:12.256+0000] {logging_mixin.py:188} INFO - [2024-07-08T07:21:12.256+0000] {dagbag.py:545} INFO - Filling up the DagBag from /opt/airflow/dags/tasks/get_movies.py
[2024-07-08T07:21:12.263+0000] {processor.py:842} WARNING - No viable dags retrieved from /opt/airflow/dags/tasks/get_movies.py
[2024-07-08T07:21:12.272+0000] {processor.py:183} INFO - Processing /opt/airflow/dags/tasks/get_movies.py took 0.021 seconds
[2024-07-08T07:21:42.530+0000] {processor.py:161} INFO - Started process (PID=5081) to work on /opt/airflow/dags/tasks/get_movies.py
[2024-07-08T07:21:42.531+0000] {processor.py:830} INFO - Processing file /opt/airflow/dags/tasks/get_movies.py for tasks to queue
[2024-07-08T07:21:42.531+0000] {logging_mixin.py:188} INFO - [2024-07-08T07:21:42.531+0000] {dagbag.py:545} INFO - Filling up the DagBag from /opt/airflow/dags/tasks/get_movies.py
[2024-07-08T07:21:42.537+0000] {processor.py:842} WARNING - No viable dags retrieved from /opt/airflow/dags/tasks/get_movies.py
[2024-07-08T07:21:42.546+0000] {processor.py:183} INFO - Processing /opt/airflow/dags/tasks/get_movies.py took 0.020 seconds
[2024-07-08T23:52:59.971+0000] {processor.py:161} INFO - Started process (PID=132) to work on /opt/airflow/dags/tasks/get_movies.py
[2024-07-08T23:52:59.972+0000] {processor.py:830} INFO - Processing file /opt/airflow/dags/tasks/get_movies.py for tasks to queue
[2024-07-08T23:52:59.974+0000] {logging_mixin.py:188} INFO - [2024-07-08T23:52:59.974+0000] {dagbag.py:545} INFO - Filling up the DagBag from /opt/airflow/dags/tasks/get_movies.py
[2024-07-08T23:53:00.000+0000] {processor.py:842} WARNING - No viable dags retrieved from /opt/airflow/dags/tasks/get_movies.py
[2024-07-08T23:53:00.021+0000] {processor.py:183} INFO - Processing /opt/airflow/dags/tasks/get_movies.py took 0.054 seconds
[2024-07-08T23:53:30.502+0000] {processor.py:161} INFO - Started process (PID=248) to work on /opt/airflow/dags/tasks/get_movies.py
[2024-07-08T23:53:30.502+0000] {processor.py:830} INFO - Processing file /opt/airflow/dags/tasks/get_movies.py for tasks to queue
[2024-07-08T23:53:30.505+0000] {logging_mixin.py:188} INFO - [2024-07-08T23:53:30.505+0000] {dagbag.py:545} INFO - Filling up the DagBag from /opt/airflow/dags/tasks/get_movies.py
[2024-07-08T23:53:30.520+0000] {processor.py:842} WARNING - No viable dags retrieved from /opt/airflow/dags/tasks/get_movies.py
[2024-07-08T23:53:30.530+0000] {processor.py:183} INFO - Processing /opt/airflow/dags/tasks/get_movies.py took 0.031 seconds
[2024-07-08T23:54:00.881+0000] {processor.py:161} INFO - Started process (PID=350) to work on /opt/airflow/dags/tasks/get_movies.py
[2024-07-08T23:54:00.881+0000] {processor.py:830} INFO - Processing file /opt/airflow/dags/tasks/get_movies.py for tasks to queue
[2024-07-08T23:54:00.882+0000] {logging_mixin.py:188} INFO - [2024-07-08T23:54:00.882+0000] {dagbag.py:545} INFO - Filling up the DagBag from /opt/airflow/dags/tasks/get_movies.py
[2024-07-08T23:54:00.889+0000] {processor.py:842} WARNING - No viable dags retrieved from /opt/airflow/dags/tasks/get_movies.py
[2024-07-08T23:54:00.896+0000] {processor.py:183} INFO - Processing /opt/airflow/dags/tasks/get_movies.py took 0.018 seconds
[2024-07-08T23:54:31.691+0000] {processor.py:161} INFO - Started process (PID=428) to work on /opt/airflow/dags/tasks/get_movies.py
[2024-07-08T23:54:31.692+0000] {processor.py:830} INFO - Processing file /opt/airflow/dags/tasks/get_movies.py for tasks to queue
[2024-07-08T23:54:31.696+0000] {logging_mixin.py:188} INFO - [2024-07-08T23:54:31.695+0000] {dagbag.py:545} INFO - Filling up the DagBag from /opt/airflow/dags/tasks/get_movies.py
[2024-07-08T23:54:31.713+0000] {processor.py:842} WARNING - No viable dags retrieved from /opt/airflow/dags/tasks/get_movies.py
[2024-07-08T23:54:31.722+0000] {processor.py:183} INFO - Processing /opt/airflow/dags/tasks/get_movies.py took 0.035 seconds
[2024-07-08T23:55:02.152+0000] {processor.py:161} INFO - Started process (PID=529) to work on /opt/airflow/dags/tasks/get_movies.py
[2024-07-08T23:55:02.153+0000] {processor.py:830} INFO - Processing file /opt/airflow/dags/tasks/get_movies.py for tasks to queue
[2024-07-08T23:55:02.154+0000] {logging_mixin.py:188} INFO - [2024-07-08T23:55:02.153+0000] {dagbag.py:545} INFO - Filling up the DagBag from /opt/airflow/dags/tasks/get_movies.py
[2024-07-08T23:55:02.160+0000] {processor.py:842} WARNING - No viable dags retrieved from /opt/airflow/dags/tasks/get_movies.py
[2024-07-08T23:55:02.170+0000] {processor.py:183} INFO - Processing /opt/airflow/dags/tasks/get_movies.py took 0.021 seconds
[2024-07-08T23:55:32.737+0000] {processor.py:161} INFO - Started process (PID=632) to work on /opt/airflow/dags/tasks/get_movies.py
[2024-07-08T23:55:32.737+0000] {processor.py:830} INFO - Processing file /opt/airflow/dags/tasks/get_movies.py for tasks to queue
[2024-07-08T23:55:32.738+0000] {logging_mixin.py:188} INFO - [2024-07-08T23:55:32.738+0000] {dagbag.py:545} INFO - Filling up the DagBag from /opt/airflow/dags/tasks/get_movies.py
[2024-07-08T23:55:32.750+0000] {processor.py:842} WARNING - No viable dags retrieved from /opt/airflow/dags/tasks/get_movies.py
[2024-07-08T23:55:32.758+0000] {processor.py:183} INFO - Processing /opt/airflow/dags/tasks/get_movies.py took 0.025 seconds
[2024-07-08T23:56:02.984+0000] {processor.py:161} INFO - Started process (PID=709) to work on /opt/airflow/dags/tasks/get_movies.py
[2024-07-08T23:56:02.984+0000] {processor.py:830} INFO - Processing file /opt/airflow/dags/tasks/get_movies.py for tasks to queue
[2024-07-08T23:56:02.985+0000] {logging_mixin.py:188} INFO - [2024-07-08T23:56:02.985+0000] {dagbag.py:545} INFO - Filling up the DagBag from /opt/airflow/dags/tasks/get_movies.py
[2024-07-08T23:56:02.992+0000] {processor.py:842} WARNING - No viable dags retrieved from /opt/airflow/dags/tasks/get_movies.py
[2024-07-08T23:56:03.001+0000] {processor.py:183} INFO - Processing /opt/airflow/dags/tasks/get_movies.py took 0.020 seconds
[2024-07-08T23:56:33.202+0000] {processor.py:161} INFO - Started process (PID=811) to work on /opt/airflow/dags/tasks/get_movies.py
[2024-07-08T23:56:33.202+0000] {processor.py:830} INFO - Processing file /opt/airflow/dags/tasks/get_movies.py for tasks to queue
[2024-07-08T23:56:33.203+0000] {logging_mixin.py:188} INFO - [2024-07-08T23:56:33.203+0000] {dagbag.py:545} INFO - Filling up the DagBag from /opt/airflow/dags/tasks/get_movies.py
[2024-07-08T23:56:33.213+0000] {processor.py:842} WARNING - No viable dags retrieved from /opt/airflow/dags/tasks/get_movies.py
[2024-07-08T23:56:33.221+0000] {processor.py:183} INFO - Processing /opt/airflow/dags/tasks/get_movies.py took 0.022 seconds
