[2024-06-26T12:00:14.827+0000] {local_task_job_runner.py:120} INFO - ::group::Pre task execution logs
[2024-06-26T12:00:14.846+0000] {taskinstance.py:2076} INFO - Dependencies all met for dep_context=non-requeueable deps ti=<TaskInstance: create_movie_dataset_v38.get_json scheduled__2024-06-26T11:50:00+00:00 [queued]>
[2024-06-26T12:00:14.853+0000] {taskinstance.py:2076} INFO - Dependencies all met for dep_context=requeueable deps ti=<TaskInstance: create_movie_dataset_v38.get_json scheduled__2024-06-26T11:50:00+00:00 [queued]>
[2024-06-26T12:00:14.853+0000] {taskinstance.py:2306} INFO - Starting attempt 1 of 2
[2024-06-26T12:00:14.868+0000] {taskinstance.py:2330} INFO - Executing <Task(PythonOperator): get_json> on 2024-06-26 11:50:00+00:00
[2024-06-26T12:00:14.877+0000] {warnings.py:110} WARNING - /home/airflow/.local/lib/python3.12/site-packages/airflow/task/task_runner/standard_task_runner.py:61: DeprecationWarning: This process (pid=70) is multi-threaded, use of fork() may lead to deadlocks in the child.
  pid = os.fork()

[2024-06-26T12:00:14.878+0000] {standard_task_runner.py:63} INFO - Started process 75 to run task
[2024-06-26T12:00:14.879+0000] {standard_task_runner.py:90} INFO - Running: ['airflow', 'tasks', 'run', 'create_movie_dataset_v38', 'get_json', 'scheduled__2024-06-26T11:50:00+00:00', '--job-id', '234', '--raw', '--subdir', 'DAGS_FOLDER/etl.py', '--cfg-path', '/tmp/tmpr5odxqsf']
[2024-06-26T12:00:14.881+0000] {standard_task_runner.py:91} INFO - Job 234: Subtask get_json
[2024-06-26T12:00:14.931+0000] {task_command.py:426} INFO - Running <TaskInstance: create_movie_dataset_v38.get_json scheduled__2024-06-26T11:50:00+00:00 [running]> on host ad6ccfebc5a6
[2024-06-26T12:00:15.002+0000] {taskinstance.py:2648} INFO - Exporting env vars: AIRFLOW_CTX_DAG_OWNER='airflow' AIRFLOW_CTX_DAG_ID='create_movie_dataset_v38' AIRFLOW_CTX_TASK_ID='get_json' AIRFLOW_CTX_EXECUTION_DATE='2024-06-26T11:50:00+00:00' AIRFLOW_CTX_TRY_NUMBER='1' AIRFLOW_CTX_DAG_RUN_ID='scheduled__2024-06-26T11:50:00+00:00'
[2024-06-26T12:00:15.003+0000] {taskinstance.py:430} INFO - ::endgroup::
[2024-06-26T12:00:15.026+0000] {logging_mixin.py:188} INFO - 9
[2024-06-26T12:00:15.027+0000] {logging_mixin.py:188} INFO - N2TNP3Z-7ZAMFKD-HBA2YVR-9G8KV1Y
[2024-06-26T12:00:19.578+0000] {logging_mixin.py:188} INFO - Данные успешно сохранены в файл 'movie_data.json'.
[2024-06-26T12:00:19.582+0000] {crypto.py:82} WARNING - empty cryptography key - values will not be stored encrypted.
[2024-06-26T12:00:19.591+0000] {python.py:237} INFO - Done. Returned value was: None
[2024-06-26T12:00:19.591+0000] {taskinstance.py:441} INFO - ::group::Post task execution logs
[2024-06-26T12:00:19.597+0000] {taskinstance.py:1206} INFO - Marking task as SUCCESS. dag_id=create_movie_dataset_v38, task_id=get_json, run_id=scheduled__2024-06-26T11:50:00+00:00, execution_date=20240626T115000, start_date=20240626T120014, end_date=20240626T120019
[2024-06-26T12:00:19.624+0000] {local_task_job_runner.py:240} INFO - Task exited with return code 0
[2024-06-26T12:00:19.630+0000] {warnings.py:110} WARNING - /home/airflow/.local/lib/python3.12/site-packages/airflow/models/baseoperator.py:1296: AirflowProviderDeprecationWarning: Call to deprecated class PostgresOperator. (Please use `airflow.providers.common.sql.operators.sql.SQLExecuteQueryOperator`.Also, you can provide `hook_params={'schema': <database>}`.)
  result = cls.__new__(cls)

[2024-06-26T12:00:19.642+0000] {taskinstance.py:3498} INFO - 1 downstream tasks scheduled from follow-on schedule check
[2024-06-26T12:00:19.649+0000] {local_task_job_runner.py:222} INFO - ::endgroup::
[2024-06-26T12:04:49.235+0000] {local_task_job_runner.py:120} INFO - ::group::Pre task execution logs
[2024-06-26T12:04:49.278+0000] {taskinstance.py:2076} INFO - Dependencies all met for dep_context=non-requeueable deps ti=<TaskInstance: create_movie_dataset_v38.get_json scheduled__2024-06-26T11:50:00+00:00 [queued]>
[2024-06-26T12:04:49.285+0000] {taskinstance.py:2076} INFO - Dependencies all met for dep_context=requeueable deps ti=<TaskInstance: create_movie_dataset_v38.get_json scheduled__2024-06-26T11:50:00+00:00 [queued]>
[2024-06-26T12:04:49.286+0000] {taskinstance.py:2306} INFO - Starting attempt 1 of 2
[2024-06-26T12:04:49.297+0000] {taskinstance.py:2330} INFO - Executing <Task(PythonOperator): get_json> on 2024-06-26 11:50:00+00:00
[2024-06-26T12:04:49.302+0000] {warnings.py:110} WARNING - /home/airflow/.local/lib/python3.12/site-packages/airflow/task/task_runner/standard_task_runner.py:61: DeprecationWarning: This process (pid=147) is multi-threaded, use of fork() may lead to deadlocks in the child.
  pid = os.fork()

[2024-06-26T12:04:49.303+0000] {standard_task_runner.py:63} INFO - Started process 149 to run task
[2024-06-26T12:04:49.303+0000] {standard_task_runner.py:90} INFO - Running: ['airflow', 'tasks', 'run', 'create_movie_dataset_v38', 'get_json', 'scheduled__2024-06-26T11:50:00+00:00', '--job-id', '239', '--raw', '--subdir', 'DAGS_FOLDER/etl.py', '--cfg-path', '/tmp/tmpbis65f_u']
[2024-06-26T12:04:49.304+0000] {standard_task_runner.py:91} INFO - Job 239: Subtask get_json
[2024-06-26T12:04:49.436+0000] {task_command.py:426} INFO - Running <TaskInstance: create_movie_dataset_v38.get_json scheduled__2024-06-26T11:50:00+00:00 [running]> on host 36c0809852d0
[2024-06-26T12:04:49.485+0000] {taskinstance.py:2648} INFO - Exporting env vars: AIRFLOW_CTX_DAG_OWNER='airflow' AIRFLOW_CTX_DAG_ID='create_movie_dataset_v38' AIRFLOW_CTX_TASK_ID='get_json' AIRFLOW_CTX_EXECUTION_DATE='2024-06-26T11:50:00+00:00' AIRFLOW_CTX_TRY_NUMBER='1' AIRFLOW_CTX_DAG_RUN_ID='scheduled__2024-06-26T11:50:00+00:00'
[2024-06-26T12:04:49.485+0000] {taskinstance.py:430} INFO - ::endgroup::
[2024-06-26T12:04:49.510+0000] {logging_mixin.py:188} INFO - 1
[2024-06-26T12:04:49.511+0000] {logging_mixin.py:188} INFO - N2TNP3Z-7ZAMFKD-HBA2YVR-9G8KV1Y
[2024-06-26T12:04:50.516+0000] {logging_mixin.py:188} INFO - Данные успешно сохранены в файл 'movie_data.json'.
[2024-06-26T12:04:50.521+0000] {crypto.py:82} WARNING - empty cryptography key - values will not be stored encrypted.
[2024-06-26T12:04:50.526+0000] {python.py:237} INFO - Done. Returned value was: None
[2024-06-26T12:04:50.526+0000] {taskinstance.py:441} INFO - ::group::Post task execution logs
[2024-06-26T12:04:50.533+0000] {taskinstance.py:1206} INFO - Marking task as SUCCESS. dag_id=create_movie_dataset_v38, task_id=get_json, run_id=scheduled__2024-06-26T11:50:00+00:00, execution_date=20240626T115000, start_date=20240626T120449, end_date=20240626T120450
[2024-06-26T12:04:50.560+0000] {local_task_job_runner.py:240} INFO - Task exited with return code 0
[2024-06-26T12:04:50.569+0000] {warnings.py:110} WARNING - /home/airflow/.local/lib/python3.12/site-packages/airflow/models/baseoperator.py:1296: AirflowProviderDeprecationWarning: Call to deprecated class PostgresOperator. (Please use `airflow.providers.common.sql.operators.sql.SQLExecuteQueryOperator`.Also, you can provide `hook_params={'schema': <database>}`.)
  result = cls.__new__(cls)

[2024-06-26T12:04:50.680+0000] {taskinstance.py:3498} INFO - 1 downstream tasks scheduled from follow-on schedule check
[2024-06-26T12:04:50.684+0000] {local_task_job_runner.py:222} INFO - ::endgroup::
