[2024-06-27T23:07:47.636+0000] {processor.py:161} INFO - Started process (PID=52) to work on /opt/airflow/dags/tasks/get_movies.py
[2024-06-27T23:07:47.637+0000] {processor.py:830} INFO - Processing file /opt/airflow/dags/tasks/get_movies.py for tasks to queue
[2024-06-27T23:07:47.639+0000] {logging_mixin.py:188} INFO - [2024-06-27T23:07:47.638+0000] {dagbag.py:545} INFO - Filling up the DagBag from /opt/airflow/dags/tasks/get_movies.py
[2024-06-27T23:07:47.650+0000] {processor.py:842} WARNING - No viable dags retrieved from /opt/airflow/dags/tasks/get_movies.py
[2024-06-27T23:07:47.665+0000] {processor.py:183} INFO - Processing /opt/airflow/dags/tasks/get_movies.py took 0.033 seconds
[2024-06-27T23:08:17.822+0000] {processor.py:161} INFO - Started process (PID=75) to work on /opt/airflow/dags/tasks/get_movies.py
[2024-06-27T23:08:17.822+0000] {processor.py:830} INFO - Processing file /opt/airflow/dags/tasks/get_movies.py for tasks to queue
[2024-06-27T23:08:17.823+0000] {logging_mixin.py:188} INFO - [2024-06-27T23:08:17.823+0000] {dagbag.py:545} INFO - Filling up the DagBag from /opt/airflow/dags/tasks/get_movies.py
[2024-06-27T23:08:17.832+0000] {processor.py:842} WARNING - No viable dags retrieved from /opt/airflow/dags/tasks/get_movies.py
[2024-06-27T23:08:17.842+0000] {processor.py:183} INFO - Processing /opt/airflow/dags/tasks/get_movies.py took 0.024 seconds
[2024-06-27T23:08:48.042+0000] {processor.py:161} INFO - Started process (PID=99) to work on /opt/airflow/dags/tasks/get_movies.py
[2024-06-27T23:08:48.042+0000] {processor.py:830} INFO - Processing file /opt/airflow/dags/tasks/get_movies.py for tasks to queue
[2024-06-27T23:08:48.043+0000] {logging_mixin.py:188} INFO - [2024-06-27T23:08:48.043+0000] {dagbag.py:545} INFO - Filling up the DagBag from /opt/airflow/dags/tasks/get_movies.py
[2024-06-27T23:08:48.050+0000] {processor.py:842} WARNING - No viable dags retrieved from /opt/airflow/dags/tasks/get_movies.py
[2024-06-27T23:08:48.058+0000] {processor.py:183} INFO - Processing /opt/airflow/dags/tasks/get_movies.py took 0.020 seconds
[2024-06-27T23:09:18.276+0000] {processor.py:161} INFO - Started process (PID=116) to work on /opt/airflow/dags/tasks/get_movies.py
[2024-06-27T23:09:18.277+0000] {processor.py:830} INFO - Processing file /opt/airflow/dags/tasks/get_movies.py for tasks to queue
[2024-06-27T23:09:18.278+0000] {logging_mixin.py:188} INFO - [2024-06-27T23:09:18.277+0000] {dagbag.py:545} INFO - Filling up the DagBag from /opt/airflow/dags/tasks/get_movies.py
[2024-06-27T23:09:18.285+0000] {processor.py:842} WARNING - No viable dags retrieved from /opt/airflow/dags/tasks/get_movies.py
[2024-06-27T23:09:18.294+0000] {processor.py:183} INFO - Processing /opt/airflow/dags/tasks/get_movies.py took 0.022 seconds
[2024-06-27T23:09:48.497+0000] {processor.py:161} INFO - Started process (PID=139) to work on /opt/airflow/dags/tasks/get_movies.py
[2024-06-27T23:09:48.497+0000] {processor.py:830} INFO - Processing file /opt/airflow/dags/tasks/get_movies.py for tasks to queue
[2024-06-27T23:09:48.499+0000] {logging_mixin.py:188} INFO - [2024-06-27T23:09:48.498+0000] {dagbag.py:545} INFO - Filling up the DagBag from /opt/airflow/dags/tasks/get_movies.py
[2024-06-27T23:09:48.531+0000] {processor.py:842} WARNING - No viable dags retrieved from /opt/airflow/dags/tasks/get_movies.py
[2024-06-27T23:09:48.541+0000] {processor.py:183} INFO - Processing /opt/airflow/dags/tasks/get_movies.py took 0.048 seconds
[2024-06-27T23:10:18.731+0000] {processor.py:161} INFO - Started process (PID=156) to work on /opt/airflow/dags/tasks/get_movies.py
[2024-06-27T23:10:18.732+0000] {processor.py:830} INFO - Processing file /opt/airflow/dags/tasks/get_movies.py for tasks to queue
[2024-06-27T23:10:18.733+0000] {logging_mixin.py:188} INFO - [2024-06-27T23:10:18.733+0000] {dagbag.py:545} INFO - Filling up the DagBag from /opt/airflow/dags/tasks/get_movies.py
[2024-06-27T23:10:18.741+0000] {processor.py:842} WARNING - No viable dags retrieved from /opt/airflow/dags/tasks/get_movies.py
[2024-06-27T23:10:18.750+0000] {processor.py:183} INFO - Processing /opt/airflow/dags/tasks/get_movies.py took 0.022 seconds
[2024-06-27T23:10:48.908+0000] {processor.py:161} INFO - Started process (PID=179) to work on /opt/airflow/dags/tasks/get_movies.py
[2024-06-27T23:10:48.909+0000] {processor.py:830} INFO - Processing file /opt/airflow/dags/tasks/get_movies.py for tasks to queue
[2024-06-27T23:10:48.910+0000] {logging_mixin.py:188} INFO - [2024-06-27T23:10:48.910+0000] {dagbag.py:545} INFO - Filling up the DagBag from /opt/airflow/dags/tasks/get_movies.py
[2024-06-27T23:10:48.918+0000] {processor.py:842} WARNING - No viable dags retrieved from /opt/airflow/dags/tasks/get_movies.py
[2024-06-27T23:10:48.927+0000] {processor.py:183} INFO - Processing /opt/airflow/dags/tasks/get_movies.py took 0.023 seconds
[2024-06-27T23:11:19.068+0000] {processor.py:161} INFO - Started process (PID=203) to work on /opt/airflow/dags/tasks/get_movies.py
[2024-06-27T23:11:19.069+0000] {processor.py:830} INFO - Processing file /opt/airflow/dags/tasks/get_movies.py for tasks to queue
[2024-06-27T23:11:19.070+0000] {logging_mixin.py:188} INFO - [2024-06-27T23:11:19.070+0000] {dagbag.py:545} INFO - Filling up the DagBag from /opt/airflow/dags/tasks/get_movies.py
[2024-06-27T23:11:19.079+0000] {processor.py:842} WARNING - No viable dags retrieved from /opt/airflow/dags/tasks/get_movies.py
[2024-06-27T23:11:19.089+0000] {processor.py:183} INFO - Processing /opt/airflow/dags/tasks/get_movies.py took 0.025 seconds
[2024-06-27T23:11:49.257+0000] {processor.py:161} INFO - Started process (PID=220) to work on /opt/airflow/dags/tasks/get_movies.py
[2024-06-27T23:11:49.258+0000] {processor.py:830} INFO - Processing file /opt/airflow/dags/tasks/get_movies.py for tasks to queue
[2024-06-27T23:11:49.259+0000] {logging_mixin.py:188} INFO - [2024-06-27T23:11:49.259+0000] {dagbag.py:545} INFO - Filling up the DagBag from /opt/airflow/dags/tasks/get_movies.py
[2024-06-27T23:11:49.266+0000] {processor.py:842} WARNING - No viable dags retrieved from /opt/airflow/dags/tasks/get_movies.py
[2024-06-27T23:11:49.274+0000] {processor.py:183} INFO - Processing /opt/airflow/dags/tasks/get_movies.py took 0.020 seconds
[2024-06-27T23:12:19.527+0000] {processor.py:161} INFO - Started process (PID=245) to work on /opt/airflow/dags/tasks/get_movies.py
[2024-06-27T23:12:19.528+0000] {processor.py:830} INFO - Processing file /opt/airflow/dags/tasks/get_movies.py for tasks to queue
[2024-06-27T23:12:19.529+0000] {logging_mixin.py:188} INFO - [2024-06-27T23:12:19.529+0000] {dagbag.py:545} INFO - Filling up the DagBag from /opt/airflow/dags/tasks/get_movies.py
[2024-06-27T23:12:19.536+0000] {processor.py:842} WARNING - No viable dags retrieved from /opt/airflow/dags/tasks/get_movies.py
[2024-06-27T23:12:19.544+0000] {processor.py:183} INFO - Processing /opt/airflow/dags/tasks/get_movies.py took 0.020 seconds
[2024-06-27T23:12:49.747+0000] {processor.py:161} INFO - Started process (PID=262) to work on /opt/airflow/dags/tasks/get_movies.py
[2024-06-27T23:12:49.747+0000] {processor.py:830} INFO - Processing file /opt/airflow/dags/tasks/get_movies.py for tasks to queue
[2024-06-27T23:12:49.748+0000] {logging_mixin.py:188} INFO - [2024-06-27T23:12:49.748+0000] {dagbag.py:545} INFO - Filling up the DagBag from /opt/airflow/dags/tasks/get_movies.py
[2024-06-27T23:12:49.754+0000] {processor.py:842} WARNING - No viable dags retrieved from /opt/airflow/dags/tasks/get_movies.py
[2024-06-27T23:12:49.762+0000] {processor.py:183} INFO - Processing /opt/airflow/dags/tasks/get_movies.py took 0.019 seconds
[2024-06-27T23:13:19.906+0000] {processor.py:161} INFO - Started process (PID=286) to work on /opt/airflow/dags/tasks/get_movies.py
[2024-06-27T23:13:19.908+0000] {processor.py:830} INFO - Processing file /opt/airflow/dags/tasks/get_movies.py for tasks to queue
[2024-06-27T23:13:19.909+0000] {logging_mixin.py:188} INFO - [2024-06-27T23:13:19.909+0000] {dagbag.py:545} INFO - Filling up the DagBag from /opt/airflow/dags/tasks/get_movies.py
[2024-06-27T23:13:19.943+0000] {processor.py:842} WARNING - No viable dags retrieved from /opt/airflow/dags/tasks/get_movies.py
[2024-06-27T23:13:19.951+0000] {processor.py:183} INFO - Processing /opt/airflow/dags/tasks/get_movies.py took 0.048 seconds
[2024-06-27T23:13:50.447+0000] {processor.py:161} INFO - Started process (PID=312) to work on /opt/airflow/dags/tasks/get_movies.py
[2024-06-27T23:13:50.447+0000] {processor.py:830} INFO - Processing file /opt/airflow/dags/tasks/get_movies.py for tasks to queue
[2024-06-27T23:13:50.448+0000] {logging_mixin.py:188} INFO - [2024-06-27T23:13:50.448+0000] {dagbag.py:545} INFO - Filling up the DagBag from /opt/airflow/dags/tasks/get_movies.py
[2024-06-27T23:13:50.455+0000] {processor.py:842} WARNING - No viable dags retrieved from /opt/airflow/dags/tasks/get_movies.py
[2024-06-27T23:13:50.462+0000] {processor.py:183} INFO - Processing /opt/airflow/dags/tasks/get_movies.py took 0.019 seconds
[2024-06-27T23:14:20.708+0000] {processor.py:161} INFO - Started process (PID=328) to work on /opt/airflow/dags/tasks/get_movies.py
[2024-06-27T23:14:20.709+0000] {processor.py:830} INFO - Processing file /opt/airflow/dags/tasks/get_movies.py for tasks to queue
[2024-06-27T23:14:20.710+0000] {logging_mixin.py:188} INFO - [2024-06-27T23:14:20.710+0000] {dagbag.py:545} INFO - Filling up the DagBag from /opt/airflow/dags/tasks/get_movies.py
[2024-06-27T23:14:20.717+0000] {processor.py:842} WARNING - No viable dags retrieved from /opt/airflow/dags/tasks/get_movies.py
[2024-06-27T23:14:20.725+0000] {processor.py:183} INFO - Processing /opt/airflow/dags/tasks/get_movies.py took 0.020 seconds
[2024-06-27T23:14:50.914+0000] {processor.py:161} INFO - Started process (PID=352) to work on /opt/airflow/dags/tasks/get_movies.py
[2024-06-27T23:14:50.915+0000] {processor.py:830} INFO - Processing file /opt/airflow/dags/tasks/get_movies.py for tasks to queue
[2024-06-27T23:14:50.915+0000] {logging_mixin.py:188} INFO - [2024-06-27T23:14:50.915+0000] {dagbag.py:545} INFO - Filling up the DagBag from /opt/airflow/dags/tasks/get_movies.py
[2024-06-27T23:14:50.922+0000] {processor.py:842} WARNING - No viable dags retrieved from /opt/airflow/dags/tasks/get_movies.py
[2024-06-27T23:14:50.929+0000] {processor.py:183} INFO - Processing /opt/airflow/dags/tasks/get_movies.py took 0.018 seconds
[2024-06-27T23:15:21.389+0000] {processor.py:161} INFO - Started process (PID=376) to work on /opt/airflow/dags/tasks/get_movies.py
[2024-06-27T23:15:21.389+0000] {processor.py:830} INFO - Processing file /opt/airflow/dags/tasks/get_movies.py for tasks to queue
[2024-06-27T23:15:21.390+0000] {logging_mixin.py:188} INFO - [2024-06-27T23:15:21.390+0000] {dagbag.py:545} INFO - Filling up the DagBag from /opt/airflow/dags/tasks/get_movies.py
[2024-06-27T23:15:21.396+0000] {processor.py:842} WARNING - No viable dags retrieved from /opt/airflow/dags/tasks/get_movies.py
[2024-06-27T23:15:21.404+0000] {processor.py:183} INFO - Processing /opt/airflow/dags/tasks/get_movies.py took 0.019 seconds
[2024-06-27T23:15:51.600+0000] {processor.py:161} INFO - Started process (PID=391) to work on /opt/airflow/dags/tasks/get_movies.py
[2024-06-27T23:15:51.600+0000] {processor.py:830} INFO - Processing file /opt/airflow/dags/tasks/get_movies.py for tasks to queue
[2024-06-27T23:15:51.601+0000] {logging_mixin.py:188} INFO - [2024-06-27T23:15:51.601+0000] {dagbag.py:545} INFO - Filling up the DagBag from /opt/airflow/dags/tasks/get_movies.py
[2024-06-27T23:15:51.607+0000] {processor.py:842} WARNING - No viable dags retrieved from /opt/airflow/dags/tasks/get_movies.py
[2024-06-27T23:15:51.616+0000] {processor.py:183} INFO - Processing /opt/airflow/dags/tasks/get_movies.py took 0.019 seconds
[2024-06-27T23:16:21.768+0000] {processor.py:161} INFO - Started process (PID=414) to work on /opt/airflow/dags/tasks/get_movies.py
[2024-06-27T23:16:21.769+0000] {processor.py:830} INFO - Processing file /opt/airflow/dags/tasks/get_movies.py for tasks to queue
[2024-06-27T23:16:21.769+0000] {logging_mixin.py:188} INFO - [2024-06-27T23:16:21.769+0000] {dagbag.py:545} INFO - Filling up the DagBag from /opt/airflow/dags/tasks/get_movies.py
[2024-06-27T23:16:21.778+0000] {processor.py:842} WARNING - No viable dags retrieved from /opt/airflow/dags/tasks/get_movies.py
[2024-06-27T23:16:21.786+0000] {processor.py:183} INFO - Processing /opt/airflow/dags/tasks/get_movies.py took 0.021 seconds
[2024-06-27T23:16:51.930+0000] {processor.py:161} INFO - Started process (PID=430) to work on /opt/airflow/dags/tasks/get_movies.py
[2024-06-27T23:16:51.931+0000] {processor.py:830} INFO - Processing file /opt/airflow/dags/tasks/get_movies.py for tasks to queue
[2024-06-27T23:16:51.931+0000] {logging_mixin.py:188} INFO - [2024-06-27T23:16:51.931+0000] {dagbag.py:545} INFO - Filling up the DagBag from /opt/airflow/dags/tasks/get_movies.py
[2024-06-27T23:16:51.937+0000] {processor.py:842} WARNING - No viable dags retrieved from /opt/airflow/dags/tasks/get_movies.py
[2024-06-27T23:16:51.945+0000] {processor.py:183} INFO - Processing /opt/airflow/dags/tasks/get_movies.py took 0.018 seconds
[2024-06-27T23:17:22.072+0000] {processor.py:161} INFO - Started process (PID=453) to work on /opt/airflow/dags/tasks/get_movies.py
[2024-06-27T23:17:22.072+0000] {processor.py:830} INFO - Processing file /opt/airflow/dags/tasks/get_movies.py for tasks to queue
[2024-06-27T23:17:22.073+0000] {logging_mixin.py:188} INFO - [2024-06-27T23:17:22.073+0000] {dagbag.py:545} INFO - Filling up the DagBag from /opt/airflow/dags/tasks/get_movies.py
[2024-06-27T23:17:22.079+0000] {processor.py:842} WARNING - No viable dags retrieved from /opt/airflow/dags/tasks/get_movies.py
[2024-06-27T23:17:22.087+0000] {processor.py:183} INFO - Processing /opt/airflow/dags/tasks/get_movies.py took 0.019 seconds
[2024-06-27T23:17:52.338+0000] {processor.py:161} INFO - Started process (PID=475) to work on /opt/airflow/dags/tasks/get_movies.py
[2024-06-27T23:17:52.338+0000] {processor.py:830} INFO - Processing file /opt/airflow/dags/tasks/get_movies.py for tasks to queue
[2024-06-27T23:17:52.339+0000] {logging_mixin.py:188} INFO - [2024-06-27T23:17:52.339+0000] {dagbag.py:545} INFO - Filling up the DagBag from /opt/airflow/dags/tasks/get_movies.py
[2024-06-27T23:17:52.345+0000] {processor.py:842} WARNING - No viable dags retrieved from /opt/airflow/dags/tasks/get_movies.py
[2024-06-27T23:17:52.354+0000] {processor.py:183} INFO - Processing /opt/airflow/dags/tasks/get_movies.py took 0.019 seconds
[2024-06-27T23:18:22.546+0000] {processor.py:161} INFO - Started process (PID=490) to work on /opt/airflow/dags/tasks/get_movies.py
[2024-06-27T23:18:22.547+0000] {processor.py:830} INFO - Processing file /opt/airflow/dags/tasks/get_movies.py for tasks to queue
[2024-06-27T23:18:22.547+0000] {logging_mixin.py:188} INFO - [2024-06-27T23:18:22.547+0000] {dagbag.py:545} INFO - Filling up the DagBag from /opt/airflow/dags/tasks/get_movies.py
[2024-06-27T23:18:22.556+0000] {processor.py:842} WARNING - No viable dags retrieved from /opt/airflow/dags/tasks/get_movies.py
[2024-06-27T23:18:22.565+0000] {processor.py:183} INFO - Processing /opt/airflow/dags/tasks/get_movies.py took 0.022 seconds
[2024-06-27T23:18:52.753+0000] {processor.py:161} INFO - Started process (PID=515) to work on /opt/airflow/dags/tasks/get_movies.py
[2024-06-27T23:18:52.753+0000] {processor.py:830} INFO - Processing file /opt/airflow/dags/tasks/get_movies.py for tasks to queue
[2024-06-27T23:18:52.754+0000] {logging_mixin.py:188} INFO - [2024-06-27T23:18:52.754+0000] {dagbag.py:545} INFO - Filling up the DagBag from /opt/airflow/dags/tasks/get_movies.py
[2024-06-27T23:18:52.761+0000] {processor.py:842} WARNING - No viable dags retrieved from /opt/airflow/dags/tasks/get_movies.py
[2024-06-27T23:18:52.771+0000] {processor.py:183} INFO - Processing /opt/airflow/dags/tasks/get_movies.py took 0.022 seconds
[2024-06-27T23:19:22.937+0000] {processor.py:161} INFO - Started process (PID=533) to work on /opt/airflow/dags/tasks/get_movies.py
[2024-06-27T23:19:22.938+0000] {processor.py:830} INFO - Processing file /opt/airflow/dags/tasks/get_movies.py for tasks to queue
[2024-06-27T23:19:22.938+0000] {logging_mixin.py:188} INFO - [2024-06-27T23:19:22.938+0000] {dagbag.py:545} INFO - Filling up the DagBag from /opt/airflow/dags/tasks/get_movies.py
[2024-06-27T23:19:22.945+0000] {processor.py:842} WARNING - No viable dags retrieved from /opt/airflow/dags/tasks/get_movies.py
[2024-06-27T23:19:22.953+0000] {processor.py:183} INFO - Processing /opt/airflow/dags/tasks/get_movies.py took 0.019 seconds
[2024-06-27T23:19:53.103+0000] {processor.py:161} INFO - Started process (PID=556) to work on /opt/airflow/dags/tasks/get_movies.py
[2024-06-27T23:19:53.103+0000] {processor.py:830} INFO - Processing file /opt/airflow/dags/tasks/get_movies.py for tasks to queue
[2024-06-27T23:19:53.104+0000] {logging_mixin.py:188} INFO - [2024-06-27T23:19:53.103+0000] {dagbag.py:545} INFO - Filling up the DagBag from /opt/airflow/dags/tasks/get_movies.py
[2024-06-27T23:19:53.110+0000] {processor.py:842} WARNING - No viable dags retrieved from /opt/airflow/dags/tasks/get_movies.py
[2024-06-27T23:19:53.119+0000] {processor.py:183} INFO - Processing /opt/airflow/dags/tasks/get_movies.py took 0.020 seconds
[2024-06-27T23:20:23.271+0000] {processor.py:161} INFO - Started process (PID=579) to work on /opt/airflow/dags/tasks/get_movies.py
[2024-06-27T23:20:23.271+0000] {processor.py:830} INFO - Processing file /opt/airflow/dags/tasks/get_movies.py for tasks to queue
[2024-06-27T23:20:23.272+0000] {logging_mixin.py:188} INFO - [2024-06-27T23:20:23.272+0000] {dagbag.py:545} INFO - Filling up the DagBag from /opt/airflow/dags/tasks/get_movies.py
[2024-06-27T23:20:23.280+0000] {processor.py:842} WARNING - No viable dags retrieved from /opt/airflow/dags/tasks/get_movies.py
[2024-06-27T23:20:23.288+0000] {processor.py:183} INFO - Processing /opt/airflow/dags/tasks/get_movies.py took 0.020 seconds
[2024-06-27T23:20:53.441+0000] {processor.py:161} INFO - Started process (PID=595) to work on /opt/airflow/dags/tasks/get_movies.py
[2024-06-27T23:20:53.442+0000] {processor.py:830} INFO - Processing file /opt/airflow/dags/tasks/get_movies.py for tasks to queue
[2024-06-27T23:20:53.442+0000] {logging_mixin.py:188} INFO - [2024-06-27T23:20:53.442+0000] {dagbag.py:545} INFO - Filling up the DagBag from /opt/airflow/dags/tasks/get_movies.py
[2024-06-27T23:20:53.450+0000] {processor.py:842} WARNING - No viable dags retrieved from /opt/airflow/dags/tasks/get_movies.py
[2024-06-27T23:20:53.459+0000] {processor.py:183} INFO - Processing /opt/airflow/dags/tasks/get_movies.py took 0.021 seconds
[2024-06-27T23:21:23.673+0000] {processor.py:161} INFO - Started process (PID=619) to work on /opt/airflow/dags/tasks/get_movies.py
[2024-06-27T23:21:23.673+0000] {processor.py:830} INFO - Processing file /opt/airflow/dags/tasks/get_movies.py for tasks to queue
[2024-06-27T23:21:23.674+0000] {logging_mixin.py:188} INFO - [2024-06-27T23:21:23.674+0000] {dagbag.py:545} INFO - Filling up the DagBag from /opt/airflow/dags/tasks/get_movies.py
[2024-06-27T23:21:23.682+0000] {processor.py:842} WARNING - No viable dags retrieved from /opt/airflow/dags/tasks/get_movies.py
[2024-06-27T23:21:23.693+0000] {processor.py:183} INFO - Processing /opt/airflow/dags/tasks/get_movies.py took 0.023 seconds
[2024-06-27T23:21:53.842+0000] {processor.py:161} INFO - Started process (PID=636) to work on /opt/airflow/dags/tasks/get_movies.py
[2024-06-27T23:21:53.843+0000] {processor.py:830} INFO - Processing file /opt/airflow/dags/tasks/get_movies.py for tasks to queue
[2024-06-27T23:21:53.844+0000] {logging_mixin.py:188} INFO - [2024-06-27T23:21:53.843+0000] {dagbag.py:545} INFO - Filling up the DagBag from /opt/airflow/dags/tasks/get_movies.py
[2024-06-27T23:21:53.851+0000] {processor.py:842} WARNING - No viable dags retrieved from /opt/airflow/dags/tasks/get_movies.py
[2024-06-27T23:21:53.859+0000] {processor.py:183} INFO - Processing /opt/airflow/dags/tasks/get_movies.py took 0.020 seconds
[2024-06-27T23:22:24.012+0000] {processor.py:161} INFO - Started process (PID=660) to work on /opt/airflow/dags/tasks/get_movies.py
[2024-06-27T23:22:24.013+0000] {processor.py:830} INFO - Processing file /opt/airflow/dags/tasks/get_movies.py for tasks to queue
[2024-06-27T23:22:24.014+0000] {logging_mixin.py:188} INFO - [2024-06-27T23:22:24.014+0000] {dagbag.py:545} INFO - Filling up the DagBag from /opt/airflow/dags/tasks/get_movies.py
[2024-06-27T23:22:24.020+0000] {processor.py:842} WARNING - No viable dags retrieved from /opt/airflow/dags/tasks/get_movies.py
[2024-06-27T23:22:24.029+0000] {processor.py:183} INFO - Processing /opt/airflow/dags/tasks/get_movies.py took 0.020 seconds
[2024-06-27T23:22:54.179+0000] {processor.py:161} INFO - Started process (PID=686) to work on /opt/airflow/dags/tasks/get_movies.py
[2024-06-27T23:22:54.180+0000] {processor.py:830} INFO - Processing file /opt/airflow/dags/tasks/get_movies.py for tasks to queue
[2024-06-27T23:22:54.180+0000] {logging_mixin.py:188} INFO - [2024-06-27T23:22:54.180+0000] {dagbag.py:545} INFO - Filling up the DagBag from /opt/airflow/dags/tasks/get_movies.py
[2024-06-27T23:22:54.186+0000] {processor.py:842} WARNING - No viable dags retrieved from /opt/airflow/dags/tasks/get_movies.py
[2024-06-27T23:22:54.194+0000] {processor.py:183} INFO - Processing /opt/airflow/dags/tasks/get_movies.py took 0.018 seconds
[2024-06-27T23:23:24.337+0000] {processor.py:161} INFO - Started process (PID=703) to work on /opt/airflow/dags/tasks/get_movies.py
[2024-06-27T23:23:24.339+0000] {processor.py:830} INFO - Processing file /opt/airflow/dags/tasks/get_movies.py for tasks to queue
[2024-06-27T23:23:24.339+0000] {logging_mixin.py:188} INFO - [2024-06-27T23:23:24.339+0000] {dagbag.py:545} INFO - Filling up the DagBag from /opt/airflow/dags/tasks/get_movies.py
[2024-06-27T23:23:24.386+0000] {processor.py:842} WARNING - No viable dags retrieved from /opt/airflow/dags/tasks/get_movies.py
[2024-06-27T23:23:24.396+0000] {processor.py:183} INFO - Processing /opt/airflow/dags/tasks/get_movies.py took 0.062 seconds
[2024-06-27T23:23:54.542+0000] {processor.py:161} INFO - Started process (PID=727) to work on /opt/airflow/dags/tasks/get_movies.py
[2024-06-27T23:23:54.543+0000] {processor.py:830} INFO - Processing file /opt/airflow/dags/tasks/get_movies.py for tasks to queue
[2024-06-27T23:23:54.544+0000] {logging_mixin.py:188} INFO - [2024-06-27T23:23:54.543+0000] {dagbag.py:545} INFO - Filling up the DagBag from /opt/airflow/dags/tasks/get_movies.py
[2024-06-27T23:23:54.550+0000] {processor.py:842} WARNING - No viable dags retrieved from /opt/airflow/dags/tasks/get_movies.py
[2024-06-27T23:23:54.559+0000] {processor.py:183} INFO - Processing /opt/airflow/dags/tasks/get_movies.py took 0.020 seconds
[2024-06-27T23:24:24.691+0000] {processor.py:161} INFO - Started process (PID=752) to work on /opt/airflow/dags/tasks/get_movies.py
[2024-06-27T23:24:24.691+0000] {processor.py:830} INFO - Processing file /opt/airflow/dags/tasks/get_movies.py for tasks to queue
[2024-06-27T23:24:24.692+0000] {logging_mixin.py:188} INFO - [2024-06-27T23:24:24.692+0000] {dagbag.py:545} INFO - Filling up the DagBag from /opt/airflow/dags/tasks/get_movies.py
[2024-06-27T23:24:24.699+0000] {processor.py:842} WARNING - No viable dags retrieved from /opt/airflow/dags/tasks/get_movies.py
[2024-06-27T23:24:24.707+0000] {processor.py:183} INFO - Processing /opt/airflow/dags/tasks/get_movies.py took 0.019 seconds
[2024-06-27T23:24:54.854+0000] {processor.py:161} INFO - Started process (PID=769) to work on /opt/airflow/dags/tasks/get_movies.py
[2024-06-27T23:24:54.854+0000] {processor.py:830} INFO - Processing file /opt/airflow/dags/tasks/get_movies.py for tasks to queue
[2024-06-27T23:24:54.855+0000] {logging_mixin.py:188} INFO - [2024-06-27T23:24:54.855+0000] {dagbag.py:545} INFO - Filling up the DagBag from /opt/airflow/dags/tasks/get_movies.py
[2024-06-27T23:24:54.861+0000] {processor.py:842} WARNING - No viable dags retrieved from /opt/airflow/dags/tasks/get_movies.py
[2024-06-27T23:24:54.870+0000] {processor.py:183} INFO - Processing /opt/airflow/dags/tasks/get_movies.py took 0.019 seconds
[2024-06-27T23:25:25.047+0000] {processor.py:161} INFO - Started process (PID=797) to work on /opt/airflow/dags/tasks/get_movies.py
[2024-06-27T23:25:25.047+0000] {processor.py:830} INFO - Processing file /opt/airflow/dags/tasks/get_movies.py for tasks to queue
[2024-06-27T23:25:25.048+0000] {logging_mixin.py:188} INFO - [2024-06-27T23:25:25.048+0000] {dagbag.py:545} INFO - Filling up the DagBag from /opt/airflow/dags/tasks/get_movies.py
[2024-06-27T23:25:25.054+0000] {processor.py:842} WARNING - No viable dags retrieved from /opt/airflow/dags/tasks/get_movies.py
[2024-06-27T23:25:25.063+0000] {processor.py:183} INFO - Processing /opt/airflow/dags/tasks/get_movies.py took 0.020 seconds
[2024-06-27T23:25:55.226+0000] {processor.py:161} INFO - Started process (PID=814) to work on /opt/airflow/dags/tasks/get_movies.py
[2024-06-27T23:25:55.227+0000] {processor.py:830} INFO - Processing file /opt/airflow/dags/tasks/get_movies.py for tasks to queue
[2024-06-27T23:25:55.228+0000] {logging_mixin.py:188} INFO - [2024-06-27T23:25:55.227+0000] {dagbag.py:545} INFO - Filling up the DagBag from /opt/airflow/dags/tasks/get_movies.py
[2024-06-27T23:25:55.234+0000] {processor.py:842} WARNING - No viable dags retrieved from /opt/airflow/dags/tasks/get_movies.py
[2024-06-27T23:25:55.242+0000] {processor.py:183} INFO - Processing /opt/airflow/dags/tasks/get_movies.py took 0.019 seconds
[2024-06-27T23:26:25.397+0000] {processor.py:161} INFO - Started process (PID=838) to work on /opt/airflow/dags/tasks/get_movies.py
[2024-06-27T23:26:25.397+0000] {processor.py:830} INFO - Processing file /opt/airflow/dags/tasks/get_movies.py for tasks to queue
[2024-06-27T23:26:25.398+0000] {logging_mixin.py:188} INFO - [2024-06-27T23:26:25.398+0000] {dagbag.py:545} INFO - Filling up the DagBag from /opt/airflow/dags/tasks/get_movies.py
[2024-06-27T23:26:25.404+0000] {processor.py:842} WARNING - No viable dags retrieved from /opt/airflow/dags/tasks/get_movies.py
[2024-06-27T23:26:25.412+0000] {processor.py:183} INFO - Processing /opt/airflow/dags/tasks/get_movies.py took 0.019 seconds
[2024-06-27T23:26:55.587+0000] {processor.py:161} INFO - Started process (PID=862) to work on /opt/airflow/dags/tasks/get_movies.py
[2024-06-27T23:26:55.588+0000] {processor.py:830} INFO - Processing file /opt/airflow/dags/tasks/get_movies.py for tasks to queue
[2024-06-27T23:26:55.588+0000] {logging_mixin.py:188} INFO - [2024-06-27T23:26:55.588+0000] {dagbag.py:545} INFO - Filling up the DagBag from /opt/airflow/dags/tasks/get_movies.py
[2024-06-27T23:26:55.600+0000] {processor.py:842} WARNING - No viable dags retrieved from /opt/airflow/dags/tasks/get_movies.py
[2024-06-27T23:26:55.608+0000] {processor.py:183} INFO - Processing /opt/airflow/dags/tasks/get_movies.py took 0.024 seconds
[2024-06-27T23:27:25.816+0000] {processor.py:161} INFO - Started process (PID=879) to work on /opt/airflow/dags/tasks/get_movies.py
[2024-06-27T23:27:25.817+0000] {processor.py:830} INFO - Processing file /opt/airflow/dags/tasks/get_movies.py for tasks to queue
[2024-06-27T23:27:25.817+0000] {logging_mixin.py:188} INFO - [2024-06-27T23:27:25.817+0000] {dagbag.py:545} INFO - Filling up the DagBag from /opt/airflow/dags/tasks/get_movies.py
[2024-06-27T23:27:25.823+0000] {processor.py:842} WARNING - No viable dags retrieved from /opt/airflow/dags/tasks/get_movies.py
[2024-06-27T23:27:25.832+0000] {processor.py:183} INFO - Processing /opt/airflow/dags/tasks/get_movies.py took 0.019 seconds
[2024-06-27T23:27:56.067+0000] {processor.py:161} INFO - Started process (PID=902) to work on /opt/airflow/dags/tasks/get_movies.py
[2024-06-27T23:27:56.068+0000] {processor.py:830} INFO - Processing file /opt/airflow/dags/tasks/get_movies.py for tasks to queue
[2024-06-27T23:27:56.068+0000] {logging_mixin.py:188} INFO - [2024-06-27T23:27:56.068+0000] {dagbag.py:545} INFO - Filling up the DagBag from /opt/airflow/dags/tasks/get_movies.py
[2024-06-27T23:27:56.075+0000] {processor.py:842} WARNING - No viable dags retrieved from /opt/airflow/dags/tasks/get_movies.py
[2024-06-27T23:27:56.083+0000] {processor.py:183} INFO - Processing /opt/airflow/dags/tasks/get_movies.py took 0.019 seconds
[2024-06-27T23:28:26.246+0000] {processor.py:161} INFO - Started process (PID=919) to work on /opt/airflow/dags/tasks/get_movies.py
[2024-06-27T23:28:26.247+0000] {processor.py:830} INFO - Processing file /opt/airflow/dags/tasks/get_movies.py for tasks to queue
[2024-06-27T23:28:26.248+0000] {logging_mixin.py:188} INFO - [2024-06-27T23:28:26.247+0000] {dagbag.py:545} INFO - Filling up the DagBag from /opt/airflow/dags/tasks/get_movies.py
[2024-06-27T23:28:26.255+0000] {processor.py:842} WARNING - No viable dags retrieved from /opt/airflow/dags/tasks/get_movies.py
[2024-06-27T23:28:26.263+0000] {processor.py:183} INFO - Processing /opt/airflow/dags/tasks/get_movies.py took 0.020 seconds
[2024-06-27T23:28:56.425+0000] {processor.py:161} INFO - Started process (PID=942) to work on /opt/airflow/dags/tasks/get_movies.py
[2024-06-27T23:28:56.425+0000] {processor.py:830} INFO - Processing file /opt/airflow/dags/tasks/get_movies.py for tasks to queue
[2024-06-27T23:28:56.426+0000] {logging_mixin.py:188} INFO - [2024-06-27T23:28:56.426+0000] {dagbag.py:545} INFO - Filling up the DagBag from /opt/airflow/dags/tasks/get_movies.py
[2024-06-27T23:28:56.432+0000] {processor.py:842} WARNING - No viable dags retrieved from /opt/airflow/dags/tasks/get_movies.py
[2024-06-27T23:28:56.441+0000] {processor.py:183} INFO - Processing /opt/airflow/dags/tasks/get_movies.py took 0.019 seconds
[2024-06-27T23:29:26.589+0000] {processor.py:161} INFO - Started process (PID=965) to work on /opt/airflow/dags/tasks/get_movies.py
[2024-06-27T23:29:26.590+0000] {processor.py:830} INFO - Processing file /opt/airflow/dags/tasks/get_movies.py for tasks to queue
[2024-06-27T23:29:26.590+0000] {logging_mixin.py:188} INFO - [2024-06-27T23:29:26.590+0000] {dagbag.py:545} INFO - Filling up the DagBag from /opt/airflow/dags/tasks/get_movies.py
[2024-06-27T23:29:26.597+0000] {processor.py:842} WARNING - No viable dags retrieved from /opt/airflow/dags/tasks/get_movies.py
[2024-06-27T23:29:26.605+0000] {processor.py:183} INFO - Processing /opt/airflow/dags/tasks/get_movies.py took 0.019 seconds
[2024-06-27T23:29:56.736+0000] {processor.py:161} INFO - Started process (PID=982) to work on /opt/airflow/dags/tasks/get_movies.py
[2024-06-27T23:29:56.737+0000] {processor.py:830} INFO - Processing file /opt/airflow/dags/tasks/get_movies.py for tasks to queue
[2024-06-27T23:29:56.737+0000] {logging_mixin.py:188} INFO - [2024-06-27T23:29:56.737+0000] {dagbag.py:545} INFO - Filling up the DagBag from /opt/airflow/dags/tasks/get_movies.py
[2024-06-27T23:29:56.745+0000] {processor.py:842} WARNING - No viable dags retrieved from /opt/airflow/dags/tasks/get_movies.py
[2024-06-27T23:29:56.754+0000] {processor.py:183} INFO - Processing /opt/airflow/dags/tasks/get_movies.py took 0.022 seconds
[2024-06-27T23:30:26.955+0000] {processor.py:161} INFO - Started process (PID=1010) to work on /opt/airflow/dags/tasks/get_movies.py
[2024-06-27T23:30:26.956+0000] {processor.py:830} INFO - Processing file /opt/airflow/dags/tasks/get_movies.py for tasks to queue
[2024-06-27T23:30:26.956+0000] {logging_mixin.py:188} INFO - [2024-06-27T23:30:26.956+0000] {dagbag.py:545} INFO - Filling up the DagBag from /opt/airflow/dags/tasks/get_movies.py
[2024-06-27T23:30:26.963+0000] {processor.py:842} WARNING - No viable dags retrieved from /opt/airflow/dags/tasks/get_movies.py
[2024-06-27T23:30:26.971+0000] {processor.py:183} INFO - Processing /opt/airflow/dags/tasks/get_movies.py took 0.019 seconds
[2024-06-27T23:30:57.163+0000] {processor.py:161} INFO - Started process (PID=1034) to work on /opt/airflow/dags/tasks/get_movies.py
[2024-06-27T23:30:57.163+0000] {processor.py:830} INFO - Processing file /opt/airflow/dags/tasks/get_movies.py for tasks to queue
[2024-06-27T23:30:57.164+0000] {logging_mixin.py:188} INFO - [2024-06-27T23:30:57.164+0000] {dagbag.py:545} INFO - Filling up the DagBag from /opt/airflow/dags/tasks/get_movies.py
[2024-06-27T23:30:57.171+0000] {processor.py:842} WARNING - No viable dags retrieved from /opt/airflow/dags/tasks/get_movies.py
[2024-06-27T23:30:57.179+0000] {processor.py:183} INFO - Processing /opt/airflow/dags/tasks/get_movies.py took 0.020 seconds
[2024-06-27T23:31:27.335+0000] {processor.py:161} INFO - Started process (PID=1050) to work on /opt/airflow/dags/tasks/get_movies.py
[2024-06-27T23:31:27.335+0000] {processor.py:830} INFO - Processing file /opt/airflow/dags/tasks/get_movies.py for tasks to queue
[2024-06-27T23:31:27.336+0000] {logging_mixin.py:188} INFO - [2024-06-27T23:31:27.335+0000] {dagbag.py:545} INFO - Filling up the DagBag from /opt/airflow/dags/tasks/get_movies.py
[2024-06-27T23:31:27.342+0000] {processor.py:842} WARNING - No viable dags retrieved from /opt/airflow/dags/tasks/get_movies.py
[2024-06-27T23:31:27.350+0000] {processor.py:183} INFO - Processing /opt/airflow/dags/tasks/get_movies.py took 0.019 seconds
[2024-06-27T23:31:57.478+0000] {processor.py:161} INFO - Started process (PID=1074) to work on /opt/airflow/dags/tasks/get_movies.py
[2024-06-27T23:31:57.479+0000] {processor.py:830} INFO - Processing file /opt/airflow/dags/tasks/get_movies.py for tasks to queue
[2024-06-27T23:31:57.479+0000] {logging_mixin.py:188} INFO - [2024-06-27T23:31:57.479+0000] {dagbag.py:545} INFO - Filling up the DagBag from /opt/airflow/dags/tasks/get_movies.py
[2024-06-27T23:31:57.486+0000] {processor.py:842} WARNING - No viable dags retrieved from /opt/airflow/dags/tasks/get_movies.py
[2024-06-27T23:31:57.494+0000] {processor.py:183} INFO - Processing /opt/airflow/dags/tasks/get_movies.py took 0.019 seconds
[2024-06-27T23:32:27.659+0000] {processor.py:161} INFO - Started process (PID=1091) to work on /opt/airflow/dags/tasks/get_movies.py
[2024-06-27T23:32:27.659+0000] {processor.py:830} INFO - Processing file /opt/airflow/dags/tasks/get_movies.py for tasks to queue
[2024-06-27T23:32:27.660+0000] {logging_mixin.py:188} INFO - [2024-06-27T23:32:27.660+0000] {dagbag.py:545} INFO - Filling up the DagBag from /opt/airflow/dags/tasks/get_movies.py
[2024-06-27T23:32:27.667+0000] {processor.py:842} WARNING - No viable dags retrieved from /opt/airflow/dags/tasks/get_movies.py
[2024-06-27T23:32:27.675+0000] {processor.py:183} INFO - Processing /opt/airflow/dags/tasks/get_movies.py took 0.019 seconds
[2024-06-27T23:32:57.886+0000] {processor.py:161} INFO - Started process (PID=1115) to work on /opt/airflow/dags/tasks/get_movies.py
[2024-06-27T23:32:57.886+0000] {processor.py:830} INFO - Processing file /opt/airflow/dags/tasks/get_movies.py for tasks to queue
[2024-06-27T23:32:57.887+0000] {logging_mixin.py:188} INFO - [2024-06-27T23:32:57.887+0000] {dagbag.py:545} INFO - Filling up the DagBag from /opt/airflow/dags/tasks/get_movies.py
[2024-06-27T23:32:57.895+0000] {processor.py:842} WARNING - No viable dags retrieved from /opt/airflow/dags/tasks/get_movies.py
[2024-06-27T23:32:57.904+0000] {processor.py:183} INFO - Processing /opt/airflow/dags/tasks/get_movies.py took 0.021 seconds
[2024-06-27T23:33:28.090+0000] {processor.py:161} INFO - Started process (PID=1139) to work on /opt/airflow/dags/tasks/get_movies.py
[2024-06-27T23:33:28.091+0000] {processor.py:830} INFO - Processing file /opt/airflow/dags/tasks/get_movies.py for tasks to queue
[2024-06-27T23:33:28.091+0000] {logging_mixin.py:188} INFO - [2024-06-27T23:33:28.091+0000] {dagbag.py:545} INFO - Filling up the DagBag from /opt/airflow/dags/tasks/get_movies.py
[2024-06-27T23:33:28.098+0000] {processor.py:842} WARNING - No viable dags retrieved from /opt/airflow/dags/tasks/get_movies.py
[2024-06-27T23:33:28.107+0000] {processor.py:183} INFO - Processing /opt/airflow/dags/tasks/get_movies.py took 0.021 seconds
[2024-06-27T23:33:58.293+0000] {processor.py:161} INFO - Started process (PID=1155) to work on /opt/airflow/dags/tasks/get_movies.py
[2024-06-27T23:33:58.293+0000] {processor.py:830} INFO - Processing file /opt/airflow/dags/tasks/get_movies.py for tasks to queue
[2024-06-27T23:33:58.294+0000] {logging_mixin.py:188} INFO - [2024-06-27T23:33:58.294+0000] {dagbag.py:545} INFO - Filling up the DagBag from /opt/airflow/dags/tasks/get_movies.py
[2024-06-27T23:33:58.300+0000] {processor.py:842} WARNING - No viable dags retrieved from /opt/airflow/dags/tasks/get_movies.py
[2024-06-27T23:33:58.308+0000] {processor.py:183} INFO - Processing /opt/airflow/dags/tasks/get_movies.py took 0.019 seconds
[2024-06-27T23:34:28.500+0000] {processor.py:161} INFO - Started process (PID=1178) to work on /opt/airflow/dags/tasks/get_movies.py
[2024-06-27T23:34:28.501+0000] {processor.py:830} INFO - Processing file /opt/airflow/dags/tasks/get_movies.py for tasks to queue
[2024-06-27T23:34:28.502+0000] {logging_mixin.py:188} INFO - [2024-06-27T23:34:28.502+0000] {dagbag.py:545} INFO - Filling up the DagBag from /opt/airflow/dags/tasks/get_movies.py
[2024-06-27T23:34:28.508+0000] {processor.py:842} WARNING - No viable dags retrieved from /opt/airflow/dags/tasks/get_movies.py
[2024-06-27T23:34:28.516+0000] {processor.py:183} INFO - Processing /opt/airflow/dags/tasks/get_movies.py took 0.020 seconds
[2024-06-27T23:34:58.809+0000] {processor.py:161} INFO - Started process (PID=1202) to work on /opt/airflow/dags/tasks/get_movies.py
[2024-06-27T23:34:58.809+0000] {processor.py:830} INFO - Processing file /opt/airflow/dags/tasks/get_movies.py for tasks to queue
[2024-06-27T23:34:58.810+0000] {logging_mixin.py:188} INFO - [2024-06-27T23:34:58.810+0000] {dagbag.py:545} INFO - Filling up the DagBag from /opt/airflow/dags/tasks/get_movies.py
[2024-06-27T23:34:58.817+0000] {processor.py:842} WARNING - No viable dags retrieved from /opt/airflow/dags/tasks/get_movies.py
[2024-06-27T23:34:58.826+0000] {processor.py:183} INFO - Processing /opt/airflow/dags/tasks/get_movies.py took 0.020 seconds
[2024-06-27T23:35:29.026+0000] {processor.py:161} INFO - Started process (PID=1219) to work on /opt/airflow/dags/tasks/get_movies.py
[2024-06-27T23:35:29.027+0000] {processor.py:830} INFO - Processing file /opt/airflow/dags/tasks/get_movies.py for tasks to queue
[2024-06-27T23:35:29.027+0000] {logging_mixin.py:188} INFO - [2024-06-27T23:35:29.027+0000] {dagbag.py:545} INFO - Filling up the DagBag from /opt/airflow/dags/tasks/get_movies.py
[2024-06-27T23:35:29.033+0000] {processor.py:842} WARNING - No viable dags retrieved from /opt/airflow/dags/tasks/get_movies.py
[2024-06-27T23:35:29.041+0000] {processor.py:183} INFO - Processing /opt/airflow/dags/tasks/get_movies.py took 0.019 seconds
[2024-06-27T23:35:59.227+0000] {processor.py:161} INFO - Started process (PID=1243) to work on /opt/airflow/dags/tasks/get_movies.py
[2024-06-27T23:35:59.228+0000] {processor.py:830} INFO - Processing file /opt/airflow/dags/tasks/get_movies.py for tasks to queue
[2024-06-27T23:35:59.228+0000] {logging_mixin.py:188} INFO - [2024-06-27T23:35:59.228+0000] {dagbag.py:545} INFO - Filling up the DagBag from /opt/airflow/dags/tasks/get_movies.py
[2024-06-27T23:35:59.237+0000] {processor.py:842} WARNING - No viable dags retrieved from /opt/airflow/dags/tasks/get_movies.py
[2024-06-27T23:35:59.246+0000] {processor.py:183} INFO - Processing /opt/airflow/dags/tasks/get_movies.py took 0.022 seconds
[2024-06-27T23:36:29.435+0000] {processor.py:161} INFO - Started process (PID=1260) to work on /opt/airflow/dags/tasks/get_movies.py
[2024-06-27T23:36:29.435+0000] {processor.py:830} INFO - Processing file /opt/airflow/dags/tasks/get_movies.py for tasks to queue
[2024-06-27T23:36:29.436+0000] {logging_mixin.py:188} INFO - [2024-06-27T23:36:29.436+0000] {dagbag.py:545} INFO - Filling up the DagBag from /opt/airflow/dags/tasks/get_movies.py
[2024-06-27T23:36:29.442+0000] {processor.py:842} WARNING - No viable dags retrieved from /opt/airflow/dags/tasks/get_movies.py
[2024-06-27T23:36:29.451+0000] {processor.py:183} INFO - Processing /opt/airflow/dags/tasks/get_movies.py took 0.019 seconds
[2024-06-27T23:36:59.605+0000] {processor.py:161} INFO - Started process (PID=1284) to work on /opt/airflow/dags/tasks/get_movies.py
[2024-06-27T23:36:59.606+0000] {processor.py:830} INFO - Processing file /opt/airflow/dags/tasks/get_movies.py for tasks to queue
[2024-06-27T23:36:59.606+0000] {logging_mixin.py:188} INFO - [2024-06-27T23:36:59.606+0000] {dagbag.py:545} INFO - Filling up the DagBag from /opt/airflow/dags/tasks/get_movies.py
[2024-06-27T23:36:59.614+0000] {processor.py:842} WARNING - No viable dags retrieved from /opt/airflow/dags/tasks/get_movies.py
[2024-06-27T23:36:59.621+0000] {processor.py:183} INFO - Processing /opt/airflow/dags/tasks/get_movies.py took 0.020 seconds
[2024-06-27T23:37:29.784+0000] {processor.py:161} INFO - Started process (PID=1308) to work on /opt/airflow/dags/tasks/get_movies.py
[2024-06-27T23:37:29.784+0000] {processor.py:830} INFO - Processing file /opt/airflow/dags/tasks/get_movies.py for tasks to queue
[2024-06-27T23:37:29.785+0000] {logging_mixin.py:188} INFO - [2024-06-27T23:37:29.785+0000] {dagbag.py:545} INFO - Filling up the DagBag from /opt/airflow/dags/tasks/get_movies.py
[2024-06-27T23:37:29.793+0000] {processor.py:842} WARNING - No viable dags retrieved from /opt/airflow/dags/tasks/get_movies.py
[2024-06-27T23:37:29.801+0000] {processor.py:183} INFO - Processing /opt/airflow/dags/tasks/get_movies.py took 0.021 seconds
[2024-06-27T23:38:00.070+0000] {processor.py:161} INFO - Started process (PID=1325) to work on /opt/airflow/dags/tasks/get_movies.py
[2024-06-27T23:38:00.071+0000] {processor.py:830} INFO - Processing file /opt/airflow/dags/tasks/get_movies.py for tasks to queue
[2024-06-27T23:38:00.072+0000] {logging_mixin.py:188} INFO - [2024-06-27T23:38:00.072+0000] {dagbag.py:545} INFO - Filling up the DagBag from /opt/airflow/dags/tasks/get_movies.py
[2024-06-27T23:38:00.080+0000] {processor.py:842} WARNING - No viable dags retrieved from /opt/airflow/dags/tasks/get_movies.py
[2024-06-27T23:38:00.088+0000] {processor.py:183} INFO - Processing /opt/airflow/dags/tasks/get_movies.py took 0.021 seconds
[2024-06-27T23:38:30.219+0000] {processor.py:161} INFO - Started process (PID=1348) to work on /opt/airflow/dags/tasks/get_movies.py
[2024-06-27T23:38:30.230+0000] {processor.py:830} INFO - Processing file /opt/airflow/dags/tasks/get_movies.py for tasks to queue
[2024-06-27T23:38:30.231+0000] {logging_mixin.py:188} INFO - [2024-06-27T23:38:30.230+0000] {dagbag.py:545} INFO - Filling up the DagBag from /opt/airflow/dags/tasks/get_movies.py
[2024-06-27T23:38:30.238+0000] {processor.py:842} WARNING - No viable dags retrieved from /opt/airflow/dags/tasks/get_movies.py
[2024-06-27T23:38:30.246+0000] {processor.py:183} INFO - Processing /opt/airflow/dags/tasks/get_movies.py took 0.030 seconds
[2024-06-27T23:39:00.422+0000] {processor.py:161} INFO - Started process (PID=1364) to work on /opt/airflow/dags/tasks/get_movies.py
[2024-06-27T23:39:00.423+0000] {processor.py:830} INFO - Processing file /opt/airflow/dags/tasks/get_movies.py for tasks to queue
[2024-06-27T23:39:00.423+0000] {logging_mixin.py:188} INFO - [2024-06-27T23:39:00.423+0000] {dagbag.py:545} INFO - Filling up the DagBag from /opt/airflow/dags/tasks/get_movies.py
[2024-06-27T23:39:00.430+0000] {processor.py:842} WARNING - No viable dags retrieved from /opt/airflow/dags/tasks/get_movies.py
[2024-06-27T23:39:00.439+0000] {processor.py:183} INFO - Processing /opt/airflow/dags/tasks/get_movies.py took 0.020 seconds
[2024-06-27T23:39:30.668+0000] {processor.py:161} INFO - Started process (PID=1387) to work on /opt/airflow/dags/tasks/get_movies.py
[2024-06-27T23:39:30.668+0000] {processor.py:830} INFO - Processing file /opt/airflow/dags/tasks/get_movies.py for tasks to queue
[2024-06-27T23:39:30.669+0000] {logging_mixin.py:188} INFO - [2024-06-27T23:39:30.668+0000] {dagbag.py:545} INFO - Filling up the DagBag from /opt/airflow/dags/tasks/get_movies.py
[2024-06-27T23:39:30.675+0000] {processor.py:842} WARNING - No viable dags retrieved from /opt/airflow/dags/tasks/get_movies.py
[2024-06-27T23:39:30.683+0000] {processor.py:183} INFO - Processing /opt/airflow/dags/tasks/get_movies.py took 0.019 seconds
[2024-06-27T23:40:00.834+0000] {processor.py:161} INFO - Started process (PID=1411) to work on /opt/airflow/dags/tasks/get_movies.py
[2024-06-27T23:40:00.835+0000] {processor.py:830} INFO - Processing file /opt/airflow/dags/tasks/get_movies.py for tasks to queue
[2024-06-27T23:40:00.835+0000] {logging_mixin.py:188} INFO - [2024-06-27T23:40:00.835+0000] {dagbag.py:545} INFO - Filling up the DagBag from /opt/airflow/dags/tasks/get_movies.py
[2024-06-27T23:40:00.842+0000] {processor.py:842} WARNING - No viable dags retrieved from /opt/airflow/dags/tasks/get_movies.py
[2024-06-27T23:40:00.851+0000] {processor.py:183} INFO - Processing /opt/airflow/dags/tasks/get_movies.py took 0.020 seconds
[2024-06-27T23:40:31.019+0000] {processor.py:161} INFO - Started process (PID=1432) to work on /opt/airflow/dags/tasks/get_movies.py
[2024-06-27T23:40:31.020+0000] {processor.py:830} INFO - Processing file /opt/airflow/dags/tasks/get_movies.py for tasks to queue
[2024-06-27T23:40:31.020+0000] {logging_mixin.py:188} INFO - [2024-06-27T23:40:31.020+0000] {dagbag.py:545} INFO - Filling up the DagBag from /opt/airflow/dags/tasks/get_movies.py
[2024-06-27T23:40:31.026+0000] {processor.py:842} WARNING - No viable dags retrieved from /opt/airflow/dags/tasks/get_movies.py
[2024-06-27T23:40:31.035+0000] {processor.py:183} INFO - Processing /opt/airflow/dags/tasks/get_movies.py took 0.019 seconds
[2024-06-27T23:41:01.185+0000] {processor.py:161} INFO - Started process (PID=1456) to work on /opt/airflow/dags/tasks/get_movies.py
[2024-06-27T23:41:01.186+0000] {processor.py:830} INFO - Processing file /opt/airflow/dags/tasks/get_movies.py for tasks to queue
[2024-06-27T23:41:01.187+0000] {logging_mixin.py:188} INFO - [2024-06-27T23:41:01.187+0000] {dagbag.py:545} INFO - Filling up the DagBag from /opt/airflow/dags/tasks/get_movies.py
[2024-06-27T23:41:01.195+0000] {processor.py:842} WARNING - No viable dags retrieved from /opt/airflow/dags/tasks/get_movies.py
[2024-06-27T23:41:01.204+0000] {processor.py:183} INFO - Processing /opt/airflow/dags/tasks/get_movies.py took 0.022 seconds
[2024-06-27T23:41:31.356+0000] {processor.py:161} INFO - Started process (PID=1480) to work on /opt/airflow/dags/tasks/get_movies.py
[2024-06-27T23:41:31.358+0000] {processor.py:830} INFO - Processing file /opt/airflow/dags/tasks/get_movies.py for tasks to queue
[2024-06-27T23:41:31.359+0000] {logging_mixin.py:188} INFO - [2024-06-27T23:41:31.358+0000] {dagbag.py:545} INFO - Filling up the DagBag from /opt/airflow/dags/tasks/get_movies.py
[2024-06-27T23:41:31.367+0000] {processor.py:842} WARNING - No viable dags retrieved from /opt/airflow/dags/tasks/get_movies.py
[2024-06-27T23:41:31.376+0000] {processor.py:183} INFO - Processing /opt/airflow/dags/tasks/get_movies.py took 0.024 seconds
[2024-06-27T23:42:01.533+0000] {processor.py:161} INFO - Started process (PID=1498) to work on /opt/airflow/dags/tasks/get_movies.py
[2024-06-27T23:42:01.534+0000] {processor.py:830} INFO - Processing file /opt/airflow/dags/tasks/get_movies.py for tasks to queue
[2024-06-27T23:42:01.534+0000] {logging_mixin.py:188} INFO - [2024-06-27T23:42:01.534+0000] {dagbag.py:545} INFO - Filling up the DagBag from /opt/airflow/dags/tasks/get_movies.py
[2024-06-27T23:42:01.543+0000] {processor.py:842} WARNING - No viable dags retrieved from /opt/airflow/dags/tasks/get_movies.py
[2024-06-27T23:42:01.551+0000] {processor.py:183} INFO - Processing /opt/airflow/dags/tasks/get_movies.py took 0.022 seconds
[2024-06-27T23:42:31.706+0000] {processor.py:161} INFO - Started process (PID=1522) to work on /opt/airflow/dags/tasks/get_movies.py
[2024-06-27T23:42:31.707+0000] {processor.py:830} INFO - Processing file /opt/airflow/dags/tasks/get_movies.py for tasks to queue
[2024-06-27T23:42:31.707+0000] {logging_mixin.py:188} INFO - [2024-06-27T23:42:31.707+0000] {dagbag.py:545} INFO - Filling up the DagBag from /opt/airflow/dags/tasks/get_movies.py
[2024-06-27T23:42:31.713+0000] {processor.py:842} WARNING - No viable dags retrieved from /opt/airflow/dags/tasks/get_movies.py
[2024-06-27T23:42:31.721+0000] {processor.py:183} INFO - Processing /opt/airflow/dags/tasks/get_movies.py took 0.019 seconds
[2024-06-27T23:43:01.896+0000] {processor.py:161} INFO - Started process (PID=1539) to work on /opt/airflow/dags/tasks/get_movies.py
[2024-06-27T23:43:01.897+0000] {processor.py:830} INFO - Processing file /opt/airflow/dags/tasks/get_movies.py for tasks to queue
[2024-06-27T23:43:01.898+0000] {logging_mixin.py:188} INFO - [2024-06-27T23:43:01.897+0000] {dagbag.py:545} INFO - Filling up the DagBag from /opt/airflow/dags/tasks/get_movies.py
[2024-06-27T23:43:01.904+0000] {processor.py:842} WARNING - No viable dags retrieved from /opt/airflow/dags/tasks/get_movies.py
[2024-06-27T23:43:01.912+0000] {processor.py:183} INFO - Processing /opt/airflow/dags/tasks/get_movies.py took 0.019 seconds
[2024-06-27T23:43:32.058+0000] {processor.py:161} INFO - Started process (PID=1563) to work on /opt/airflow/dags/tasks/get_movies.py
[2024-06-27T23:43:32.059+0000] {processor.py:830} INFO - Processing file /opt/airflow/dags/tasks/get_movies.py for tasks to queue
[2024-06-27T23:43:32.059+0000] {logging_mixin.py:188} INFO - [2024-06-27T23:43:32.059+0000] {dagbag.py:545} INFO - Filling up the DagBag from /opt/airflow/dags/tasks/get_movies.py
[2024-06-27T23:43:32.066+0000] {processor.py:842} WARNING - No viable dags retrieved from /opt/airflow/dags/tasks/get_movies.py
[2024-06-27T23:43:32.074+0000] {processor.py:183} INFO - Processing /opt/airflow/dags/tasks/get_movies.py took 0.019 seconds
[2024-06-27T23:44:02.207+0000] {processor.py:161} INFO - Started process (PID=1587) to work on /opt/airflow/dags/tasks/get_movies.py
[2024-06-27T23:44:02.208+0000] {processor.py:830} INFO - Processing file /opt/airflow/dags/tasks/get_movies.py for tasks to queue
[2024-06-27T23:44:02.209+0000] {logging_mixin.py:188} INFO - [2024-06-27T23:44:02.208+0000] {dagbag.py:545} INFO - Filling up the DagBag from /opt/airflow/dags/tasks/get_movies.py
[2024-06-27T23:44:02.220+0000] {processor.py:842} WARNING - No viable dags retrieved from /opt/airflow/dags/tasks/get_movies.py
[2024-06-27T23:44:02.228+0000] {processor.py:183} INFO - Processing /opt/airflow/dags/tasks/get_movies.py took 0.024 seconds
[2024-06-27T23:44:32.373+0000] {processor.py:161} INFO - Started process (PID=1604) to work on /opt/airflow/dags/tasks/get_movies.py
[2024-06-27T23:44:32.373+0000] {processor.py:830} INFO - Processing file /opt/airflow/dags/tasks/get_movies.py for tasks to queue
[2024-06-27T23:44:32.374+0000] {logging_mixin.py:188} INFO - [2024-06-27T23:44:32.374+0000] {dagbag.py:545} INFO - Filling up the DagBag from /opt/airflow/dags/tasks/get_movies.py
[2024-06-27T23:44:32.382+0000] {processor.py:842} WARNING - No viable dags retrieved from /opt/airflow/dags/tasks/get_movies.py
[2024-06-27T23:44:32.391+0000] {processor.py:183} INFO - Processing /opt/airflow/dags/tasks/get_movies.py took 0.021 seconds
[2024-06-27T23:45:02.547+0000] {processor.py:161} INFO - Started process (PID=1628) to work on /opt/airflow/dags/tasks/get_movies.py
[2024-06-27T23:45:02.548+0000] {processor.py:830} INFO - Processing file /opt/airflow/dags/tasks/get_movies.py for tasks to queue
[2024-06-27T23:45:02.548+0000] {logging_mixin.py:188} INFO - [2024-06-27T23:45:02.548+0000] {dagbag.py:545} INFO - Filling up the DagBag from /opt/airflow/dags/tasks/get_movies.py
[2024-06-27T23:45:02.567+0000] {processor.py:842} WARNING - No viable dags retrieved from /opt/airflow/dags/tasks/get_movies.py
[2024-06-27T23:45:02.577+0000] {processor.py:183} INFO - Processing /opt/airflow/dags/tasks/get_movies.py took 0.034 seconds
[2024-06-27T23:45:32.734+0000] {processor.py:161} INFO - Started process (PID=1645) to work on /opt/airflow/dags/tasks/get_movies.py
[2024-06-27T23:45:32.735+0000] {processor.py:830} INFO - Processing file /opt/airflow/dags/tasks/get_movies.py for tasks to queue
[2024-06-27T23:45:32.735+0000] {logging_mixin.py:188} INFO - [2024-06-27T23:45:32.735+0000] {dagbag.py:545} INFO - Filling up the DagBag from /opt/airflow/dags/tasks/get_movies.py
[2024-06-27T23:45:32.743+0000] {processor.py:842} WARNING - No viable dags retrieved from /opt/airflow/dags/tasks/get_movies.py
[2024-06-27T23:45:32.751+0000] {processor.py:183} INFO - Processing /opt/airflow/dags/tasks/get_movies.py took 0.020 seconds
[2024-06-27T23:46:02.906+0000] {processor.py:161} INFO - Started process (PID=1669) to work on /opt/airflow/dags/tasks/get_movies.py
[2024-06-27T23:46:02.907+0000] {processor.py:830} INFO - Processing file /opt/airflow/dags/tasks/get_movies.py for tasks to queue
[2024-06-27T23:46:02.907+0000] {logging_mixin.py:188} INFO - [2024-06-27T23:46:02.907+0000] {dagbag.py:545} INFO - Filling up the DagBag from /opt/airflow/dags/tasks/get_movies.py
[2024-06-27T23:46:02.916+0000] {processor.py:842} WARNING - No viable dags retrieved from /opt/airflow/dags/tasks/get_movies.py
[2024-06-27T23:46:02.924+0000] {processor.py:183} INFO - Processing /opt/airflow/dags/tasks/get_movies.py took 0.021 seconds
[2024-06-27T23:46:33.087+0000] {processor.py:161} INFO - Started process (PID=1693) to work on /opt/airflow/dags/tasks/get_movies.py
[2024-06-27T23:46:33.088+0000] {processor.py:830} INFO - Processing file /opt/airflow/dags/tasks/get_movies.py for tasks to queue
[2024-06-27T23:46:33.088+0000] {logging_mixin.py:188} INFO - [2024-06-27T23:46:33.088+0000] {dagbag.py:545} INFO - Filling up the DagBag from /opt/airflow/dags/tasks/get_movies.py
[2024-06-27T23:46:33.094+0000] {processor.py:842} WARNING - No viable dags retrieved from /opt/airflow/dags/tasks/get_movies.py
[2024-06-27T23:46:33.102+0000] {processor.py:183} INFO - Processing /opt/airflow/dags/tasks/get_movies.py took 0.018 seconds
[2024-06-27T23:47:03.265+0000] {processor.py:161} INFO - Started process (PID=1710) to work on /opt/airflow/dags/tasks/get_movies.py
[2024-06-27T23:47:03.265+0000] {processor.py:830} INFO - Processing file /opt/airflow/dags/tasks/get_movies.py for tasks to queue
[2024-06-27T23:47:03.266+0000] {logging_mixin.py:188} INFO - [2024-06-27T23:47:03.266+0000] {dagbag.py:545} INFO - Filling up the DagBag from /opt/airflow/dags/tasks/get_movies.py
[2024-06-27T23:47:03.273+0000] {processor.py:842} WARNING - No viable dags retrieved from /opt/airflow/dags/tasks/get_movies.py
[2024-06-27T23:47:03.281+0000] {processor.py:183} INFO - Processing /opt/airflow/dags/tasks/get_movies.py took 0.020 seconds
[2024-06-27T23:47:33.419+0000] {processor.py:161} INFO - Started process (PID=1734) to work on /opt/airflow/dags/tasks/get_movies.py
[2024-06-27T23:47:33.420+0000] {processor.py:830} INFO - Processing file /opt/airflow/dags/tasks/get_movies.py for tasks to queue
[2024-06-27T23:47:33.420+0000] {logging_mixin.py:188} INFO - [2024-06-27T23:47:33.420+0000] {dagbag.py:545} INFO - Filling up the DagBag from /opt/airflow/dags/tasks/get_movies.py
[2024-06-27T23:47:33.427+0000] {processor.py:842} WARNING - No viable dags retrieved from /opt/airflow/dags/tasks/get_movies.py
[2024-06-27T23:47:33.435+0000] {processor.py:183} INFO - Processing /opt/airflow/dags/tasks/get_movies.py took 0.019 seconds
[2024-06-27T23:48:03.962+0000] {processor.py:161} INFO - Started process (PID=1753) to work on /opt/airflow/dags/tasks/get_movies.py
[2024-06-27T23:48:03.963+0000] {processor.py:830} INFO - Processing file /opt/airflow/dags/tasks/get_movies.py for tasks to queue
[2024-06-27T23:48:03.963+0000] {logging_mixin.py:188} INFO - [2024-06-27T23:48:03.963+0000] {dagbag.py:545} INFO - Filling up the DagBag from /opt/airflow/dags/tasks/get_movies.py
[2024-06-27T23:48:03.970+0000] {processor.py:842} WARNING - No viable dags retrieved from /opt/airflow/dags/tasks/get_movies.py
[2024-06-27T23:48:03.978+0000] {processor.py:183} INFO - Processing /opt/airflow/dags/tasks/get_movies.py took 0.019 seconds
[2024-06-27T23:48:34.502+0000] {processor.py:161} INFO - Started process (PID=1778) to work on /opt/airflow/dags/tasks/get_movies.py
[2024-06-27T23:48:34.502+0000] {processor.py:830} INFO - Processing file /opt/airflow/dags/tasks/get_movies.py for tasks to queue
[2024-06-27T23:48:34.503+0000] {logging_mixin.py:188} INFO - [2024-06-27T23:48:34.503+0000] {dagbag.py:545} INFO - Filling up the DagBag from /opt/airflow/dags/tasks/get_movies.py
[2024-06-27T23:48:34.509+0000] {processor.py:842} WARNING - No viable dags retrieved from /opt/airflow/dags/tasks/get_movies.py
[2024-06-27T23:48:34.517+0000] {processor.py:183} INFO - Processing /opt/airflow/dags/tasks/get_movies.py took 0.019 seconds
[2024-06-27T23:49:04.730+0000] {processor.py:161} INFO - Started process (PID=1804) to work on /opt/airflow/dags/tasks/get_movies.py
[2024-06-27T23:49:04.731+0000] {processor.py:830} INFO - Processing file /opt/airflow/dags/tasks/get_movies.py for tasks to queue
[2024-06-27T23:49:04.731+0000] {logging_mixin.py:188} INFO - [2024-06-27T23:49:04.731+0000] {dagbag.py:545} INFO - Filling up the DagBag from /opt/airflow/dags/tasks/get_movies.py
[2024-06-27T23:49:04.757+0000] {processor.py:842} WARNING - No viable dags retrieved from /opt/airflow/dags/tasks/get_movies.py
[2024-06-27T23:49:04.766+0000] {processor.py:183} INFO - Processing /opt/airflow/dags/tasks/get_movies.py took 0.040 seconds
[2024-06-27T23:49:34.819+0000] {processor.py:161} INFO - Started process (PID=1823) to work on /opt/airflow/dags/tasks/get_movies.py
[2024-06-27T23:49:34.820+0000] {processor.py:830} INFO - Processing file /opt/airflow/dags/tasks/get_movies.py for tasks to queue
[2024-06-27T23:49:34.820+0000] {logging_mixin.py:188} INFO - [2024-06-27T23:49:34.820+0000] {dagbag.py:545} INFO - Filling up the DagBag from /opt/airflow/dags/tasks/get_movies.py
[2024-06-27T23:49:34.827+0000] {processor.py:842} WARNING - No viable dags retrieved from /opt/airflow/dags/tasks/get_movies.py
[2024-06-27T23:49:34.837+0000] {processor.py:183} INFO - Processing /opt/airflow/dags/tasks/get_movies.py took 0.022 seconds
[2024-06-27T23:50:05.391+0000] {processor.py:161} INFO - Started process (PID=1851) to work on /opt/airflow/dags/tasks/get_movies.py
[2024-06-27T23:50:05.392+0000] {processor.py:830} INFO - Processing file /opt/airflow/dags/tasks/get_movies.py for tasks to queue
[2024-06-27T23:50:05.392+0000] {logging_mixin.py:188} INFO - [2024-06-27T23:50:05.392+0000] {dagbag.py:545} INFO - Filling up the DagBag from /opt/airflow/dags/tasks/get_movies.py
[2024-06-27T23:50:05.404+0000] {processor.py:842} WARNING - No viable dags retrieved from /opt/airflow/dags/tasks/get_movies.py
[2024-06-27T23:50:05.412+0000] {processor.py:183} INFO - Processing /opt/airflow/dags/tasks/get_movies.py took 0.024 seconds
[2024-06-27T23:50:35.475+0000] {processor.py:161} INFO - Started process (PID=1881) to work on /opt/airflow/dags/tasks/get_movies.py
[2024-06-27T23:50:35.476+0000] {processor.py:830} INFO - Processing file /opt/airflow/dags/tasks/get_movies.py for tasks to queue
[2024-06-27T23:50:35.476+0000] {logging_mixin.py:188} INFO - [2024-06-27T23:50:35.476+0000] {dagbag.py:545} INFO - Filling up the DagBag from /opt/airflow/dags/tasks/get_movies.py
[2024-06-27T23:50:35.482+0000] {processor.py:842} WARNING - No viable dags retrieved from /opt/airflow/dags/tasks/get_movies.py
[2024-06-27T23:50:35.491+0000] {processor.py:183} INFO - Processing /opt/airflow/dags/tasks/get_movies.py took 0.019 seconds
[2024-06-27T23:51:06.027+0000] {processor.py:161} INFO - Started process (PID=1901) to work on /opt/airflow/dags/tasks/get_movies.py
[2024-06-27T23:51:06.028+0000] {processor.py:830} INFO - Processing file /opt/airflow/dags/tasks/get_movies.py for tasks to queue
[2024-06-27T23:51:06.028+0000] {logging_mixin.py:188} INFO - [2024-06-27T23:51:06.028+0000] {dagbag.py:545} INFO - Filling up the DagBag from /opt/airflow/dags/tasks/get_movies.py
[2024-06-27T23:51:06.042+0000] {processor.py:842} WARNING - No viable dags retrieved from /opt/airflow/dags/tasks/get_movies.py
[2024-06-27T23:51:06.051+0000] {processor.py:183} INFO - Processing /opt/airflow/dags/tasks/get_movies.py took 0.027 seconds
[2024-06-27T23:51:36.570+0000] {processor.py:161} INFO - Started process (PID=1927) to work on /opt/airflow/dags/tasks/get_movies.py
[2024-06-27T23:51:36.571+0000] {processor.py:830} INFO - Processing file /opt/airflow/dags/tasks/get_movies.py for tasks to queue
[2024-06-27T23:51:36.571+0000] {logging_mixin.py:188} INFO - [2024-06-27T23:51:36.571+0000] {dagbag.py:545} INFO - Filling up the DagBag from /opt/airflow/dags/tasks/get_movies.py
[2024-06-27T23:51:36.578+0000] {processor.py:842} WARNING - No viable dags retrieved from /opt/airflow/dags/tasks/get_movies.py
[2024-06-27T23:51:36.586+0000] {processor.py:183} INFO - Processing /opt/airflow/dags/tasks/get_movies.py took 0.019 seconds
[2024-06-27T23:52:07.145+0000] {processor.py:161} INFO - Started process (PID=1946) to work on /opt/airflow/dags/tasks/get_movies.py
[2024-06-27T23:52:07.146+0000] {processor.py:830} INFO - Processing file /opt/airflow/dags/tasks/get_movies.py for tasks to queue
[2024-06-27T23:52:07.146+0000] {logging_mixin.py:188} INFO - [2024-06-27T23:52:07.146+0000] {dagbag.py:545} INFO - Filling up the DagBag from /opt/airflow/dags/tasks/get_movies.py
[2024-06-27T23:52:07.153+0000] {processor.py:842} WARNING - No viable dags retrieved from /opt/airflow/dags/tasks/get_movies.py
[2024-06-27T23:52:07.161+0000] {processor.py:183} INFO - Processing /opt/airflow/dags/tasks/get_movies.py took 0.019 seconds
[2024-06-27T23:52:37.717+0000] {processor.py:161} INFO - Started process (PID=1972) to work on /opt/airflow/dags/tasks/get_movies.py
[2024-06-27T23:52:37.717+0000] {processor.py:830} INFO - Processing file /opt/airflow/dags/tasks/get_movies.py for tasks to queue
[2024-06-27T23:52:37.718+0000] {logging_mixin.py:188} INFO - [2024-06-27T23:52:37.718+0000] {dagbag.py:545} INFO - Filling up the DagBag from /opt/airflow/dags/tasks/get_movies.py
[2024-06-27T23:52:37.724+0000] {processor.py:842} WARNING - No viable dags retrieved from /opt/airflow/dags/tasks/get_movies.py
[2024-06-27T23:52:37.733+0000] {processor.py:183} INFO - Processing /opt/airflow/dags/tasks/get_movies.py took 0.019 seconds
[2024-06-27T23:53:07.967+0000] {processor.py:161} INFO - Started process (PID=1998) to work on /opt/airflow/dags/tasks/get_movies.py
[2024-06-27T23:53:07.967+0000] {processor.py:830} INFO - Processing file /opt/airflow/dags/tasks/get_movies.py for tasks to queue
[2024-06-27T23:53:07.968+0000] {logging_mixin.py:188} INFO - [2024-06-27T23:53:07.968+0000] {dagbag.py:545} INFO - Filling up the DagBag from /opt/airflow/dags/tasks/get_movies.py
[2024-06-27T23:53:07.973+0000] {processor.py:842} WARNING - No viable dags retrieved from /opt/airflow/dags/tasks/get_movies.py
[2024-06-27T23:53:07.982+0000] {processor.py:183} INFO - Processing /opt/airflow/dags/tasks/get_movies.py took 0.019 seconds
[2024-06-27T23:53:38.363+0000] {processor.py:161} INFO - Started process (PID=2019) to work on /opt/airflow/dags/tasks/get_movies.py
[2024-06-27T23:53:38.363+0000] {processor.py:830} INFO - Processing file /opt/airflow/dags/tasks/get_movies.py for tasks to queue
[2024-06-27T23:53:38.364+0000] {logging_mixin.py:188} INFO - [2024-06-27T23:53:38.363+0000] {dagbag.py:545} INFO - Filling up the DagBag from /opt/airflow/dags/tasks/get_movies.py
[2024-06-27T23:53:38.371+0000] {processor.py:842} WARNING - No viable dags retrieved from /opt/airflow/dags/tasks/get_movies.py
[2024-06-27T23:53:38.380+0000] {processor.py:183} INFO - Processing /opt/airflow/dags/tasks/get_movies.py took 0.020 seconds
[2024-06-27T23:54:08.602+0000] {processor.py:161} INFO - Started process (PID=2044) to work on /opt/airflow/dags/tasks/get_movies.py
[2024-06-27T23:54:08.603+0000] {processor.py:830} INFO - Processing file /opt/airflow/dags/tasks/get_movies.py for tasks to queue
[2024-06-27T23:54:08.604+0000] {logging_mixin.py:188} INFO - [2024-06-27T23:54:08.604+0000] {dagbag.py:545} INFO - Filling up the DagBag from /opt/airflow/dags/tasks/get_movies.py
[2024-06-27T23:54:08.617+0000] {processor.py:842} WARNING - No viable dags retrieved from /opt/airflow/dags/tasks/get_movies.py
[2024-06-27T23:54:08.627+0000] {processor.py:183} INFO - Processing /opt/airflow/dags/tasks/get_movies.py took 0.028 seconds
[2024-06-27T23:54:39.121+0000] {processor.py:161} INFO - Started process (PID=2070) to work on /opt/airflow/dags/tasks/get_movies.py
[2024-06-27T23:54:39.122+0000] {processor.py:830} INFO - Processing file /opt/airflow/dags/tasks/get_movies.py for tasks to queue
[2024-06-27T23:54:39.122+0000] {logging_mixin.py:188} INFO - [2024-06-27T23:54:39.122+0000] {dagbag.py:545} INFO - Filling up the DagBag from /opt/airflow/dags/tasks/get_movies.py
[2024-06-27T23:54:39.131+0000] {processor.py:842} WARNING - No viable dags retrieved from /opt/airflow/dags/tasks/get_movies.py
[2024-06-27T23:54:39.142+0000] {processor.py:183} INFO - Processing /opt/airflow/dags/tasks/get_movies.py took 0.025 seconds
[2024-06-27T23:55:09.678+0000] {processor.py:161} INFO - Started process (PID=2089) to work on /opt/airflow/dags/tasks/get_movies.py
[2024-06-27T23:55:09.679+0000] {processor.py:830} INFO - Processing file /opt/airflow/dags/tasks/get_movies.py for tasks to queue
[2024-06-27T23:55:09.680+0000] {logging_mixin.py:188} INFO - [2024-06-27T23:55:09.680+0000] {dagbag.py:545} INFO - Filling up the DagBag from /opt/airflow/dags/tasks/get_movies.py
[2024-06-27T23:55:09.688+0000] {processor.py:842} WARNING - No viable dags retrieved from /opt/airflow/dags/tasks/get_movies.py
[2024-06-27T23:55:09.699+0000] {processor.py:183} INFO - Processing /opt/airflow/dags/tasks/get_movies.py took 0.024 seconds
[2024-06-27T23:55:40.264+0000] {processor.py:161} INFO - Started process (PID=2115) to work on /opt/airflow/dags/tasks/get_movies.py
[2024-06-27T23:55:40.264+0000] {processor.py:830} INFO - Processing file /opt/airflow/dags/tasks/get_movies.py for tasks to queue
[2024-06-27T23:55:40.265+0000] {logging_mixin.py:188} INFO - [2024-06-27T23:55:40.265+0000] {dagbag.py:545} INFO - Filling up the DagBag from /opt/airflow/dags/tasks/get_movies.py
[2024-06-27T23:55:40.270+0000] {processor.py:842} WARNING - No viable dags retrieved from /opt/airflow/dags/tasks/get_movies.py
[2024-06-27T23:55:40.279+0000] {processor.py:183} INFO - Processing /opt/airflow/dags/tasks/get_movies.py took 0.018 seconds
[2024-06-27T23:56:10.832+0000] {processor.py:161} INFO - Started process (PID=2134) to work on /opt/airflow/dags/tasks/get_movies.py
[2024-06-27T23:56:10.833+0000] {processor.py:830} INFO - Processing file /opt/airflow/dags/tasks/get_movies.py for tasks to queue
[2024-06-27T23:56:10.834+0000] {logging_mixin.py:188} INFO - [2024-06-27T23:56:10.833+0000] {dagbag.py:545} INFO - Filling up the DagBag from /opt/airflow/dags/tasks/get_movies.py
[2024-06-27T23:56:10.839+0000] {processor.py:842} WARNING - No viable dags retrieved from /opt/airflow/dags/tasks/get_movies.py
[2024-06-27T23:56:10.848+0000] {processor.py:183} INFO - Processing /opt/airflow/dags/tasks/get_movies.py took 0.019 seconds
[2024-06-27T23:56:41.451+0000] {processor.py:161} INFO - Started process (PID=2160) to work on /opt/airflow/dags/tasks/get_movies.py
[2024-06-27T23:56:41.451+0000] {processor.py:830} INFO - Processing file /opt/airflow/dags/tasks/get_movies.py for tasks to queue
[2024-06-27T23:56:41.452+0000] {logging_mixin.py:188} INFO - [2024-06-27T23:56:41.452+0000] {dagbag.py:545} INFO - Filling up the DagBag from /opt/airflow/dags/tasks/get_movies.py
[2024-06-27T23:56:41.458+0000] {processor.py:842} WARNING - No viable dags retrieved from /opt/airflow/dags/tasks/get_movies.py
[2024-06-27T23:56:41.466+0000] {processor.py:183} INFO - Processing /opt/airflow/dags/tasks/get_movies.py took 0.019 seconds
[2024-06-27T23:57:11.946+0000] {processor.py:161} INFO - Started process (PID=2186) to work on /opt/airflow/dags/tasks/get_movies.py
[2024-06-27T23:57:11.947+0000] {processor.py:830} INFO - Processing file /opt/airflow/dags/tasks/get_movies.py for tasks to queue
[2024-06-27T23:57:11.947+0000] {logging_mixin.py:188} INFO - [2024-06-27T23:57:11.947+0000] {dagbag.py:545} INFO - Filling up the DagBag from /opt/airflow/dags/tasks/get_movies.py
[2024-06-27T23:57:11.954+0000] {processor.py:842} WARNING - No viable dags retrieved from /opt/airflow/dags/tasks/get_movies.py
[2024-06-27T23:57:11.965+0000] {processor.py:183} INFO - Processing /opt/airflow/dags/tasks/get_movies.py took 0.022 seconds
[2024-06-27T23:57:42.484+0000] {processor.py:161} INFO - Started process (PID=2205) to work on /opt/airflow/dags/tasks/get_movies.py
[2024-06-27T23:57:42.485+0000] {processor.py:830} INFO - Processing file /opt/airflow/dags/tasks/get_movies.py for tasks to queue
[2024-06-27T23:57:42.486+0000] {logging_mixin.py:188} INFO - [2024-06-27T23:57:42.485+0000] {dagbag.py:545} INFO - Filling up the DagBag from /opt/airflow/dags/tasks/get_movies.py
[2024-06-27T23:57:42.493+0000] {processor.py:842} WARNING - No viable dags retrieved from /opt/airflow/dags/tasks/get_movies.py
[2024-06-27T23:57:42.503+0000] {processor.py:183} INFO - Processing /opt/airflow/dags/tasks/get_movies.py took 0.022 seconds
[2024-06-27T23:58:13.066+0000] {processor.py:161} INFO - Started process (PID=2231) to work on /opt/airflow/dags/tasks/get_movies.py
[2024-06-27T23:58:13.066+0000] {processor.py:830} INFO - Processing file /opt/airflow/dags/tasks/get_movies.py for tasks to queue
[2024-06-27T23:58:13.067+0000] {logging_mixin.py:188} INFO - [2024-06-27T23:58:13.067+0000] {dagbag.py:545} INFO - Filling up the DagBag from /opt/airflow/dags/tasks/get_movies.py
[2024-06-27T23:58:13.074+0000] {processor.py:842} WARNING - No viable dags retrieved from /opt/airflow/dags/tasks/get_movies.py
[2024-06-27T23:58:13.083+0000] {processor.py:183} INFO - Processing /opt/airflow/dags/tasks/get_movies.py took 0.021 seconds
[2024-06-27T23:58:43.604+0000] {processor.py:161} INFO - Started process (PID=2257) to work on /opt/airflow/dags/tasks/get_movies.py
[2024-06-27T23:58:43.605+0000] {processor.py:830} INFO - Processing file /opt/airflow/dags/tasks/get_movies.py for tasks to queue
[2024-06-27T23:58:43.606+0000] {logging_mixin.py:188} INFO - [2024-06-27T23:58:43.605+0000] {dagbag.py:545} INFO - Filling up the DagBag from /opt/airflow/dags/tasks/get_movies.py
[2024-06-27T23:58:43.611+0000] {processor.py:842} WARNING - No viable dags retrieved from /opt/airflow/dags/tasks/get_movies.py
[2024-06-27T23:58:43.621+0000] {processor.py:183} INFO - Processing /opt/airflow/dags/tasks/get_movies.py took 0.020 seconds
[2024-06-27T23:59:14.104+0000] {processor.py:161} INFO - Started process (PID=2276) to work on /opt/airflow/dags/tasks/get_movies.py
[2024-06-27T23:59:14.104+0000] {processor.py:830} INFO - Processing file /opt/airflow/dags/tasks/get_movies.py for tasks to queue
[2024-06-27T23:59:14.105+0000] {logging_mixin.py:188} INFO - [2024-06-27T23:59:14.105+0000] {dagbag.py:545} INFO - Filling up the DagBag from /opt/airflow/dags/tasks/get_movies.py
[2024-06-27T23:59:14.111+0000] {processor.py:842} WARNING - No viable dags retrieved from /opt/airflow/dags/tasks/get_movies.py
[2024-06-27T23:59:14.120+0000] {processor.py:183} INFO - Processing /opt/airflow/dags/tasks/get_movies.py took 0.019 seconds
[2024-06-27T23:59:44.609+0000] {processor.py:161} INFO - Started process (PID=2302) to work on /opt/airflow/dags/tasks/get_movies.py
[2024-06-27T23:59:44.610+0000] {processor.py:830} INFO - Processing file /opt/airflow/dags/tasks/get_movies.py for tasks to queue
[2024-06-27T23:59:44.610+0000] {logging_mixin.py:188} INFO - [2024-06-27T23:59:44.610+0000] {dagbag.py:545} INFO - Filling up the DagBag from /opt/airflow/dags/tasks/get_movies.py
[2024-06-27T23:59:44.616+0000] {processor.py:842} WARNING - No viable dags retrieved from /opt/airflow/dags/tasks/get_movies.py
[2024-06-27T23:59:44.626+0000] {processor.py:183} INFO - Processing /opt/airflow/dags/tasks/get_movies.py took 0.020 seconds
