[2024-06-23T12:49:35.246+0000] {local_task_job_runner.py:120} INFO - ::group::Pre task execution logs
[2024-06-23T12:49:35.263+0000] {taskinstance.py:2076} INFO - Dependencies all met for dep_context=non-requeueable deps ti=<TaskInstance: create_table_6.create_table scheduled__2024-06-23T00:00:00+00:00 [queued]>
[2024-06-23T12:49:35.268+0000] {taskinstance.py:2076} INFO - Dependencies all met for dep_context=requeueable deps ti=<TaskInstance: create_table_6.create_table scheduled__2024-06-23T00:00:00+00:00 [queued]>
[2024-06-23T12:49:35.268+0000] {taskinstance.py:2306} INFO - Starting attempt 1 of 2
[2024-06-23T12:49:35.278+0000] {taskinstance.py:2330} INFO - Executing <Task(PostgresOperator): create_table> on 2024-06-23 00:00:00+00:00
[2024-06-23T12:49:35.283+0000] {warnings.py:110} WARNING - /home/airflow/.local/lib/python3.12/site-packages/airflow/task/task_runner/standard_task_runner.py:61: DeprecationWarning: This process (pid=637) is multi-threaded, use of fork() may lead to deadlocks in the child.
  pid = os.fork()

[2024-06-23T12:49:35.284+0000] {standard_task_runner.py:63} INFO - Started process 638 to run task
[2024-06-23T12:49:35.283+0000] {standard_task_runner.py:90} INFO - Running: ['airflow', 'tasks', 'run', 'create_table_6', 'create_table', 'scheduled__2024-06-23T00:00:00+00:00', '--job-id', '20', '--raw', '--subdir', 'DAGS_FOLDER/etl.py', '--cfg-path', '/tmp/tmp5_c3jdn0']
[2024-06-23T12:49:35.284+0000] {standard_task_runner.py:91} INFO - Job 20: Subtask create_table
[2024-06-23T12:49:35.318+0000] {task_command.py:426} INFO - Running <TaskInstance: create_table_6.create_table scheduled__2024-06-23T00:00:00+00:00 [running]> on host 20c66f50bbea
[2024-06-23T12:49:35.378+0000] {taskinstance.py:2648} INFO - Exporting env vars: AIRFLOW_CTX_DAG_OWNER='airflow' AIRFLOW_CTX_DAG_ID='create_table_6' AIRFLOW_CTX_TASK_ID='create_table' AIRFLOW_CTX_EXECUTION_DATE='2024-06-23T00:00:00+00:00' AIRFLOW_CTX_TRY_NUMBER='1' AIRFLOW_CTX_DAG_RUN_ID='scheduled__2024-06-23T00:00:00+00:00'
[2024-06-23T12:49:35.378+0000] {taskinstance.py:430} INFO - ::endgroup::
[2024-06-23T12:49:35.386+0000] {sql.py:276} INFO - Executing: CREATE TABLE IF NOT EXISTS my_table (id SERIAL PRIMARY KEY, name VARCHAR(50));
[2024-06-23T12:49:35.393+0000] {base.py:84} INFO - Using connection ID 'postgres' for task execution.
[2024-06-23T12:49:35.399+0000] {base.py:84} INFO - Using connection ID 'postgres' for task execution.
[2024-06-23T12:49:35.459+0000] {sql.py:470} INFO - Running statement: CREATE TABLE IF NOT EXISTS my_table (id SERIAL PRIMARY KEY, name VARCHAR(50));, parameters: None
[2024-06-23T12:49:35.485+0000] {taskinstance.py:441} INFO - ::group::Post task execution logs
[2024-06-23T12:49:35.492+0000] {taskinstance.py:1206} INFO - Marking task as SUCCESS. dag_id=create_table_6, task_id=create_table, run_id=scheduled__2024-06-23T00:00:00+00:00, execution_date=20240623T000000, start_date=20240623T124935, end_date=20240623T124935
[2024-06-23T12:49:35.537+0000] {local_task_job_runner.py:240} INFO - Task exited with return code 0
[2024-06-23T12:49:35.545+0000] {warnings.py:110} WARNING - /home/airflow/.local/lib/python3.12/site-packages/airflow/models/baseoperator.py:1296: AirflowProviderDeprecationWarning: Call to deprecated class PostgresOperator. (Please use `airflow.providers.common.sql.operators.sql.SQLExecuteQueryOperator`.Also, you can provide `hook_params={'schema': <database>}`.)
  result = cls.__new__(cls)

[2024-06-23T12:49:35.553+0000] {taskinstance.py:3498} INFO - 1 downstream tasks scheduled from follow-on schedule check
[2024-06-23T12:49:35.556+0000] {local_task_job_runner.py:222} INFO - ::endgroup::
