[2024-07-08T07:14:50.156+0000] {local_task_job_runner.py:120} INFO - ::group::Pre task execution logs
[2024-07-08T07:14:50.168+0000] {taskinstance.py:2076} INFO - Dependencies all met for dep_context=non-requeueable deps ti=<TaskInstance: model_training_v69.create_experiment scheduled__2024-07-07T00:00:00+00:00 [queued]>
[2024-07-08T07:14:50.173+0000] {taskinstance.py:2076} INFO - Dependencies all met for dep_context=requeueable deps ti=<TaskInstance: model_training_v69.create_experiment scheduled__2024-07-07T00:00:00+00:00 [queued]>
[2024-07-08T07:14:50.173+0000] {taskinstance.py:2306} INFO - Starting attempt 1 of 2
[2024-07-08T07:14:50.183+0000] {taskinstance.py:2330} INFO - Executing <Task(PythonOperator): create_experiment> on 2024-07-07 00:00:00+00:00
[2024-07-08T07:14:50.188+0000] {warnings.py:110} WARNING - /home/airflow/.local/lib/python3.12/site-packages/airflow/task/task_runner/standard_task_runner.py:61: DeprecationWarning: This process (pid=3120) is multi-threaded, use of fork() may lead to deadlocks in the child.
  pid = os.fork()

[2024-07-08T07:14:50.189+0000] {standard_task_runner.py:63} INFO - Started process 3141 to run task
[2024-07-08T07:14:50.189+0000] {standard_task_runner.py:90} INFO - Running: ['airflow', 'tasks', 'run', 'model_training_v69', 'create_experiment', 'scheduled__2024-07-07T00:00:00+00:00', '--job-id', '158', '--raw', '--subdir', 'DAGS_FOLDER/model_training.py', '--cfg-path', '/tmp/tmpq5imf8ag']
[2024-07-08T07:14:50.190+0000] {standard_task_runner.py:91} INFO - Job 158: Subtask create_experiment
[2024-07-08T07:14:50.223+0000] {task_command.py:426} INFO - Running <TaskInstance: model_training_v69.create_experiment scheduled__2024-07-07T00:00:00+00:00 [running]> on host 999fa8207f52
[2024-07-08T07:14:50.279+0000] {taskinstance.py:2648} INFO - Exporting env vars: AIRFLOW_CTX_DAG_OWNER='airflow' AIRFLOW_CTX_DAG_ID='model_training_v69' AIRFLOW_CTX_TASK_ID='create_experiment' AIRFLOW_CTX_EXECUTION_DATE='2024-07-07T00:00:00+00:00' AIRFLOW_CTX_TRY_NUMBER='1' AIRFLOW_CTX_DAG_RUN_ID='scheduled__2024-07-07T00:00:00+00:00'
[2024-07-08T07:14:50.280+0000] {taskinstance.py:430} INFO - ::endgroup::
[2024-07-08T07:14:50.358+0000] {logging_mixin.py:188} WARNING - 2024/07/08 07:14:50 WARNING mlflow.store.db.utils: SQLAlchemy engine could not be created. The following exception is caught.
(psycopg2.OperationalError) connection to server at "localhost" (::1), port 5432 failed: Connection refused
	Is the server running on that host and accepting TCP/IP connections?
connection to server at "localhost" (127.0.0.1), port 5432 failed: Connection refused
	Is the server running on that host and accepting TCP/IP connections?

(Background on this error at: https://sqlalche.me/e/14/e3q8)
Operation will be retried in 0.1 seconds
[2024-07-08T07:14:50.459+0000] {logging_mixin.py:188} WARNING - 2024/07/08 07:14:50 WARNING mlflow.store.db.utils: SQLAlchemy engine could not be created. The following exception is caught.
(psycopg2.OperationalError) connection to server at "localhost" (::1), port 5432 failed: Connection refused
	Is the server running on that host and accepting TCP/IP connections?
connection to server at "localhost" (127.0.0.1), port 5432 failed: Connection refused
	Is the server running on that host and accepting TCP/IP connections?

(Background on this error at: https://sqlalche.me/e/14/e3q8)
Operation will be retried in 0.3 seconds
[2024-07-08T07:14:50.761+0000] {logging_mixin.py:188} WARNING - 2024/07/08 07:14:50 WARNING mlflow.store.db.utils: SQLAlchemy engine could not be created. The following exception is caught.
(psycopg2.OperationalError) connection to server at "localhost" (::1), port 5432 failed: Connection refused
	Is the server running on that host and accepting TCP/IP connections?
connection to server at "localhost" (127.0.0.1), port 5432 failed: Connection refused
	Is the server running on that host and accepting TCP/IP connections?

(Background on this error at: https://sqlalche.me/e/14/e3q8)
Operation will be retried in 0.7 seconds
[2024-07-08T07:14:51.462+0000] {logging_mixin.py:188} WARNING - 2024/07/08 07:14:51 WARNING mlflow.store.db.utils: SQLAlchemy engine could not be created. The following exception is caught.
(psycopg2.OperationalError) connection to server at "localhost" (::1), port 5432 failed: Connection refused
	Is the server running on that host and accepting TCP/IP connections?
connection to server at "localhost" (127.0.0.1), port 5432 failed: Connection refused
	Is the server running on that host and accepting TCP/IP connections?

(Background on this error at: https://sqlalche.me/e/14/e3q8)
Operation will be retried in 1.5 seconds
[2024-07-08T07:14:52.964+0000] {logging_mixin.py:188} WARNING - 2024/07/08 07:14:52 WARNING mlflow.store.db.utils: SQLAlchemy engine could not be created. The following exception is caught.
(psycopg2.OperationalError) connection to server at "localhost" (::1), port 5432 failed: Connection refused
	Is the server running on that host and accepting TCP/IP connections?
connection to server at "localhost" (127.0.0.1), port 5432 failed: Connection refused
	Is the server running on that host and accepting TCP/IP connections?

(Background on this error at: https://sqlalche.me/e/14/e3q8)
Operation will be retried in 3.1 seconds
[2024-07-08T07:14:56.064+0000] {logging_mixin.py:188} WARNING - 2024/07/08 07:14:56 WARNING mlflow.store.db.utils: SQLAlchemy engine could not be created. The following exception is caught.
(psycopg2.OperationalError) connection to server at "localhost" (::1), port 5432 failed: Connection refused
	Is the server running on that host and accepting TCP/IP connections?
connection to server at "localhost" (127.0.0.1), port 5432 failed: Connection refused
	Is the server running on that host and accepting TCP/IP connections?

(Background on this error at: https://sqlalche.me/e/14/e3q8)
Operation will be retried in 6.3 seconds
[2024-07-08T07:15:02.366+0000] {logging_mixin.py:188} WARNING - 2024/07/08 07:15:02 WARNING mlflow.store.db.utils: SQLAlchemy engine could not be created. The following exception is caught.
(psycopg2.OperationalError) connection to server at "localhost" (::1), port 5432 failed: Connection refused
	Is the server running on that host and accepting TCP/IP connections?
connection to server at "localhost" (127.0.0.1), port 5432 failed: Connection refused
	Is the server running on that host and accepting TCP/IP connections?

(Background on this error at: https://sqlalche.me/e/14/e3q8)
Operation will be retried in 12.7 seconds
[2024-07-08T07:15:15.067+0000] {logging_mixin.py:188} WARNING - 2024/07/08 07:15:15 WARNING mlflow.store.db.utils: SQLAlchemy engine could not be created. The following exception is caught.
(psycopg2.OperationalError) connection to server at "localhost" (::1), port 5432 failed: Connection refused
	Is the server running on that host and accepting TCP/IP connections?
connection to server at "localhost" (127.0.0.1), port 5432 failed: Connection refused
	Is the server running on that host and accepting TCP/IP connections?

(Background on this error at: https://sqlalche.me/e/14/e3q8)
Operation will be retried in 25.5 seconds
[2024-07-08T07:15:40.567+0000] {logging_mixin.py:188} WARNING - 2024/07/08 07:15:40 WARNING mlflow.store.db.utils: SQLAlchemy engine could not be created. The following exception is caught.
(psycopg2.OperationalError) connection to server at "localhost" (::1), port 5432 failed: Connection refused
	Is the server running on that host and accepting TCP/IP connections?
connection to server at "localhost" (127.0.0.1), port 5432 failed: Connection refused
	Is the server running on that host and accepting TCP/IP connections?

(Background on this error at: https://sqlalche.me/e/14/e3q8)
Operation will be retried in 51.1 seconds
[2024-07-08T07:16:31.667+0000] {logging_mixin.py:188} WARNING - 2024/07/08 07:16:31 WARNING mlflow.store.db.utils: SQLAlchemy engine could not be created. The following exception is caught.
(psycopg2.OperationalError) connection to server at "localhost" (::1), port 5432 failed: Connection refused
	Is the server running on that host and accepting TCP/IP connections?
connection to server at "localhost" (127.0.0.1), port 5432 failed: Connection refused
	Is the server running on that host and accepting TCP/IP connections?

(Background on this error at: https://sqlalche.me/e/14/e3q8)
Operation will be retried in 102.3 seconds
[2024-07-08T07:18:13.965+0000] {logging_mixin.py:188} WARNING - 2024/07/08 07:18:13 WARNING mlflow.store.db.utils: SQLAlchemy engine could not be created. The following exception is caught.
(psycopg2.OperationalError) connection to server at "localhost" (::1), port 5432 failed: Connection refused
	Is the server running on that host and accepting TCP/IP connections?
connection to server at "localhost" (127.0.0.1), port 5432 failed: Connection refused
	Is the server running on that host and accepting TCP/IP connections?

(Background on this error at: https://sqlalche.me/e/14/e3q8)
Operation will be retried in 204.7 seconds
[2024-07-08T07:21:38.672+0000] {logging_mixin.py:188} WARNING - 2024/07/08 07:21:38 WARNING mlflow.store.db.utils: SQLAlchemy engine could not be created. The following exception is caught.
(psycopg2.OperationalError) connection to server at "localhost" (::1), port 5432 failed: Connection refused
	Is the server running on that host and accepting TCP/IP connections?
connection to server at "localhost" (127.0.0.1), port 5432 failed: Connection refused
	Is the server running on that host and accepting TCP/IP connections?

(Background on this error at: https://sqlalche.me/e/14/e3q8)
Operation will be retried in 409.5 seconds
