[2024-06-30T07:30:01.847+0000] {local_task_job_runner.py:120} INFO - ::group::Pre task execution logs
[2024-06-30T07:30:01.862+0000] {taskinstance.py:2076} INFO - Dependencies all met for dep_context=non-requeueable deps ti=<TaskInstance: create_movie_dataset_v41.get_json scheduled__2024-06-30T07:20:00+00:00 [queued]>
[2024-06-30T07:30:01.867+0000] {taskinstance.py:2076} INFO - Dependencies all met for dep_context=requeueable deps ti=<TaskInstance: create_movie_dataset_v41.get_json scheduled__2024-06-30T07:20:00+00:00 [queued]>
[2024-06-30T07:30:01.867+0000] {taskinstance.py:2306} INFO - Starting attempt 1 of 2
[2024-06-30T07:30:01.876+0000] {taskinstance.py:2330} INFO - Executing <Task(PythonOperator): get_json> on 2024-06-30 07:20:00+00:00
[2024-06-30T07:30:01.882+0000] {warnings.py:110} WARNING - /home/airflow/.local/lib/python3.12/site-packages/airflow/task/task_runner/standard_task_runner.py:61: DeprecationWarning: This process (pid=1736) is multi-threaded, use of fork() may lead to deadlocks in the child.
  pid = os.fork()

[2024-06-30T07:30:01.883+0000] {standard_task_runner.py:90} INFO - Running: ['airflow', 'tasks', 'run', 'create_movie_dataset_v41', 'get_json', 'scheduled__2024-06-30T07:20:00+00:00', '--job-id', '568', '--raw', '--subdir', 'DAGS_FOLDER/etl.py', '--cfg-path', '/tmp/tmpxjzs3jau']
[2024-06-30T07:30:01.884+0000] {standard_task_runner.py:63} INFO - Started process 1738 to run task
[2024-06-30T07:30:01.884+0000] {standard_task_runner.py:91} INFO - Job 568: Subtask get_json
[2024-06-30T07:30:01.915+0000] {task_command.py:426} INFO - Running <TaskInstance: create_movie_dataset_v41.get_json scheduled__2024-06-30T07:20:00+00:00 [running]> on host 1e7ac14c869a
[2024-06-30T07:30:01.972+0000] {taskinstance.py:2648} INFO - Exporting env vars: AIRFLOW_CTX_DAG_OWNER='airflow' AIRFLOW_CTX_DAG_ID='create_movie_dataset_v41' AIRFLOW_CTX_TASK_ID='get_json' AIRFLOW_CTX_EXECUTION_DATE='2024-06-30T07:20:00+00:00' AIRFLOW_CTX_TRY_NUMBER='1' AIRFLOW_CTX_DAG_RUN_ID='scheduled__2024-06-30T07:20:00+00:00'
[2024-06-30T07:30:01.974+0000] {taskinstance.py:430} INFO - ::endgroup::
[2024-06-30T07:30:01.994+0000] {logging_mixin.py:188} INFO - 50
[2024-06-30T07:30:01.995+0000] {logging_mixin.py:188} INFO - N2TNP3Z-7ZAMFKD-HBA2YVR-9G8KV1Y
[2024-06-30T07:30:06.207+0000] {logging_mixin.py:188} INFO - Данные успешно сохранены в файл 'movie_data.json'.
[2024-06-30T07:30:06.211+0000] {crypto.py:82} WARNING - empty cryptography key - values will not be stored encrypted.
[2024-06-30T07:30:06.216+0000] {python.py:237} INFO - Done. Returned value was: None
[2024-06-30T07:30:06.217+0000] {taskinstance.py:441} INFO - ::group::Post task execution logs
[2024-06-30T07:30:06.224+0000] {taskinstance.py:1206} INFO - Marking task as SUCCESS. dag_id=create_movie_dataset_v41, task_id=get_json, run_id=scheduled__2024-06-30T07:20:00+00:00, execution_date=20240630T072000, start_date=20240630T073001, end_date=20240630T073006
[2024-06-30T07:30:06.271+0000] {local_task_job_runner.py:240} INFO - Task exited with return code 0
[2024-06-30T07:30:06.279+0000] {warnings.py:110} WARNING - /home/airflow/.local/lib/python3.12/site-packages/airflow/models/baseoperator.py:1296: AirflowProviderDeprecationWarning: Call to deprecated class PostgresOperator. (Please use `airflow.providers.common.sql.operators.sql.SQLExecuteQueryOperator`.Also, you can provide `hook_params={'schema': <database>}`.)
  result = cls.__new__(cls)

[2024-06-30T07:30:06.293+0000] {taskinstance.py:3498} INFO - 2 downstream tasks scheduled from follow-on schedule check
[2024-06-30T07:30:06.297+0000] {local_task_job_runner.py:222} INFO - ::endgroup::
