[2024-07-11T01:20:09.511+0000] {local_task_job_runner.py:120} INFO - ::group::Pre task execution logs
[2024-07-11T01:20:09.524+0000] {taskinstance.py:2076} INFO - Dependencies all met for dep_context=non-requeueable deps ti=<TaskInstance: create_movie_dataset_v47.create_movies_table scheduled__2024-07-11T01:10:00+00:00 [queued]>
[2024-07-11T01:20:09.528+0000] {taskinstance.py:2076} INFO - Dependencies all met for dep_context=requeueable deps ti=<TaskInstance: create_movie_dataset_v47.create_movies_table scheduled__2024-07-11T01:10:00+00:00 [queued]>
[2024-07-11T01:20:09.528+0000] {taskinstance.py:2306} INFO - Starting attempt 1 of 2
[2024-07-11T01:20:09.538+0000] {taskinstance.py:2330} INFO - Executing <Task(PostgresOperator): create_movies_table> on 2024-07-11 01:10:00+00:00
[2024-07-11T01:20:09.542+0000] {warnings.py:110} WARNING - /home/airflow/.local/lib/python3.12/site-packages/airflow/task/task_runner/standard_task_runner.py:61: DeprecationWarning: This process (pid=16045) is multi-threaded, use of fork() may lead to deadlocks in the child.
  pid = os.fork()

[2024-07-11T01:20:09.543+0000] {standard_task_runner.py:63} INFO - Started process 16050 to run task
[2024-07-11T01:20:09.543+0000] {standard_task_runner.py:90} INFO - Running: ['airflow', 'tasks', 'run', 'create_movie_dataset_v47', 'create_movies_table', 'scheduled__2024-07-11T01:10:00+00:00', '--job-id', '230', '--raw', '--subdir', 'DAGS_FOLDER/etl.py', '--cfg-path', '/tmp/tmpxsk577de']
[2024-07-11T01:20:09.544+0000] {standard_task_runner.py:91} INFO - Job 230: Subtask create_movies_table
[2024-07-11T01:20:09.575+0000] {task_command.py:426} INFO - Running <TaskInstance: create_movie_dataset_v47.create_movies_table scheduled__2024-07-11T01:10:00+00:00 [running]> on host 9211d7c5a4db
[2024-07-11T01:20:09.630+0000] {taskinstance.py:2648} INFO - Exporting env vars: AIRFLOW_CTX_DAG_OWNER='airflow' AIRFLOW_CTX_DAG_ID='create_movie_dataset_v47' AIRFLOW_CTX_TASK_ID='create_movies_table' AIRFLOW_CTX_EXECUTION_DATE='2024-07-11T01:10:00+00:00' AIRFLOW_CTX_TRY_NUMBER='1' AIRFLOW_CTX_DAG_RUN_ID='scheduled__2024-07-11T01:10:00+00:00'
[2024-07-11T01:20:09.632+0000] {taskinstance.py:430} INFO - ::endgroup::
[2024-07-11T01:20:09.639+0000] {sql.py:276} INFO - Executing: CREATE TABLE IF NOT EXISTS movies (
            id SERIAL PRIMARY KEY,
            name VARCHAR,
            description VARCHAR,
            year INTEGER,
            rating FLOAT,
            votes INTEGER,
            movie_length INTEGER,
            age_rating VARCHAR,
            genres VARCHAR,
            countries VARCHAR
        )
[2024-07-11T01:20:09.645+0000] {base.py:84} INFO - Using connection ID 'postgres' for task execution.
[2024-07-11T01:20:09.650+0000] {base.py:84} INFO - Using connection ID 'postgres' for task execution.
[2024-07-11T01:20:09.684+0000] {sql.py:470} INFO - Running statement: CREATE TABLE IF NOT EXISTS movies (
            id SERIAL PRIMARY KEY,
            name VARCHAR,
            description VARCHAR,
            year INTEGER,
            rating FLOAT,
            votes INTEGER,
            movie_length INTEGER,
            age_rating VARCHAR,
            genres VARCHAR,
            countries VARCHAR
        ), parameters: None
[2024-07-11T01:20:09.687+0000] {taskinstance.py:441} INFO - ::group::Post task execution logs
[2024-07-11T01:20:09.694+0000] {taskinstance.py:1206} INFO - Marking task as SUCCESS. dag_id=create_movie_dataset_v47, task_id=create_movies_table, run_id=scheduled__2024-07-11T01:10:00+00:00, execution_date=20240711T011000, start_date=20240711T012009, end_date=20240711T012009
[2024-07-11T01:20:09.717+0000] {local_task_job_runner.py:240} INFO - Task exited with return code 0
[2024-07-11T01:20:09.723+0000] {warnings.py:110} WARNING - /home/airflow/.local/lib/python3.12/site-packages/airflow/models/baseoperator.py:1296: AirflowProviderDeprecationWarning: Call to deprecated class PostgresOperator. (Please use `airflow.providers.common.sql.operators.sql.SQLExecuteQueryOperator`.Also, you can provide `hook_params={'schema': <database>}`.)
  result = cls.__new__(cls)

[2024-07-11T01:20:09.731+0000] {taskinstance.py:3498} INFO - 0 downstream tasks scheduled from follow-on schedule check
[2024-07-11T01:20:09.733+0000] {local_task_job_runner.py:222} INFO - ::endgroup::
