[2024-07-13T03:16:02.712+0000] {local_task_job_runner.py:120} INFO - ::group::Pre task execution logs
[2024-07-13T03:16:02.728+0000] {taskinstance.py:2076} INFO - Dependencies all met for dep_context=non-requeueable deps ti=<TaskInstance: create_movie_dataset_v48.get_json scheduled__2024-07-13T03:14:00+00:00 [queued]>
[2024-07-13T03:16:02.733+0000] {taskinstance.py:2076} INFO - Dependencies all met for dep_context=requeueable deps ti=<TaskInstance: create_movie_dataset_v48.get_json scheduled__2024-07-13T03:14:00+00:00 [queued]>
[2024-07-13T03:16:02.734+0000] {taskinstance.py:2306} INFO - Starting attempt 1 of 2
[2024-07-13T03:16:02.743+0000] {taskinstance.py:2330} INFO - Executing <Task(PythonOperator): get_json> on 2024-07-13 03:14:00+00:00
[2024-07-13T03:16:02.748+0000] {warnings.py:110} WARNING - /home/airflow/.local/lib/python3.12/site-packages/airflow/task/task_runner/standard_task_runner.py:61: DeprecationWarning: This process (pid=8358) is multi-threaded, use of fork() may lead to deadlocks in the child.
  pid = os.fork()

[2024-07-13T03:16:02.749+0000] {standard_task_runner.py:63} INFO - Started process 8360 to run task
[2024-07-13T03:16:02.749+0000] {standard_task_runner.py:90} INFO - Running: ['airflow', 'tasks', 'run', 'create_movie_dataset_v48', 'get_json', 'scheduled__2024-07-13T03:14:00+00:00', '--job-id', '544', '--raw', '--subdir', 'DAGS_FOLDER/etl.py', '--cfg-path', '/tmp/tmpskp8ky30']
[2024-07-13T03:16:02.750+0000] {standard_task_runner.py:91} INFO - Job 544: Subtask get_json
[2024-07-13T03:16:02.781+0000] {task_command.py:426} INFO - Running <TaskInstance: create_movie_dataset_v48.get_json scheduled__2024-07-13T03:14:00+00:00 [running]> on host 0e0c69066946
[2024-07-13T03:16:02.838+0000] {taskinstance.py:2648} INFO - Exporting env vars: AIRFLOW_CTX_DAG_OWNER='airflow' AIRFLOW_CTX_DAG_ID='create_movie_dataset_v48' AIRFLOW_CTX_TASK_ID='get_json' AIRFLOW_CTX_EXECUTION_DATE='2024-07-13T03:14:00+00:00' AIRFLOW_CTX_TRY_NUMBER='1' AIRFLOW_CTX_DAG_RUN_ID='scheduled__2024-07-13T03:14:00+00:00'
[2024-07-13T03:16:02.838+0000] {taskinstance.py:430} INFO - ::endgroup::
[2024-07-13T03:16:02.858+0000] {logging_mixin.py:188} INFO - 18
[2024-07-13T03:16:02.858+0000] {logging_mixin.py:188} INFO - N2TNP3Z-7ZAMFKD-HBA2YVR-9G8KV1Y
[2024-07-13T03:16:07.201+0000] {logging_mixin.py:188} INFO - Данные успешно сохранены в файл 'movie_data.json'.
[2024-07-13T03:16:07.206+0000] {crypto.py:82} WARNING - empty cryptography key - values will not be stored encrypted.
[2024-07-13T03:16:07.210+0000] {python.py:237} INFO - Done. Returned value was: None
[2024-07-13T03:16:07.211+0000] {taskinstance.py:441} INFO - ::group::Post task execution logs
[2024-07-13T03:16:07.217+0000] {taskinstance.py:1206} INFO - Marking task as SUCCESS. dag_id=create_movie_dataset_v48, task_id=get_json, run_id=scheduled__2024-07-13T03:14:00+00:00, execution_date=20240713T031400, start_date=20240713T031602, end_date=20240713T031607
[2024-07-13T03:16:07.252+0000] {local_task_job_runner.py:240} INFO - Task exited with return code 0
[2024-07-13T03:16:07.259+0000] {warnings.py:110} WARNING - /home/airflow/.local/lib/python3.12/site-packages/airflow/models/baseoperator.py:1296: AirflowProviderDeprecationWarning: Call to deprecated class PostgresOperator. (Please use `airflow.providers.common.sql.operators.sql.SQLExecuteQueryOperator`.Also, you can provide `hook_params={'schema': <database>}`.)
  result = cls.__new__(cls)

[2024-07-13T03:16:07.271+0000] {taskinstance.py:3498} INFO - 2 downstream tasks scheduled from follow-on schedule check
[2024-07-13T03:16:07.273+0000] {local_task_job_runner.py:222} INFO - ::endgroup::
