[2024-06-30T09:30:07.798+0000] {local_task_job_runner.py:120} INFO - ::group::Pre task execution logs
[2024-06-30T09:30:07.812+0000] {taskinstance.py:2076} INFO - Dependencies all met for dep_context=non-requeueable deps ti=<TaskInstance: create_movie_dataset_v41.get_data_from_json scheduled__2024-06-30T09:20:00+00:00 [queued]>
[2024-06-30T09:30:07.816+0000] {taskinstance.py:2076} INFO - Dependencies all met for dep_context=requeueable deps ti=<TaskInstance: create_movie_dataset_v41.get_data_from_json scheduled__2024-06-30T09:20:00+00:00 [queued]>
[2024-06-30T09:30:07.817+0000] {taskinstance.py:2306} INFO - Starting attempt 1 of 2
[2024-06-30T09:30:07.826+0000] {taskinstance.py:2330} INFO - Executing <Task(PythonOperator): get_data_from_json> on 2024-06-30 09:20:00+00:00
[2024-06-30T09:30:07.832+0000] {warnings.py:110} WARNING - /home/airflow/.local/lib/python3.12/site-packages/airflow/task/task_runner/standard_task_runner.py:61: DeprecationWarning: This process (pid=6209) is multi-threaded, use of fork() may lead to deadlocks in the child.
  pid = os.fork()

[2024-06-30T09:30:07.832+0000] {standard_task_runner.py:63} INFO - Started process 6213 to run task
[2024-06-30T09:30:07.833+0000] {standard_task_runner.py:90} INFO - Running: ['airflow', 'tasks', 'run', 'create_movie_dataset_v41', 'get_data_from_json', 'scheduled__2024-06-30T09:20:00+00:00', '--job-id', '630', '--raw', '--subdir', 'DAGS_FOLDER/etl.py', '--cfg-path', '/tmp/tmp56djpkxi']
[2024-06-30T09:30:07.834+0000] {standard_task_runner.py:91} INFO - Job 630: Subtask get_data_from_json
[2024-06-30T09:30:07.867+0000] {task_command.py:426} INFO - Running <TaskInstance: create_movie_dataset_v41.get_data_from_json scheduled__2024-06-30T09:20:00+00:00 [running]> on host 1e7ac14c869a
[2024-06-30T09:30:07.929+0000] {taskinstance.py:2648} INFO - Exporting env vars: AIRFLOW_CTX_DAG_OWNER='airflow' AIRFLOW_CTX_DAG_ID='create_movie_dataset_v41' AIRFLOW_CTX_TASK_ID='get_data_from_json' AIRFLOW_CTX_EXECUTION_DATE='2024-06-30T09:20:00+00:00' AIRFLOW_CTX_TRY_NUMBER='1' AIRFLOW_CTX_DAG_RUN_ID='scheduled__2024-06-30T09:20:00+00:00'
[2024-06-30T09:30:07.930+0000] {taskinstance.py:430} INFO - ::endgroup::
[2024-06-30T09:30:08.071+0000] {python.py:237} INFO - Done. Returned value was: None
[2024-06-30T09:30:08.072+0000] {taskinstance.py:441} INFO - ::group::Post task execution logs
[2024-06-30T09:30:08.079+0000] {taskinstance.py:1206} INFO - Marking task as SUCCESS. dag_id=create_movie_dataset_v41, task_id=get_data_from_json, run_id=scheduled__2024-06-30T09:20:00+00:00, execution_date=20240630T092000, start_date=20240630T093007, end_date=20240630T093008
[2024-06-30T09:30:08.126+0000] {local_task_job_runner.py:240} INFO - Task exited with return code 0
[2024-06-30T09:30:08.134+0000] {warnings.py:110} WARNING - /home/airflow/.local/lib/python3.12/site-packages/airflow/models/baseoperator.py:1296: AirflowProviderDeprecationWarning: Call to deprecated class PostgresOperator. (Please use `airflow.providers.common.sql.operators.sql.SQLExecuteQueryOperator`.Also, you can provide `hook_params={'schema': <database>}`.)
  result = cls.__new__(cls)

[2024-06-30T09:30:08.144+0000] {taskinstance.py:3498} INFO - 1 downstream tasks scheduled from follow-on schedule check
[2024-06-30T09:30:08.147+0000] {local_task_job_runner.py:222} INFO - ::endgroup::
