[2024-06-26T03:33:24.204+0000] {local_task_job_runner.py:120} INFO - ::group::Pre task execution logs
[2024-06-26T03:33:24.218+0000] {taskinstance.py:2076} INFO - Dependencies all met for dep_context=non-requeueable deps ti=<TaskInstance: create_movie_dataset_v26.create_movies_table scheduled__2024-06-25T12:00:00+00:00 [queued]>
[2024-06-26T03:33:24.223+0000] {taskinstance.py:2076} INFO - Dependencies all met for dep_context=requeueable deps ti=<TaskInstance: create_movie_dataset_v26.create_movies_table scheduled__2024-06-25T12:00:00+00:00 [queued]>
[2024-06-26T03:33:24.223+0000] {taskinstance.py:2306} INFO - Starting attempt 1 of 2
[2024-06-26T03:33:24.232+0000] {taskinstance.py:2330} INFO - Executing <Task(PostgresOperator): create_movies_table> on 2024-06-25 12:00:00+00:00
[2024-06-26T03:33:24.237+0000] {warnings.py:110} WARNING - /home/airflow/.local/lib/python3.12/site-packages/airflow/task/task_runner/standard_task_runner.py:61: DeprecationWarning: This process (pid=2553) is multi-threaded, use of fork() may lead to deadlocks in the child.
  pid = os.fork()

[2024-06-26T03:33:24.238+0000] {standard_task_runner.py:63} INFO - Started process 2555 to run task
[2024-06-26T03:33:24.239+0000] {standard_task_runner.py:90} INFO - Running: ['airflow', 'tasks', 'run', 'create_movie_dataset_v26', 'create_movies_table', 'scheduled__2024-06-25T12:00:00+00:00', '--job-id', '146', '--raw', '--subdir', 'DAGS_FOLDER/etl.py', '--cfg-path', '/tmp/tmpx5f1fsb8']
[2024-06-26T03:33:24.240+0000] {standard_task_runner.py:91} INFO - Job 146: Subtask create_movies_table
[2024-06-26T03:33:24.269+0000] {task_command.py:426} INFO - Running <TaskInstance: create_movie_dataset_v26.create_movies_table scheduled__2024-06-25T12:00:00+00:00 [running]> on host ad6ccfebc5a6
[2024-06-26T03:33:24.320+0000] {taskinstance.py:2648} INFO - Exporting env vars: AIRFLOW_CTX_DAG_OWNER='airflow' AIRFLOW_CTX_DAG_ID='create_movie_dataset_v26' AIRFLOW_CTX_TASK_ID='create_movies_table' AIRFLOW_CTX_EXECUTION_DATE='2024-06-25T12:00:00+00:00' AIRFLOW_CTX_TRY_NUMBER='1' AIRFLOW_CTX_DAG_RUN_ID='scheduled__2024-06-25T12:00:00+00:00'
[2024-06-26T03:33:24.321+0000] {taskinstance.py:430} INFO - ::endgroup::
[2024-06-26T03:33:24.328+0000] {sql.py:276} INFO - Executing: CREATE TABLE IF NOT EXISTS movies (
            id SERIAL PRIMARY KEY,
            name VARCHAR,
            description VARCHAR,
            year INTEGER,
            rating FLOAT,
            votes INTEGER,
            movie_length INTEGER,
            age_rating VARCHAR,
            genres VARCHAR,
            countries VARCHAR
        )
[2024-06-26T03:33:24.334+0000] {base.py:84} INFO - Using connection ID 'postgres' for task execution.
[2024-06-26T03:33:24.338+0000] {base.py:84} INFO - Using connection ID 'postgres' for task execution.
[2024-06-26T03:33:24.377+0000] {sql.py:470} INFO - Running statement: CREATE TABLE IF NOT EXISTS movies (
            id SERIAL PRIMARY KEY,
            name VARCHAR,
            description VARCHAR,
            year INTEGER,
            rating FLOAT,
            votes INTEGER,
            movie_length INTEGER,
            age_rating VARCHAR,
            genres VARCHAR,
            countries VARCHAR
        ), parameters: None
[2024-06-26T03:33:24.381+0000] {taskinstance.py:441} INFO - ::group::Post task execution logs
[2024-06-26T03:33:24.388+0000] {taskinstance.py:1206} INFO - Marking task as SUCCESS. dag_id=create_movie_dataset_v26, task_id=create_movies_table, run_id=scheduled__2024-06-25T12:00:00+00:00, execution_date=20240625T120000, start_date=20240626T033324, end_date=20240626T033324
[2024-06-26T03:33:24.412+0000] {local_task_job_runner.py:240} INFO - Task exited with return code 0
[2024-06-26T03:33:24.420+0000] {warnings.py:110} WARNING - /home/airflow/.local/lib/python3.12/site-packages/airflow/models/baseoperator.py:1296: AirflowProviderDeprecationWarning: Call to deprecated class PostgresOperator. (Please use `airflow.providers.common.sql.operators.sql.SQLExecuteQueryOperator`.Also, you can provide `hook_params={'schema': <database>}`.)
  result = cls.__new__(cls)

[2024-06-26T03:33:24.428+0000] {taskinstance.py:3498} INFO - 1 downstream tasks scheduled from follow-on schedule check
[2024-06-26T03:33:24.431+0000] {local_task_job_runner.py:222} INFO - ::endgroup::
