[2024-06-30T04:50:02.558+0000] {local_task_job_runner.py:120} INFO - ::group::Pre task execution logs
[2024-06-30T04:50:02.574+0000] {taskinstance.py:2076} INFO - Dependencies all met for dep_context=non-requeueable deps ti=<TaskInstance: create_movie_dataset_v41.get_json scheduled__2024-06-30T04:40:00+00:00 [queued]>
[2024-06-30T04:50:02.585+0000] {taskinstance.py:2076} INFO - Dependencies all met for dep_context=requeueable deps ti=<TaskInstance: create_movie_dataset_v41.get_json scheduled__2024-06-30T04:40:00+00:00 [queued]>
[2024-06-30T04:50:02.590+0000] {taskinstance.py:2306} INFO - Starting attempt 1 of 2
[2024-06-30T04:50:02.599+0000] {taskinstance.py:2330} INFO - Executing <Task(PythonOperator): get_json> on 2024-06-30 04:40:00+00:00
[2024-06-30T04:50:02.604+0000] {warnings.py:110} WARNING - /home/airflow/.local/lib/python3.12/site-packages/airflow/task/task_runner/standard_task_runner.py:61: DeprecationWarning: This process (pid=9922) is multi-threaded, use of fork() may lead to deadlocks in the child.
  pid = os.fork()

[2024-06-30T04:50:02.604+0000] {standard_task_runner.py:63} INFO - Started process 9924 to run task
[2024-06-30T04:50:02.605+0000] {standard_task_runner.py:90} INFO - Running: ['airflow', 'tasks', 'run', 'create_movie_dataset_v41', 'get_json', 'scheduled__2024-06-30T04:40:00+00:00', '--job-id', '487', '--raw', '--subdir', 'DAGS_FOLDER/etl.py', '--cfg-path', '/tmp/tmp6venuspd']
[2024-06-30T04:50:02.606+0000] {standard_task_runner.py:91} INFO - Job 487: Subtask get_json
[2024-06-30T04:50:02.636+0000] {task_command.py:426} INFO - Running <TaskInstance: create_movie_dataset_v41.get_json scheduled__2024-06-30T04:40:00+00:00 [running]> on host 36c0809852d0
[2024-06-30T04:50:02.700+0000] {taskinstance.py:2648} INFO - Exporting env vars: AIRFLOW_CTX_DAG_OWNER='airflow' AIRFLOW_CTX_DAG_ID='create_movie_dataset_v41' AIRFLOW_CTX_TASK_ID='get_json' AIRFLOW_CTX_EXECUTION_DATE='2024-06-30T04:40:00+00:00' AIRFLOW_CTX_TRY_NUMBER='1' AIRFLOW_CTX_DAG_RUN_ID='scheduled__2024-06-30T04:40:00+00:00'
[2024-06-30T04:50:02.701+0000] {taskinstance.py:430} INFO - ::endgroup::
[2024-06-30T04:50:02.725+0000] {logging_mixin.py:188} INFO - 35
[2024-06-30T04:50:02.726+0000] {logging_mixin.py:188} INFO - N2TNP3Z-7ZAMFKD-HBA2YVR-9G8KV1Y
[2024-06-30T04:50:07.307+0000] {logging_mixin.py:188} INFO - Данные успешно сохранены в файл 'movie_data.json'.
[2024-06-30T04:50:07.312+0000] {crypto.py:82} WARNING - empty cryptography key - values will not be stored encrypted.
[2024-06-30T04:50:07.316+0000] {python.py:237} INFO - Done. Returned value was: None
[2024-06-30T04:50:07.316+0000] {taskinstance.py:441} INFO - ::group::Post task execution logs
[2024-06-30T04:50:07.323+0000] {taskinstance.py:1206} INFO - Marking task as SUCCESS. dag_id=create_movie_dataset_v41, task_id=get_json, run_id=scheduled__2024-06-30T04:40:00+00:00, execution_date=20240630T044000, start_date=20240630T045002, end_date=20240630T045007
[2024-06-30T04:50:07.354+0000] {local_task_job_runner.py:240} INFO - Task exited with return code 0
[2024-06-30T04:50:07.362+0000] {warnings.py:110} WARNING - /home/airflow/.local/lib/python3.12/site-packages/airflow/models/baseoperator.py:1296: AirflowProviderDeprecationWarning: Call to deprecated class PostgresOperator. (Please use `airflow.providers.common.sql.operators.sql.SQLExecuteQueryOperator`.Also, you can provide `hook_params={'schema': <database>}`.)
  result = cls.__new__(cls)

[2024-06-30T04:50:07.376+0000] {taskinstance.py:3498} INFO - 0 downstream tasks scheduled from follow-on schedule check
[2024-06-30T04:50:07.379+0000] {local_task_job_runner.py:222} INFO - ::endgroup::
