[2024-06-30T01:00:08.855+0000] {local_task_job_runner.py:120} INFO - ::group::Pre task execution logs
[2024-06-30T01:00:08.867+0000] {taskinstance.py:2076} INFO - Dependencies all met for dep_context=non-requeueable deps ti=<TaskInstance: create_movie_dataset_v41.get_data_from_json scheduled__2024-06-30T00:50:00+00:00 [queued]>
[2024-06-30T01:00:08.872+0000] {taskinstance.py:2076} INFO - Dependencies all met for dep_context=requeueable deps ti=<TaskInstance: create_movie_dataset_v41.get_data_from_json scheduled__2024-06-30T00:50:00+00:00 [queued]>
[2024-06-30T01:00:08.872+0000] {taskinstance.py:2306} INFO - Starting attempt 1 of 2
[2024-06-30T01:00:08.882+0000] {taskinstance.py:2330} INFO - Executing <Task(PythonOperator): get_data_from_json> on 2024-06-30 00:50:00+00:00
[2024-06-30T01:00:08.887+0000] {warnings.py:110} WARNING - /home/airflow/.local/lib/python3.12/site-packages/airflow/task/task_runner/standard_task_runner.py:61: DeprecationWarning: This process (pid=1328) is multi-threaded, use of fork() may lead to deadlocks in the child.
  pid = os.fork()

[2024-06-30T01:00:08.888+0000] {standard_task_runner.py:90} INFO - Running: ['airflow', 'tasks', 'run', 'create_movie_dataset_v41', 'get_data_from_json', 'scheduled__2024-06-30T00:50:00+00:00', '--job-id', '374', '--raw', '--subdir', 'DAGS_FOLDER/etl.py', '--cfg-path', '/tmp/tmpvgl5sozp']
[2024-06-30T01:00:08.890+0000] {standard_task_runner.py:63} INFO - Started process 1340 to run task
[2024-06-30T01:00:08.890+0000] {standard_task_runner.py:91} INFO - Job 374: Subtask get_data_from_json
[2024-06-30T01:00:08.921+0000] {task_command.py:426} INFO - Running <TaskInstance: create_movie_dataset_v41.get_data_from_json scheduled__2024-06-30T00:50:00+00:00 [running]> on host 36c0809852d0
[2024-06-30T01:00:08.976+0000] {taskinstance.py:2648} INFO - Exporting env vars: AIRFLOW_CTX_DAG_OWNER='airflow' AIRFLOW_CTX_DAG_ID='create_movie_dataset_v41' AIRFLOW_CTX_TASK_ID='get_data_from_json' AIRFLOW_CTX_EXECUTION_DATE='2024-06-30T00:50:00+00:00' AIRFLOW_CTX_TRY_NUMBER='1' AIRFLOW_CTX_DAG_RUN_ID='scheduled__2024-06-30T00:50:00+00:00'
[2024-06-30T01:00:08.978+0000] {taskinstance.py:430} INFO - ::endgroup::
[2024-06-30T01:00:09.128+0000] {python.py:237} INFO - Done. Returned value was: None
[2024-06-30T01:00:09.129+0000] {taskinstance.py:441} INFO - ::group::Post task execution logs
[2024-06-30T01:00:09.136+0000] {taskinstance.py:1206} INFO - Marking task as SUCCESS. dag_id=create_movie_dataset_v41, task_id=get_data_from_json, run_id=scheduled__2024-06-30T00:50:00+00:00, execution_date=20240630T005000, start_date=20240630T010008, end_date=20240630T010009
[2024-06-30T01:00:09.183+0000] {local_task_job_runner.py:240} INFO - Task exited with return code 0
[2024-06-30T01:00:09.189+0000] {warnings.py:110} WARNING - /home/airflow/.local/lib/python3.12/site-packages/airflow/models/baseoperator.py:1296: AirflowProviderDeprecationWarning: Call to deprecated class PostgresOperator. (Please use `airflow.providers.common.sql.operators.sql.SQLExecuteQueryOperator`.Also, you can provide `hook_params={'schema': <database>}`.)
  result = cls.__new__(cls)

[2024-06-30T01:00:09.196+0000] {taskinstance.py:3498} INFO - 1 downstream tasks scheduled from follow-on schedule check
[2024-06-30T01:00:09.199+0000] {local_task_job_runner.py:222} INFO - ::endgroup::
