[2024-07-13T02:28:25.502+0000] {local_task_job_runner.py:120} INFO - ::group::Pre task execution logs
[2024-07-13T02:28:25.513+0000] {taskinstance.py:2076} INFO - Dependencies all met for dep_context=non-requeueable deps ti=<TaskInstance: model_training_v84.preprocess_data scheduled__2024-07-10T00:00:00+00:00 [queued]>
[2024-07-13T02:28:25.519+0000] {taskinstance.py:2076} INFO - Dependencies all met for dep_context=requeueable deps ti=<TaskInstance: model_training_v84.preprocess_data scheduled__2024-07-10T00:00:00+00:00 [queued]>
[2024-07-13T02:28:25.519+0000] {taskinstance.py:2306} INFO - Starting attempt 2 of 2
[2024-07-13T02:28:25.530+0000] {taskinstance.py:2330} INFO - Executing <Task(PythonOperator): preprocess_data> on 2024-07-10 00:00:00+00:00
[2024-07-13T02:28:25.535+0000] {warnings.py:110} WARNING - /home/airflow/.local/lib/python3.12/site-packages/airflow/task/task_runner/standard_task_runner.py:61: DeprecationWarning: This process (pid=379) is multi-threaded, use of fork() may lead to deadlocks in the child.
  pid = os.fork()

[2024-07-13T02:28:25.536+0000] {standard_task_runner.py:63} INFO - Started process 448 to run task
[2024-07-13T02:28:25.536+0000] {standard_task_runner.py:90} INFO - Running: ['airflow', 'tasks', 'run', 'model_training_v84', 'preprocess_data', 'scheduled__2024-07-10T00:00:00+00:00', '--job-id', '393', '--raw', '--subdir', 'DAGS_FOLDER/model_training.py', '--cfg-path', '/tmp/tmpabeqwwq4']
[2024-07-13T02:28:25.538+0000] {standard_task_runner.py:91} INFO - Job 393: Subtask preprocess_data
[2024-07-13T02:28:25.568+0000] {task_command.py:426} INFO - Running <TaskInstance: model_training_v84.preprocess_data scheduled__2024-07-10T00:00:00+00:00 [running]> on host 0e0c69066946
[2024-07-13T02:28:25.624+0000] {taskinstance.py:2648} INFO - Exporting env vars: AIRFLOW_CTX_DAG_OWNER='airflow' AIRFLOW_CTX_DAG_ID='model_training_v84' AIRFLOW_CTX_TASK_ID='preprocess_data' AIRFLOW_CTX_EXECUTION_DATE='2024-07-10T00:00:00+00:00' AIRFLOW_CTX_TRY_NUMBER='2' AIRFLOW_CTX_DAG_RUN_ID='scheduled__2024-07-10T00:00:00+00:00'
[2024-07-13T02:28:25.624+0000] {taskinstance.py:430} INFO - ::endgroup::
[2024-07-13T02:28:26.003+0000] {logging_mixin.py:188} INFO - Добавлен жанр:  драма
[2024-07-13T02:28:26.006+0000] {logging_mixin.py:188} INFO - Добавлен жанр:  комедия
[2024-07-13T02:28:26.008+0000] {logging_mixin.py:188} INFO - Добавлен жанр:  криминал
[2024-07-13T02:28:26.011+0000] {logging_mixin.py:188} INFO - Добавлен жанр:  ужасы
[2024-07-13T02:28:26.013+0000] {logging_mixin.py:188} INFO - Добавлен жанр:  фантастика
[2024-07-13T02:28:26.016+0000] {logging_mixin.py:188} INFO - Добавлен жанр:  триллер
[2024-07-13T02:28:26.018+0000] {logging_mixin.py:188} INFO - Добавлен жанр:  семейный
[2024-07-13T02:28:26.021+0000] {logging_mixin.py:188} INFO - Добавлен жанр:  документальный
[2024-07-13T02:28:26.023+0000] {logging_mixin.py:188} INFO - Добавлен жанр:  биография
[2024-07-13T02:28:26.025+0000] {logging_mixin.py:188} INFO - Добавлен жанр:  боевик
[2024-07-13T02:28:26.028+0000] {logging_mixin.py:188} INFO - Добавлен жанр:  короткометражка
[2024-07-13T02:28:26.031+0000] {logging_mixin.py:188} INFO - Добавлен жанр:  детектив
[2024-07-13T02:28:26.033+0000] {logging_mixin.py:188} INFO - Добавлен жанр:  история
[2024-07-13T02:28:26.035+0000] {logging_mixin.py:188} INFO - Добавлен жанр:  мелодрама
[2024-07-13T02:28:26.038+0000] {logging_mixin.py:188} INFO - Добавлен жанр:  приключения
[2024-07-13T02:28:26.040+0000] {logging_mixin.py:188} INFO - Добавлен жанр:  музыка
[2024-07-13T02:28:26.042+0000] {logging_mixin.py:188} INFO - Добавлен жанр:  военный
[2024-07-13T02:28:26.045+0000] {logging_mixin.py:188} INFO - Добавлен жанр:  фэнтези
[2024-07-13T02:28:26.047+0000] {logging_mixin.py:188} INFO - Добавлен жанр:  мюзикл
[2024-07-13T02:28:26.050+0000] {logging_mixin.py:188} INFO - Добавлен жанр:  концерт
[2024-07-13T02:28:26.052+0000] {logging_mixin.py:188} INFO - Добавлен жанр:  спорт
[2024-07-13T02:28:26.054+0000] {logging_mixin.py:188} INFO - Добавлен жанр:  для взрослых
[2024-07-13T02:28:26.057+0000] {logging_mixin.py:188} INFO - Добавлен жанр:  детский
[2024-07-13T02:28:26.059+0000] {logging_mixin.py:188} INFO - Добавлен жанр:  реальное ТВ
[2024-07-13T02:28:26.062+0000] {logging_mixin.py:188} INFO - Добавлен жанр:  церемония
[2024-07-13T02:28:26.065+0000] {logging_mixin.py:188} INFO - Добавлен жанр:  вестерн
[2024-07-13T02:28:26.067+0000] {logging_mixin.py:188} INFO - Добавлен жанр:  фильм-нуар
[2024-07-13T02:28:26.070+0000] {logging_mixin.py:188} INFO - Добавлен жанр:  новости
[2024-07-13T02:28:26.073+0000] {logging_mixin.py:188} INFO - Добавлен жанр:  ток-шоу
[2024-07-13T02:28:26.077+0000] {logging_mixin.py:188} INFO - Добавлен жанр:  игра
[2024-07-13T02:28:26.083+0000] {taskinstance.py:441} INFO - ::group::Post task execution logs
[2024-07-13T02:28:26.083+0000] {taskinstance.py:2905} ERROR - Task failed with exception
Traceback (most recent call last):
  File "/home/airflow/.local/lib/python3.12/site-packages/airflow/models/taskinstance.py", line 465, in _execute_task
    result = _execute_callable(context=context, **execute_callable_kwargs)
             ^^^^^^^^^^^^^^^^^^^^^^^^^^^^^^^^^^^^^^^^^^^^^^^^^^^^^^^^^^^^^
  File "/home/airflow/.local/lib/python3.12/site-packages/airflow/models/taskinstance.py", line 432, in _execute_callable
    return execute_callable(context=context, **execute_callable_kwargs)
           ^^^^^^^^^^^^^^^^^^^^^^^^^^^^^^^^^^^^^^^^^^^^^^^^^^^^^^^^^^^^
  File "/home/airflow/.local/lib/python3.12/site-packages/airflow/models/baseoperator.py", line 400, in wrapper
    return func(self, *args, **kwargs)
           ^^^^^^^^^^^^^^^^^^^^^^^^^^^
  File "/home/airflow/.local/lib/python3.12/site-packages/airflow/operators/python.py", line 235, in execute
    return_value = self.execute_callable()
                   ^^^^^^^^^^^^^^^^^^^^^^^
  File "/home/airflow/.local/lib/python3.12/site-packages/airflow/operators/python.py", line 252, in execute_callable
    return self.python_callable(*self.op_args, **self.op_kwargs)
           ^^^^^^^^^^^^^^^^^^^^^^^^^^^^^^^^^^^^^^^^^^^^^^^^^^^^^
  File "/opt/airflow/dags/tasks/preprocess_data.py", line 157, in preprocess_data
    get_binary_country(country)
  File "/opt/airflow/dags/tasks/preprocess_data.py", line 153, in get_binary_country
    data.loc[:, country] = data["countries"].apply(lambda x: 1 if country in x else 0)
                           ^^^^^^^^^^^^^^^^^^^^^^^^^^^^^^^^^^^^^^^^^^^^^^^^^^^^^^^^^^^
  File "/home/airflow/.local/lib/python3.12/site-packages/pandas/core/series.py", line 4764, in apply
    ).apply()
      ^^^^^^^
  File "/home/airflow/.local/lib/python3.12/site-packages/pandas/core/apply.py", line 1209, in apply
    return self.apply_standard()
           ^^^^^^^^^^^^^^^^^^^^^
  File "/home/airflow/.local/lib/python3.12/site-packages/pandas/core/apply.py", line 1289, in apply_standard
    mapped = obj._map_values(
             ^^^^^^^^^^^^^^^^
  File "/home/airflow/.local/lib/python3.12/site-packages/pandas/core/base.py", line 921, in _map_values
    return algorithms.map_array(arr, mapper, na_action=na_action, convert=convert)
           ^^^^^^^^^^^^^^^^^^^^^^^^^^^^^^^^^^^^^^^^^^^^^^^^^^^^^^^^^^^^^^^^^^^^^^^
  File "/home/airflow/.local/lib/python3.12/site-packages/pandas/core/algorithms.py", line 1814, in map_array
    return lib.map_infer(values, mapper, convert=convert)
           ^^^^^^^^^^^^^^^^^^^^^^^^^^^^^^^^^^^^^^^^^^^^^^
  File "lib.pyx", line 2926, in pandas._libs.lib.map_infer
  File "/opt/airflow/dags/tasks/preprocess_data.py", line 153, in <lambda>
    data.loc[:, country] = data["countries"].apply(lambda x: 1 if country in x else 0)
                                                                  ^^^^^^^^^^^^
TypeError: argument of type 'float' is not iterable
[2024-07-13T02:28:26.093+0000] {taskinstance.py:1206} INFO - Marking task as FAILED. dag_id=model_training_v84, task_id=preprocess_data, run_id=scheduled__2024-07-10T00:00:00+00:00, execution_date=20240710T000000, start_date=20240713T022825, end_date=20240713T022826
[2024-07-13T02:28:26.106+0000] {standard_task_runner.py:110} ERROR - Failed to execute job 393 for task preprocess_data (argument of type 'float' is not iterable; 448)
[2024-07-13T02:28:26.150+0000] {local_task_job_runner.py:240} INFO - Task exited with return code 1
[2024-07-13T02:28:26.164+0000] {taskinstance.py:3498} INFO - 0 downstream tasks scheduled from follow-on schedule check
[2024-07-13T02:28:26.169+0000] {local_task_job_runner.py:222} INFO - ::endgroup::
