[2024-07-06T02:11:30.431+0000] {local_task_job_runner.py:120} INFO - ::group::Pre task execution logs
[2024-07-06T02:11:30.445+0000] {taskinstance.py:2076} INFO - Dependencies all met for dep_context=non-requeueable deps ti=<TaskInstance: model_training_v28.create_bucket scheduled__2024-07-05T00:00:00+00:00 [queued]>
[2024-07-06T02:11:30.449+0000] {taskinstance.py:2076} INFO - Dependencies all met for dep_context=requeueable deps ti=<TaskInstance: model_training_v28.create_bucket scheduled__2024-07-05T00:00:00+00:00 [queued]>
[2024-07-06T02:11:30.449+0000] {taskinstance.py:2306} INFO - Starting attempt 1 of 2
[2024-07-06T02:11:30.458+0000] {taskinstance.py:2330} INFO - Executing <Task(PythonOperator): create_bucket> on 2024-07-05 00:00:00+00:00
[2024-07-06T02:11:30.463+0000] {warnings.py:110} WARNING - /home/airflow/.local/lib/python3.12/site-packages/airflow/task/task_runner/standard_task_runner.py:61: DeprecationWarning: This process (pid=2446) is multi-threaded, use of fork() may lead to deadlocks in the child.
  pid = os.fork()

[2024-07-06T02:11:30.464+0000] {standard_task_runner.py:63} INFO - Started process 2467 to run task
[2024-07-06T02:11:30.464+0000] {standard_task_runner.py:90} INFO - Running: ['airflow', 'tasks', 'run', 'model_training_v28', 'create_bucket', 'scheduled__2024-07-05T00:00:00+00:00', '--job-id', '17', '--raw', '--subdir', 'DAGS_FOLDER/model_training.py', '--cfg-path', '/tmp/tmpbg7qqsnu']
[2024-07-06T02:11:30.465+0000] {standard_task_runner.py:91} INFO - Job 17: Subtask create_bucket
[2024-07-06T02:11:30.524+0000] {task_command.py:426} INFO - Running <TaskInstance: model_training_v28.create_bucket scheduled__2024-07-05T00:00:00+00:00 [running]> on host a1df16e4b0a7
[2024-07-06T02:11:30.574+0000] {taskinstance.py:2648} INFO - Exporting env vars: AIRFLOW_CTX_DAG_OWNER='airflow' AIRFLOW_CTX_DAG_ID='model_training_v28' AIRFLOW_CTX_TASK_ID='create_bucket' AIRFLOW_CTX_EXECUTION_DATE='2024-07-05T00:00:00+00:00' AIRFLOW_CTX_TRY_NUMBER='1' AIRFLOW_CTX_DAG_RUN_ID='scheduled__2024-07-05T00:00:00+00:00'
[2024-07-06T02:11:30.575+0000] {taskinstance.py:430} INFO - ::endgroup::
[2024-07-06T02:11:30.589+0000] {taskinstance.py:441} INFO - ::group::Post task execution logs
[2024-07-06T02:11:30.590+0000] {taskinstance.py:2905} ERROR - Task failed with exception
Traceback (most recent call last):
  File "/home/airflow/.local/lib/python3.12/site-packages/airflow/models/taskinstance.py", line 465, in _execute_task
    result = _execute_callable(context=context, **execute_callable_kwargs)
             ^^^^^^^^^^^^^^^^^^^^^^^^^^^^^^^^^^^^^^^^^^^^^^^^^^^^^^^^^^^^^
  File "/home/airflow/.local/lib/python3.12/site-packages/airflow/models/taskinstance.py", line 432, in _execute_callable
    return execute_callable(context=context, **execute_callable_kwargs)
           ^^^^^^^^^^^^^^^^^^^^^^^^^^^^^^^^^^^^^^^^^^^^^^^^^^^^^^^^^^^^
  File "/home/airflow/.local/lib/python3.12/site-packages/airflow/models/baseoperator.py", line 400, in wrapper
    return func(self, *args, **kwargs)
           ^^^^^^^^^^^^^^^^^^^^^^^^^^^
  File "/home/airflow/.local/lib/python3.12/site-packages/airflow/operators/python.py", line 235, in execute
    return_value = self.execute_callable()
                   ^^^^^^^^^^^^^^^^^^^^^^^
  File "/home/airflow/.local/lib/python3.12/site-packages/airflow/operators/python.py", line 252, in execute_callable
    return self.python_callable(*self.op_args, **self.op_kwargs)
           ^^^^^^^^^^^^^^^^^^^^^^^^^^^^^^^^^^^^^^^^^^^^^^^^^^^^^
  File "/opt/airflow/dags/tasks/create_bucket.py", line 6, in create_bucket
    s3 = boto3.resource(
         ^^^^^^^^^^^^^^^
  File "/home/airflow/.local/lib/python3.12/site-packages/boto3/__init__.py", line 101, in resource
    return _get_default_session().resource(*args, **kwargs)
           ^^^^^^^^^^^^^^^^^^^^^^^^^^^^^^^^^^^^^^^^^^^^^^^^
TypeError: Session.resource() got an unexpected keyword argument 'endpoint'
[2024-07-06T02:11:30.598+0000] {taskinstance.py:1206} INFO - Marking task as UP_FOR_RETRY. dag_id=model_training_v28, task_id=create_bucket, run_id=scheduled__2024-07-05T00:00:00+00:00, execution_date=20240705T000000, start_date=20240706T021130, end_date=20240706T021130
[2024-07-06T02:11:30.607+0000] {standard_task_runner.py:110} ERROR - Failed to execute job 17 for task create_bucket (Session.resource() got an unexpected keyword argument 'endpoint'; 2467)
[2024-07-06T02:11:30.637+0000] {local_task_job_runner.py:240} INFO - Task exited with return code 1
[2024-07-06T02:11:30.650+0000] {taskinstance.py:3498} INFO - 0 downstream tasks scheduled from follow-on schedule check
[2024-07-06T02:11:30.656+0000] {local_task_job_runner.py:222} INFO - ::endgroup::
