[2024-07-13T02:46:00.646+0000] {local_task_job_runner.py:120} INFO - ::group::Pre task execution logs
[2024-07-13T02:46:00.674+0000] {taskinstance.py:2076} INFO - Dependencies all met for dep_context=non-requeueable deps ti=<TaskInstance: create_movie_dataset_v48.start_dag scheduled__2024-07-13T02:44:00+00:00 [queued]>
[2024-07-13T02:46:00.681+0000] {taskinstance.py:2076} INFO - Dependencies all met for dep_context=requeueable deps ti=<TaskInstance: create_movie_dataset_v48.start_dag scheduled__2024-07-13T02:44:00+00:00 [queued]>
[2024-07-13T02:46:00.683+0000] {taskinstance.py:2306} INFO - Starting attempt 1 of 2
[2024-07-13T02:46:00.695+0000] {taskinstance.py:2330} INFO - Executing <Task(ShortCircuitOperator): start_dag> on 2024-07-13 02:44:00+00:00
[2024-07-13T02:46:00.711+0000] {warnings.py:110} WARNING - /home/airflow/.local/lib/python3.12/site-packages/airflow/task/task_runner/standard_task_runner.py:61: DeprecationWarning: This process (pid=3309) is multi-threaded, use of fork() may lead to deadlocks in the child.
  pid = os.fork()

[2024-07-13T02:46:00.726+0000] {standard_task_runner.py:63} INFO - Started process 3331 to run task
[2024-07-13T02:46:00.729+0000] {standard_task_runner.py:90} INFO - Running: ['airflow', 'tasks', 'run', 'create_movie_dataset_v48', 'start_dag', 'scheduled__2024-07-13T02:44:00+00:00', '--job-id', '440', '--raw', '--subdir', 'DAGS_FOLDER/etl.py', '--cfg-path', '/tmp/tmpw80o5_0u']
[2024-07-13T02:46:00.731+0000] {standard_task_runner.py:91} INFO - Job 440: Subtask start_dag
[2024-07-13T02:46:00.792+0000] {task_command.py:426} INFO - Running <TaskInstance: create_movie_dataset_v48.start_dag scheduled__2024-07-13T02:44:00+00:00 [running]> on host 0e0c69066946
[2024-07-13T02:46:00.847+0000] {taskinstance.py:2648} INFO - Exporting env vars: AIRFLOW_CTX_DAG_OWNER='airflow' AIRFLOW_CTX_DAG_ID='create_movie_dataset_v48' AIRFLOW_CTX_TASK_ID='start_dag' AIRFLOW_CTX_EXECUTION_DATE='2024-07-13T02:44:00+00:00' AIRFLOW_CTX_TRY_NUMBER='1' AIRFLOW_CTX_DAG_RUN_ID='scheduled__2024-07-13T02:44:00+00:00'
[2024-07-13T02:46:00.848+0000] {taskinstance.py:430} INFO - ::endgroup::
[2024-07-13T02:46:00.856+0000] {baseoperator.py:399} WARNING - ShortCircuitOperator.execute cannot be called outside TaskInstance!
[2024-07-13T02:46:00.865+0000] {python.py:237} INFO - Done. Returned value was: True
[2024-07-13T02:46:00.866+0000] {python.py:304} INFO - Condition result is True
[2024-07-13T02:46:00.866+0000] {python.py:307} INFO - Proceeding with downstream tasks...
[2024-07-13T02:46:00.866+0000] {taskinstance.py:441} INFO - ::group::Post task execution logs
[2024-07-13T02:46:00.880+0000] {taskinstance.py:1206} INFO - Marking task as SUCCESS. dag_id=create_movie_dataset_v48, task_id=start_dag, run_id=scheduled__2024-07-13T02:44:00+00:00, execution_date=20240713T024400, start_date=20240713T024600, end_date=20240713T024600
[2024-07-13T02:46:00.900+0000] {local_task_job_runner.py:240} INFO - Task exited with return code 0
[2024-07-13T02:46:00.907+0000] {warnings.py:110} WARNING - /home/airflow/.local/lib/python3.12/site-packages/airflow/models/baseoperator.py:1296: AirflowProviderDeprecationWarning: Call to deprecated class PostgresOperator. (Please use `airflow.providers.common.sql.operators.sql.SQLExecuteQueryOperator`.Also, you can provide `hook_params={'schema': <database>}`.)
  result = cls.__new__(cls)

[2024-07-13T02:46:00.920+0000] {taskinstance.py:3498} INFO - 1 downstream tasks scheduled from follow-on schedule check
[2024-07-13T02:46:00.923+0000] {local_task_job_runner.py:222} INFO - ::endgroup::
