[2024-07-11T04:00:06.991+0000] {local_task_job_runner.py:120} INFO - ::group::Pre task execution logs
[2024-07-11T04:00:07.004+0000] {taskinstance.py:2076} INFO - Dependencies all met for dep_context=non-requeueable deps ti=<TaskInstance: create_movie_dataset_v47.create_movies_table scheduled__2024-07-11T03:50:00+00:00 [queued]>
[2024-07-11T04:00:07.009+0000] {taskinstance.py:2076} INFO - Dependencies all met for dep_context=requeueable deps ti=<TaskInstance: create_movie_dataset_v47.create_movies_table scheduled__2024-07-11T03:50:00+00:00 [queued]>
[2024-07-11T04:00:07.010+0000] {taskinstance.py:2306} INFO - Starting attempt 1 of 2
[2024-07-11T04:00:07.019+0000] {taskinstance.py:2330} INFO - Executing <Task(PostgresOperator): create_movies_table> on 2024-07-11 03:50:00+00:00
[2024-07-11T04:00:07.024+0000] {warnings.py:110} WARNING - /home/airflow/.local/lib/python3.12/site-packages/airflow/task/task_runner/standard_task_runner.py:61: DeprecationWarning: This process (pid=6224) is multi-threaded, use of fork() may lead to deadlocks in the child.
  pid = os.fork()

[2024-07-11T04:00:07.026+0000] {standard_task_runner.py:90} INFO - Running: ['airflow', 'tasks', 'run', 'create_movie_dataset_v47', 'create_movies_table', 'scheduled__2024-07-11T03:50:00+00:00', '--job-id', '319', '--raw', '--subdir', 'DAGS_FOLDER/etl.py', '--cfg-path', '/tmp/tmp8a1lrxdg']
[2024-07-11T04:00:07.027+0000] {standard_task_runner.py:63} INFO - Started process 6228 to run task
[2024-07-11T04:00:07.028+0000] {standard_task_runner.py:91} INFO - Job 319: Subtask create_movies_table
[2024-07-11T04:00:07.060+0000] {task_command.py:426} INFO - Running <TaskInstance: create_movie_dataset_v47.create_movies_table scheduled__2024-07-11T03:50:00+00:00 [running]> on host ab430778e8ff
[2024-07-11T04:00:07.117+0000] {taskinstance.py:2648} INFO - Exporting env vars: AIRFLOW_CTX_DAG_OWNER='airflow' AIRFLOW_CTX_DAG_ID='create_movie_dataset_v47' AIRFLOW_CTX_TASK_ID='create_movies_table' AIRFLOW_CTX_EXECUTION_DATE='2024-07-11T03:50:00+00:00' AIRFLOW_CTX_TRY_NUMBER='1' AIRFLOW_CTX_DAG_RUN_ID='scheduled__2024-07-11T03:50:00+00:00'
[2024-07-11T04:00:07.119+0000] {taskinstance.py:430} INFO - ::endgroup::
[2024-07-11T04:00:07.126+0000] {sql.py:276} INFO - Executing: CREATE TABLE IF NOT EXISTS movies (
            id SERIAL PRIMARY KEY,
            name VARCHAR,
            description VARCHAR,
            year INTEGER,
            rating FLOAT,
            votes INTEGER,
            movie_length INTEGER,
            age_rating VARCHAR,
            genres VARCHAR,
            countries VARCHAR
        )
[2024-07-11T04:00:07.132+0000] {base.py:84} INFO - Using connection ID 'postgres' for task execution.
[2024-07-11T04:00:07.137+0000] {base.py:84} INFO - Using connection ID 'postgres' for task execution.
[2024-07-11T04:00:07.198+0000] {sql.py:470} INFO - Running statement: CREATE TABLE IF NOT EXISTS movies (
            id SERIAL PRIMARY KEY,
            name VARCHAR,
            description VARCHAR,
            year INTEGER,
            rating FLOAT,
            votes INTEGER,
            movie_length INTEGER,
            age_rating VARCHAR,
            genres VARCHAR,
            countries VARCHAR
        ), parameters: None
[2024-07-11T04:00:07.201+0000] {taskinstance.py:441} INFO - ::group::Post task execution logs
[2024-07-11T04:00:07.208+0000] {taskinstance.py:1206} INFO - Marking task as SUCCESS. dag_id=create_movie_dataset_v47, task_id=create_movies_table, run_id=scheduled__2024-07-11T03:50:00+00:00, execution_date=20240711T035000, start_date=20240711T040007, end_date=20240711T040007
[2024-07-11T04:00:07.241+0000] {local_task_job_runner.py:240} INFO - Task exited with return code 0
[2024-07-11T04:00:07.248+0000] {warnings.py:110} WARNING - /home/airflow/.local/lib/python3.12/site-packages/airflow/models/baseoperator.py:1296: AirflowProviderDeprecationWarning: Call to deprecated class PostgresOperator. (Please use `airflow.providers.common.sql.operators.sql.SQLExecuteQueryOperator`.Also, you can provide `hook_params={'schema': <database>}`.)
  result = cls.__new__(cls)

[2024-07-11T04:00:07.255+0000] {taskinstance.py:3498} INFO - 0 downstream tasks scheduled from follow-on schedule check
[2024-07-11T04:00:07.258+0000] {local_task_job_runner.py:222} INFO - ::endgroup::
