[2024-07-01T00:36:42.330+0000] {local_task_job_runner.py:120} INFO - ::group::Pre task execution logs
[2024-07-01T00:36:42.344+0000] {taskinstance.py:2076} INFO - Dependencies all met for dep_context=non-requeueable deps ti=<TaskInstance: model_training_v9.train_model scheduled__2024-06-30T00:00:00+00:00 [queued]>
[2024-07-01T00:36:42.348+0000] {taskinstance.py:2076} INFO - Dependencies all met for dep_context=requeueable deps ti=<TaskInstance: model_training_v9.train_model scheduled__2024-06-30T00:00:00+00:00 [queued]>
[2024-07-01T00:36:42.349+0000] {taskinstance.py:2306} INFO - Starting attempt 1 of 2
[2024-07-01T00:36:42.358+0000] {taskinstance.py:2330} INFO - Executing <Task(PythonOperator): train_model> on 2024-06-30 00:00:00+00:00
[2024-07-01T00:36:42.365+0000] {warnings.py:110} WARNING - /home/airflow/.local/lib/python3.12/site-packages/airflow/task/task_runner/standard_task_runner.py:61: DeprecationWarning: This process (pid=966) is multi-threaded, use of fork() may lead to deadlocks in the child.
  pid = os.fork()

[2024-07-01T00:36:42.366+0000] {standard_task_runner.py:63} INFO - Started process 987 to run task
[2024-07-01T00:36:42.366+0000] {standard_task_runner.py:90} INFO - Running: ['airflow', 'tasks', 'run', 'model_training_v9', 'train_model', 'scheduled__2024-06-30T00:00:00+00:00', '--job-id', '688', '--raw', '--subdir', 'DAGS_FOLDER/model_training.py', '--cfg-path', '/tmp/tmp01jmw35e']
[2024-07-01T00:36:42.368+0000] {standard_task_runner.py:91} INFO - Job 688: Subtask train_model
[2024-07-01T00:36:42.403+0000] {task_command.py:426} INFO - Running <TaskInstance: model_training_v9.train_model scheduled__2024-06-30T00:00:00+00:00 [running]> on host 52eea2daf696
[2024-07-01T00:36:42.459+0000] {taskinstance.py:2648} INFO - Exporting env vars: AIRFLOW_CTX_DAG_OWNER='airflow' AIRFLOW_CTX_DAG_ID='model_training_v9' AIRFLOW_CTX_TASK_ID='train_model' AIRFLOW_CTX_EXECUTION_DATE='2024-06-30T00:00:00+00:00' AIRFLOW_CTX_TRY_NUMBER='1' AIRFLOW_CTX_DAG_RUN_ID='scheduled__2024-06-30T00:00:00+00:00'
[2024-07-01T00:36:42.460+0000] {taskinstance.py:430} INFO - ::endgroup::
[2024-07-01T00:36:42.501+0000] {logging_mixin.py:188} WARNING - 2024/07/01 00:36:42 WARNING mlflow.utils.git_utils: Failed to import Git (the Git executable is probably not on your PATH), so Git SHA is not available. Error: Failed to initialize: Bad git executable.
The git executable must be specified in one of the following ways:
    - be included in your $PATH
    - be set via $GIT_PYTHON_GIT_EXECUTABLE
    - explicitly set via git.refresh(<full-path-to-git-executable>)

All git commands will error until this is rectified.

This initial message can be silenced or aggravated in the future by setting the
$GIT_PYTHON_REFRESH environment variable. Use one of the following values:
    - quiet|q|silence|s|silent|none|n|0: for no message or exception
    - warn|w|warning|log|l|1: for a warning message (logging level CRITICAL, displayed by default)
    - error|e|exception|raise|r|2: for a raised exception

Example:
    export GIT_PYTHON_REFRESH=quiet
[2024-07-01T00:36:45.029+0000] {logging_mixin.py:188} WARNING - 2024/07/01 00:36:45 WARNING mlflow.utils.environment: Encountered an unexpected error while inferring pip requirements (model URI: /tmp/tmprvyt2vtm/model, flavor: python_function). Fall back to return ['cloudpickle==3.0.0']. Set logging level to DEBUG to see the full traceback.
[2024-07-01T00:36:45.077+0000] {logging_mixin.py:188} INFO -        input
0       test
1       test
2  text text
[2024-07-01T00:36:45.077+0000] {taskinstance.py:441} INFO - ::group::Post task execution logs
[2024-07-01T00:36:45.078+0000] {taskinstance.py:2905} ERROR - Task failed with exception
Traceback (most recent call last):
  File "/home/airflow/.local/lib/python3.12/site-packages/airflow/models/taskinstance.py", line 465, in _execute_task
    result = _execute_callable(context=context, **execute_callable_kwargs)
             ^^^^^^^^^^^^^^^^^^^^^^^^^^^^^^^^^^^^^^^^^^^^^^^^^^^^^^^^^^^^^
  File "/home/airflow/.local/lib/python3.12/site-packages/airflow/models/taskinstance.py", line 432, in _execute_callable
    return execute_callable(context=context, **execute_callable_kwargs)
           ^^^^^^^^^^^^^^^^^^^^^^^^^^^^^^^^^^^^^^^^^^^^^^^^^^^^^^^^^^^^
  File "/home/airflow/.local/lib/python3.12/site-packages/airflow/models/baseoperator.py", line 400, in wrapper
    return func(self, *args, **kwargs)
           ^^^^^^^^^^^^^^^^^^^^^^^^^^^
  File "/home/airflow/.local/lib/python3.12/site-packages/airflow/operators/python.py", line 235, in execute
    return_value = self.execute_callable()
                   ^^^^^^^^^^^^^^^^^^^^^^^
  File "/home/airflow/.local/lib/python3.12/site-packages/airflow/operators/python.py", line 252, in execute_callable
    return self.python_callable(*self.op_args, **self.op_kwargs)
           ^^^^^^^^^^^^^^^^^^^^^^^^^^^^^^^^^^^^^^^^^^^^^^^^^^^^^
  File "/opt/airflow/dags/model_training.py", line 79, in main
    random_model.predict(PythonModelContext([]), data)
                         ^^^^^^^^^^^^^^^^^^^^^^
TypeError: PythonModelContext.__init__() missing 1 required positional argument: 'model_config'
[2024-07-01T00:36:45.086+0000] {taskinstance.py:1206} INFO - Marking task as UP_FOR_RETRY. dag_id=model_training_v9, task_id=train_model, run_id=scheduled__2024-06-30T00:00:00+00:00, execution_date=20240630T000000, start_date=20240701T003642, end_date=20240701T003645
[2024-07-01T00:36:45.096+0000] {standard_task_runner.py:110} ERROR - Failed to execute job 688 for task train_model (PythonModelContext.__init__() missing 1 required positional argument: 'model_config'; 987)
[2024-07-01T00:36:45.146+0000] {local_task_job_runner.py:240} INFO - Task exited with return code 1
[2024-07-01T00:36:45.159+0000] {taskinstance.py:3498} INFO - 0 downstream tasks scheduled from follow-on schedule check
[2024-07-01T00:36:45.162+0000] {local_task_job_runner.py:222} INFO - ::endgroup::
