[2024-06-30T09:40:02.005+0000] {local_task_job_runner.py:120} INFO - ::group::Pre task execution logs
[2024-06-30T09:40:02.020+0000] {taskinstance.py:2076} INFO - Dependencies all met for dep_context=non-requeueable deps ti=<TaskInstance: create_movie_dataset_v41.get_json scheduled__2024-06-30T09:30:00+00:00 [queued]>
[2024-06-30T09:40:02.025+0000] {taskinstance.py:2076} INFO - Dependencies all met for dep_context=requeueable deps ti=<TaskInstance: create_movie_dataset_v41.get_json scheduled__2024-06-30T09:30:00+00:00 [queued]>
[2024-06-30T09:40:02.026+0000] {taskinstance.py:2306} INFO - Starting attempt 1 of 2
[2024-06-30T09:40:02.034+0000] {taskinstance.py:2330} INFO - Executing <Task(PythonOperator): get_json> on 2024-06-30 09:30:00+00:00
[2024-06-30T09:40:02.039+0000] {warnings.py:110} WARNING - /home/airflow/.local/lib/python3.12/site-packages/airflow/task/task_runner/standard_task_runner.py:61: DeprecationWarning: This process (pid=6572) is multi-threaded, use of fork() may lead to deadlocks in the child.
  pid = os.fork()

[2024-06-30T09:40:02.040+0000] {standard_task_runner.py:63} INFO - Started process 6574 to run task
[2024-06-30T09:40:02.040+0000] {standard_task_runner.py:90} INFO - Running: ['airflow', 'tasks', 'run', 'create_movie_dataset_v41', 'get_json', 'scheduled__2024-06-30T09:30:00+00:00', '--job-id', '633', '--raw', '--subdir', 'DAGS_FOLDER/etl.py', '--cfg-path', '/tmp/tmp7q4o9wc3']
[2024-06-30T09:40:02.042+0000] {standard_task_runner.py:91} INFO - Job 633: Subtask get_json
[2024-06-30T09:40:02.071+0000] {task_command.py:426} INFO - Running <TaskInstance: create_movie_dataset_v41.get_json scheduled__2024-06-30T09:30:00+00:00 [running]> on host 1e7ac14c869a
[2024-06-30T09:40:02.127+0000] {taskinstance.py:2648} INFO - Exporting env vars: AIRFLOW_CTX_DAG_OWNER='airflow' AIRFLOW_CTX_DAG_ID='create_movie_dataset_v41' AIRFLOW_CTX_TASK_ID='get_json' AIRFLOW_CTX_EXECUTION_DATE='2024-06-30T09:30:00+00:00' AIRFLOW_CTX_TRY_NUMBER='1' AIRFLOW_CTX_DAG_RUN_ID='scheduled__2024-06-30T09:30:00+00:00'
[2024-06-30T09:40:02.128+0000] {taskinstance.py:430} INFO - ::endgroup::
[2024-06-30T09:40:02.148+0000] {logging_mixin.py:188} INFO - 63
[2024-06-30T09:40:02.149+0000] {logging_mixin.py:188} INFO - N2TNP3Z-7ZAMFKD-HBA2YVR-9G8KV1Y
[2024-06-30T09:40:06.375+0000] {logging_mixin.py:188} INFO - Данные успешно сохранены в файл 'movie_data.json'.
[2024-06-30T09:40:06.380+0000] {crypto.py:82} WARNING - empty cryptography key - values will not be stored encrypted.
[2024-06-30T09:40:06.385+0000] {python.py:237} INFO - Done. Returned value was: None
[2024-06-30T09:40:06.386+0000] {taskinstance.py:441} INFO - ::group::Post task execution logs
[2024-06-30T09:40:06.392+0000] {taskinstance.py:1206} INFO - Marking task as SUCCESS. dag_id=create_movie_dataset_v41, task_id=get_json, run_id=scheduled__2024-06-30T09:30:00+00:00, execution_date=20240630T093000, start_date=20240630T094002, end_date=20240630T094006
[2024-06-30T09:40:06.430+0000] {local_task_job_runner.py:240} INFO - Task exited with return code 0
[2024-06-30T09:40:06.440+0000] {warnings.py:110} WARNING - /home/airflow/.local/lib/python3.12/site-packages/airflow/models/baseoperator.py:1296: AirflowProviderDeprecationWarning: Call to deprecated class PostgresOperator. (Please use `airflow.providers.common.sql.operators.sql.SQLExecuteQueryOperator`.Also, you can provide `hook_params={'schema': <database>}`.)
  result = cls.__new__(cls)

[2024-06-30T09:40:06.451+0000] {taskinstance.py:3498} INFO - 2 downstream tasks scheduled from follow-on schedule check
[2024-06-30T09:40:06.455+0000] {local_task_job_runner.py:222} INFO - ::endgroup::
