[2024-07-11T03:40:06.616+0000] {local_task_job_runner.py:120} INFO - ::group::Pre task execution logs
[2024-07-11T03:40:06.629+0000] {taskinstance.py:2076} INFO - Dependencies all met for dep_context=non-requeueable deps ti=<TaskInstance: create_movie_dataset_v47.get_data_from_json scheduled__2024-07-11T03:30:00+00:00 [queued]>
[2024-07-11T03:40:06.634+0000] {taskinstance.py:2076} INFO - Dependencies all met for dep_context=requeueable deps ti=<TaskInstance: create_movie_dataset_v47.get_data_from_json scheduled__2024-07-11T03:30:00+00:00 [queued]>
[2024-07-11T03:40:06.634+0000] {taskinstance.py:2306} INFO - Starting attempt 1 of 2
[2024-07-11T03:40:06.643+0000] {taskinstance.py:2330} INFO - Executing <Task(PythonOperator): get_data_from_json> on 2024-07-11 03:30:00+00:00
[2024-07-11T03:40:06.650+0000] {warnings.py:110} WARNING - /home/airflow/.local/lib/python3.12/site-packages/airflow/task/task_runner/standard_task_runner.py:61: DeprecationWarning: This process (pid=3547) is multi-threaded, use of fork() may lead to deadlocks in the child.
  pid = os.fork()

[2024-07-11T03:40:06.651+0000] {standard_task_runner.py:63} INFO - Started process 3552 to run task
[2024-07-11T03:40:06.652+0000] {standard_task_runner.py:90} INFO - Running: ['airflow', 'tasks', 'run', 'create_movie_dataset_v47', 'get_data_from_json', 'scheduled__2024-07-11T03:30:00+00:00', '--job-id', '309', '--raw', '--subdir', 'DAGS_FOLDER/etl.py', '--cfg-path', '/tmp/tmpk9uq0j8o']
[2024-07-11T03:40:06.653+0000] {standard_task_runner.py:91} INFO - Job 309: Subtask get_data_from_json
[2024-07-11T03:40:06.684+0000] {task_command.py:426} INFO - Running <TaskInstance: create_movie_dataset_v47.get_data_from_json scheduled__2024-07-11T03:30:00+00:00 [running]> on host ab430778e8ff
[2024-07-11T03:40:06.748+0000] {taskinstance.py:2648} INFO - Exporting env vars: AIRFLOW_CTX_DAG_OWNER='airflow' AIRFLOW_CTX_DAG_ID='create_movie_dataset_v47' AIRFLOW_CTX_TASK_ID='get_data_from_json' AIRFLOW_CTX_EXECUTION_DATE='2024-07-11T03:30:00+00:00' AIRFLOW_CTX_TRY_NUMBER='1' AIRFLOW_CTX_DAG_RUN_ID='scheduled__2024-07-11T03:30:00+00:00'
[2024-07-11T03:40:06.749+0000] {taskinstance.py:430} INFO - ::endgroup::
[2024-07-11T03:40:06.901+0000] {python.py:237} INFO - Done. Returned value was: None
[2024-07-11T03:40:06.901+0000] {taskinstance.py:441} INFO - ::group::Post task execution logs
[2024-07-11T03:40:06.908+0000] {taskinstance.py:1206} INFO - Marking task as SUCCESS. dag_id=create_movie_dataset_v47, task_id=get_data_from_json, run_id=scheduled__2024-07-11T03:30:00+00:00, execution_date=20240711T033000, start_date=20240711T034006, end_date=20240711T034006
[2024-07-11T03:40:06.945+0000] {local_task_job_runner.py:240} INFO - Task exited with return code 0
[2024-07-11T03:40:06.952+0000] {warnings.py:110} WARNING - /home/airflow/.local/lib/python3.12/site-packages/airflow/models/baseoperator.py:1296: AirflowProviderDeprecationWarning: Call to deprecated class PostgresOperator. (Please use `airflow.providers.common.sql.operators.sql.SQLExecuteQueryOperator`.Also, you can provide `hook_params={'schema': <database>}`.)
  result = cls.__new__(cls)

[2024-07-11T03:40:06.958+0000] {taskinstance.py:3498} INFO - 1 downstream tasks scheduled from follow-on schedule check
[2024-07-11T03:40:06.960+0000] {local_task_job_runner.py:222} INFO - ::endgroup::
