[2024-06-26T04:56:55.177+0000] {local_task_job_runner.py:120} INFO - ::group::Pre task execution logs
[2024-06-26T04:56:55.193+0000] {taskinstance.py:2076} INFO - Dependencies all met for dep_context=non-requeueable deps ti=<TaskInstance: create_movie_dataset_v30.get_json scheduled__2024-06-25T12:00:00+00:00 [queued]>
[2024-06-26T04:56:55.198+0000] {taskinstance.py:2076} INFO - Dependencies all met for dep_context=requeueable deps ti=<TaskInstance: create_movie_dataset_v30.get_json scheduled__2024-06-25T12:00:00+00:00 [queued]>
[2024-06-26T04:56:55.199+0000] {taskinstance.py:2306} INFO - Starting attempt 1 of 2
[2024-06-26T04:56:55.209+0000] {taskinstance.py:2330} INFO - Executing <Task(PythonOperator): get_json> on 2024-06-25 12:00:00+00:00
[2024-06-26T04:56:55.214+0000] {warnings.py:110} WARNING - /home/airflow/.local/lib/python3.12/site-packages/airflow/task/task_runner/standard_task_runner.py:61: DeprecationWarning: This process (pid=5580) is multi-threaded, use of fork() may lead to deadlocks in the child.
  pid = os.fork()

[2024-06-26T04:56:55.214+0000] {standard_task_runner.py:63} INFO - Started process 5589 to run task
[2024-06-26T04:56:55.215+0000] {standard_task_runner.py:90} INFO - Running: ['airflow', 'tasks', 'run', 'create_movie_dataset_v30', 'get_json', 'scheduled__2024-06-25T12:00:00+00:00', '--job-id', '159', '--raw', '--subdir', 'DAGS_FOLDER/etl.py', '--cfg-path', '/tmp/tmpfh8nbwhe']
[2024-06-26T04:56:55.216+0000] {standard_task_runner.py:91} INFO - Job 159: Subtask get_json
[2024-06-26T04:56:55.252+0000] {task_command.py:426} INFO - Running <TaskInstance: create_movie_dataset_v30.get_json scheduled__2024-06-25T12:00:00+00:00 [running]> on host ad6ccfebc5a6
[2024-06-26T04:56:55.312+0000] {taskinstance.py:2648} INFO - Exporting env vars: AIRFLOW_CTX_DAG_OWNER='airflow' AIRFLOW_CTX_DAG_ID='create_movie_dataset_v30' AIRFLOW_CTX_TASK_ID='get_json' AIRFLOW_CTX_EXECUTION_DATE='2024-06-25T12:00:00+00:00' AIRFLOW_CTX_TRY_NUMBER='1' AIRFLOW_CTX_DAG_RUN_ID='scheduled__2024-06-25T12:00:00+00:00'
[2024-06-26T04:56:55.312+0000] {taskinstance.py:430} INFO - ::endgroup::
[2024-06-26T04:56:55.799+0000] {logging_mixin.py:188} INFO - Ошибка при получении данных: 401
[2024-06-26T04:56:55.803+0000] {crypto.py:82} WARNING - empty cryptography key - values will not be stored encrypted.
[2024-06-26T04:56:55.807+0000] {python.py:237} INFO - Done. Returned value was: None
[2024-06-26T04:56:55.808+0000] {taskinstance.py:441} INFO - ::group::Post task execution logs
[2024-06-26T04:56:55.815+0000] {taskinstance.py:1206} INFO - Marking task as SUCCESS. dag_id=create_movie_dataset_v30, task_id=get_json, run_id=scheduled__2024-06-25T12:00:00+00:00, execution_date=20240625T120000, start_date=20240626T045655, end_date=20240626T045655
[2024-06-26T04:56:55.829+0000] {local_task_job_runner.py:240} INFO - Task exited with return code 0
[2024-06-26T04:56:55.835+0000] {local_task_job_runner.py:222} INFO - ::endgroup::
