[2024-07-13T02:10:44.330+0000] {local_task_job_runner.py:120} INFO - ::group::Pre task execution logs
[2024-07-13T02:10:44.344+0000] {taskinstance.py:2076} INFO - Dependencies all met for dep_context=non-requeueable deps ti=<TaskInstance: create_movie_dataset_v47.start_dag scheduled__2024-07-13T02:00:00+00:00 [queued]>
[2024-07-13T02:10:44.349+0000] {taskinstance.py:2076} INFO - Dependencies all met for dep_context=requeueable deps ti=<TaskInstance: create_movie_dataset_v47.start_dag scheduled__2024-07-13T02:00:00+00:00 [queued]>
[2024-07-13T02:10:44.350+0000] {taskinstance.py:2306} INFO - Starting attempt 1 of 2
[2024-07-13T02:10:44.359+0000] {taskinstance.py:2330} INFO - Executing <Task(ShortCircuitOperator): start_dag> on 2024-07-13 02:00:00+00:00
[2024-07-13T02:10:44.363+0000] {warnings.py:110} WARNING - /home/airflow/.local/lib/python3.12/site-packages/airflow/task/task_runner/standard_task_runner.py:61: DeprecationWarning: This process (pid=147) is multi-threaded, use of fork() may lead to deadlocks in the child.
  pid = os.fork()

[2024-07-13T02:10:44.364+0000] {standard_task_runner.py:63} INFO - Started process 151 to run task
[2024-07-13T02:10:44.364+0000] {standard_task_runner.py:90} INFO - Running: ['airflow', 'tasks', 'run', 'create_movie_dataset_v47', 'start_dag', 'scheduled__2024-07-13T02:00:00+00:00', '--job-id', '378', '--raw', '--subdir', 'DAGS_FOLDER/etl.py', '--cfg-path', '/tmp/tmp3vfpmj_q']
[2024-07-13T02:10:44.366+0000] {standard_task_runner.py:91} INFO - Job 378: Subtask start_dag
[2024-07-13T02:10:44.394+0000] {task_command.py:426} INFO - Running <TaskInstance: create_movie_dataset_v47.start_dag scheduled__2024-07-13T02:00:00+00:00 [running]> on host ab430778e8ff
[2024-07-13T02:10:44.450+0000] {taskinstance.py:2648} INFO - Exporting env vars: AIRFLOW_CTX_DAG_OWNER='airflow' AIRFLOW_CTX_DAG_ID='create_movie_dataset_v47' AIRFLOW_CTX_TASK_ID='start_dag' AIRFLOW_CTX_EXECUTION_DATE='2024-07-13T02:00:00+00:00' AIRFLOW_CTX_TRY_NUMBER='1' AIRFLOW_CTX_DAG_RUN_ID='scheduled__2024-07-13T02:00:00+00:00'
[2024-07-13T02:10:44.451+0000] {taskinstance.py:430} INFO - ::endgroup::
[2024-07-13T02:10:44.458+0000] {baseoperator.py:399} WARNING - ShortCircuitOperator.execute cannot be called outside TaskInstance!
[2024-07-13T02:10:44.466+0000] {python.py:237} INFO - Done. Returned value was: True
[2024-07-13T02:10:44.467+0000] {python.py:304} INFO - Condition result is True
[2024-07-13T02:10:44.468+0000] {python.py:307} INFO - Proceeding with downstream tasks...
[2024-07-13T02:10:44.468+0000] {taskinstance.py:441} INFO - ::group::Post task execution logs
[2024-07-13T02:10:44.482+0000] {taskinstance.py:1206} INFO - Marking task as SUCCESS. dag_id=create_movie_dataset_v47, task_id=start_dag, run_id=scheduled__2024-07-13T02:00:00+00:00, execution_date=20240713T020000, start_date=20240713T021044, end_date=20240713T021044
[2024-07-13T02:10:44.497+0000] {local_task_job_runner.py:240} INFO - Task exited with return code 0
[2024-07-13T02:10:44.504+0000] {warnings.py:110} WARNING - /home/airflow/.local/lib/python3.12/site-packages/airflow/models/baseoperator.py:1296: AirflowProviderDeprecationWarning: Call to deprecated class PostgresOperator. (Please use `airflow.providers.common.sql.operators.sql.SQLExecuteQueryOperator`.Also, you can provide `hook_params={'schema': <database>}`.)
  result = cls.__new__(cls)

[2024-07-13T02:10:44.517+0000] {taskinstance.py:3498} INFO - 1 downstream tasks scheduled from follow-on schedule check
[2024-07-13T02:10:44.521+0000] {local_task_job_runner.py:222} INFO - ::endgroup::
