[2024-07-11T00:30:06.637+0000] {local_task_job_runner.py:120} INFO - ::group::Pre task execution logs
[2024-07-11T00:30:06.648+0000] {taskinstance.py:2076} INFO - Dependencies all met for dep_context=non-requeueable deps ti=<TaskInstance: create_movie_dataset_v47.create_movies_table scheduled__2024-07-11T00:20:00+00:00 [queued]>
[2024-07-11T00:30:06.653+0000] {taskinstance.py:2076} INFO - Dependencies all met for dep_context=requeueable deps ti=<TaskInstance: create_movie_dataset_v47.create_movies_table scheduled__2024-07-11T00:20:00+00:00 [queued]>
[2024-07-11T00:30:06.654+0000] {taskinstance.py:2306} INFO - Starting attempt 1 of 2
[2024-07-11T00:30:06.662+0000] {taskinstance.py:2330} INFO - Executing <Task(PostgresOperator): create_movies_table> on 2024-07-11 00:20:00+00:00
[2024-07-11T00:30:06.666+0000] {warnings.py:110} WARNING - /home/airflow/.local/lib/python3.12/site-packages/airflow/task/task_runner/standard_task_runner.py:61: DeprecationWarning: This process (pid=9325) is multi-threaded, use of fork() may lead to deadlocks in the child.
  pid = os.fork()

[2024-07-11T00:30:06.667+0000] {standard_task_runner.py:63} INFO - Started process 9329 to run task
[2024-07-11T00:30:06.667+0000] {standard_task_runner.py:90} INFO - Running: ['airflow', 'tasks', 'run', 'create_movie_dataset_v47', 'create_movies_table', 'scheduled__2024-07-11T00:20:00+00:00', '--job-id', '204', '--raw', '--subdir', 'DAGS_FOLDER/etl.py', '--cfg-path', '/tmp/tmp50da6gwe']
[2024-07-11T00:30:06.671+0000] {standard_task_runner.py:91} INFO - Job 204: Subtask create_movies_table
[2024-07-11T00:30:06.702+0000] {task_command.py:426} INFO - Running <TaskInstance: create_movie_dataset_v47.create_movies_table scheduled__2024-07-11T00:20:00+00:00 [running]> on host 9211d7c5a4db
[2024-07-11T00:30:06.760+0000] {taskinstance.py:2648} INFO - Exporting env vars: AIRFLOW_CTX_DAG_OWNER='airflow' AIRFLOW_CTX_DAG_ID='create_movie_dataset_v47' AIRFLOW_CTX_TASK_ID='create_movies_table' AIRFLOW_CTX_EXECUTION_DATE='2024-07-11T00:20:00+00:00' AIRFLOW_CTX_TRY_NUMBER='1' AIRFLOW_CTX_DAG_RUN_ID='scheduled__2024-07-11T00:20:00+00:00'
[2024-07-11T00:30:06.761+0000] {taskinstance.py:430} INFO - ::endgroup::
[2024-07-11T00:30:06.768+0000] {sql.py:276} INFO - Executing: CREATE TABLE IF NOT EXISTS movies (
            id SERIAL PRIMARY KEY,
            name VARCHAR,
            description VARCHAR,
            year INTEGER,
            rating FLOAT,
            votes INTEGER,
            movie_length INTEGER,
            age_rating VARCHAR,
            genres VARCHAR,
            countries VARCHAR
        )
[2024-07-11T00:30:06.773+0000] {base.py:84} INFO - Using connection ID 'postgres' for task execution.
[2024-07-11T00:30:06.779+0000] {base.py:84} INFO - Using connection ID 'postgres' for task execution.
[2024-07-11T00:30:06.815+0000] {sql.py:470} INFO - Running statement: CREATE TABLE IF NOT EXISTS movies (
            id SERIAL PRIMARY KEY,
            name VARCHAR,
            description VARCHAR,
            year INTEGER,
            rating FLOAT,
            votes INTEGER,
            movie_length INTEGER,
            age_rating VARCHAR,
            genres VARCHAR,
            countries VARCHAR
        ), parameters: None
[2024-07-11T00:30:06.818+0000] {taskinstance.py:441} INFO - ::group::Post task execution logs
[2024-07-11T00:30:06.824+0000] {taskinstance.py:1206} INFO - Marking task as SUCCESS. dag_id=create_movie_dataset_v47, task_id=create_movies_table, run_id=scheduled__2024-07-11T00:20:00+00:00, execution_date=20240711T002000, start_date=20240711T003006, end_date=20240711T003006
[2024-07-11T00:30:06.840+0000] {local_task_job_runner.py:240} INFO - Task exited with return code 0
[2024-07-11T00:30:06.847+0000] {warnings.py:110} WARNING - /home/airflow/.local/lib/python3.12/site-packages/airflow/models/baseoperator.py:1296: AirflowProviderDeprecationWarning: Call to deprecated class PostgresOperator. (Please use `airflow.providers.common.sql.operators.sql.SQLExecuteQueryOperator`.Also, you can provide `hook_params={'schema': <database>}`.)
  result = cls.__new__(cls)

[2024-07-11T00:30:06.855+0000] {taskinstance.py:3498} INFO - 0 downstream tasks scheduled from follow-on schedule check
[2024-07-11T00:30:06.858+0000] {local_task_job_runner.py:222} INFO - ::endgroup::
