[2024-06-26T01:18:37.967+0000] {local_task_job_runner.py:120} INFO - ::group::Pre task execution logs
[2024-06-26T01:18:38.090+0000] {taskinstance.py:2076} INFO - Dependencies all met for dep_context=non-requeueable deps ti=<TaskInstance: create_movie_dataset_v5.get_json scheduled__2024-06-25T12:00:00+00:00 [queued]>
[2024-06-26T01:18:38.096+0000] {taskinstance.py:2076} INFO - Dependencies all met for dep_context=requeueable deps ti=<TaskInstance: create_movie_dataset_v5.get_json scheduled__2024-06-25T12:00:00+00:00 [queued]>
[2024-06-26T01:18:38.097+0000] {taskinstance.py:2306} INFO - Starting attempt 1 of 2
[2024-06-26T01:18:38.108+0000] {taskinstance.py:2330} INFO - Executing <Task(PythonOperator): get_json> on 2024-06-25 12:00:00+00:00
[2024-06-26T01:18:38.114+0000] {warnings.py:110} WARNING - /home/airflow/.local/lib/python3.12/site-packages/airflow/task/task_runner/standard_task_runner.py:61: DeprecationWarning: This process (pid=2560) is multi-threaded, use of fork() may lead to deadlocks in the child.
  pid = os.fork()

[2024-06-26T01:18:38.115+0000] {standard_task_runner.py:63} INFO - Started process 2562 to run task
[2024-06-26T01:18:38.114+0000] {standard_task_runner.py:90} INFO - Running: ['airflow', 'tasks', 'run', 'create_movie_dataset_v5', 'get_json', 'scheduled__2024-06-25T12:00:00+00:00', '--job-id', '78', '--raw', '--subdir', 'DAGS_FOLDER/etl.py', '--cfg-path', '/tmp/tmpgqlx5p0f']
[2024-06-26T01:18:38.116+0000] {standard_task_runner.py:91} INFO - Job 78: Subtask get_json
[2024-06-26T01:18:38.154+0000] {task_command.py:426} INFO - Running <TaskInstance: create_movie_dataset_v5.get_json scheduled__2024-06-25T12:00:00+00:00 [running]> on host ad6ccfebc5a6
[2024-06-26T01:18:38.211+0000] {taskinstance.py:2648} INFO - Exporting env vars: AIRFLOW_CTX_DAG_OWNER='airflow' AIRFLOW_CTX_DAG_ID='create_movie_dataset_v5' AIRFLOW_CTX_TASK_ID='get_json' AIRFLOW_CTX_EXECUTION_DATE='2024-06-25T12:00:00+00:00' AIRFLOW_CTX_TRY_NUMBER='1' AIRFLOW_CTX_DAG_RUN_ID='scheduled__2024-06-25T12:00:00+00:00'
[2024-06-26T01:18:38.211+0000] {taskinstance.py:430} INFO - ::endgroup::
[2024-06-26T01:18:39.950+0000] {logging_mixin.py:188} INFO - Данные успешно сохранены в файл 'movie_data.json'.
[2024-06-26T01:18:39.951+0000] {python.py:237} INFO - Done. Returned value was: None
[2024-06-26T01:18:39.951+0000] {taskinstance.py:441} INFO - ::group::Post task execution logs
[2024-06-26T01:18:39.957+0000] {taskinstance.py:1206} INFO - Marking task as SUCCESS. dag_id=create_movie_dataset_v5, task_id=get_json, run_id=scheduled__2024-06-25T12:00:00+00:00, execution_date=20240625T120000, start_date=20240626T011838, end_date=20240626T011839
[2024-06-26T01:18:39.974+0000] {local_task_job_runner.py:240} INFO - Task exited with return code 0
[2024-06-26T01:18:39.989+0000] {taskinstance.py:3498} INFO - 1 downstream tasks scheduled from follow-on schedule check
[2024-06-26T01:18:39.991+0000] {local_task_job_runner.py:222} INFO - ::endgroup::
