[2024-06-26T02:29:03.974+0000] {local_task_job_runner.py:120} INFO - ::group::Pre task execution logs
[2024-06-26T02:29:04.086+0000] {taskinstance.py:2076} INFO - Dependencies all met for dep_context=non-requeueable deps ti=<TaskInstance: create_movie_dataset_v9.insert_data_to_db scheduled__2024-06-25T12:00:00+00:00 [queued]>
[2024-06-26T02:29:04.092+0000] {taskinstance.py:2076} INFO - Dependencies all met for dep_context=requeueable deps ti=<TaskInstance: create_movie_dataset_v9.insert_data_to_db scheduled__2024-06-25T12:00:00+00:00 [queued]>
[2024-06-26T02:29:04.093+0000] {taskinstance.py:2306} INFO - Starting attempt 1 of 2
[2024-06-26T02:29:04.101+0000] {taskinstance.py:2330} INFO - Executing <Task(PythonOperator): insert_data_to_db> on 2024-06-25 12:00:00+00:00
[2024-06-26T02:29:04.105+0000] {warnings.py:110} WARNING - /home/airflow/.local/lib/python3.12/site-packages/airflow/task/task_runner/standard_task_runner.py:61: DeprecationWarning: This process (pid=87) is multi-threaded, use of fork() may lead to deadlocks in the child.
  pid = os.fork()

[2024-06-26T02:29:04.106+0000] {standard_task_runner.py:63} INFO - Started process 89 to run task
[2024-06-26T02:29:04.106+0000] {standard_task_runner.py:90} INFO - Running: ['airflow', 'tasks', 'run', 'create_movie_dataset_v9', 'insert_data_to_db', 'scheduled__2024-06-25T12:00:00+00:00', '--job-id', '94', '--raw', '--subdir', 'DAGS_FOLDER/etl.py', '--cfg-path', '/tmp/tmpw8nlz093']
[2024-06-26T02:29:04.107+0000] {standard_task_runner.py:91} INFO - Job 94: Subtask insert_data_to_db
[2024-06-26T02:29:04.139+0000] {task_command.py:426} INFO - Running <TaskInstance: create_movie_dataset_v9.insert_data_to_db scheduled__2024-06-25T12:00:00+00:00 [running]> on host ad6ccfebc5a6
[2024-06-26T02:29:04.192+0000] {taskinstance.py:2648} INFO - Exporting env vars: AIRFLOW_CTX_DAG_OWNER='airflow' AIRFLOW_CTX_DAG_ID='create_movie_dataset_v9' AIRFLOW_CTX_TASK_ID='insert_data_to_db' AIRFLOW_CTX_EXECUTION_DATE='2024-06-25T12:00:00+00:00' AIRFLOW_CTX_TRY_NUMBER='1' AIRFLOW_CTX_DAG_RUN_ID='scheduled__2024-06-25T12:00:00+00:00'
[2024-06-26T02:29:04.193+0000] {taskinstance.py:430} INFO - ::endgroup::
[2024-06-26T02:29:04.206+0000] {base.py:84} INFO - Using connection ID 'postgres' for task execution.
[2024-06-26T02:29:04.287+0000] {base.py:84} INFO - Using connection ID 'postgres' for task execution.
[2024-06-26T02:29:04.325+0000] {logging_mixin.py:188} INFO - Таблица 'movies' создана/обновлена.
[2024-06-26T02:29:04.340+0000] {base.py:84} INFO - Using connection ID 'postgres' for task execution.
[2024-06-26T02:29:04.384+0000] {logging_mixin.py:188} INFO - Ошибка при вставке данных: ОШИБКА:  отношение "movies" не существует
LINE 1: INSERT INTO movies (name, description, year, rating, votes, ...
                    ^
[2024-06-26T02:29:04.384+0000] {python.py:237} INFO - Done. Returned value was: None
[2024-06-26T02:29:04.385+0000] {taskinstance.py:441} INFO - ::group::Post task execution logs
[2024-06-26T02:29:04.391+0000] {taskinstance.py:1206} INFO - Marking task as SUCCESS. dag_id=create_movie_dataset_v9, task_id=insert_data_to_db, run_id=scheduled__2024-06-25T12:00:00+00:00, execution_date=20240625T120000, start_date=20240626T022904, end_date=20240626T022904
[2024-06-26T02:29:04.440+0000] {local_task_job_runner.py:240} INFO - Task exited with return code 0
[2024-06-26T02:29:04.450+0000] {taskinstance.py:3498} INFO - 0 downstream tasks scheduled from follow-on schedule check
[2024-06-26T02:29:04.452+0000] {local_task_job_runner.py:222} INFO - ::endgroup::
