[2024-07-11T03:18:09.023+0000] {local_task_job_runner.py:120} INFO - ::group::Pre task execution logs
[2024-07-11T03:18:09.033+0000] {taskinstance.py:2076} INFO - Dependencies all met for dep_context=non-requeueable deps ti=<TaskInstance: model_training_v83.preprocess_data scheduled__2024-07-10T00:00:00+00:00 [queued]>
[2024-07-11T03:18:09.038+0000] {taskinstance.py:2076} INFO - Dependencies all met for dep_context=requeueable deps ti=<TaskInstance: model_training_v83.preprocess_data scheduled__2024-07-10T00:00:00+00:00 [queued]>
[2024-07-11T03:18:09.038+0000] {taskinstance.py:2306} INFO - Starting attempt 1 of 2
[2024-07-11T03:18:09.047+0000] {taskinstance.py:2330} INFO - Executing <Task(PythonOperator): preprocess_data> on 2024-07-10 00:00:00+00:00
[2024-07-11T03:18:09.053+0000] {warnings.py:110} WARNING - /home/airflow/.local/lib/python3.12/site-packages/airflow/task/task_runner/standard_task_runner.py:61: DeprecationWarning: This process (pid=489) is multi-threaded, use of fork() may lead to deadlocks in the child.
  pid = os.fork()

[2024-07-11T03:18:09.053+0000] {standard_task_runner.py:90} INFO - Running: ['airflow', 'tasks', 'run', 'model_training_v83', 'preprocess_data', 'scheduled__2024-07-10T00:00:00+00:00', '--job-id', '291', '--raw', '--subdir', 'DAGS_FOLDER/model_training.py', '--cfg-path', '/tmp/tmpuj_i_hln']
[2024-07-11T03:18:09.055+0000] {standard_task_runner.py:63} INFO - Started process 510 to run task
[2024-07-11T03:18:09.055+0000] {standard_task_runner.py:91} INFO - Job 291: Subtask preprocess_data
[2024-07-11T03:18:09.090+0000] {task_command.py:426} INFO - Running <TaskInstance: model_training_v83.preprocess_data scheduled__2024-07-10T00:00:00+00:00 [running]> on host ab430778e8ff
[2024-07-11T03:18:09.143+0000] {taskinstance.py:2648} INFO - Exporting env vars: AIRFLOW_CTX_DAG_OWNER='airflow' AIRFLOW_CTX_DAG_ID='model_training_v83' AIRFLOW_CTX_TASK_ID='preprocess_data' AIRFLOW_CTX_EXECUTION_DATE='2024-07-10T00:00:00+00:00' AIRFLOW_CTX_TRY_NUMBER='1' AIRFLOW_CTX_DAG_RUN_ID='scheduled__2024-07-10T00:00:00+00:00'
[2024-07-11T03:18:09.145+0000] {taskinstance.py:430} INFO - ::endgroup::
[2024-07-11T03:18:09.262+0000] {logging_mixin.py:188} INFO - Добавлен жанр:  драма
[2024-07-11T03:18:09.264+0000] {logging_mixin.py:188} INFO - Добавлен жанр:  комедия
[2024-07-11T03:18:09.267+0000] {logging_mixin.py:188} INFO - Добавлен жанр:  криминал
[2024-07-11T03:18:09.270+0000] {logging_mixin.py:188} INFO - Добавлен жанр:  ужасы
[2024-07-11T03:18:09.272+0000] {logging_mixin.py:188} INFO - Добавлен жанр:  фантастика
[2024-07-11T03:18:09.274+0000] {logging_mixin.py:188} INFO - Добавлен жанр:  триллер
[2024-07-11T03:18:09.277+0000] {logging_mixin.py:188} INFO - Добавлен жанр:  семейный
[2024-07-11T03:18:09.279+0000] {logging_mixin.py:188} INFO - Добавлен жанр:  документальный
[2024-07-11T03:18:09.281+0000] {logging_mixin.py:188} INFO - Добавлен жанр:  биография
[2024-07-11T03:18:09.285+0000] {logging_mixin.py:188} INFO - Добавлен жанр:  боевик
[2024-07-11T03:18:09.287+0000] {logging_mixin.py:188} INFO - Добавлен жанр:  короткометражка
[2024-07-11T03:18:09.289+0000] {logging_mixin.py:188} INFO - Добавлен жанр:  детектив
[2024-07-11T03:18:09.292+0000] {logging_mixin.py:188} INFO - Добавлен жанр:  история
[2024-07-11T03:18:09.294+0000] {logging_mixin.py:188} INFO - Добавлен жанр:  мелодрама
[2024-07-11T03:18:09.297+0000] {logging_mixin.py:188} INFO - Добавлен жанр:  приключения
[2024-07-11T03:18:09.299+0000] {logging_mixin.py:188} INFO - Добавлен жанр:  музыка
[2024-07-11T03:18:09.303+0000] {logging_mixin.py:188} INFO - Добавлен жанр:  военный
[2024-07-11T03:18:09.305+0000] {logging_mixin.py:188} INFO - Добавлен жанр:  фэнтези
[2024-07-11T03:18:09.307+0000] {logging_mixin.py:188} INFO - Добавлен жанр:  мюзикл
[2024-07-11T03:18:09.310+0000] {logging_mixin.py:188} INFO - Добавлен жанр:  концерт
[2024-07-11T03:18:09.312+0000] {logging_mixin.py:188} INFO - Добавлен жанр:  спорт
[2024-07-11T03:18:09.315+0000] {logging_mixin.py:188} INFO - Добавлен жанр:  для взрослых
[2024-07-11T03:18:09.318+0000] {logging_mixin.py:188} INFO - Добавлен жанр:  детский
[2024-07-11T03:18:09.320+0000] {logging_mixin.py:188} INFO - Добавлен жанр:  реальное ТВ
[2024-07-11T03:18:09.323+0000] {logging_mixin.py:188} INFO - Добавлен жанр:  церемония
[2024-07-11T03:18:09.325+0000] {logging_mixin.py:188} INFO - Добавлен жанр:  вестерн
[2024-07-11T03:18:09.327+0000] {logging_mixin.py:188} INFO - Добавлен жанр:  фильм-нуар
[2024-07-11T03:18:09.330+0000] {logging_mixin.py:188} INFO - Добавлен жанр:  новости
[2024-07-11T03:18:09.332+0000] {logging_mixin.py:188} INFO - Добавлен жанр:  ток-шоу
[2024-07-11T03:18:09.335+0000] {logging_mixin.py:188} INFO - Добавлен жанр:  игра
[2024-07-11T03:18:09.337+0000] {taskinstance.py:441} INFO - ::group::Post task execution logs
[2024-07-11T03:18:09.338+0000] {taskinstance.py:2905} ERROR - Task failed with exception
Traceback (most recent call last):
  File "/home/airflow/.local/lib/python3.12/site-packages/airflow/models/taskinstance.py", line 465, in _execute_task
    result = _execute_callable(context=context, **execute_callable_kwargs)
             ^^^^^^^^^^^^^^^^^^^^^^^^^^^^^^^^^^^^^^^^^^^^^^^^^^^^^^^^^^^^^
  File "/home/airflow/.local/lib/python3.12/site-packages/airflow/models/taskinstance.py", line 432, in _execute_callable
    return execute_callable(context=context, **execute_callable_kwargs)
           ^^^^^^^^^^^^^^^^^^^^^^^^^^^^^^^^^^^^^^^^^^^^^^^^^^^^^^^^^^^^
  File "/home/airflow/.local/lib/python3.12/site-packages/airflow/models/baseoperator.py", line 400, in wrapper
    return func(self, *args, **kwargs)
           ^^^^^^^^^^^^^^^^^^^^^^^^^^^
  File "/home/airflow/.local/lib/python3.12/site-packages/airflow/operators/python.py", line 235, in execute
    return_value = self.execute_callable()
                   ^^^^^^^^^^^^^^^^^^^^^^^
  File "/home/airflow/.local/lib/python3.12/site-packages/airflow/operators/python.py", line 252, in execute_callable
    return self.python_callable(*self.op_args, **self.op_kwargs)
           ^^^^^^^^^^^^^^^^^^^^^^^^^^^^^^^^^^^^^^^^^^^^^^^^^^^^^
  File "/opt/airflow/dags/tasks/preprocess_data.py", line 132, in preprocess_data
    data["countries"] = data["countries"].apply(lambda x: [mode_country] if "-1" in x else x)
                        ^^^^^^^^^^^^^^^^^^^^^^^^^^^^^^^^^^^^^^^^^^^^^^^^^^^^^^^^^^^^^^^^^^^^^
  File "/home/airflow/.local/lib/python3.12/site-packages/pandas/core/series.py", line 4764, in apply
    ).apply()
      ^^^^^^^
  File "/home/airflow/.local/lib/python3.12/site-packages/pandas/core/apply.py", line 1209, in apply
    return self.apply_standard()
           ^^^^^^^^^^^^^^^^^^^^^
  File "/home/airflow/.local/lib/python3.12/site-packages/pandas/core/apply.py", line 1289, in apply_standard
    mapped = obj._map_values(
             ^^^^^^^^^^^^^^^^
  File "/home/airflow/.local/lib/python3.12/site-packages/pandas/core/base.py", line 921, in _map_values
    return algorithms.map_array(arr, mapper, na_action=na_action, convert=convert)
           ^^^^^^^^^^^^^^^^^^^^^^^^^^^^^^^^^^^^^^^^^^^^^^^^^^^^^^^^^^^^^^^^^^^^^^^
  File "/home/airflow/.local/lib/python3.12/site-packages/pandas/core/algorithms.py", line 1814, in map_array
    return lib.map_infer(values, mapper, convert=convert)
           ^^^^^^^^^^^^^^^^^^^^^^^^^^^^^^^^^^^^^^^^^^^^^^
  File "lib.pyx", line 2926, in pandas._libs.lib.map_infer
  File "/opt/airflow/dags/tasks/preprocess_data.py", line 132, in <lambda>
    data["countries"] = data["countries"].apply(lambda x: [mode_country] if "-1" in x else x)
                                                                            ^^^^^^^^^
TypeError: argument of type 'float' is not iterable
[2024-07-11T03:18:09.347+0000] {taskinstance.py:1206} INFO - Marking task as UP_FOR_RETRY. dag_id=model_training_v83, task_id=preprocess_data, run_id=scheduled__2024-07-10T00:00:00+00:00, execution_date=20240710T000000, start_date=20240711T031809, end_date=20240711T031809
[2024-07-11T03:18:09.356+0000] {standard_task_runner.py:110} ERROR - Failed to execute job 291 for task preprocess_data (argument of type 'float' is not iterable; 510)
[2024-07-11T03:18:09.389+0000] {local_task_job_runner.py:240} INFO - Task exited with return code 1
[2024-07-11T03:18:09.403+0000] {taskinstance.py:3498} INFO - 0 downstream tasks scheduled from follow-on schedule check
[2024-07-11T03:18:09.406+0000] {local_task_job_runner.py:222} INFO - ::endgroup::
