[2024-07-06T22:01:57.193+0000] {local_task_job_runner.py:120} INFO - ::group::Pre task execution logs
[2024-07-06T22:01:57.203+0000] {taskinstance.py:2076} INFO - Dependencies all met for dep_context=non-requeueable deps ti=<TaskInstance: model_training_v51.create_experiment scheduled__2024-07-05T00:00:00+00:00 [queued]>
[2024-07-06T22:01:57.208+0000] {taskinstance.py:2076} INFO - Dependencies all met for dep_context=requeueable deps ti=<TaskInstance: model_training_v51.create_experiment scheduled__2024-07-05T00:00:00+00:00 [queued]>
[2024-07-06T22:01:57.208+0000] {taskinstance.py:2306} INFO - Starting attempt 1 of 2
[2024-07-06T22:01:57.216+0000] {taskinstance.py:2330} INFO - Executing <Task(PythonOperator): create_experiment> on 2024-07-05 00:00:00+00:00
[2024-07-06T22:01:57.223+0000] {warnings.py:110} WARNING - /home/airflow/.local/lib/python3.12/site-packages/airflow/task/task_runner/standard_task_runner.py:61: DeprecationWarning: This process (pid=295) is multi-threaded, use of fork() may lead to deadlocks in the child.
  pid = os.fork()

[2024-07-06T22:01:57.224+0000] {standard_task_runner.py:63} INFO - Started process 316 to run task
[2024-07-06T22:01:57.223+0000] {standard_task_runner.py:90} INFO - Running: ['airflow', 'tasks', 'run', 'model_training_v51', 'create_experiment', 'scheduled__2024-07-05T00:00:00+00:00', '--job-id', '72', '--raw', '--subdir', 'DAGS_FOLDER/model_training.py', '--cfg-path', '/tmp/tmpdyk5mm3a']
[2024-07-06T22:01:57.225+0000] {standard_task_runner.py:91} INFO - Job 72: Subtask create_experiment
[2024-07-06T22:01:57.256+0000] {task_command.py:426} INFO - Running <TaskInstance: model_training_v51.create_experiment scheduled__2024-07-05T00:00:00+00:00 [running]> on host 12f5a7b7d524
[2024-07-06T22:01:57.306+0000] {taskinstance.py:2648} INFO - Exporting env vars: AIRFLOW_CTX_DAG_OWNER='airflow' AIRFLOW_CTX_DAG_ID='model_training_v51' AIRFLOW_CTX_TASK_ID='create_experiment' AIRFLOW_CTX_EXECUTION_DATE='2024-07-05T00:00:00+00:00' AIRFLOW_CTX_TRY_NUMBER='1' AIRFLOW_CTX_DAG_RUN_ID='scheduled__2024-07-05T00:00:00+00:00'
[2024-07-06T22:01:57.308+0000] {taskinstance.py:430} INFO - ::endgroup::
[2024-07-06T22:01:57.328+0000] {logging_mixin.py:188} INFO - None
[2024-07-06T22:01:57.331+0000] {python.py:237} INFO - Done. Returned value was: None
[2024-07-06T22:01:57.332+0000] {taskinstance.py:441} INFO - ::group::Post task execution logs
[2024-07-06T22:01:57.339+0000] {taskinstance.py:1206} INFO - Marking task as SUCCESS. dag_id=model_training_v51, task_id=create_experiment, run_id=scheduled__2024-07-05T00:00:00+00:00, execution_date=20240705T000000, start_date=20240706T220157, end_date=20240706T220157
[2024-07-06T22:01:57.357+0000] {local_task_job_runner.py:240} INFO - Task exited with return code 0
[2024-07-06T22:01:57.367+0000] {taskinstance.py:3498} INFO - 0 downstream tasks scheduled from follow-on schedule check
[2024-07-06T22:01:57.369+0000] {local_task_job_runner.py:222} INFO - ::endgroup::
