[2024-06-28T00:20:01.228+0000] {local_task_job_runner.py:120} INFO - ::group::Pre task execution logs
[2024-06-28T00:20:01.240+0000] {taskinstance.py:2076} INFO - Dependencies all met for dep_context=non-requeueable deps ti=<TaskInstance: create_movie_dataset_v41.start_dag scheduled__2024-06-28T00:10:00+00:00 [queued]>
[2024-06-28T00:20:01.244+0000] {taskinstance.py:2076} INFO - Dependencies all met for dep_context=requeueable deps ti=<TaskInstance: create_movie_dataset_v41.start_dag scheduled__2024-06-28T00:10:00+00:00 [queued]>
[2024-06-28T00:20:01.245+0000] {taskinstance.py:2306} INFO - Starting attempt 1 of 2
[2024-06-28T00:20:01.253+0000] {taskinstance.py:2330} INFO - Executing <Task(ShortCircuitOperator): start_dag> on 2024-06-28 00:10:00+00:00
[2024-06-28T00:20:01.257+0000] {warnings.py:110} WARNING - /home/airflow/.local/lib/python3.12/site-packages/airflow/task/task_runner/standard_task_runner.py:61: DeprecationWarning: This process (pid=2797) is multi-threaded, use of fork() may lead to deadlocks in the child.
  pid = os.fork()

[2024-06-28T00:20:01.258+0000] {standard_task_runner.py:90} INFO - Running: ['airflow', 'tasks', 'run', 'create_movie_dataset_v41', 'start_dag', 'scheduled__2024-06-28T00:10:00+00:00', '--job-id', '310', '--raw', '--subdir', 'DAGS_FOLDER/etl.py', '--cfg-path', '/tmp/tmpfdrfcu4g']
[2024-06-28T00:20:01.260+0000] {standard_task_runner.py:63} INFO - Started process 2799 to run task
[2024-06-28T00:20:01.260+0000] {standard_task_runner.py:91} INFO - Job 310: Subtask start_dag
[2024-06-28T00:20:01.290+0000] {task_command.py:426} INFO - Running <TaskInstance: create_movie_dataset_v41.start_dag scheduled__2024-06-28T00:10:00+00:00 [running]> on host 36c0809852d0
[2024-06-28T00:20:01.348+0000] {taskinstance.py:2648} INFO - Exporting env vars: AIRFLOW_CTX_DAG_OWNER='airflow' AIRFLOW_CTX_DAG_ID='create_movie_dataset_v41' AIRFLOW_CTX_TASK_ID='start_dag' AIRFLOW_CTX_EXECUTION_DATE='2024-06-28T00:10:00+00:00' AIRFLOW_CTX_TRY_NUMBER='1' AIRFLOW_CTX_DAG_RUN_ID='scheduled__2024-06-28T00:10:00+00:00'
[2024-06-28T00:20:01.349+0000] {taskinstance.py:430} INFO - ::endgroup::
[2024-06-28T00:20:01.356+0000] {baseoperator.py:399} WARNING - ShortCircuitOperator.execute cannot be called outside TaskInstance!
[2024-06-28T00:20:01.364+0000] {python.py:237} INFO - Done. Returned value was: True
[2024-06-28T00:20:01.365+0000] {python.py:304} INFO - Condition result is True
[2024-06-28T00:20:01.365+0000] {python.py:307} INFO - Proceeding with downstream tasks...
[2024-06-28T00:20:01.365+0000] {taskinstance.py:441} INFO - ::group::Post task execution logs
[2024-06-28T00:20:01.380+0000] {taskinstance.py:1206} INFO - Marking task as SUCCESS. dag_id=create_movie_dataset_v41, task_id=start_dag, run_id=scheduled__2024-06-28T00:10:00+00:00, execution_date=20240628T001000, start_date=20240628T002001, end_date=20240628T002001
[2024-06-28T00:20:01.392+0000] {local_task_job_runner.py:240} INFO - Task exited with return code 0
[2024-06-28T00:20:01.399+0000] {warnings.py:110} WARNING - /home/airflow/.local/lib/python3.12/site-packages/airflow/models/baseoperator.py:1296: AirflowProviderDeprecationWarning: Call to deprecated class PostgresOperator. (Please use `airflow.providers.common.sql.operators.sql.SQLExecuteQueryOperator`.Also, you can provide `hook_params={'schema': <database>}`.)
  result = cls.__new__(cls)

[2024-06-28T00:20:01.414+0000] {taskinstance.py:3498} INFO - 1 downstream tasks scheduled from follow-on schedule check
[2024-06-28T00:20:01.417+0000] {local_task_job_runner.py:222} INFO - ::endgroup::
